
7 
6 7 
6 7 13 
6 7 13 36 
6 13 16 36 
6 13 17 36 
6 13 17 21 36 
6 13 17 20 21 36 
5 6 13 17 36 
5 6 13 17 31 36 
5 6 13 17 31 36 
5 9 13 17 31 
5 8 13 17 31 
5 8 13 17 24 31 
5 8 13 17 24 31 34 
8 13 17 35 
8 13 17 22 35 
8 13 17 22 35 
8 13 17 22 35 
5 8 13 17 35 
5 8 13 17 35 39 
5 8 13 17 32 35 
5 8 12 13 17 32 35 
8 13 17 23 32 35 
8 13 17 23 32 35 
1 8 13 17 23 32 35 
1 3 8 13 17 23 32 35 
1 3 8 13 17 23 32 35 
1 2 3 13 23 32 35 
1 2 3 17 23 32 35 
1 2 17 23 35 36 
1 2 17 23 35 36 
1 2 17 23 31 35 36 
1 2 17 23 28 35 
1 2 4 23 28 35 
1 2 4 23 28 35 
1 2 4 11 23 28 35 
2 4 11 27 28 35 
2 4 11 27 28 35 
2 4 14 27 28 35 
2 10 14 27 28 
2 10 14 27 28 33 
2 10 14 25 27 28 33 
2 14 25 27 28 30 33 
2 14 25 27 28 30 33 
2 7 14 25 27 28 30 33 
2 7 14 25 27 28 30 33 
2 14 20 25 27 28 30 33 
2 14 20 25 27 28 30 33 
2 14 20 25 27 28 30 33 
14 20 25 27 28 29 30 33 
14 20 25 27 28 29 30 33 
14 20 23 25 27 28 29 30 33 
14 20 23 25 27 28 29 30 33 
23 27 28 29 30 33 40 
23 27 28 29 30 33 34 40 
23 27 28 30 33 34 35 
23 27 28 30 33 34 35 
23 27 28 30 32 33 34 35 
23 27 28 30 32 33 34 35 
17 23 27 28 30 32 33 34 
17 23 27 28 30 32 33 34 
17 23 26 27 28 30 32 33 34 
4 17 23 26 28 30 32 34 
4 17 23 26 28 30 32 34 
4 17 23 26 28 30 32 34 
4 17 23 24 26 28 30 32 34 
17 19 23 24 26 28 30 32 34 
17 19 23 24 26 28 30 32 34 
17 19 23 24 26 28 30 32 34 
5 17 23 24 26 28 30 34 
5 17 23 24 26 28 30 34 
5 17 23 24 26 28 34 39 
5 17 23 24 26 28 34 39 
5 12 17 23 24 26 28 34 39 
5 12 17 23 24 26 28 34 39 
5 17 18 23 24 26 34 39 
5 17 18 23 24 26 34 39 
5 17 23 26 28 34 
5 17 23 26 28 29 34 
5 17 23 26 28 29 34 39 
5 17 23 26 28 29 32 34 39 
5 17 21 26 29 32 39 
5 17 21 26 29 32 39 
5 17 21 26 29 32 39 
5 17 21 26 29 32 34 39 
5 17 20 21 26 29 32 34 39 
5 11 17 20 21 26 29 32 34 39 
5 11 17 20 21 25 26 29 32 34 39 
11 14 20 21 25 29 32 34 39 
11 14 20 21 25 29 32 34 39 
3 11 14 20 21 25 29 32 34 39 
3 11 14 20 21 25 29 32 34 39 
3 11 14 20 21 25 29 32 34 39 
3 11 14 17 20 21 25 29 32 34 39 
11 17 21 27 29 32 34 39 
11 17 21 24 27 29 32 34 39 
11 17 20 21 24 27 29 32 34 39 
13 
72 0.28