
7 
6 7 
6 7 13 
6 7 13 36 
6 7 13 36 
6 13 36 
6 13 21 36 
6 13 20 21 36 
6 13 20 
6 13 20 31 
6 13 20 31 
6 13 20 31 
6 8 13 20 31 
6 8 13 20 24 31 
6 8 13 20 24 31 34 
8 13 20 24 31 34 
8 13 20 31 
8 13 20 22 31 
8 13 20 22 31 
8 13 20 31 
8 13 20 31 39 
8 13 20 31 
8 12 13 20 31 
8 13 20 31 
8 13 20 31 
1 8 13 20 31 
1 3 8 13 20 31 
1 3 8 13 20 31 
1 3 20 31 
1 3 17 20 31 
1 3 17 20 31 36 
1 3 17 20 31 36 
1 3 17 20 31 36 
1 3 17 20 
1 3 4 17 20 
1 3 4 17 20 
1 3 4 11 17 20 
3 4 17 20 
3 4 17 20 
3 4 14 17 20 
3 4 14 17 20 
3 4 14 20 
3 4 14 20 25 
3 4 14 20 25 30 
14 20 25 30 
7 14 20 25 30 
7 14 20 25 30 
7 14 20 25 30 
14 20 25 30 
14 20 25 28 30 
14 20 25 30 
14 20 25 30 
14 20 23 25 30 
14 20 23 25 30 
14 20 23 25 30 
14 20 23 25 30 34 
14 20 23 25 30 34 
14 20 23 25 30 34 
20 23 25 30 34 
20 23 25 30 33 34 
20 23 25 30 33 34 
20 23 25 30 33 34 
20 23 25 30 34 
4 20 23 25 30 34 
4 20 23 25 30 34 
4 20 23 25 30 34 
20 23 25 30 34 
20 23 25 30 34 
20 23 25 30 34 
20 23 25 30 34 
5 20 23 25 30 34 
5 20 23 25 34 
5 20 23 25 34 39 
5 20 23 25 34 39 
5 20 23 25 34 39 
5 20 23 25 34 39 
5 20 23 25 34 39 
5 20 23 25 34 39 
5 20 25 34 39 
5 20 25 29 34 39 
5 20 25 29 34 39 
5 20 25 34 39 
5 20 21 25 34 39 
5 20 21 25 34 39 
5 20 21 25 34 39 
5 20 21 25 34 39 
5 20 21 25 34 39 
20 25 
20 25 
14 20 25 
14 20 25 32 
3 14 20 25 32 
3 14 20 25 32 
3 14 20 25 32 
3 14 17 20 25 32 
20 
20 24 
20 24 
13 20 24 
74 0.26