
865 
657 865 
657 865 
657 865 939 
657 865 920 939 
657 855 865 920 939 
657 772 855 865 920 939 
574 657 772 855 865 920 939 
574 657 705 772 855 865 920 939 
511 574 657 705 772 855 865 920 939 
511 574 657 705 772 855 865 920 939 
511 574 657 705 772 783 855 865 920 939 
73 511 574 657 705 772 783 855 865 920 939 
73 511 574 657 705 772 783 855 865 920 939 
511 574 657 705 772 783 855 856 865 920 939 
511 574 657 705 772 783 855 856 865 920 939 
511 574 657 705 772 783 855 856 865 920 939 973 
401 511 574 657 705 783 856 920 939 973 
75 401 511 574 657 705 783 856 920 939 973 
75 401 574 649 705 783 856 920 939 973 
75 401 574 649 705 783 856 920 939 973 
75 264 401 574 705 783 856 920 939 973 
75 401 419 574 705 783 856 920 939 973 
75 359 401 419 574 705 783 856 920 939 973 
75 108 401 419 705 783 856 920 939 973 
75 108 401 419 705 783 856 920 939 973 
75 219 401 419 705 783 856 920 939 973 
75 360 401 419 705 783 856 920 939 973 
75 360 401 419 633 705 783 856 920 939 973 
75 401 419 441 633 705 783 856 920 939 973 
75 401 419 441 633 705 783 814 856 920 939 973 
75 401 419 441 633 705 783 814 856 875 920 939 973 
75 392 401 419 633 705 783 814 875 920 939 973 
75 392 401 419 633 705 783 814 875 920 939 973 
75 392 401 419 633 705 783 814 875 920 939 973 
75 162 392 401 419 633 705 783 814 875 920 939 973 
75 162 399 401 419 633 705 783 875 920 939 973 
75 162 267 399 401 419 633 705 783 875 920 973 
75 162 399 401 419 442 633 705 783 875 973 
75 162 183 399 401 419 442 633 705 783 875 973 
75 162 399 401 419 442 633 705 783 806 875 973 
75 162 399 401 419 442 628 633 705 783 875 
75 162 399 401 419 442 633 705 783 875 959 
75 162 385 399 401 419 442 633 705 783 
75 162 385 399 419 442 549 633 705 783 
75 162 385 399 419 442 549 633 674 705 783 
75 162 385 399 442 479 633 674 705 783 
75 162 385 399 442 479 633 705 783 917 
75 162 385 399 442 479 570 633 705 783 
75 162 385 399 442 479 625 633 705 783 
75 162 385 399 442 479 517 625 633 705 783 
75 162 385 399 442 479 633 646 705 783 
75 137 162 385 399 442 479 633 705 783 
75 137 162 385 399 442 479 633 705 783 
75 137 162 385 399 442 479 633 705 783 
75 137 162 385 399 427 442 479 633 705 783 
75 162 385 399 442 479 633 705 729 783 
75 162 385 399 442 479 633 705 729 783 
75 162 385 399 442 479 633 705 729 783 
75 162 385 399 442 479 633 705 722 783 
75 162 385 399 442 479 633 705 783 815 
75 162 385 399 442 479 633 705 783 815 
75 162 385 399 442 479 633 705 783 815 
75 162 385 399 442 479 633 705 783 815 
75 162 399 442 479 633 705 783 815 980 
75 162 399 442 479 633 705 783 815 980 
75 162 399 434 442 479 633 705 783 815 980 
75 162 399 434 442 479 633 705 783 815 869 
75 162 399 434 442 479 633 705 783 815 913 
75 162 399 434 442 479 633 705 783 815 913 
75 162 399 434 442 479 621 633 705 783 815 
75 162 399 434 442 479 621 633 705 783 815 
75 162 399 434 442 479 621 633 705 783 815 
75 162 399 434 442 479 621 633 705 783 815 857 
75 162 174 399 442 479 621 705 783 815 857 
75 162 174 399 442 479 705 783 815 857 907 
75 162 174 399 442 479 494 705 783 815 
75 162 174 399 442 479 494 705 783 815 901 
75 117 162 174 399 442 479 705 783 815 901 
75 117 162 174 399 442 479 705 783 815 901 
75 117 162 174 399 442 479 705 783 815 901 
75 162 174 311 399 442 479 705 783 815 901 
75 162 174 311 399 442 479 705 783 815 901 
75 162 174 399 407 442 479 705 783 815 901 
75 162 174 354 399 442 479 705 783 815 901 
75 162 174 399 442 479 705 783 815 901 977 
75 162 174 399 442 479 705 783 885 901 977 
75 162 174 399 412 442 479 705 783 901 977 
75 162 174 412 442 479 705 783 901 922 977 
75 162 174 412 442 479 705 730 783 901 977 
75 162 174 412 442 479 705 730 783 901 977 
75 162 174 412 442 479 705 730 783 901 977 
75 162 174 412 442 479 705 730 783 901 977 
75 162 174 412 442 479 705 730 783 901 977 
75 162 174 412 442 479 705 730 783 805 901 977 
75 162 174 203 412 442 479 705 730 783 805 901 977 
75 99 162 174 203 412 442 479 705 805 901 
75 99 162 174 203 412 442 479 705 805 901 976 
75 99 162 174 203 412 442 479 705 732 805 901 
75 99 162 174 203 412 442 479 705 732 805 901 
75 162 174 203 381 412 442 479 705 805 901 
22 75 162 174 203 381 412 442 479 705 805 901 
75 162 174 203 412 442 479 668 705 805 901 
75 162 174 203 412 442 474 479 668 705 805 901 
75 162 174 203 412 442 479 613 705 805 901 
75 162 174 203 412 442 479 613 705 805 901 
75 127 162 174 203 412 442 479 613 705 805 901 
75 162 174 203 412 442 479 705 805 840 901 
75 162 174 203 212 412 442 479 705 805 840 901 
35 75 162 174 203 412 442 479 705 805 901 
35 75 162 174 203 412 442 479 705 805 856 901 
35 75 162 174 203 412 442 479 705 805 856 901 
35 75 162 174 203 412 442 479 705 805 856 901 
35 42 75 162 174 203 412 442 479 705 805 901 
75 162 174 203 412 442 479 705 787 805 901 
75 162 174 203 412 442 479 688 705 787 805 901 
75 162 174 203 412 442 479 610 688 705 805 901 
75 162 174 203 357 412 442 479 688 805 901 
75 162 174 203 412 442 479 688 805 833 901 
75 162 174 203 412 442 479 688 805 833 901 
75 162 174 203 412 442 479 688 805 833 901 
75 149 162 174 203 412 442 479 688 805 833 901 
75 149 162 174 203 412 442 479 762 805 901 
75 149 162 174 177 203 412 442 479 762 805 901 
75 149 203 380 412 442 479 762 805 901 
75 149 203 380 412 442 479 762 805 901 
75 149 203 380 412 442 479 762 805 901 
5 75 149 203 380 412 442 479 762 805 901 
75 149 203 380 412 442 479 705 762 901 
75 149 203 380 412 442 479 583 705 762 901 
75 149 203 380 412 442 479 583 705 762 901 
75 149 203 380 412 442 456 479 901 
75 149 203 380 412 442 456 479 901 
75 149 203 304 380 412 442 456 479 901 
75 149 203 304 380 412 442 456 479 533 901 
75 149 203 380 412 442 456 479 533 560 901 
75 149 203 380 412 442 456 479 533 560 901 
75 149 203 380 412 442 456 479 533 739 
75 149 203 380 412 442 464 479 533 
75 149 203 380 412 442 464 479 533 
75 149 203 380 412 442 464 479 533 
75 149 203 380 412 442 464 479 533 
75 149 203 380 412 442 464 479 533 
75 149 160 203 380 412 442 464 479 533 
75 84 160 203 380 412 442 464 479 533 
8 75 160 203 380 412 442 464 479 533 
8 75 160 203 380 412 442 464 479 533 
8 75 160 203 380 412 442 464 479 533 
8 75 160 203 380 412 442 464 479 533 572 
75 160 203 380 412 442 464 479 533 906 
75 160 203 380 412 442 464 479 533 741 906 
75 160 203 380 412 442 479 601 906 
75 160 203 380 412 442 479 601 906 914 
75 160 203 380 412 442 479 601 906 914 
75 160 203 380 412 442 479 715 906 914 
75 160 172 203 380 412 442 479 715 906 914 
75 160 203 412 442 479 715 731 906 914 
75 160 203 412 442 479 715 731 906 914 
75 160 203 412 442 479 715 731 903 906 914 
75 160 203 223 412 442 479 715 731 903 906 914 
75 160 203 223 412 442 479 579 715 906 914 
75 160 203 223 412 442 479 579 715 906 914 
75 160 203 223 412 442 479 493 906 914 
7 75 160 203 223 412 442 479 493 906 914 
7 75 160 203 221 223 412 442 479 906 914 
7 75 160 203 223 412 442 479 906 914 967 
7 75 160 203 223 412 437 442 479 906 914 
7 74 75 160 203 412 442 479 906 914 
7 74 75 160 203 412 442 479 500 906 914 
7 75 160 203 412 442 479 500 748 906 914 
7 75 160 203 206 412 442 479 500 906 914 
7 75 160 203 206 412 442 479 500 633 906 914 
7 75 160 203 412 442 475 479 500 633 914 
7 75 160 203 412 442 479 500 633 662 
7 75 160 203 412 442 479 500 633 662 
7 75 160 203 412 442 458 479 500 633 662 
7 75 160 203 412 442 458 479 500 633 662 830 
7 75 160 203 412 442 458 479 500 633 662 830 
7 75 160 203 412 442 458 500 633 830 892 
7 75 160 203 412 442 458 500 633 830 892 
7 68 75 160 203 412 442 458 500 633 830 892 
7 68 75 160 203 412 442 458 500 633 830 892 
7 68 75 160 203 412 442 458 500 633 830 892 947 
7 68 75 160 203 412 442 458 500 633 830 892 947 
7 68 75 160 203 442 458 499 500 633 892 
7 68 75 160 203 442 458 499 500 633 892 
7 68 75 160 203 442 458 499 500 633 892 
7 68 75 160 203 442 458 499 500 633 830 892 
7 68 75 160 203 435 442 458 499 500 633 830 892 
7 68 75 160 203 435 458 484 499 500 633 
7 68 75 160 203 435 458 484 499 500 633 
7 68 75 160 203 435 458 484 499 500 633 736 
7 68 75 160 203 364 435 458 484 499 500 633 736 
7 68 75 160 203 364 435 458 484 499 500 633 736 
7 68 75 160 203 364 435 484 499 500 736 951 
7 68 75 160 174 203 364 435 484 499 500 736 951 
68 75 160 174 203 364 435 484 489 500 736 951 
68 75 160 174 203 257 364 435 484 489 500 736 951 
68 75 160 174 203 257 364 435 484 489 500 736 951 
68 75 160 174 203 257 364 435 484 489 500 736 951 
68 75 140 160 203 257 435 484 489 500 736 951 
68 75 160 203 257 435 484 489 495 500 736 951 
68 75 160 203 257 435 484 489 495 500 736 951 
68 75 153 160 203 257 435 484 489 495 500 736 951 
68 153 203 257 435 484 489 495 736 951 968 
68 153 203 257 435 484 489 736 906 951 968 
68 153 203 257 435 484 489 736 951 968 993 
68 153 203 257 435 484 489 736 914 951 993 
68 153 203 257 331 435 484 489 736 951 993 
68 153 162 203 257 331 435 484 489 736 951 993 
216 257 331 435 484 489 736 951 993 
160 216 257 331 435 484 489 736 951 993 
160 257 331 435 484 736 951 969 993 
160 257 331 435 484 736 951 969 993 
160 234 257 331 435 484 736 951 969 993 
160 177 257 331 435 484 736 951 969 993 
160 177 257 331 435 484 736 951 969 993 
27 160 177 257 331 435 484 736 951 969 993 
27 160 177 257 331 435 484 736 951 969 993 
27 160 177 203 257 331 435 484 736 951 969 
27 121 160 177 257 331 435 484 736 951 969 
27 121 160 177 257 331 435 445 484 736 951 969 
27 121 160 177 257 331 435 445 484 736 853 951 969 
27 67 160 177 257 331 435 445 484 736 853 951 969 
27 67 160 177 254 257 331 435 445 484 736 951 969 
27 67 160 177 254 257 331 332 435 484 736 951 
27 67 160 177 254 257 331 332 435 484 551 736 951 
27 67 160 177 254 257 331 435 484 551 736 755 951 
27 67 160 177 254 257 331 435 484 551 558 736 755 951 
27 67 160 177 254 257 331 435 484 551 736 755 938 
27 67 160 177 254 257 331 435 484 551 736 755 938 
27 67 160 177 254 257 331 435 484 551 736 755 938 
27 67 160 177 254 257 331 435 484 551 673 736 755 
27 67 160 177 254 257 331 435 484 551 736 755 777 
27 67 160 177 254 257 331 435 484 500 551 736 755 777 
27 67 177 254 257 331 435 484 551 570 736 777 
27 67 177 254 257 331 435 484 551 736 777 859 
27 67 177 254 257 331 435 484 551 730 736 777 
27 67 123 177 254 257 331 435 484 551 736 777 
27 67 123 177 254 257 331 435 484 551 736 777 
27 67 123 177 254 257 331 435 484 551 736 777 973 
27 67 123 175 177 254 257 331 435 484 551 777 
27 67 123 175 177 254 257 331 435 484 551 777 
27 67 112 123 177 254 257 331 435 484 551 777 
27 67 123 177 187 254 257 331 435 484 551 777 
27 67 123 177 254 257 331 435 484 551 674 777 
27 67 123 177 254 257 331 402 435 484 551 674 777 
27 67 123 177 254 257 331 344 402 435 484 551 777 
27 67 123 177 254 257 331 402 435 484 551 793 
27 67 123 177 254 257 331 402 435 484 551 793 
27 67 123 177 254 257 331 402 435 484 551 793 
27 67 123 177 254 257 331 402 435 484 551 793 
27 67 123 177 254 257 331 402 435 484 497 551 793 
27 67 123 177 254 257 331 402 435 484 497 551 793 
27 67 123 177 254 257 331 402 421 435 484 497 551 793 
27 67 123 177 254 257 331 421 435 439 484 497 551 793 
27 67 123 177 254 257 331 421 435 439 484 497 551 793 
27 67 123 177 254 257 331 421 435 439 484 497 551 793 833 
27 67 123 254 257 331 421 435 484 497 551 665 793 
27 67 123 254 257 331 421 435 484 497 518 551 793 
27 67 123 254 257 331 421 435 484 497 518 551 793 
27 67 123 254 257 331 421 435 484 497 518 551 793 
27 67 123 254 257 331 421 435 484 497 518 551 793 977 
27 67 123 190 254 257 331 421 435 484 497 551 793 
27 67 123 190 254 257 331 421 435 484 497 551 793 
27 67 123 190 254 257 331 421 435 484 497 551 793 
27 67 123 190 223 254 257 331 421 435 484 497 551 793 
27 67 123 190 254 257 331 421 435 484 497 551 793 920 
27 67 123 190 254 257 331 380 421 435 484 497 551 793 920 
27 67 123 190 254 257 331 421 435 484 497 551 651 793 920 
27 67 123 190 254 257 331 421 435 484 497 551 773 793 920 
27 67 123 190 240 254 257 331 421 435 484 497 551 773 920 
27 67 123 190 240 254 257 331 421 435 484 497 551 773 920 
27 67 123 190 240 254 331 419 421 435 484 497 551 773 
27 67 123 190 240 254 331 421 435 484 497 551 773 903 
27 67 123 190 240 254 331 421 435 484 497 551 706 773 903 
27 67 123 190 240 254 306 331 421 435 484 497 551 706 903 
27 67 123 190 240 254 306 331 421 435 484 497 551 706 903 
27 67 123 190 240 254 331 421 435 484 551 706 881 903 
27 67 123 190 240 254 331 421 435 484 551 706 881 903 
27 67 123 190 240 254 331 421 435 464 551 706 881 
27 67 123 190 240 254 331 421 435 464 551 706 881 971 
27 67 123 190 240 254 331 399 421 435 551 706 881 
27 67 123 190 240 254 331 399 421 435 551 706 813 881 
27 67 123 190 240 254 331 399 421 435 551 706 741 813 881 
27 67 123 125 190 240 254 331 399 421 435 551 706 741 813 881 
27 67 123 125 190 240 254 331 399 421 435 551 706 804 813 
27 67 123 125 190 240 254 331 399 421 435 551 706 784 813 
27 67 123 125 190 240 254 331 399 421 435 551 706 784 813 
27 67 123 125 190 240 254 331 393 399 421 435 551 706 813 
27 67 123 125 190 240 254 331 399 421 435 551 706 931 
27 67 123 125 190 240 254 331 399 421 435 551 706 931 
27 67 123 125 190 240 254 331 399 421 435 551 706 931 
27 67 80 123 125 190 240 254 331 399 421 435 551 706 931 
27 67 80 123 125 190 240 254 331 399 421 435 551 706 931 
27 67 98 123 125 190 240 254 399 421 435 551 706 931 
27 67 98 123 125 190 240 254 398 399 421 435 551 706 931 
27 67 98 123 125 134 190 240 254 398 399 421 435 551 706 931 
27 67 123 125 134 190 240 254 398 399 421 435 551 575 706 931 
27 67 123 125 134 190 240 254 399 421 435 551 706 799 931 
27 67 123 125 134 190 240 254 399 421 435 551 706 931 957 
22 27 67 123 125 134 190 240 254 399 421 435 551 706 931 
22 27 67 123 125 134 190 240 254 399 421 435 551 706 931 
22 27 67 123 125 134 190 240 254 399 421 435 551 706 931 
22 27 67 123 125 134 190 240 254 399 421 435 551 706 860 931 
22 27 67 123 125 134 190 254 399 421 435 551 686 706 860 
22 27 67 123 125 134 190 254 399 421 435 551 686 706 860 
22 27 67 123 125 134 190 254 399 421 435 551 686 706 860 
22 27 67 123 125 134 190 254 399 421 435 551 686 706 860 
22 27 67 123 125 134 165 190 254 399 421 435 551 686 706 860 
22 27 67 123 125 134 165 190 254 399 421 435 551 686 706 860 
22 27 67 123 125 134 165 190 254 399 421 435 551 686 706 860 
22 27 123 125 134 165 190 231 254 399 421 435 551 686 860 
22 27 123 125 134 165 190 231 254 399 421 435 551 686 860 
14 22 27 123 125 134 165 190 231 254 399 421 435 551 686 860 
22 27 123 125 134 165 190 231 254 399 421 435 551 607 860 
22 27 101 123 125 134 165 190 231 254 399 421 435 551 607 860 
22 27 101 123 125 134 190 218 231 254 399 421 435 551 860 
22 27 101 123 125 134 190 231 254 399 421 435 478 551 860 
22 27 123 125 134 190 231 254 399 421 435 478 551 762 
22 27 123 125 134 190 231 254 399 421 435 478 551 762 
22 27 123 125 134 190 231 254 399 421 435 478 551 653 
22 27 123 125 134 190 231 254 399 421 435 478 551 653 
22 99 123 125 134 190 231 254 399 421 435 478 551 653 
22 123 125 134 190 231 254 399 421 435 478 551 653 971 
22 123 125 134 231 254 399 421 435 478 551 653 777 971 
22 123 125 134 231 254 399 421 435 478 551 653 677 971 
17 22 123 125 134 231 254 399 421 435 478 551 653 971 
22 123 125 134 178 231 254 399 421 435 478 551 653 971 
22 107 123 125 134 178 231 254 399 421 435 478 551 653 971 
22 123 125 134 231 254 399 421 435 478 551 653 832 971 
22 123 125 134 248 254 399 421 435 478 551 653 832 971 
22 123 125 134 248 254 399 421 435 478 551 653 832 971 
22 123 125 134 248 254 399 421 435 478 551 653 832 971 
22 123 125 134 254 399 401 421 435 478 551 653 832 971 
22 123 125 134 254 399 421 435 478 551 653 832 840 971 
22 123 125 134 254 399 421 435 471 478 551 653 832 971 
2 22 123 125 134 254 399 421 435 478 551 653 832 971 
2 22 123 125 134 254 300 399 421 435 478 551 653 832 
2 22 123 125 134 254 399 421 435 478 493 551 653 832 
2 22 123 125 134 151 254 399 421 435 478 551 653 832 
2 22 123 125 134 151 254 399 421 435 478 551 653 832 
2 22 120 123 125 134 254 399 421 435 478 551 653 832 
2 22 120 123 125 134 254 399 421 435 478 551 653 832 
2 22 120 123 125 134 254 399 421 435 478 551 653 832 
2 22 120 123 125 134 254 399 421 435 478 551 653 832 910 
22 120 123 125 134 254 295 399 421 435 478 551 653 832 
22 120 123 125 134 254 399 421 435 469 478 551 653 832 
22 120 123 125 134 254 268 399 421 435 469 478 551 653 832 
22 120 123 125 134 254 268 391 399 421 435 478 551 653 832 
22 120 123 125 134 254 391 399 421 435 478 653 746 832 
22 120 123 125 134 254 391 399 421 435 478 653 746 832 
22 120 123 125 134 254 391 399 421 435 478 653 746 832 
22 120 123 125 134 254 391 399 421 435 478 653 746 832 
22 120 123 125 134 254 391 399 421 435 478 653 746 832 
22 120 123 125 134 254 391 399 421 435 478 653 746 832 
22 120 123 125 134 254 391 399 421 435 478 653 746 832 
22 120 123 134 254 341 399 421 478 653 746 832 
22 120 123 134 254 341 399 421 478 653 746 832 
22 120 123 134 254 341 399 421 478 653 746 832 955 
22 120 123 134 254 341 399 421 478 497 653 746 832 955 
22 95 120 123 134 341 399 478 497 746 832 955 
22 95 120 123 134 341 399 478 497 510 746 832 955 
22 120 123 134 258 341 399 497 746 832 955 
22 120 123 134 258 341 399 497 746 815 832 955 
22 120 123 134 258 341 399 497 746 815 832 875 955 
22 120 123 134 258 341 399 497 746 815 832 875 955 
22 120 123 134 258 341 399 497 746 815 832 875 955 
22 120 123 134 258 341 399 497 746 815 832 875 955 
22 120 123 134 258 341 399 497 746 815 832 833 875 955 
22 120 123 134 258 341 399 497 688 746 815 832 833 875 955 
22 120 123 258 399 497 746 815 832 833 875 955 966 
22 120 123 258 399 497 746 801 815 832 833 875 955 966 
22 120 123 258 399 497 746 801 815 832 833 875 955 966 
22 120 123 399 746 815 832 833 875 887 955 966 
22 120 123 317 399 746 815 832 833 875 887 955 966 
22 120 123 317 706 746 815 832 833 875 955 
22 120 123 317 706 746 801 815 832 833 875 955 
22 120 123 317 435 706 746 801 815 832 833 875 955 
22 120 123 317 435 646 706 746 801 815 832 833 875 955 
22 120 123 317 435 569 646 706 746 801 815 832 833 875 955 
22 120 123 317 435 569 706 801 815 832 833 875 939 
22 120 123 317 435 569 706 755 801 815 832 833 875 939 
22 120 123 137 317 435 569 706 755 801 815 832 833 875 939 
22 120 123 137 317 435 569 706 755 801 815 832 833 875 939 
22 120 123 137 317 435 569 755 763 801 815 832 833 
22 120 123 137 317 435 569 755 763 801 815 832 833 
22 120 123 137 317 421 435 569 755 763 801 815 832 833 
22 120 123 137 317 421 435 569 755 763 801 815 832 833 
22 120 123 137 317 421 435 569 755 763 801 815 832 833 
22 120 123 137 317 421 435 569 755 763 801 815 832 833 
22 120 123 137 317 421 435 569 653 755 763 801 815 832 833 
22 120 123 137 317 421 435 569 653 755 763 801 815 832 833 
22 120 123 137 317 421 435 556 569 653 755 763 801 815 832 833 
22 110 120 123 137 317 435 556 569 653 755 763 815 832 833 
22 120 123 137 317 435 556 569 653 755 763 832 833 931 
22 120 123 137 317 435 556 569 653 755 763 832 833 931 998 
22 120 123 137 303 317 435 556 569 653 755 832 833 931 
22 120 123 137 303 317 435 556 569 653 755 832 833 931 
22 120 123 137 303 317 435 556 569 653 755 832 833 931 
22 120 123 137 303 317 435 533 556 569 653 755 832 833 931 
22 120 123 137 303 317 435 556 569 653 755 758 832 833 
22 120 123 137 303 317 435 556 569 653 755 758 832 833 
22 120 123 137 303 317 435 456 556 569 653 755 758 832 833 
22 120 123 137 303 317 435 556 569 653 755 758 775 833 
22 120 123 137 303 317 435 556 569 653 755 758 775 833 992 
22 120 123 137 303 317 435 556 569 653 755 758 775 833 851 992 
22 120 123 137 303 317 435 556 569 653 755 758 775 833 851 992 
22 123 137 303 317 435 556 569 605 653 755 758 833 851 992 
22 123 137 217 303 317 435 556 569 605 653 755 758 833 851 992 
22 123 137 217 303 317 391 435 556 569 653 755 758 851 992 
22 123 137 217 303 317 391 435 556 569 653 755 758 851 992 
22 123 137 217 303 317 391 435 556 569 653 755 758 851 992 
22 123 137 217 247 303 317 391 435 556 569 653 755 758 851 992 
22 123 137 217 247 303 317 347 391 435 556 569 653 755 758 851 992 
22 77 123 137 217 247 303 317 347 391 435 556 569 653 755 851 992 
22 77 123 137 217 247 303 317 347 391 435 556 569 653 755 851 992 
22 77 123 137 217 247 303 317 347 391 435 556 569 653 755 825 851 992 
40 123 137 217 247 303 317 347 391 435 569 653 755 825 851 
40 123 137 217 247 303 317 347 391 435 523 569 653 755 825 
40 123 137 217 247 303 317 347 391 405 435 569 653 755 825 
40 123 137 217 247 303 317 347 391 405 435 569 574 653 755 825 
22 40 123 137 217 247 303 317 347 391 435 574 653 755 825 
40 123 137 217 247 303 317 347 391 435 574 653 692 755 825 
40 123 127 137 217 247 303 317 347 391 435 574 653 755 825 
40 123 137 217 247 303 317 347 366 391 435 574 653 755 825 
15 40 123 137 217 247 303 317 347 366 391 435 574 653 755 825 
40 123 137 217 247 303 347 361 366 391 574 653 755 825 
40 123 137 217 247 303 347 361 366 391 574 653 755 825 
40 123 137 172 217 247 303 347 361 366 391 574 653 755 825 
40 123 137 172 217 224 247 303 347 361 366 391 574 653 755 825 
40 46 123 137 217 224 247 303 347 361 366 574 653 755 825 
40 46 123 137 217 224 247 303 347 361 366 574 653 755 825 
40 46 123 137 217 224 247 303 347 361 366 574 653 755 825 
8 40 46 123 137 217 224 247 303 347 361 366 574 653 755 825 
40 46 137 217 224 247 303 347 361 366 574 653 699 755 825 
40 46 137 217 224 247 303 347 361 366 457 574 653 699 755 825 
40 137 217 224 247 303 347 361 366 457 574 653 755 825 829 
40 137 217 224 247 303 347 361 366 457 480 574 653 755 825 829 
40 137 217 224 247 303 361 366 457 551 574 653 755 825 829 
18 40 224 247 303 361 366 457 551 574 653 755 825 829 
18 40 224 247 249 303 361 366 457 551 574 653 755 825 829 
40 224 247 249 303 361 366 457 551 574 653 755 825 829 911 
40 160 224 247 249 303 361 366 457 551 574 653 755 825 829 911 
40 224 247 249 280 303 361 366 457 551 574 653 755 825 829 
2 40 224 247 249 280 303 361 366 457 551 574 653 755 825 829 
2 40 224 247 249 303 361 366 457 483 574 653 755 825 829 
2 40 224 247 249 303 361 366 457 483 574 653 755 825 829 
2 40 224 247 249 303 361 366 457 483 574 653 755 825 829 
2 40 224 247 249 303 361 366 457 483 574 653 755 825 829 
2 40 224 247 249 303 361 366 574 649 653 755 825 829 
2 40 224 247 249 303 361 366 574 609 653 755 825 829 
2 40 224 247 249 303 361 366 574 609 653 755 825 829 
2 40 111 224 247 249 303 361 366 574 609 653 755 825 829 
2 40 224 249 303 361 366 574 609 653 755 768 825 829 
2 40 224 249 303 361 366 574 609 653 755 768 825 829 
40 188 224 249 303 361 366 574 609 653 755 825 829 
40 188 224 249 303 361 366 574 609 653 755 825 829 
40 188 224 249 303 361 366 574 609 653 755 825 829 
40 188 224 249 303 361 366 574 609 653 755 825 829 
40 188 224 249 303 361 366 422 574 609 653 755 825 829 
40 224 249 303 339 361 366 422 574 609 653 755 825 829 
40 224 249 303 339 361 366 422 574 609 653 755 825 829 
40 126 224 249 303 361 366 422 574 609 653 755 825 829 
40 126 224 249 303 361 366 422 574 609 652 653 755 825 829 
12 40 224 249 303 361 366 422 574 609 652 653 755 825 829 
12 40 224 249 303 361 366 422 549 574 609 653 755 825 829 
12 40 224 249 303 361 549 574 609 653 755 825 829 949 
12 40 224 249 303 361 549 574 609 653 755 825 829 949 
12 40 224 249 303 361 410 549 574 609 653 755 825 829 
12 40 224 249 303 361 549 574 609 653 731 755 825 829 
12 40 249 303 549 574 609 653 731 755 825 829 929 
12 40 221 249 303 549 574 609 653 731 755 825 829 929 
12 40 249 281 549 574 609 653 731 755 825 829 929 
12 40 249 281 549 574 609 653 731 755 825 829 929 955 
12 40 249 281 549 574 609 653 731 755 825 829 901 929 
12 40 249 322 549 574 609 653 731 755 825 829 929 
12 40 249 322 549 574 609 653 697 731 755 825 829 929 
12 40 249 549 574 597 609 653 697 731 755 825 829 929 
12 40 249 549 574 597 609 653 697 731 755 825 829 929 
12 40 249 549 574 597 609 653 697 731 755 825 829 916 929 
12 40 249 549 560 574 597 609 653 697 731 755 825 829 916 929 
12 40 249 549 574 597 653 697 731 755 825 829 916 929 977 
12 40 249 403 549 574 597 653 697 731 755 825 829 916 929 977 
12 40 249 403 511 549 574 653 697 731 755 825 829 916 929 977 
12 40 249 403 549 574 653 697 731 755 825 829 854 916 929 977 
12 40 249 403 433 549 574 653 697 731 755 825 829 916 929 977 
12 40 249 403 433 549 574 653 697 731 755 825 829 916 929 977 
12 40 249 403 433 549 574 653 697 731 736 755 825 829 916 929 977 
12 40 249 403 433 549 574 653 697 731 736 755 825 829 916 929 977 
12 40 64 249 403 549 574 653 697 731 736 825 829 916 929 
12 40 64 249 403 549 574 653 697 731 736 825 829 916 929 
12 40 64 249 403 549 574 653 697 731 736 825 829 916 929 
12 40 64 249 403 549 574 653 697 731 736 825 829 916 929 
12 40 47 64 249 403 549 574 653 697 731 736 825 829 916 929 
12 40 47 64 249 403 549 574 653 697 731 825 829 916 927 
12 40 47 64 249 403 549 574 653 695 697 731 825 829 916 927 
12 40 47 64 249 403 549 574 653 695 697 730 731 825 829 916 927 
12 40 47 64 249 403 549 574 653 695 697 731 825 829 916 960 
12 24 40 47 64 249 403 549 574 653 695 697 731 825 829 916 960 
12 24 40 47 64 249 403 549 574 653 695 697 731 825 829 916 960 
12 24 40 47 64 185 249 403 549 574 653 695 697 825 829 916 
12 24 40 47 64 185 249 403 524 549 574 653 695 697 825 829 916 
12 24 40 47 64 249 403 524 549 574 653 695 697 825 829 916 971 
12 24 40 47 64 249 403 524 549 574 653 695 697 740 825 829 916 
12 40 47 64 249 524 549 574 653 695 697 740 825 829 916 980 
12 38 40 47 64 249 524 549 574 653 695 697 740 825 829 916 
12 30 40 47 64 249 524 549 574 653 695 697 740 825 829 916 
12 40 47 64 179 249 524 549 574 653 695 697 740 825 829 916 
12 40 64 179 231 249 524 549 574 653 695 697 825 829 916 
12 40 64 179 231 249 524 549 574 653 695 697 825 829 916 
12 40 64 178 179 231 249 524 549 574 653 695 697 825 829 916 
12 40 64 178 179 249 524 549 574 653 695 697 825 829 835 916 
12 40 64 178 249 524 549 574 584 653 695 697 825 829 835 916 
12 40 249 524 549 574 584 653 695 697 775 825 829 835 916 
12 40 249 524 549 574 584 653 695 697 713 825 829 835 916 
12 40 249 524 549 574 584 653 695 697 713 825 829 835 916 
12 40 249 293 524 549 574 584 653 695 697 713 825 829 835 916 
12 40 249 293 349 524 549 574 653 695 697 713 825 829 835 916 
12 40 249 293 349 524 549 574 650 653 695 697 713 825 829 835 916 
12 40 249 293 524 549 574 695 697 713 819 825 829 835 916 
12 40 249 256 293 524 549 574 695 697 713 819 825 829 835 916 
12 40 249 256 293 524 549 574 671 695 697 713 825 829 835 916 
12 40 249 256 293 524 549 574 671 695 697 713 825 829 835 916 
12 40 249 256 293 524 549 574 657 671 695 697 713 825 829 835 916 
12 40 249 256 293 524 549 574 657 695 697 713 801 825 829 835 916 
9 12 40 249 256 293 524 549 574 695 697 713 825 829 835 916 
9 12 40 249 256 293 524 549 574 695 697 713 825 829 835 916 951 
12 40 249 256 293 489 524 549 574 695 697 713 825 829 835 916 
12 40 249 256 293 489 524 549 574 695 697 713 825 829 835 916 
12 40 249 256 293 524 549 574 609 695 697 713 825 829 835 916 
12 40 208 249 256 293 524 549 574 695 697 713 825 829 835 916 
12 40 249 256 293 524 549 574 695 697 713 825 829 835 916 1000 
12 40 249 256 293 524 549 574 695 697 713 825 829 835 916 928 1000 
12 40 249 256 293 524 549 574 695 697 713 795 825 829 835 916 928 
12 40 249 256 293 524 549 574 695 697 713 795 825 829 835 916 928 
12 40 249 256 293 524 549 574 695 697 713 795 825 829 835 916 928 
12 40 249 256 293 524 549 574 695 697 713 795 825 829 835 916 928 
12 40 90 249 256 293 524 549 574 695 713 795 829 835 916 928 
12 40 202 249 256 293 524 549 574 695 713 795 835 916 928 
12 40 202 249 256 293 524 549 574 695 713 795 835 916 928 
12 40 159 202 249 256 293 524 549 574 695 713 795 835 916 928 
12 40 159 202 249 256 293 524 549 574 695 713 795 835 916 928 
12 40 159 202 249 256 293 524 549 574 695 713 795 835 903 916 928 
12 40 159 202 249 256 293 524 549 574 675 695 713 835 903 928 
12 40 159 190 202 249 256 293 524 549 574 695 713 835 903 
12 40 159 190 202 249 256 293 524 549 574 695 713 835 903 
12 40 159 190 202 249 256 293 524 549 574 695 713 835 865 903 
12 40 159 190 202 249 256 293 524 549 574 695 713 835 865 903 
12 40 159 190 202 249 256 293 524 549 574 695 713 835 865 903 
12 40 159 202 249 256 293 524 549 574 695 713 865 969 
12 40 159 202 249 256 293 524 549 574 695 713 865 969 
12 40 159 202 249 256 293 524 549 574 695 713 865 969 
12 40 159 202 249 256 293 524 549 574 695 713 865 969 
12 40 159 202 249 256 293 318 524 549 574 695 713 865 969 
12 40 143 159 202 249 256 293 318 524 549 574 695 713 865 969 
12 40 143 159 202 249 293 318 524 549 574 695 713 920 
12 40 143 159 202 249 293 318 524 549 574 695 713 920 
12 40 143 159 202 249 293 318 524 549 574 695 713 920 
12 40 143 159 202 249 293 318 524 549 574 695 713 920 
12 40 143 159 162 202 249 293 318 524 549 574 695 713 920 
12 40 143 159 162 202 249 293 318 524 549 574 695 713 721 920 
12 40 93 143 159 162 202 249 293 318 524 549 574 695 721 920 
12 40 143 162 202 249 289 293 318 524 549 574 695 721 920 
12 40 143 162 202 249 289 293 318 524 549 574 695 721 920 
12 40 162 202 235 249 289 293 318 524 549 574 695 721 920 
12 40 162 202 235 249 289 293 318 524 549 574 695 721 920 
12 162 202 235 249 289 293 318 524 549 574 695 721 735 920 
12 149 162 202 235 249 289 293 524 549 574 695 721 735 920 
12 130 162 202 235 249 289 293 524 549 574 695 721 735 920 
12 162 202 235 249 289 293 524 549 574 695 721 779 920 
12 162 202 235 249 289 293 524 549 574 695 721 779 920 
12 162 202 235 249 263 289 293 524 549 574 695 721 779 920 
12 162 202 235 249 263 289 293 524 549 574 695 721 779 920 
12 162 202 235 249 289 293 524 549 574 695 721 779 920 938 
12 162 202 235 249 289 293 524 549 574 695 721 779 920 938 
12 162 202 235 249 289 293 388 524 549 574 695 721 920 938 
12 162 202 235 249 289 291 293 388 524 549 574 695 721 920 938 
12 162 202 235 249 289 291 293 388 524 549 574 695 721 920 938 
12 162 202 235 249 289 291 293 388 524 549 574 695 721 920 938 
12 202 235 249 289 291 293 388 549 574 624 695 721 920 938 
12 202 235 249 289 291 293 549 574 599 624 695 721 920 938 
12 202 235 249 289 291 293 549 574 599 695 829 920 938 
12 202 235 249 289 291 293 549 574 599 695 755 829 920 938 
12 202 235 249 289 291 293 549 574 599 695 755 829 920 938 
12 202 235 249 289 291 293 440 549 574 599 695 755 829 920 938 
12 202 235 249 289 291 293 440 549 574 599 695 755 829 920 938 
100 202 235 249 289 291 293 440 549 574 599 695 755 829 938 
100 202 235 249 289 291 293 440 549 574 599 695 755 829 916 938 
100 202 235 249 289 291 293 440 549 574 599 695 755 829 916 938 
202 235 249 289 291 293 440 549 565 574 599 695 755 829 
202 235 249 289 291 293 440 549 565 574 599 695 755 829 
202 235 249 289 291 293 440 549 565 574 599 695 755 829 
202 235 249 289 291 293 440 549 565 574 599 695 755 829 
202 235 249 289 291 293 440 549 565 574 599 695 755 829 
202 235 249 289 291 293 440 549 565 574 599 695 755 829 
202 235 249 289 291 293 372 440 549 565 574 599 695 755 829 
202 235 249 289 291 293 372 440 549 565 574 599 695 755 829 
202 235 249 289 291 293 372 440 549 565 574 599 695 755 765 829 
202 235 249 289 291 293 372 440 549 565 574 599 695 755 765 829 
202 235 249 289 291 293 372 440 549 565 574 599 695 755 765 829 830 
123 202 235 249 289 291 293 372 440 565 599 755 765 829 830 
123 202 216 235 249 289 291 293 372 440 565 599 755 765 829 830 
123 202 216 235 249 289 291 293 372 440 599 755 829 896 
123 202 216 235 249 289 291 293 372 440 599 755 829 896 
123 202 216 235 249 289 291 293 372 440 599 755 829 896 
123 202 216 235 249 289 291 293 372 440 599 755 825 829 896 
123 202 216 235 249 289 291 372 440 538 599 755 829 
107 123 202 216 235 249 289 291 372 440 538 599 755 829 
107 123 202 216 235 249 289 291 372 440 538 599 755 829 
107 123 202 216 235 249 289 291 372 440 538 599 755 798 829 
107 123 202 216 235 249 289 291 372 440 538 599 695 755 798 829 
123 202 216 235 249 289 291 372 440 538 695 755 829 923 
123 202 216 235 249 289 291 331 372 440 538 695 755 829 923 
123 202 216 235 249 289 291 323 372 440 538 755 923 
123 202 216 235 249 289 291 323 372 440 538 755 855 923 
123 202 216 235 249 289 291 323 372 440 538 569 755 855 923 
103 123 202 216 235 249 289 291 323 372 440 538 569 755 855 923 
103 123 202 216 235 249 289 291 372 440 538 587 755 855 
68 103 123 202 216 235 249 289 291 372 440 538 587 755 855 
68 103 123 202 216 235 249 289 291 372 440 445 538 587 755 855 
68 103 123 202 216 235 249 289 291 372 440 445 538 587 755 855 
68 103 123 202 216 235 249 289 291 372 440 445 538 587 755 855 
68 103 123 202 216 235 249 289 291 372 440 445 538 587 755 855 
68 103 123 202 216 235 249 289 291 372 440 445 538 587 673 755 855 
68 103 123 202 216 235 249 289 291 372 440 445 538 587 673 755 855 
103 123 202 216 235 249 291 372 440 445 538 673 755 855 957 
103 123 202 216 235 249 291 372 440 445 538 673 755 855 957 
103 123 202 216 235 249 291 372 440 445 538 673 755 855 957 959 
103 123 183 202 216 235 249 291 372 440 445 538 673 755 855 957 959 
103 123 183 202 216 235 291 372 440 445 653 673 855 957 959 
103 123 183 202 216 235 291 372 392 440 445 653 673 855 957 959 
103 123 183 202 216 235 291 372 392 440 524 653 673 957 
103 123 183 202 216 235 291 372 392 440 517 524 653 673 957 
103 123 183 202 216 235 291 372 392 440 517 524 653 673 957 
103 123 183 202 216 235 291 372 392 440 517 524 653 673 957 
103 123 183 202 216 235 291 372 392 440 517 524 638 653 673 957 
103 123 183 216 235 291 372 392 440 517 638 653 673 979 
103 123 183 216 235 291 372 392 440 517 638 653 673 979 
103 123 183 216 235 291 372 392 440 517 638 653 673 979 
103 123 183 216 235 291 372 392 440 517 638 653 673 979 
103 123 183 216 235 291 372 392 440 517 638 653 673 979 
103 123 183 216 235 291 372 392 440 517 638 653 673 979 
103 123 183 216 235 291 372 392 440 517 638 653 673 979 
103 123 183 216 235 291 372 392 440 517 638 653 673 979 
103 123 183 216 235 291 372 392 440 517 638 653 673 979 
103 123 183 216 235 291 372 392 440 517 638 653 673 979 
103 123 174 183 216 235 291 372 392 440 517 638 653 673 979 
103 123 174 183 216 235 291 372 392 440 517 638 653 673 688 979 
103 123 174 183 216 235 291 372 392 440 517 638 650 653 673 688 979 
19 103 123 183 216 291 372 392 440 517 638 653 673 688 979 
19 103 123 183 216 291 364 372 392 440 517 638 653 673 688 979 
19 103 123 183 216 291 364 372 392 440 517 638 653 673 688 979 
19 103 123 183 216 291 364 372 392 440 517 638 653 673 688 798 979 
19 103 123 183 216 291 364 372 392 440 517 638 653 673 688 798 979 
19 101 103 123 183 216 291 364 372 392 440 517 638 653 673 688 798 979 
101 123 183 216 291 372 392 440 517 638 653 668 673 688 798 979 
101 123 183 216 291 372 392 440 517 638 653 668 673 688 798 979 
101 123 183 216 291 372 392 440 517 638 653 668 673 688 798 979 
101 123 183 216 291 372 392 440 517 638 653 668 673 688 798 979 
101 123 183 216 291 372 392 440 517 638 653 668 673 688 798 979 
101 123 183 216 291 372 392 440 517 638 653 668 673 688 798 979 
101 123 183 216 291 372 392 440 517 638 653 668 673 688 798 979 
101 123 183 216 291 372 392 440 517 638 653 668 673 688 798 979 
101 123 183 216 291 303 372 392 440 517 638 653 668 673 688 798 979 
101 123 135 183 216 291 303 372 392 440 517 638 653 668 673 688 798 979 
101 123 135 183 216 291 303 372 392 440 517 638 653 668 673 688 798 979 
123 135 183 216 303 372 440 517 638 653 668 673 688 798 832 979 
123 135 183 303 440 517 638 668 673 688 798 832 979 991 
123 135 183 303 440 517 584 638 668 673 688 798 832 979 991 
123 135 183 303 440 517 584 638 668 673 688 798 832 979 991 
123 135 183 303 440 517 584 638 668 673 688 798 832 979 991 
112 123 135 183 303 440 517 584 638 668 673 688 798 832 979 991 
112 123 135 183 303 440 517 584 638 668 673 688 798 832 979 991 
112 123 135 173 183 303 440 517 584 638 668 673 688 798 832 979 991 
112 123 135 173 183 440 517 638 673 688 798 832 953 979 991 
112 123 135 173 183 440 517 638 673 688 798 832 953 979 991 
112 123 135 173 183 268 440 517 638 673 688 798 832 953 979 991 
7 112 123 135 173 183 268 440 517 638 673 688 798 832 953 979 991 
7 112 123 135 173 183 268 440 517 638 673 688 798 832 885 953 979 991 
112 123 135 173 183 268 440 517 673 798 832 871 885 953 979 991 
112 123 135 173 183 268 361 440 517 673 798 832 871 885 953 979 991 
112 123 135 173 183 268 361 440 517 673 798 832 871 885 913 953 979 991 
112 123 135 173 183 200 268 361 440 673 832 885 913 953 979 991 
112 123 135 173 183 200 268 361 440 673 832 885 913 953 979 991 
112 123 135 173 183 200 268 338 361 440 832 913 953 979 
112 123 135 173 183 200 268 338 361 440 832 865 913 953 979 
112 123 135 173 183 200 268 338 361 440 832 865 913 953 979 
112 123 135 173 183 200 268 338 361 440 832 865 913 938 953 979 
112 123 135 173 183 200 268 338 361 440 583 832 865 913 938 953 979 
85 112 123 135 173 183 200 268 338 361 440 832 913 953 979 
85 112 123 135 173 183 200 268 338 361 440 832 913 953 979 
85 112 123 135 173 183 200 268 338 361 440 735 832 913 953 979 
85 112 123 135 173 183 200 268 338 361 440 551 735 832 913 953 979 
112 123 135 173 183 200 268 338 361 440 551 832 897 913 979 
112 123 135 173 183 200 268 338 349 361 440 551 832 897 913 979 
112 123 135 173 183 200 268 338 349 361 440 551 832 853 897 913 979 
112 123 135 173 183 200 268 338 349 361 440 551 832 853 897 913 979 
112 123 135 173 178 183 200 268 338 349 361 440 551 832 853 897 913 979 
112 123 135 173 183 200 268 338 349 440 551 568 832 897 913 979 
112 123 135 173 183 200 268 304 338 349 440 551 568 832 897 913 979 
108 112 123 135 173 183 200 268 304 338 349 440 551 568 832 897 913 979 
108 112 123 135 173 183 200 268 338 349 446 551 568 897 913 979 
108 112 123 135 173 183 200 268 338 349 446 499 551 568 897 913 979 
108 112 123 135 173 183 200 268 338 349 446 462 499 551 568 897 913 979 
108 112 123 135 173 183 200 252 268 338 446 499 551 897 913 979 
108 112 123 135 173 183 200 268 338 363 446 551 913 979 
108 112 123 135 173 183 200 268 338 363 446 551 913 979 
108 112 123 135 173 183 200 212 268 338 363 446 551 913 979 
108 112 123 135 173 183 200 212 268 338 363 446 551 913 979 
108 112 123 135 173 183 200 212 268 338 363 446 551 910 913 979 
108 112 123 135 173 183 200 212 268 338 363 446 551 910 913 979 
108 112 123 135 173 183 200 212 224 268 338 363 446 551 910 913 979 
108 112 123 135 173 183 200 212 224 268 338 363 446 551 910 913 979 
108 112 123 135 173 183 200 212 224 268 311 338 363 446 551 910 913 979 
108 112 123 135 173 183 200 212 224 268 338 363 446 691 910 979 
108 112 123 135 173 183 200 212 224 268 338 363 446 691 885 910 979 
108 112 123 135 173 183 200 212 224 268 338 363 446 691 885 910 979 
108 112 123 135 173 183 200 212 224 268 338 363 446 691 885 910 979 
108 112 123 135 173 183 200 212 224 268 338 363 393 446 691 885 910 979 
108 112 123 135 173 183 200 212 224 268 338 363 393 569 691 910 
108 112 123 135 173 183 200 212 224 268 338 363 393 569 691 910 
108 112 123 135 173 183 200 212 224 268 338 363 366 393 569 691 910 
108 112 123 135 173 183 200 212 224 268 338 363 366 393 569 668 691 910 
108 112 123 135 173 183 200 212 224 268 338 363 364 393 569 691 
105 108 112 123 135 173 183 200 212 224 268 338 363 364 393 569 691 
105 108 112 123 135 173 183 200 212 224 268 338 363 364 393 569 691 860 
105 108 112 123 135 173 183 200 212 224 268 338 363 364 393 783 
105 108 112 123 135 173 183 200 212 221 224 268 338 363 364 393 783 
105 108 112 123 135 173 183 200 212 221 224 268 338 363 364 393 570 783 
105 108 112 123 135 173 183 200 212 221 224 268 338 363 364 393 570 783 
27 108 112 123 135 173 183 200 212 221 268 338 363 364 393 570 783 
27 108 112 123 135 173 183 200 212 221 268 291 338 363 364 393 570 783 
108 112 123 135 173 183 200 212 221 289 291 338 363 364 393 570 783 
108 112 123 135 158 173 183 200 212 221 289 291 338 363 364 393 570 783 
108 112 123 135 158 173 183 200 212 289 291 338 363 364 393 570 783 992 
108 112 123 135 158 173 183 200 289 291 338 363 364 375 393 570 783 
108 112 123 135 158 173 183 200 289 291 338 363 364 393 570 783 965 
108 112 123 135 158 173 183 200 289 291 338 363 364 393 570 783 920 
2 108 112 123 135 158 173 183 200 289 291 338 363 364 393 783 
2 108 112 123 135 158 173 183 200 289 291 338 362 363 364 393 783 
108 112 123 135 158 173 183 200 289 291 338 362 363 364 393 408 783 
108 112 123 135 158 173 183 200 247 289 291 338 362 363 364 393 408 783 
108 112 135 157 158 173 183 200 289 291 338 362 363 364 393 408 
108 112 135 158 173 183 200 289 291 338 362 363 364 393 599 
108 112 135 158 173 183 200 289 291 338 362 363 364 393 599 813 
108 112 135 158 173 183 200 289 291 338 362 363 364 393 599 813 
108 112 135 158 173 183 200 289 291 338 362 363 364 393 994 
108 112 135 158 173 183 200 235 289 291 338 362 363 364 393 994 
108 112 135 158 173 183 200 287 289 291 338 362 363 364 393 994 
108 112 135 158 173 183 200 287 289 291 338 362 363 364 393 994 
108 112 135 158 173 183 200 289 291 338 362 363 393 721 994 
108 112 135 158 173 183 200 289 291 338 362 393 721 761 994 
108 112 135 158 173 183 200 289 291 338 362 393 721 761 994 
108 112 135 158 173 180 183 200 289 291 338 362 393 721 994 
108 112 135 158 173 180 183 200 289 291 338 362 393 457 721 994 
108 112 135 158 173 183 200 289 291 338 362 393 457 816 994 
108 112 135 158 173 183 200 289 291 338 362 393 457 816 887 994 
108 112 135 158 173 183 200 217 289 291 338 362 393 816 887 
108 112 135 158 173 183 200 217 250 289 291 338 362 393 816 
50 108 112 135 158 173 183 200 217 289 291 338 362 393 816 
50 108 112 135 158 173 183 200 217 289 291 338 362 393 815 816 
108 112 135 158 173 183 200 289 291 338 362 393 579 815 816 
108 112 135 158 173 183 200 281 289 291 338 362 393 579 815 816 
108 112 135 158 173 183 200 289 291 338 362 393 579 816 873 
5 108 112 135 158 173 183 200 289 291 338 362 393 579 816 873 
108 112 135 158 173 183 200 289 291 338 357 362 393 579 
108 112 135 158 173 183 200 289 291 338 357 362 393 579 
108 112 135 158 173 183 200 289 291 338 357 362 393 579 
108 112 135 137 158 173 183 200 289 291 338 357 362 393 579 
108 112 135 137 158 173 183 200 289 291 338 357 362 393 480 579 
108 112 135 158 173 183 200 289 291 338 357 393 480 779 
108 112 135 158 173 183 200 289 291 338 357 393 480 779 
108 112 135 158 173 183 200 289 291 338 357 393 480 779 
108 112 135 158 173 183 200 289 291 338 357 393 480 779 
108 112 135 158 173 183 200 289 291 338 357 393 480 779 
108 112 114 135 158 173 183 200 289 291 338 357 393 480 779 
108 112 114 135 158 173 183 200 289 291 338 347 357 393 480 779 
108 112 114 135 158 173 183 200 289 291 338 347 357 393 480 572 779 
108 112 114 135 158 173 183 200 289 291 338 347 357 393 480 572 739 779 
108 112 114 135 158 173 183 200 289 291 338 347 393 480 632 739 
108 112 114 135 158 173 183 200 289 291 338 347 393 480 632 739 
108 112 114 135 158 173 183 200 289 291 338 347 393 480 632 739 976 
108 112 114 135 158 173 183 200 289 291 338 347 393 480 632 739 976 
108 112 114 135 158 173 183 200 289 291 338 347 393 480 632 739 976 
108 112 114 135 153 158 173 183 200 289 291 338 347 393 480 632 739 976 
108 112 114 135 153 158 173 183 200 289 291 338 347 393 480 632 739 976 
108 112 114 135 153 158 173 183 200 289 291 338 347 359 393 480 632 739 976 
112 114 135 153 158 173 183 200 289 291 338 347 359 480 618 632 976 
112 114 135 153 158 173 183 200 289 291 338 347 359 480 618 632 976 
112 114 135 153 158 173 183 200 289 291 338 347 359 480 618 632 976 
112 114 135 153 158 173 183 200 289 291 338 347 359 480 618 632 773 976 
112 114 135 153 158 173 183 200 289 291 338 347 359 391 480 618 632 773 976 
112 114 135 153 158 173 183 200 204 289 291 338 347 391 618 773 976 
112 114 135 153 158 173 183 200 204 289 291 338 347 391 618 773 976 
112 114 135 153 158 173 183 200 204 289 291 338 347 391 618 773 976 
112 114 135 153 158 173 183 200 204 289 291 338 347 391 618 773 976 
112 114 135 153 158 173 183 200 204 289 291 338 347 391 618 773 793 976 
112 114 135 153 158 173 183 200 289 291 338 347 391 418 773 976 
112 114 135 153 158 173 183 200 289 291 338 347 391 418 773 976 
112 114 135 153 158 173 183 200 289 291 338 347 391 418 773 976 
112 114 135 153 158 173 183 200 289 291 338 347 391 418 773 976 
112 114 135 153 158 173 183 200 289 291 338 347 391 418 624 773 976 
112 113 114 135 153 158 173 183 200 289 291 338 347 418 773 
17 112 113 114 135 153 158 173 183 200 289 291 338 347 418 773 
112 113 135 153 158 173 183 200 208 289 291 338 347 418 
64 112 113 135 153 158 173 183 200 208 289 291 338 347 418 
64 112 113 135 153 158 173 183 200 208 289 291 338 347 418 
64 112 113 135 153 158 173 183 200 208 234 289 291 338 347 418 
112 113 153 158 173 183 200 208 234 291 338 341 347 418 
112 113 153 158 173 183 200 208 234 291 338 341 347 418 
112 113 153 158 173 183 200 208 234 291 338 341 347 418 
112 113 153 158 173 183 200 208 234 291 338 341 347 418 
112 113 153 158 173 183 200 208 234 291 338 341 347 418 
112 113 153 158 173 183 200 208 234 291 338 341 347 418 
112 113 153 158 173 183 200 208 234 291 338 341 347 418 
112 113 153 158 173 183 200 208 234 291 338 341 347 418 772 
112 113 153 158 172 173 183 200 208 234 291 338 341 347 418 772 
112 113 153 158 172 173 183 200 208 234 291 338 341 347 418 705 772 
112 113 153 158 172 173 183 200 208 234 291 338 341 347 418 705 772 
112 153 158 173 200 208 234 291 338 341 347 418 420 705 772 
112 153 158 173 200 208 234 291 338 341 347 393 418 420 705 772 
112 153 158 173 200 208 234 291 338 341 347 393 418 420 524 705 772 
112 153 158 173 200 208 234 291 338 341 347 393 418 420 524 705 772 
112 153 173 200 208 291 318 338 341 347 418 420 524 705 772 
112 153 173 200 208 291 318 338 341 347 418 420 524 705 772 
112 153 173 200 208 291 318 338 341 347 418 420 524 705 772 
112 153 173 200 208 291 318 338 341 347 418 420 524 705 772 
112 153 173 200 208 291 318 338 341 347 364 418 420 524 705 772 
112 149 153 173 200 208 291 318 338 341 347 364 418 420 524 705 772 
46 112 149 153 173 200 208 291 318 338 341 347 364 418 420 524 705 772 
112 149 173 200 208 291 338 341 345 347 364 418 420 524 705 772 
112 149 173 200 208 291 338 341 345 347 364 418 420 524 705 772 
112 149 173 200 208 291 338 341 345 347 364 418 420 422 524 705 772 
112 173 179 200 208 338 341 347 364 418 420 422 524 705 772 
112 173 179 200 208 338 341 347 364 418 420 422 524 705 746 772 
112 173 179 200 208 338 341 347 364 418 420 422 524 705 746 772 
112 173 200 208 341 364 418 420 422 524 705 746 772 818 
112 173 200 208 341 364 418 420 422 524 705 746 772 818 
112 173 200 208 341 364 418 420 422 524 705 746 772 818 833 
112 173 200 208 341 364 418 420 422 524 705 746 772 818 833 953 
112 173 200 208 291 341 364 418 420 422 524 705 746 772 818 833 953 
112 159 173 200 291 364 420 422 524 705 746 772 818 833 953 
112 159 173 200 291 364 420 422 524 705 746 772 818 833 947 953 
112 159 173 200 291 364 420 422 524 705 746 772 818 833 947 953 
112 159 173 200 291 364 420 422 524 705 746 772 818 833 947 953 
112 159 173 200 291 364 420 422 524 705 746 772 818 833 947 953 
112 159 173 200 217 291 364 420 422 524 705 746 772 818 833 947 953 
112 159 173 200 217 291 364 420 422 524 705 746 772 818 833 947 953 
112 159 173 200 217 291 364 420 422 524 705 746 772 818 833 947 953 
112 159 173 200 217 291 364 420 422 524 705 721 746 772 818 833 947 953 
112 173 191 217 291 420 524 705 721 746 772 818 833 947 953 
112 173 191 217 291 420 524 705 721 746 772 818 833 947 953 
112 173 217 291 524 679 721 746 772 818 833 947 953 
112 173 217 291 524 652 679 721 746 772 818 833 947 953 
112 173 217 291 524 652 679 721 746 772 818 833 947 953 
112 173 217 291 524 652 679 721 746 772 818 833 947 953 
112 173 217 224 291 524 652 679 721 746 772 818 833 947 953 
112 173 217 224 291 524 652 679 721 746 772 815 818 833 947 953 
112 153 173 217 291 652 721 746 772 815 818 833 947 953 
112 153 173 217 248 291 652 721 746 772 815 818 833 947 953 
112 153 173 217 248 291 652 721 746 772 815 818 833 913 947 953 
112 114 173 217 248 652 746 772 815 818 833 913 947 953 
112 114 173 175 217 248 652 746 772 815 818 833 913 947 953 
112 114 173 175 217 248 652 746 772 815 818 833 913 947 953 
73 112 173 217 652 746 772 815 818 833 913 947 953 
73 112 173 217 381 652 746 772 815 818 833 913 947 953 
73 112 173 217 381 556 652 746 772 815 818 833 913 947 953 
73 112 217 381 564 652 772 815 818 833 913 947 953 
73 112 217 218 381 564 652 772 815 818 833 913 947 953 
73 112 217 381 543 652 815 818 833 913 947 953 
73 112 217 381 427 543 652 815 818 833 913 947 953 
73 112 217 381 427 543 652 815 818 833 913 947 953 
73 112 217 381 427 543 652 815 818 833 913 947 953 
73 112 217 381 427 543 652 815 818 833 913 947 953 
73 112 381 385 543 815 818 833 913 947 953 
73 112 121 381 385 543 815 818 833 913 947 953 
73 112 121 381 385 440 543 815 818 833 913 947 953 
73 112 121 381 385 440 543 815 818 833 913 947 953 
73 112 121 381 385 440 543 815 818 833 913 947 953 
73 112 121 381 385 440 543 815 818 833 913 938 947 953 
112 121 241 385 543 815 818 833 913 938 947 953 
112 121 241 385 398 543 815 818 833 913 938 947 953 
112 121 241 385 398 543 815 818 833 871 913 938 947 953 
47 112 241 398 815 818 833 871 913 938 947 953 
47 112 241 398 783 815 818 833 871 913 938 947 953 
47 112 241 317 398 783 815 818 833 871 913 938 947 953 
47 112 241 317 398 783 815 818 833 871 913 938 947 953 
47 112 241 317 398 458 783 815 818 833 871 913 938 947 953 
47 112 317 447 458 815 818 833 871 913 938 947 953 
47 112 317 447 458 814 815 818 833 871 913 938 947 953 
47 112 165 317 447 458 814 815 818 833 871 913 938 947 953 
47 112 317 458 553 815 818 833 871 913 938 947 953 
47 112 317 458 553 815 818 833 871 913 938 947 953 
14 47 112 317 458 553 815 818 833 871 913 938 947 953 
47 112 317 553 818 833 871 913 938 947 953 968 
47 103 112 317 553 818 833 871 913 938 947 953 968 
47 103 112 317 553 793 818 833 871 913 938 947 953 968 
47 112 289 317 793 833 871 913 938 947 953 968 
40 47 112 289 317 793 833 871 913 938 947 953 968 
40 47 112 289 317 740 793 833 871 913 938 947 953 968 
47 112 234 289 317 793 833 871 913 947 953 968 
47 112 234 289 317 561 793 833 871 913 947 953 968 
47 112 227 289 317 793 833 871 913 953 968 
47 112 227 289 317 741 793 833 871 913 953 968 
47 112 135 227 289 317 741 793 833 871 913 953 968 
47 112 135 227 289 317 741 793 833 871 913 938 953 968 
47 112 143 227 317 741 833 871 913 938 953 968 
47 112 143 183 227 317 741 833 871 913 938 953 968 
47 112 143 183 227 317 495 741 833 871 913 938 953 968 
24 47 112 143 183 227 317 495 741 833 871 913 938 953 968 
24 47 112 143 183 227 317 495 741 833 871 913 938 953 968 
47 143 183 317 561 741 871 938 
47 112 143 183 317 561 741 871 938 
47 112 143 183 317 437 561 741 871 938 
47 112 143 183 317 437 561 741 871 938 
47 112 143 183 317 437 561 741 871 938 
47 112 143 183 317 437 561 741 871 938 
47 112 143 183 317 437 472 561 741 871 938 
47 112 143 183 317 437 472 561 741 871 938 
47 112 143 183 317 437 472 474 561 741 871 938 
47 112 143 183 219 317 437 472 474 561 741 871 938 
47 112 143 183 219 317 437 472 474 561 741 775 871 938 
112 183 289 317 472 561 775 938 
112 183 289 317 472 510 561 775 938 
112 183 289 317 472 510 561 775 938 
112 183 289 317 472 510 561 662 775 938 
112 183 289 317 472 510 561 662 775 938 
112 183 289 317 472 510 561 662 775 938 
112 183 289 317 472 510 561 662 762 775 938 
112 183 289 317 392 472 510 561 662 762 775 938 
112 177 183 289 317 392 472 510 561 662 762 775 938 
177 289 361 392 510 662 775 938 
177 289 361 392 510 662 775 938 
177 268 289 361 392 510 662 775 938 
80 177 268 289 361 392 510 662 775 938 
80 177 268 289 361 392 510 662 775 938 
80 177 268 289 361 392 510 662 775 857 938 
80 177 268 289 347 361 392 510 662 775 857 938 
80 177 268 289 347 361 392 510 662 775 857 938 
80 177 268 289 347 361 392 510 662 775 816 857 938 
80 177 268 289 347 361 392 510 662 775 816 857 928 938 
80 177 268 289 347 361 392 510 662 775 816 857 928 938 
80 177 268 289 347 361 392 510 662 775 816 857 928 938 
80 177 268 289 347 361 392 510 662 775 816 857 928 938 
80 177 268 289 347 361 362 392 510 662 775 816 857 928 938 
80 177 268 289 347 361 362 392 510 662 765 775 816 857 928 938 
80 177 268 289 347 361 362 392 510 662 765 775 816 857 928 938 
80 177 268 289 347 361 362 392 510 662 765 775 816 857 928 938 
80 177 268 289 347 361 362 392 510 662 765 775 816 857 928 938 
80 177 268 289 347 361 362 392 510 657 662 765 775 816 857 928 938 
80 177 268 289 347 361 362 392 403 510 657 662 765 775 816 857 928 938 
582 
582 
35 582 
35 582 
35 582 
35 372 582 
35 372 561 582 
35 372 561 582 885 
15 35 372 561 582 885 
15 35 372 561 582 885 
15 35 372 561 582 885 994 
15 35 200 372 561 582 885 994 
15 35 200 372 558 561 582 885 994 
15 35 200 372 435 558 561 582 885 994 
15 35 200 372 435 558 561 582 885 994 
15 35 123 200 372 435 558 561 582 885 994 
15 35 123 200 372 435 558 561 582 885 994 
15 35 123 200 372 435 558 561 582 885 994 
15 35 123 200 372 435 558 561 582 885 994 
15 35 123 200 372 435 558 561 582 885 994 
15 35 123 200 372 435 558 561 582 885 994 
15 35 123 200 372 435 558 561 570 582 885 994 
15 35 123 200 372 435 558 561 570 582 735 885 994 
15 35 123 200 372 435 472 558 561 570 582 735 885 994 
977 
111 977 
111 977 
111 212 977 
111 212 977 
111 212 977 
111 212 740 977 
111 212 653 740 977 
111 212 653 740 833 977 
111 212 653 740 833 851 977 
111 212 380 653 740 833 851 977 
111 212 380 653 740 833 851 977 
111 212 322 380 653 740 833 851 977 
111 212 322 380 653 688 740 833 851 977 
111 212 322 380 653 688 740 833 851 977 
111 212 322 380 653 688 740 833 851 977 
111 212 322 380 653 688 740 833 851 977 
111 212 322 380 653 688 740 833 851 977 
111 212 322 380 653 688 740 833 851 977 998 
111 212 322 380 653 688 740 793 833 851 977 998 
111 212 322 380 653 688 740 793 833 851 977 998 
111 212 322 380 653 688 740 793 833 851 977 998 
111 212 322 380 653 688 740 793 833 851 977 998 
924 0.076