
865 
657 865 
657 865 
657 865 939 
657 865 920 939 
657 855 865 920 939 
657 772 855 865 920 939 
574 657 772 855 865 920 939 
574 657 705 772 855 865 920 939 
511 574 657 705 772 855 865 920 939 
511 574 657 705 772 855 865 920 939 
511 574 657 705 772 783 855 865 920 939 
73 511 574 657 705 772 783 855 865 920 939 
73 511 574 657 705 772 783 855 865 920 939 
511 574 657 705 772 783 855 865 920 939 
511 574 657 705 772 783 855 865 920 939 
511 574 657 705 772 783 855 865 920 939 973 
401 511 574 657 705 772 783 855 865 920 939 973 
401 511 574 657 705 772 783 855 920 939 973 
401 511 574 657 705 772 783 855 920 939 973 
401 511 574 657 705 772 783 855 920 939 973 
401 511 574 657 705 772 783 855 920 939 973 
401 511 574 705 772 783 855 920 939 973 
359 401 511 574 705 772 783 855 920 939 973 
108 359 401 511 574 705 772 783 855 920 939 973 
108 359 401 511 574 705 772 783 855 920 939 973 
108 359 401 511 574 705 772 783 855 920 939 973 
108 359 401 511 574 705 772 783 855 920 939 973 
108 401 511 574 705 772 783 855 920 939 973 
108 401 511 574 705 772 783 855 920 939 973 
108 401 511 574 705 772 783 814 855 920 939 973 
108 401 511 574 705 772 783 814 855 875 920 939 973 
401 511 574 705 772 783 814 855 875 920 939 973 
401 511 574 705 772 783 814 855 875 920 939 973 
401 511 574 705 772 783 814 855 875 920 939 973 
162 401 511 574 705 772 783 814 855 875 920 939 973 
162 401 574 705 772 783 814 855 875 920 939 973 
162 401 574 705 772 783 814 855 875 920 939 973 
162 401 442 574 705 772 783 814 855 875 920 939 973 
162 401 442 574 705 772 783 814 855 875 920 939 973 
162 401 442 574 705 772 783 814 855 875 920 939 973 
162 401 442 574 705 772 783 814 855 875 920 939 973 
162 401 442 574 705 772 783 814 855 875 920 939 973 
162 442 574 705 772 783 855 875 920 939 973 
162 442 549 574 705 772 783 855 875 920 939 973 
162 442 549 574 674 705 772 783 855 875 920 939 973 
162 442 674 705 783 855 875 920 939 973 
162 442 674 705 783 855 875 920 939 973 
162 442 570 674 705 783 855 875 920 939 973 
162 442 570 674 705 783 855 875 920 939 973 
162 442 517 570 674 705 783 855 875 920 939 973 
162 442 517 570 674 705 783 855 875 920 939 973 
137 162 442 517 570 674 705 783 855 875 920 939 973 
137 162 442 517 570 674 705 783 855 875 920 939 973 
137 162 442 517 570 674 705 783 855 875 920 939 973 
137 162 442 517 570 674 705 783 855 875 920 939 973 
137 162 442 517 570 674 705 783 855 875 920 939 973 
137 162 442 517 570 674 705 783 855 875 920 939 973 
137 162 442 517 570 674 705 783 855 875 920 939 973 
137 162 442 517 570 674 705 783 855 875 920 939 973 
162 442 517 570 674 705 783 855 875 920 973 
162 442 517 570 674 705 783 855 875 920 973 
162 442 517 570 674 705 783 855 875 920 973 
162 385 442 517 570 674 705 783 855 875 920 973 
162 442 517 570 674 705 783 855 875 920 973 
162 442 517 570 674 705 783 855 875 920 973 
162 434 442 517 570 674 705 783 855 875 920 973 
162 434 442 517 570 674 705 783 855 875 920 973 
162 434 442 517 570 674 705 783 855 875 913 920 973 
162 434 442 517 570 674 705 783 855 875 913 920 973 
162 434 442 517 570 674 705 783 855 875 913 920 973 
162 434 442 517 570 674 705 783 855 875 913 920 973 
162 442 517 570 674 705 783 855 875 913 920 973 
162 442 517 570 674 705 783 855 875 920 973 
162 174 442 517 570 674 705 783 855 875 920 973 
162 174 442 517 570 674 705 783 855 875 920 973 
162 174 442 517 570 674 705 783 855 875 920 973 
162 174 442 517 570 674 705 783 855 875 901 920 973 
162 174 442 517 570 674 705 783 855 875 901 920 973 
162 174 442 517 570 674 705 783 855 875 901 920 973 
162 174 442 517 570 674 705 783 855 875 901 920 973 
162 174 442 517 570 674 705 783 855 875 901 920 973 
162 174 442 570 674 705 783 875 901 920 973 
162 174 442 570 674 705 783 875 901 920 973 
162 174 442 570 674 705 783 875 901 920 973 
162 174 442 570 674 705 783 875 901 920 973 977 
162 174 442 570 674 705 783 875 901 920 973 977 
162 174 442 570 674 705 783 875 901 973 
162 174 442 570 674 705 783 875 901 973 
162 174 442 570 674 705 730 783 875 901 973 
162 174 442 570 674 705 730 783 875 901 973 
162 174 442 570 674 705 730 783 875 901 973 
162 174 442 570 674 705 730 783 875 901 973 
162 174 442 570 674 705 730 783 875 901 973 
162 174 442 570 674 705 730 783 805 875 901 973 
162 174 203 442 570 674 705 730 783 805 875 901 973 
162 174 203 442 570 674 705 730 783 805 875 901 973 
162 174 203 442 570 674 705 730 783 805 875 901 973 
162 174 203 442 570 674 705 730 783 805 875 901 973 
162 174 203 442 570 674 705 730 783 805 875 901 973 
162 174 203 442 570 674 705 730 783 805 875 901 973 
162 174 203 442 570 674 705 730 805 875 901 973 
162 174 203 442 570 674 705 730 805 875 901 973 
162 174 203 442 570 674 705 730 805 875 901 973 
162 174 203 442 570 674 705 730 805 875 901 973 
162 174 203 442 570 674 705 730 805 875 901 973 
162 174 203 442 570 674 705 730 805 875 901 973 
162 174 203 442 570 674 705 730 805 875 901 973 
162 174 203 212 442 570 674 705 730 805 875 901 973 
162 174 203 212 442 570 674 705 730 805 875 901 973 
162 174 203 212 442 570 674 705 730 805 875 901 973 
162 174 203 212 442 570 674 705 730 805 875 901 973 
162 174 203 442 570 705 730 805 901 973 
162 174 203 442 570 705 730 805 901 973 
162 174 203 442 570 705 730 805 901 973 
162 174 203 442 570 688 705 730 805 901 973 
162 174 203 442 570 688 705 730 805 901 973 
162 174 203 442 570 688 705 730 805 901 973 
162 174 203 442 570 688 705 730 805 833 901 973 
162 174 203 442 570 688 705 730 805 833 901 973 
162 174 203 442 570 688 705 730 805 833 901 973 
162 174 203 442 570 705 730 805 901 973 
162 174 203 442 570 705 730 762 805 901 973 
162 174 177 203 442 570 705 730 762 805 901 973 
162 174 177 203 442 570 705 730 762 805 901 973 
162 174 177 203 442 570 705 730 762 805 901 973 
162 174 177 203 442 570 705 730 762 805 901 973 
162 174 177 203 442 570 705 730 762 901 973 
162 174 177 203 442 570 705 730 762 901 973 
162 174 177 203 442 570 705 730 762 901 973 
162 174 177 203 442 570 705 730 762 901 973 
162 174 177 203 442 570 705 730 762 901 973 
162 174 177 203 442 570 705 730 762 901 973 
162 174 177 203 442 570 705 730 762 901 973 
162 174 177 203 442 533 570 705 730 762 901 973 
162 174 177 203 442 533 570 730 901 973 
162 174 177 203 442 533 570 730 901 973 
162 174 177 203 442 533 570 730 739 901 973 
162 174 177 203 442 533 570 730 901 973 
149 162 174 177 203 442 533 570 730 901 973 
149 162 174 177 203 442 533 570 730 901 973 
149 162 174 177 203 442 533 570 730 901 973 
149 162 174 177 203 442 533 570 730 901 973 
149 160 162 174 177 203 442 533 570 730 901 973 
149 160 162 174 177 203 442 533 570 730 901 973 
160 162 174 177 203 442 533 570 730 901 973 
160 162 174 177 203 442 533 570 730 901 973 
160 162 174 177 203 442 533 570 730 901 973 
160 162 174 177 203 442 533 570 572 730 901 973 
160 162 174 177 203 442 533 570 572 730 901 906 973 
160 162 174 177 203 442 533 570 730 906 973 
160 162 174 177 203 442 533 570 730 906 973 
160 162 174 177 203 442 570 906 973 
75 160 162 174 177 203 442 570 906 973 
75 160 162 174 177 203 442 570 715 906 973 
75 160 162 172 174 177 203 442 570 715 906 973 
75 160 162 172 174 177 203 442 570 715 731 906 973 
75 160 162 172 174 177 203 442 570 715 731 906 973 
75 160 162 174 177 203 442 570 715 906 973 
75 160 162 174 177 203 223 442 570 715 906 973 
75 160 162 174 177 203 223 442 570 715 906 973 
75 160 162 174 177 203 223 442 570 715 906 973 
75 160 162 174 177 203 223 442 570 906 973 
7 75 160 162 174 177 203 223 442 570 906 973 
7 75 160 162 174 177 203 223 442 570 906 973 
7 75 160 162 174 177 203 223 442 570 906 973 
7 75 160 162 174 177 203 223 442 570 906 973 
7 75 160 162 174 177 203 223 442 570 906 973 
7 75 160 162 174 177 203 223 442 500 570 906 973 
7 75 160 162 174 177 203 223 442 500 570 906 973 
7 75 160 162 174 177 203 223 442 500 570 906 973 
7 75 160 162 174 177 203 223 442 500 570 906 973 
7 75 160 162 174 177 203 223 442 500 570 906 973 
7 75 160 162 174 177 203 223 442 500 570 906 973 
7 75 160 162 174 177 203 223 442 500 570 906 973 
7 75 160 162 174 177 203 223 442 500 570 906 973 
7 75 160 162 174 177 203 223 442 500 906 973 
7 75 160 162 174 177 203 223 442 500 906 973 
7 75 160 162 174 177 203 223 442 500 906 973 
7 75 160 162 174 177 203 223 412 442 500 906 973 
7 75 160 162 174 177 203 223 442 500 906 973 
7 75 160 162 174 177 203 223 442 500 906 973 
7 75 160 162 174 177 203 223 442 500 906 947 973 
7 75 160 162 174 177 203 223 442 500 906 947 973 
7 75 160 162 174 177 203 223 442 500 906 947 973 
7 75 160 162 174 177 203 223 442 500 906 947 973 
7 75 160 162 174 177 203 223 442 500 906 947 973 
7 75 160 162 174 177 203 223 500 906 947 973 
7 75 160 162 174 177 203 223 435 500 906 947 973 
7 75 160 162 174 177 203 223 435 500 906 973 
7 75 160 162 174 177 203 223 435 500 906 973 
7 75 160 162 174 177 203 223 435 500 736 906 973 
7 75 160 162 174 177 203 223 364 435 500 736 906 973 
7 68 75 160 162 174 177 203 223 364 435 500 736 906 973 
68 75 160 162 174 177 203 223 364 435 500 736 906 973 
68 75 160 162 174 177 203 223 364 435 500 736 906 973 
68 75 160 162 177 203 223 364 435 500 736 906 973 
68 75 160 162 177 203 223 257 364 435 500 736 906 973 
68 75 160 162 177 203 223 257 364 435 500 736 906 973 
68 75 160 162 177 203 223 257 364 435 500 736 906 973 
68 75 160 162 177 203 223 257 364 435 500 736 906 973 
68 75 160 162 177 203 223 257 364 435 495 500 736 906 973 
68 75 160 162 177 203 223 257 364 435 495 500 736 906 973 
68 75 153 160 162 177 203 223 257 364 435 495 500 736 906 973 
68 153 160 162 177 203 223 257 364 435 500 736 906 973 
68 153 160 162 177 203 223 257 364 435 500 736 906 973 
68 153 160 162 177 203 223 257 364 435 500 736 906 973 993 
68 153 160 162 177 203 223 257 364 435 500 736 973 993 
68 153 160 162 177 203 223 257 331 364 435 500 736 973 993 
68 153 160 162 177 203 223 257 331 364 435 500 736 973 993 
68 153 160 162 177 203 223 257 331 364 435 500 736 973 993 
68 153 160 162 177 203 223 257 331 364 435 500 736 973 993 
68 153 160 162 177 203 223 257 331 364 435 500 736 973 993 
68 153 160 162 177 203 223 257 331 364 435 500 736 973 993 
68 153 160 162 177 203 223 257 331 364 435 500 736 973 993 
68 153 160 162 177 203 223 257 331 364 435 500 736 973 993 
68 153 160 162 177 203 223 257 331 364 435 500 736 973 993 
68 160 162 177 203 223 257 331 364 435 500 973 993 
68 160 162 177 203 223 257 331 364 435 500 973 993 
68 160 162 177 203 223 257 331 364 435 500 973 993 
68 121 160 162 177 203 223 257 331 364 435 500 973 993 
68 121 160 162 177 223 257 331 364 435 500 973 
68 121 160 162 177 223 257 331 364 435 500 853 973 
67 68 121 160 162 177 223 257 331 364 435 500 853 973 
67 68 160 162 177 223 257 331 364 435 500 853 973 
67 68 160 162 177 223 257 331 364 435 500 853 973 
67 68 160 162 177 223 257 331 364 435 500 551 853 973 
67 68 160 162 177 223 257 331 364 435 500 551 755 853 973 
67 68 160 162 177 223 257 331 364 435 500 551 558 755 853 973 
67 68 160 162 177 223 257 331 364 435 500 551 755 973 
67 68 160 162 177 223 257 331 364 435 500 551 755 973 
67 68 160 162 177 223 257 331 364 435 500 551 755 973 
67 68 160 162 177 223 257 331 364 435 500 551 673 755 973 
67 68 160 162 177 223 257 331 435 500 551 755 973 
67 68 160 162 177 223 257 331 435 500 551 755 973 
67 68 160 162 177 223 257 331 435 500 551 570 755 973 
67 68 160 162 177 223 257 331 435 500 551 570 755 973 
67 68 160 162 177 223 257 331 435 500 551 570 730 755 973 
67 68 160 162 177 223 257 331 435 551 730 755 973 
67 68 160 162 177 223 257 331 435 551 730 755 973 
67 68 160 162 177 223 257 331 435 551 730 755 973 
67 68 160 162 175 177 223 257 331 435 551 730 755 973 
67 68 160 162 175 177 223 257 331 435 551 730 755 973 
67 68 160 162 177 223 257 331 435 551 730 755 
67 68 160 162 177 223 257 331 435 551 730 755 
67 68 160 162 177 223 257 331 435 551 674 730 755 
67 68 160 162 177 223 257 331 402 435 551 674 730 755 
67 68 160 162 177 223 257 331 402 435 551 674 730 755 
67 68 160 162 177 223 257 331 402 435 551 730 755 
67 68 160 162 177 223 257 331 402 435 551 730 755 
67 68 160 162 177 223 257 331 402 435 551 730 755 
67 68 160 162 177 223 257 331 402 435 551 730 755 
67 68 160 162 177 223 257 331 402 435 497 551 730 755 
67 68 160 162 177 223 257 331 402 435 497 551 730 755 
67 68 160 162 177 223 257 331 402 421 435 497 551 730 755 
67 68 160 162 177 223 257 331 421 435 497 551 730 755 
67 68 160 162 177 223 257 331 421 435 497 551 730 755 
67 68 160 162 177 223 257 331 421 435 497 551 730 755 833 
67 68 160 162 177 223 257 331 421 435 497 551 730 755 833 
67 68 160 162 177 223 257 331 421 435 497 551 730 755 833 
67 68 160 162 177 223 257 331 421 435 497 551 730 755 833 
67 68 160 162 177 223 257 331 421 435 497 551 730 755 833 
67 68 160 162 223 257 331 421 435 497 551 755 833 
67 68 160 162 190 223 257 331 421 435 497 551 755 833 
67 68 160 162 190 223 257 331 421 435 497 551 755 833 
67 68 160 162 190 223 257 331 421 435 497 551 755 833 
67 68 160 162 190 223 257 331 421 435 497 551 755 833 
67 68 160 162 257 331 421 435 497 551 755 833 
67 68 160 162 257 331 380 421 435 497 551 755 833 
67 68 160 162 257 331 380 421 435 497 551 755 833 
67 68 160 162 257 331 421 435 497 551 755 833 
67 68 160 162 240 257 331 421 435 497 551 755 833 
67 68 160 162 240 257 331 421 435 497 551 755 833 
67 68 160 162 240 331 421 435 497 551 755 833 
67 68 160 162 240 331 421 435 497 551 755 833 903 
67 160 162 240 331 421 435 497 551 755 833 
67 160 162 240 331 421 435 497 551 755 833 
67 160 162 240 331 421 435 484 497 551 755 833 
67 160 162 240 331 421 435 497 551 755 833 
67 160 162 240 331 421 435 497 551 755 833 
67 160 162 240 331 421 435 464 497 551 755 833 
67 160 162 240 331 421 435 497 755 833 
67 160 162 240 331 399 421 435 497 755 833 
67 160 162 240 331 399 421 435 497 755 813 833 
67 160 162 240 331 399 421 435 497 741 755 813 833 
67 160 162 240 331 399 421 435 497 755 813 833 
67 160 162 240 331 399 421 435 497 755 813 833 
67 160 162 240 331 399 421 435 497 755 813 833 
67 160 162 240 331 399 421 435 497 755 813 833 
67 160 162 240 331 393 399 421 435 497 755 813 833 
67 160 162 240 331 399 421 435 497 755 833 
67 160 162 240 331 399 421 435 497 755 833 
67 160 162 240 331 399 421 435 497 755 833 
67 80 160 162 240 331 399 421 435 497 755 833 
67 80 160 162 240 331 399 421 435 497 755 833 
67 80 160 162 240 331 399 421 435 497 755 833 
67 80 160 162 240 331 398 399 421 435 497 755 833 
67 80 160 162 240 331 399 421 435 497 755 833 
67 80 160 162 240 331 399 421 435 497 755 833 
67 80 160 162 240 331 399 421 435 497 755 833 
67 80 160 162 240 331 399 421 435 497 755 833 
22 67 80 160 162 240 331 399 421 435 497 755 833 
22 67 80 160 162 240 331 399 421 435 497 755 833 
22 67 80 160 162 240 331 399 421 435 497 755 833 
22 67 80 160 162 331 399 421 435 497 755 833 
22 67 80 160 162 331 399 421 435 497 755 833 
22 67 80 160 162 331 399 421 435 497 755 833 
22 67 80 160 162 331 399 421 435 497 755 833 
22 27 67 80 160 162 331 399 421 435 497 755 833 
22 27 67 80 160 162 165 331 399 421 435 497 755 833 
22 27 67 80 160 162 165 331 399 421 435 497 755 833 
22 27 67 80 160 162 165 331 399 421 435 497 755 833 
22 27 80 160 162 165 399 421 435 497 755 833 
22 27 80 160 162 165 399 421 435 497 755 833 
14 22 27 80 160 162 165 399 421 435 497 755 833 
14 22 27 80 160 162 165 399 421 435 497 755 833 
14 22 27 80 101 160 162 165 399 421 435 497 755 833 
14 22 27 80 101 160 162 165 399 421 435 497 755 833 
22 27 80 160 162 165 399 421 435 497 755 833 
22 27 80 160 162 165 399 421 435 497 755 762 833 
22 27 80 160 162 165 399 421 435 497 755 762 833 
22 27 80 160 162 165 399 421 435 497 755 833 
22 27 80 160 162 165 399 421 435 497 755 833 
22 27 80 99 160 162 165 399 421 435 497 755 833 
22 27 80 160 162 165 399 421 435 497 755 833 
22 27 80 160 162 165 399 421 435 497 755 777 833 
22 27 80 160 162 165 399 421 435 497 755 833 
17 22 27 80 160 162 165 399 421 435 497 755 833 
22 27 80 160 162 165 399 421 435 497 755 833 
22 27 80 107 160 162 165 399 421 435 497 755 833 
22 80 107 160 162 165 399 421 435 497 755 833 
22 80 107 160 162 165 248 399 421 435 497 755 833 
22 80 107 160 162 165 248 399 421 435 497 755 833 
22 80 107 160 162 165 248 399 421 435 497 755 833 
22 80 107 160 162 165 248 399 421 435 497 755 833 
22 80 107 160 162 165 248 399 421 435 497 755 833 
22 80 107 160 162 165 248 399 421 435 497 755 833 
22 80 107 160 162 165 399 421 435 497 755 833 
22 80 107 160 162 165 399 421 435 497 755 833 
22 80 107 160 162 165 399 421 435 493 497 755 833 
22 80 107 160 162 165 399 421 435 497 755 833 
22 80 107 160 162 165 399 421 435 497 755 833 
22 80 107 120 160 162 165 399 421 435 497 755 833 
22 80 107 120 160 162 165 399 421 435 497 755 833 
22 80 107 120 160 162 165 399 421 435 497 755 833 
22 80 107 120 160 162 165 399 421 435 497 755 833 910 
22 80 107 120 160 162 165 399 421 435 497 755 833 910 
22 80 107 120 160 162 165 399 421 435 497 755 833 910 
22 107 120 160 162 399 421 435 497 755 833 910 
22 107 120 160 162 391 399 421 435 497 755 833 910 
22 107 120 160 162 391 399 421 435 497 755 833 910 
22 107 120 160 162 391 399 421 435 497 755 833 910 
22 107 120 160 162 391 399 421 435 497 755 833 910 
22 107 120 160 162 391 399 421 435 497 755 833 910 
22 107 120 160 162 391 421 435 497 755 833 910 
22 107 120 160 162 391 421 435 497 755 833 910 
22 107 120 125 160 162 391 421 435 497 755 833 910 
22 107 120 160 162 391 421 435 497 755 833 910 
22 107 120 160 162 391 421 435 497 755 833 910 
22 107 120 160 162 391 421 435 497 755 833 910 955 
22 107 120 160 162 391 421 435 497 755 833 910 955 
22 107 120 160 162 391 421 435 755 833 910 955 
22 107 120 160 162 391 421 435 755 833 910 955 
22 107 120 160 162 391 421 435 755 833 910 955 
22 107 120 160 162 391 421 435 755 833 910 955 
22 107 120 160 162 391 421 435 755 833 875 910 955 
22 107 120 160 162 391 421 435 755 833 910 955 
22 107 120 134 160 162 391 421 435 755 833 910 955 
22 120 160 162 391 421 435 755 833 910 955 
22 120 160 162 391 421 435 755 833 910 955 
22 120 160 162 391 421 435 688 755 833 910 955 
22 120 160 162 391 421 435 688 755 833 910 955 
22 120 160 162 391 421 435 688 755 910 955 
22 120 160 162 391 421 435 688 755 910 955 
22 120 160 162 391 421 435 688 755 887 910 955 
22 120 160 162 391 421 435 688 755 887 910 955 
22 120 160 162 391 421 435 688 755 887 910 955 
22 120 160 162 391 421 435 688 755 910 955 
22 120 160 162 391 421 435 688 755 910 955 
22 120 160 162 391 421 435 646 688 755 910 955 
22 120 160 162 391 421 435 688 755 910 955 
22 120 160 162 391 421 435 688 755 910 939 955 
22 120 160 162 391 421 435 688 755 910 939 955 
22 120 160 162 391 421 435 688 755 910 955 
22 120 160 162 391 421 435 688 755 910 955 
22 120 160 162 391 421 435 688 755 910 955 
22 120 160 162 391 421 435 688 755 832 910 955 
22 120 160 162 391 421 435 688 755 832 910 955 
22 120 160 162 391 435 688 755 832 910 955 
22 120 160 162 391 435 688 755 832 910 955 
22 120 160 162 391 435 688 755 832 910 955 
22 120 160 162 391 435 688 755 910 955 
22 120 160 162 391 435 688 755 910 955 
22 120 160 162 391 435 556 688 755 910 955 
22 120 160 162 391 435 556 688 755 910 955 
22 120 160 162 391 435 556 688 755 910 931 955 
22 120 160 162 391 435 556 688 755 910 955 
22 120 160 162 303 391 435 556 688 755 910 955 
22 120 160 162 303 391 435 556 688 755 910 955 
22 120 160 162 303 391 435 556 688 755 910 955 
22 120 160 162 303 391 435 533 556 688 755 910 955 
22 120 160 162 303 391 435 556 688 755 910 955 
22 120 160 162 303 391 435 556 688 755 910 955 
22 120 160 162 303 391 435 556 688 755 910 955 
22 120 160 162 391 556 688 755 910 955 
22 120 160 162 391 556 688 755 910 955 992 
22 120 160 162 391 556 688 755 851 910 955 992 
22 120 160 162 391 556 688 755 851 910 955 992 
22 160 162 391 556 688 755 851 910 955 992 
22 160 162 217 391 556 688 755 851 910 955 992 
22 160 162 217 391 556 688 755 851 910 955 992 
22 160 162 217 391 556 688 755 851 910 955 992 
22 160 162 217 391 556 688 755 851 910 955 992 
22 160 162 217 391 556 688 755 910 955 992 
22 160 162 217 347 391 556 688 755 910 955 992 
22 160 162 217 347 391 556 688 755 910 955 992 
22 160 162 217 347 391 556 688 755 910 955 992 
22 160 162 217 347 391 556 688 755 825 910 955 992 
22 160 162 347 556 688 755 825 910 955 992 
22 160 162 347 556 688 755 825 910 955 992 
22 160 162 347 556 688 755 825 910 955 992 
22 160 162 347 556 574 688 755 825 910 955 992 
22 160 162 347 556 574 688 755 825 910 955 992 
22 160 162 347 556 574 688 755 825 910 955 992 
22 127 160 162 347 556 574 688 755 825 910 955 992 
160 162 347 556 574 688 755 825 910 955 992 
15 160 162 347 556 574 688 755 825 910 955 992 
15 160 162 347 361 556 574 688 755 825 910 955 992 
15 160 162 347 361 556 574 688 755 825 910 955 992 
15 160 162 172 347 361 556 574 688 755 825 910 955 992 
15 160 162 172 224 347 361 556 574 688 755 825 910 955 992 
15 160 162 172 224 347 361 556 574 688 755 825 910 955 992 
15 160 162 172 224 347 361 556 574 688 755 825 910 955 992 
15 160 162 172 224 347 361 556 574 688 755 825 910 955 992 
15 160 162 172 224 347 361 556 574 688 755 825 910 955 992 
15 160 162 172 224 347 361 556 574 688 755 825 910 955 992 
160 162 172 224 347 556 574 688 755 825 910 955 992 
160 162 172 224 347 556 574 688 755 825 829 910 955 992 
160 162 172 224 347 556 574 688 755 825 910 955 992 
160 162 172 224 347 551 556 574 688 755 825 910 955 992 
160 162 172 224 347 551 556 574 688 755 825 910 955 992 
160 162 172 224 347 556 574 688 755 825 910 955 992 
160 162 172 224 347 556 574 688 755 825 910 955 992 
160 162 172 224 347 556 574 688 755 825 910 955 992 
160 162 172 224 347 556 574 688 755 825 910 955 992 
2 160 162 172 224 347 556 574 688 755 825 910 955 992 
2 162 172 224 347 556 574 688 755 825 910 955 992 
2 162 172 224 347 556 574 688 755 825 910 955 992 
2 162 172 224 347 556 574 688 755 825 910 955 992 
2 162 172 224 347 556 574 688 755 825 910 955 992 
2 162 172 224 347 556 574 688 755 825 910 955 992 
162 172 224 347 556 574 688 755 825 910 955 992 
162 172 224 347 556 574 688 755 825 910 955 992 
111 162 172 224 347 556 574 688 755 825 910 955 992 
111 162 172 224 347 556 574 688 755 825 910 955 992 
111 162 172 224 347 556 574 688 755 825 910 955 992 
111 162 172 224 347 556 574 688 755 825 910 955 992 
111 162 172 224 347 556 574 688 755 825 910 955 992 
111 162 172 224 347 556 574 688 755 825 910 955 992 
111 162 172 224 347 556 574 688 755 825 910 955 992 
111 162 172 224 347 422 556 574 688 755 825 910 955 992 
111 162 172 224 347 422 556 574 688 755 825 910 955 992 
111 162 172 224 347 422 556 574 688 755 825 910 955 992 
111 162 172 224 347 422 556 574 688 755 825 910 955 992 
111 162 172 224 347 422 556 574 652 688 755 825 910 955 992 
162 172 224 347 422 556 574 688 755 825 910 955 992 
162 172 224 347 422 549 556 574 688 755 825 910 955 992 
162 172 224 347 422 549 556 574 688 755 825 910 955 992 
162 172 224 347 422 549 556 574 688 755 825 910 955 992 
162 172 224 347 422 549 556 574 688 755 825 910 955 992 
162 172 224 347 549 574 688 755 825 910 955 992 
162 172 224 347 549 574 688 755 825 910 929 955 992 
162 172 224 347 549 574 688 755 825 910 929 955 992 
162 172 224 347 549 574 688 755 825 910 929 955 992 
162 172 224 347 549 574 688 755 825 910 929 955 992 
162 172 224 347 549 574 688 755 825 910 929 992 
162 172 224 347 549 574 688 755 825 910 929 992 
162 172 224 347 549 574 688 697 755 825 910 929 992 
162 172 224 347 549 574 688 697 755 825 910 929 992 
162 172 224 347 549 574 688 697 755 825 910 929 992 
162 172 224 347 549 574 688 697 755 825 910 916 929 992 
162 172 224 347 549 574 688 697 755 825 910 916 929 992 
162 172 224 347 549 574 688 697 755 825 910 916 929 992 
162 172 224 347 549 574 688 697 755 825 910 916 929 992 
162 172 224 347 549 574 688 697 755 825 910 916 929 992 
162 172 224 347 549 574 688 697 755 825 910 916 929 992 
162 172 224 347 549 574 688 697 755 825 910 916 929 992 
162 172 224 347 549 574 688 697 755 825 910 916 929 992 
162 172 224 347 549 574 688 697 755 825 910 916 929 992 
162 172 224 347 549 574 688 697 755 825 910 916 929 992 
162 172 224 347 549 574 688 697 755 825 910 916 992 
162 172 224 347 549 574 688 697 755 825 910 916 992 
162 172 224 347 549 574 688 697 755 825 910 916 992 
162 172 224 347 549 574 688 697 755 825 910 916 992 
47 162 172 224 347 549 574 688 697 755 825 910 916 992 
47 162 172 224 347 549 574 688 697 755 825 910 916 992 
47 162 172 224 347 549 574 688 695 697 755 825 910 916 992 
47 162 172 224 347 549 574 688 695 697 755 825 910 916 992 
47 162 172 224 347 549 574 688 695 697 755 825 910 916 992 
162 172 224 347 549 574 688 695 697 755 825 910 916 992 
162 172 224 347 549 574 688 695 697 731 755 825 910 916 992 
162 172 224 347 549 574 688 695 697 755 825 910 916 992 
162 172 224 347 524 549 574 688 695 697 755 825 910 916 992 
162 172 224 347 524 549 574 688 695 697 755 825 910 916 992 
162 172 224 347 524 549 574 688 695 697 755 825 910 916 992 
162 172 224 347 524 549 574 688 695 697 755 825 910 916 992 
162 172 224 347 524 549 574 688 695 697 755 825 910 916 992 
162 172 224 347 524 549 574 688 695 697 755 825 910 916 992 
162 172 224 347 524 549 574 688 695 697 755 825 910 916 992 
162 172 224 347 524 549 574 688 695 697 755 825 910 916 992 
162 172 224 347 524 549 574 688 695 697 755 825 910 916 992 
162 172 224 347 524 549 574 688 695 697 755 825 910 916 992 
162 224 347 524 549 574 695 697 755 825 910 916 992 
162 224 347 524 549 574 584 695 697 755 825 910 916 992 
162 224 347 524 549 574 584 695 697 755 825 910 916 992 
162 224 524 549 574 695 697 755 825 910 916 992 
162 224 524 549 574 695 697 755 825 910 916 992 
162 224 293 524 549 574 695 697 755 825 910 916 992 
162 224 293 349 524 549 574 695 697 755 825 910 916 992 
162 224 293 349 524 549 574 650 695 697 755 825 910 916 992 
162 224 293 349 524 549 574 650 695 697 755 825 910 916 992 
162 293 349 524 549 574 650 695 697 755 825 910 916 
162 293 349 524 549 574 650 695 697 755 825 910 916 
162 293 349 524 549 574 650 695 697 755 825 910 916 
162 293 349 524 549 574 650 657 695 697 755 825 910 916 
162 293 349 524 549 574 650 657 695 697 755 825 910 916 
162 293 349 524 549 574 650 657 695 697 755 825 910 916 
162 293 349 524 549 574 650 657 695 697 755 825 910 916 
162 293 349 524 549 574 650 657 695 697 755 825 910 916 
162 293 349 524 549 574 650 657 695 697 755 825 910 916 
162 293 349 524 549 574 650 657 695 697 755 825 910 916 
162 293 349 524 549 574 650 695 697 755 825 910 916 
162 293 349 524 549 574 650 695 697 755 825 910 916 
162 293 349 524 549 574 650 695 697 755 825 910 916 928 
162 293 349 524 549 574 650 695 697 755 825 910 916 928 
162 293 349 524 549 574 650 695 697 755 825 910 916 928 
162 293 349 524 549 574 650 695 697 755 825 910 916 928 
162 256 293 349 524 549 574 650 695 697 755 825 910 916 928 
162 256 293 349 524 549 574 650 695 755 825 910 916 928 
162 256 293 524 549 574 650 695 755 825 916 
162 256 293 524 549 574 650 695 755 825 916 
159 162 256 293 524 549 574 650 695 755 825 916 
159 162 256 293 524 549 574 650 695 755 825 916 
159 162 256 293 524 549 574 650 695 755 825 903 916 
159 162 256 293 524 549 574 650 695 755 825 916 
159 162 190 256 293 524 549 574 650 695 755 825 916 
159 162 256 293 524 549 574 650 695 755 825 916 
159 162 256 293 524 549 574 650 695 755 825 865 916 
159 162 256 293 524 549 574 650 695 755 825 865 916 
159 162 256 293 524 549 574 650 695 755 825 865 916 
159 162 256 293 524 549 574 650 695 755 825 865 916 
159 162 256 293 524 549 574 650 695 755 825 865 916 
159 162 256 293 524 549 574 650 695 755 825 865 916 
159 162 256 293 524 549 574 650 695 755 825 865 916 
159 162 293 524 549 574 650 695 755 825 865 916 
159 162 293 524 549 574 650 695 755 825 865 916 
159 162 293 524 549 574 650 695 755 825 865 916 920 
159 162 293 524 549 574 650 695 755 825 865 916 920 
159 162 293 524 549 574 650 695 755 825 865 916 920 
159 162 293 524 549 574 650 695 755 825 865 916 920 
159 162 293 524 549 574 650 695 755 825 865 916 920 
159 162 293 524 549 574 650 695 755 825 865 916 920 
159 162 293 524 549 574 650 695 755 825 865 916 920 
159 162 293 524 549 574 650 695 755 825 865 916 920 
159 162 293 524 549 574 650 695 755 825 865 916 920 
159 162 293 524 549 574 650 695 755 825 865 916 920 
159 162 293 524 549 574 650 695 755 825 865 916 920 
159 162 293 524 549 574 650 695 755 825 865 916 920 
159 162 293 524 549 574 650 695 755 825 865 916 920 
159 162 293 524 549 574 650 695 755 825 865 916 920 
159 162 293 524 549 574 650 695 755 825 865 916 920 
159 162 293 524 549 574 650 695 755 825 865 916 920 
162 293 524 549 574 650 695 755 825 865 916 
162 263 293 524 549 574 650 695 755 825 865 916 
162 293 524 549 574 650 695 755 825 865 916 
162 293 524 549 574 650 695 755 825 865 916 
162 293 388 524 549 574 650 695 755 825 865 916 
162 293 388 524 549 574 650 695 755 825 916 
162 293 388 524 549 574 650 695 755 825 916 
162 293 388 524 549 574 650 695 755 825 916 
162 293 388 524 549 574 624 650 695 755 825 916 
293 524 549 574 624 650 695 755 825 916 
293 524 549 574 624 650 695 755 825 829 916 
293 524 549 574 624 650 695 755 825 829 916 
293 524 549 574 624 650 695 755 825 829 916 
293 440 524 549 574 624 650 695 755 825 829 916 
293 440 524 549 574 624 650 695 755 825 916 
293 440 524 549 574 624 650 695 755 825 916 
293 440 524 549 574 624 650 695 755 825 916 
202 293 440 524 549 574 624 650 695 755 825 916 
202 293 440 524 549 574 624 650 695 755 825 
202 293 440 524 549 574 624 650 695 755 825 
202 293 440 524 549 574 624 650 695 755 825 
202 293 440 524 549 574 624 650 695 755 825 
202 293 440 524 549 574 624 650 695 825 
202 293 440 524 549 574 624 650 695 825 
202 293 372 440 524 549 574 624 650 695 825 
202 293 372 440 524 549 574 624 650 695 825 
202 293 372 440 524 549 624 650 695 825 
202 293 372 440 524 549 624 650 695 825 
202 293 372 440 524 549 624 650 695 825 830 
202 293 372 440 524 624 650 695 825 
202 216 293 372 440 524 624 650 695 825 
202 216 293 372 440 524 624 650 695 825 
202 216 293 372 440 524 624 650 695 825 
202 216 293 372 440 524 624 650 695 825 
202 216 293 372 440 524 624 650 695 825 
202 216 372 440 524 624 650 695 
107 202 216 372 440 524 624 650 695 
107 202 216 372 440 524 624 650 695 
107 202 216 372 440 524 624 650 695 798 
107 202 216 372 440 524 624 650 695 798 
202 216 372 440 524 624 650 798 
202 216 331 372 440 524 624 650 798 
202 216 372 440 524 624 650 798 
202 216 372 440 524 624 650 798 855 
202 216 372 440 524 569 624 650 798 855 
103 202 216 372 440 524 569 624 650 798 855 
103 202 216 372 440 524 569 624 650 798 
68 103 202 216 372 440 524 569 624 650 798 
68 103 202 216 372 440 445 524 569 624 650 798 
103 202 216 372 440 524 569 624 650 798 
103 202 216 372 440 524 569 624 650 798 
103 202 216 372 440 524 569 624 650 798 
103 202 216 372 440 524 569 624 650 798 
103 202 216 249 372 440 524 569 624 650 798 
103 202 216 372 440 524 569 624 650 798 
103 202 216 372 440 524 569 624 650 798 
103 202 216 372 440 524 569 624 650 798 959 
103 202 216 440 524 569 624 650 798 
103 202 216 440 524 569 624 650 653 798 
103 202 216 392 440 524 569 624 650 653 798 
103 202 216 392 440 524 569 624 650 653 798 
103 202 216 392 440 524 569 624 650 653 798 
103 202 216 392 440 524 569 624 650 653 798 
103 202 216 392 440 524 569 624 650 653 798 
103 216 392 440 524 569 624 650 653 798 
103 216 392 440 524 569 624 650 653 798 
103 216 392 440 524 569 624 650 653 798 
103 216 392 440 524 569 624 650 653 798 
103 216 392 440 524 569 624 650 653 798 
103 216 392 440 524 569 624 650 653 798 
103 216 392 440 524 569 624 650 653 798 
103 216 392 440 524 569 624 650 653 798 
103 216 392 440 524 569 624 650 653 798 
103 216 392 440 524 569 624 650 653 798 
103 216 392 440 524 569 624 650 653 798 
103 174 216 392 440 524 569 624 650 653 798 
103 392 440 524 569 624 650 653 798 
103 392 440 524 569 624 650 653 798 
103 392 440 524 569 624 650 653 798 
103 364 392 440 524 569 624 650 653 798 
103 364 392 440 524 569 624 650 653 798 
103 364 392 440 524 569 624 650 653 798 
103 364 392 440 524 569 624 650 653 798 
101 103 364 392 440 524 569 624 650 653 798 
101 103 364 392 440 524 569 624 650 653 668 798 
103 364 392 440 524 569 624 653 668 798 
103 364 392 440 524 569 624 653 668 798 
103 364 392 440 524 569 624 653 668 798 
103 364 392 440 524 569 624 653 668 798 
103 364 392 440 524 569 624 653 668 798 
103 364 392 440 524 569 624 653 668 798 
103 364 392 440 524 569 624 653 668 798 
103 303 364 392 440 524 569 624 653 668 798 
103 364 392 440 524 569 624 653 668 798 
103 364 392 440 524 569 624 653 668 798 
103 364 392 440 524 569 624 653 668 798 832 
103 364 392 440 524 569 624 653 668 
103 364 392 440 524 569 584 624 653 668 
103 364 392 440 524 569 624 653 668 
103 364 392 440 524 569 624 653 668 
103 112 364 392 440 524 569 624 653 668 
103 112 364 392 440 524 569 624 638 653 668 
103 112 364 392 440 524 569 624 668 
103 112 364 392 440 524 569 624 668 953 
103 112 364 392 440 524 569 624 668 953 
103 112 268 364 392 440 524 569 624 668 953 
7 103 112 268 364 392 440 524 569 624 668 953 
103 268 364 392 440 524 569 624 668 953 
103 268 364 392 440 524 569 624 668 871 953 
103 268 361 364 392 440 524 569 624 668 871 953 
103 268 361 364 392 440 524 569 624 668 871 953 
103 268 361 364 392 440 524 569 624 668 871 953 
103 268 361 364 392 440 524 569 624 668 871 953 
103 268 364 392 440 524 569 624 668 871 953 
103 268 364 392 440 524 569 624 668 865 871 953 
103 268 364 392 440 524 569 624 668 865 871 953 
103 268 364 392 440 524 569 624 668 871 953 
103 268 364 392 440 524 569 583 624 668 871 953 
103 268 364 392 440 524 569 624 668 871 953 
103 268 364 392 440 524 569 624 668 871 953 
103 268 364 392 440 524 569 624 668 735 871 953 
103 268 364 392 440 524 569 624 668 735 871 953 
103 268 364 392 440 524 569 624 668 735 871 953 
103 268 364 392 440 524 569 624 668 871 953 
103 268 364 392 440 524 569 624 668 853 871 953 
103 268 349 364 392 440 524 569 624 668 853 871 953 
103 268 364 392 440 524 569 624 668 871 953 
103 268 364 392 440 524 569 624 668 871 953 
103 268 304 364 392 440 524 569 624 668 871 953 
103 268 364 392 440 524 569 624 668 871 953 
103 268 364 392 440 524 569 624 668 871 953 
103 268 364 392 440 499 524 569 624 668 871 953 
103 268 364 392 440 524 569 624 668 871 953 
103 268 364 392 440 524 569 624 668 871 953 
103 268 363 364 392 440 524 569 624 668 871 953 
103 268 363 364 392 440 524 569 624 668 871 953 
268 363 364 392 440 524 569 624 668 871 953 
268 363 364 392 440 524 569 624 668 871 953 
268 363 364 392 440 524 569 624 668 871 910 953 
268 363 364 392 440 524 569 624 668 871 953 
224 268 363 364 392 440 524 569 624 668 871 953 
224 268 363 364 392 440 524 569 624 668 871 953 
224 268 363 364 392 440 524 569 624 668 871 953 
224 268 363 364 392 440 524 569 624 668 871 953 
224 268 363 364 392 440 524 569 624 668 871 953 
224 268 363 364 392 440 524 569 624 668 871 953 
224 268 363 364 392 440 524 569 624 668 871 953 
224 268 363 364 392 440 524 569 624 668 871 
224 268 363 364 392 440 524 569 624 668 871 
224 268 363 364 392 440 524 569 624 668 871 
224 268 363 364 366 392 440 524 569 624 668 871 
224 268 363 364 366 392 440 524 569 624 668 871 
224 268 363 364 366 392 440 524 569 624 668 871 
224 268 363 364 392 440 524 624 871 
224 268 363 364 392 440 524 624 860 871 
224 268 363 364 392 440 524 624 783 860 871 
221 224 268 363 364 392 440 524 624 783 860 871 
221 224 268 363 364 392 440 524 570 624 783 860 871 
224 268 363 364 392 440 524 570 624 783 871 
27 224 268 363 364 392 440 524 570 624 783 871 
27 224 268 291 363 364 392 440 524 570 624 783 871 
224 268 291 363 364 392 440 524 570 624 783 871 
158 224 268 291 363 364 392 440 524 570 624 783 871 
158 224 268 291 363 364 392 440 524 570 624 783 871 992 
158 224 268 291 363 364 392 440 524 570 624 783 871 
158 224 268 291 363 364 392 440 524 570 624 783 871 
158 224 268 291 363 364 392 440 524 570 624 783 871 920 
158 224 268 291 363 364 392 440 524 570 624 783 871 
158 224 268 291 362 363 364 392 440 524 570 624 783 871 
158 224 268 291 362 363 364 392 440 524 570 624 783 871 
158 224 268 291 362 363 364 392 440 524 570 624 783 871 
158 224 268 291 362 363 364 392 440 524 570 624 783 871 
158 224 268 291 362 363 364 392 440 524 570 624 783 871 
158 224 268 291 362 363 364 392 440 524 570 624 783 871 
158 224 268 291 362 363 364 392 440 524 570 624 783 871 
158 224 268 291 362 363 364 392 440 524 570 624 783 871 
158 224 268 291 362 363 364 392 440 524 570 624 783 871 
158 224 268 291 362 363 364 392 440 524 570 624 783 871 
158 224 268 291 362 363 364 392 440 524 570 624 783 871 
158 224 268 291 362 364 392 440 524 624 783 871 
158 224 268 291 362 364 392 440 524 624 783 871 
158 224 268 291 362 364 392 440 524 624 783 871 
158 224 268 291 362 364 392 440 524 624 783 871 
158 224 268 291 362 364 392 440 457 524 624 783 871 
158 224 268 291 362 364 392 440 457 524 624 783 816 871 
158 224 268 291 362 364 392 440 524 624 783 816 871 
158 217 224 268 291 362 364 392 440 524 624 783 816 871 
158 217 224 268 291 362 364 392 440 524 624 783 816 871 
158 217 224 268 291 362 364 392 440 524 624 783 816 871 
158 217 224 268 291 364 392 440 524 624 783 871 
158 217 224 268 291 364 392 440 524 579 624 783 871 
158 217 224 268 291 364 392 440 524 624 783 871 
158 217 224 268 291 364 392 440 524 624 783 871 
5 158 217 224 268 291 364 392 440 524 624 783 871 
158 217 224 268 291 364 392 440 524 624 783 871 
158 217 224 268 291 364 392 440 524 624 783 871 
158 217 224 268 291 364 392 440 524 624 783 871 
137 158 217 224 268 291 364 392 440 524 624 783 871 
137 158 217 224 268 291 364 392 440 480 524 624 783 871 
158 217 224 268 291 364 392 440 524 624 783 871 
158 217 224 268 291 364 392 440 524 624 783 871 
158 217 224 268 291 364 392 440 524 624 783 871 
158 217 224 268 291 364 392 440 524 624 783 871 
158 217 224 268 291 364 392 440 524 624 783 871 
114 158 217 224 268 291 364 392 440 524 624 783 871 
114 158 217 224 268 291 347 364 392 440 524 624 783 871 
114 158 217 224 268 291 347 364 392 440 524 572 624 783 871 
114 158 217 224 268 291 347 364 392 440 524 624 783 871 
114 158 217 224 268 291 347 364 392 440 524 624 783 871 
114 158 217 224 268 291 347 364 392 440 524 624 783 871 
114 158 217 224 268 291 347 364 392 440 524 624 783 871 976 
114 158 217 224 268 291 347 364 392 440 524 624 783 871 
114 158 217 224 268 291 347 364 392 440 524 624 783 871 
114 153 158 217 224 268 291 347 364 392 440 524 624 783 871 
114 153 158 217 224 268 291 347 364 392 440 524 624 783 871 
114 153 158 217 224 268 291 347 364 392 440 524 624 783 871 
114 153 158 217 224 268 291 347 364 392 440 524 624 783 871 
114 153 158 217 224 268 291 347 364 392 440 524 624 783 871 
114 153 158 217 224 268 291 347 364 392 440 524 624 783 871 
114 153 158 217 224 268 291 347 364 392 440 524 624 783 871 
114 153 158 217 224 268 291 347 364 392 440 524 624 783 871 
114 153 158 217 224 268 291 347 364 392 440 524 624 783 871 
114 153 158 217 224 268 291 347 364 392 440 524 624 783 871 
114 153 158 217 224 268 291 347 364 392 440 524 624 783 871 
114 153 158 217 224 268 291 347 364 392 440 524 624 783 871 
114 153 158 217 224 268 291 347 364 392 440 524 624 783 871 
114 153 158 217 224 268 291 347 364 392 440 524 624 783 871 
114 153 158 217 224 268 291 347 364 392 440 524 624 783 871 
114 153 158 217 224 268 291 347 364 392 440 524 624 783 871 
114 153 158 217 224 268 291 347 364 392 440 524 624 783 871 
114 153 158 217 224 268 291 347 364 392 440 524 624 783 871 
114 153 158 217 224 268 291 347 364 392 440 524 783 871 
17 114 153 158 217 224 268 291 347 364 392 440 524 783 871 
114 153 158 217 224 268 291 347 364 392 440 524 783 871 
64 114 153 158 217 224 268 291 347 364 392 440 524 783 871 
64 114 153 158 217 224 268 291 347 364 392 440 524 783 871 
114 153 158 217 224 268 291 347 364 392 440 524 783 871 
114 153 158 217 224 268 291 341 347 364 392 440 524 783 871 
114 153 158 217 224 268 291 347 364 392 440 524 783 871 
114 153 158 217 224 268 291 347 364 392 440 524 783 871 
114 153 158 217 224 268 291 347 364 392 440 524 783 871 
114 153 158 217 224 268 291 347 364 392 440 524 783 871 
114 153 158 217 224 268 291 347 364 392 440 524 783 871 
114 153 158 217 224 268 291 347 364 392 440 524 783 871 
114 153 158 217 224 268 291 347 364 392 440 524 772 783 871 
114 153 158 172 217 224 268 291 347 364 392 440 524 772 783 871 
114 153 158 172 217 224 268 291 347 364 392 440 524 705 772 783 871 
114 153 217 224 268 291 347 364 392 440 524 783 871 
114 153 217 224 268 291 347 364 392 440 524 783 871 
114 153 217 224 268 291 347 364 392 393 440 524 783 871 
114 153 217 224 268 291 347 364 392 393 440 524 783 871 
114 153 217 224 268 291 347 364 392 393 440 524 783 871 
114 153 217 224 268 291 318 347 364 392 393 440 524 783 871 
114 153 217 224 268 291 347 364 392 440 783 871 
114 153 217 224 268 291 347 364 392 440 783 871 
114 153 217 224 268 291 347 364 392 440 783 871 
114 153 217 224 268 291 347 364 392 440 783 871 
114 149 153 217 224 268 291 347 364 392 440 783 871 
46 114 149 153 217 224 268 291 347 364 392 440 783 871 
46 114 149 153 217 224 268 291 347 364 392 440 783 871 
114 153 217 224 268 291 347 392 440 783 871 
114 153 217 224 268 291 347 392 422 440 783 871 
114 153 179 217 224 268 291 347 392 422 440 783 871 
114 153 179 217 224 268 291 347 392 422 440 746 783 871 
114 153 179 217 224 268 291 347 392 422 440 746 783 871 
114 153 217 224 268 291 347 392 440 783 871 
114 153 217 224 268 291 347 392 440 783 871 
114 153 217 224 268 291 347 392 440 783 833 871 
114 153 217 224 268 291 347 392 440 783 833 871 953 
114 153 217 224 268 291 347 392 440 783 833 871 953 
114 153 159 217 224 268 291 347 392 440 783 833 871 953 
114 153 159 217 224 268 291 347 392 440 783 833 871 947 953 
114 153 217 224 268 347 392 440 783 833 871 
114 153 217 224 268 347 392 440 783 833 871 
114 153 217 224 268 347 392 440 783 833 871 
114 153 217 224 268 347 392 440 783 833 871 
114 153 217 224 268 347 392 440 783 833 871 
114 153 217 224 268 347 392 440 783 833 871 
114 153 217 224 268 347 392 440 721 783 833 871 
114 153 217 224 268 347 392 440 721 783 833 871 
114 153 217 224 268 347 392 440 721 783 833 871 
114 153 217 224 268 347 392 440 721 783 833 871 
114 153 217 224 268 347 392 440 652 721 783 833 871 
114 153 217 224 268 347 392 440 783 833 871 
114 153 217 224 268 347 392 440 783 833 871 
114 153 217 224 268 347 392 440 783 833 871 
114 153 217 224 268 347 392 440 783 815 833 871 
114 153 217 224 268 347 392 440 783 815 833 871 
114 153 217 224 248 268 347 392 440 783 815 833 871 
114 217 268 347 392 440 783 833 871 
114 217 268 347 392 440 783 833 871 
114 175 217 268 347 392 440 783 833 871 
114 173 175 217 268 347 392 440 783 833 871 
73 114 173 175 217 268 347 392 440 783 833 871 
73 217 268 347 392 440 783 833 871 
73 217 268 347 392 440 556 783 833 871 
73 217 268 347 392 440 556 783 833 871 
73 217 218 268 347 392 440 556 783 833 871 
73 217 268 347 392 440 783 833 871 
73 217 268 347 392 427 440 783 833 871 
73 217 268 347 392 427 440 783 833 871 
73 217 268 347 392 427 440 783 833 871 
73 217 268 347 392 427 440 783 833 871 
73 217 268 347 385 392 427 440 783 833 871 
73 268 347 392 440 783 833 871 
73 268 347 392 440 783 833 871 
73 268 347 392 440 783 833 871 
73 268 347 392 440 783 833 871 
73 268 347 392 440 783 833 871 938 
73 268 347 392 440 783 833 871 938 
73 268 347 392 398 440 783 833 871 938 
73 268 347 392 398 440 783 833 871 938 
47 73 268 347 392 398 440 783 833 871 938 
47 73 268 347 392 398 440 783 833 871 938 
47 73 268 317 347 392 398 440 783 833 871 938 
47 268 347 392 833 938 
47 268 347 392 458 833 938 
47 268 347 392 458 833 938 
47 268 347 392 458 814 833 938 
47 165 268 347 392 458 814 833 938 
47 165 268 347 392 458 814 833 938 
47 165 268 347 392 458 814 833 938 
14 47 165 268 347 392 458 814 833 938 
14 47 165 268 347 392 458 814 833 938 968 
47 268 347 392 833 938 
47 268 347 392 793 833 938 
47 268 289 347 392 793 833 938 
40 47 268 289 347 392 793 833 938 
40 47 268 289 347 392 740 793 833 938 
47 268 289 347 392 740 793 833 938 
47 268 289 347 392 561 740 793 833 938 
47 268 289 347 392 561 740 793 833 938 
47 268 289 347 392 561 740 793 833 938 
47 268 289 347 392 561 740 793 833 938 
47 268 289 347 392 561 740 793 833 938 
47 268 289 347 392 561 740 793 833 
47 183 268 289 347 392 561 740 793 833 
47 268 289 347 392 561 740 793 833 
24 47 268 289 347 392 561 740 793 833 
24 47 268 289 347 392 561 740 793 833 
24 47 268 289 347 392 561 740 793 833 
268 289 347 392 561 740 793 833 
268 289 347 392 437 561 740 793 833 
268 289 347 392 437 561 740 793 833 
268 289 347 392 561 740 793 833 
268 289 347 392 561 740 793 833 
268 289 347 392 472 561 740 793 833 
268 289 347 392 472 561 740 793 833 
268 289 347 392 472 561 740 793 833 
268 289 347 392 472 561 740 793 833 
268 289 347 392 472 561 740 793 833 
268 289 347 392 472 561 740 793 833 
268 347 392 472 561 740 793 833 
268 347 392 472 561 740 793 833 
268 347 392 472 561 662 740 793 833 
268 347 392 472 561 662 740 793 833 
268 347 392 472 561 740 793 833 
268 347 392 472 561 740 762 793 833 
268 347 392 472 561 740 762 793 833 
177 268 347 392 472 561 740 762 793 833 
268 347 472 561 740 793 833 
268 347 472 561 740 793 833 
268 347 472 561 740 793 833 
80 268 347 472 561 740 793 833 
80 268 347 472 561 740 793 833 
80 268 347 472 561 740 793 833 857 
80 268 347 472 561 740 793 833 857 
80 268 347 472 561 740 793 833 857 
80 268 347 472 561 740 793 816 833 857 
472 561 740 793 833 
472 561 740 793 833 
472 561 740 793 833 
472 561 740 793 833 
362 472 561 740 793 833 
362 472 561 740 765 793 833 
362 472 561 740 765 793 833 
362 472 561 740 765 793 833 
362 472 561 740 765 793 833 
362 472 561 657 740 765 793 833 
362 403 472 561 657 740 765 793 833 
472 561 740 793 833 
472 561 740 793 833 
35 472 561 740 793 833 
35 472 561 740 793 833 
35 472 561 740 793 833 
35 372 472 561 740 793 833 
35 372 472 561 740 793 833 
472 740 793 833 
15 472 740 793 833 
15 472 740 793 833 
15 472 740 793 833 994 
15 200 472 740 793 833 994 
15 200 472 558 740 793 833 994 
15 200 435 472 558 740 793 833 994 
15 200 435 472 558 740 793 833 994 
15 123 200 435 472 558 740 793 833 994 
472 740 793 833 
472 740 793 833 
472 740 793 833 
472 740 793 833 
472 740 793 833 
472 570 740 793 833 
472 570 735 740 793 833 
472 570 735 740 793 833 
472 570 735 740 793 833 977 
111 472 570 735 740 793 833 977 
111 472 570 735 740 793 833 977 
111 212 472 570 735 740 793 833 977 
111 212 472 570 735 740 793 833 977 
740 793 833 
740 793 833 
653 740 793 833 
653 740 793 833 
653 740 793 833 851 
380 653 740 793 833 851 
380 653 740 793 833 851 
322 380 653 740 793 833 851 
322 380 653 688 740 793 833 851 
793 
793 
793 
793 
793 998 
793 998 
793 998 
793 998 
793 998 
904 0.096