1000 50
41 
41 81 
41 63 81 
10 41 63 81 
10 41 63 81 84 
10 41 58 63 81 84 
10 41 58 60 63 81 84 
10 41 46 58 60 63 81 84 
10 41 46 58 60 63 75 81 84 
10 38 41 46 58 60 63 75 81 84 
10 11 38 41 46 58 60 63 75 81 84 
10 11 38 41 46 58 60 63 75 81 84 
10 11 38 41 46 58 60 63 75 81 84 97 
10 11 38 41 46 58 60 63 75 81 84 97 
10 11 28 38 41 46 58 60 63 75 81 84 97 
10 11 28 38 41 46 58 60 63 65 75 81 84 97 
10 11 28 38 41 45 46 58 60 63 65 75 81 84 97 
10 11 28 38 41 45 46 58 60 63 65 75 81 84 97 
10 11 28 38 41 45 46 58 60 63 65 69 75 81 84 97 
10 11 28 38 41 45 46 58 60 63 65 69 72 75 81 84 97 
10 11 28 38 41 45 46 58 60 63 65 69 72 75 81 84 97 
10 11 28 38 41 45 46 58 60 63 65 69 72 75 78 81 84 97 
10 11 28 38 41 45 46 51 58 60 63 65 69 72 75 78 81 84 97 
10 11 28 38 41 45 46 51 58 60 63 65 69 72 75 78 81 84 96 97 
10 11 28 38 41 45 46 51 58 60 63 65 69 72 75 78 81 84 96 97 
10 11 28 38 41 45 46 51 58 60 63 65 69 72 75 78 81 83 84 96 97 
10 11 28 38 41 45 46 49 51 58 60 63 65 69 72 75 78 81 83 84 96 97 
10 11 28 38 41 45 46 49 51 58 60 63 65 69 72 75 78 81 83 84 96 97 
10 11 28 38 41 45 46 49 51 58 60 63 65 69 72 75 78 81 83 84 96 97 
10 11 28 35 38 41 45 46 49 51 58 60 63 65 69 72 75 78 81 83 84 96 97 
10 11 28 35 38 41 45 46 49 51 58 60 63 65 69 72 75 78 79 81 83 84 96 97 
8 10 11 28 35 38 41 45 46 49 51 58 60 63 65 69 72 75 78 79 81 83 84 96 97 
8 10 11 35 38 41 45 46 49 50 51 58 60 63 65 69 72 75 78 79 83 84 96 97 
6 8 10 11 35 38 41 45 46 49 50 51 58 60 63 65 69 72 75 78 79 83 84 96 97 
6 8 10 11 35 38 41 45 46 49 50 51 58 60 63 65 69 72 75 78 79 83 84 96 97 
6 8 10 11 35 38 41 45 46 49 50 51 58 60 63 65 67 69 75 78 79 83 84 96 97 
6 8 10 11 35 38 41 45 46 49 50 51 58 60 63 65 67 69 75 78 79 83 84 96 97 
6 8 10 11 35 38 41 45 46 49 50 51 58 60 63 65 67 69 75 78 79 83 84 96 97 
6 8 10 11 31 35 38 41 45 46 49 50 51 58 60 63 65 67 69 75 78 79 83 84 96 97 
6 8 10 11 31 35 38 41 45 46 49 50 51 58 60 63 65 67 69 75 78 79 83 84 96 97 
4 8 10 11 38 41 45 46 49 50 51 58 60 63 65 67 69 75 78 79 83 84 96 97 
4 8 10 11 38 41 45 46 49 50 51 57 58 60 63 65 67 69 75 78 79 83 84 96 97 
4 8 10 11 38 41 45 46 49 50 51 58 60 63 65 67 69 75 78 79 83 84 87 96 97 
4 8 10 11 38 41 45 46 49 50 51 58 60 63 65 67 69 75 78 79 83 84 87 96 97 
4 8 10 11 38 41 45 46 49 50 51 58 60 63 65 67 69 75 78 79 83 84 87 96 97 
4 8 10 11 38 41 42 45 46 49 50 51 58 60 63 65 67 69 75 78 79 83 84 87 96 97 
4 8 10 11 38 41 42 45 46 49 50 51 58 60 63 65 67 69 75 78 79 83 84 87 96 97 
4 8 10 11 38 41 42 45 46 49 50 51 58 60 63 65 67 69 75 78 79 83 84 87 96 97 
4 8 10 11 38 40 41 45 46 49 50 51 58 60 63 65 67 69 75 78 79 83 84 87 96 
4 8 10 11 38 40 41 45 46 49 50 51 58 60 63 65 67 69 75 78 79 83 84 87 96 
4 8 10 11 38 40 41 45 46 49 50 51 58 60 63 65 67 69 75 78 79 83 84 87 96 
4 8 10 11 38 40 41 45 46 49 50 51 58 60 63 65 67 69 75 78 79 83 84 87 96 
4 8 10 11 26 38 40 41 45 46 49 50 51 58 60 63 65 67 69 75 78 79 83 84 87 96 
1 4 8 10 11 38 40 41 45 46 49 50 51 58 60 63 65 67 69 75 78 79 83 87 96 
1 4 8 10 11 38 40 41 45 46 49 50 51 58 60 63 65 67 69 75 78 79 83 87 96 
1 4 8 10 11 38 40 41 45 46 49 50 51 58 60 63 65 67 69 75 78 79 83 87 96 
1 4 8 10 11 38 40 41 45 46 49 50 51 58 60 63 65 67 69 75 78 79 83 87 96 99 
1 4 8 10 11 13 40 41 45 46 49 50 51 58 60 65 67 69 75 78 79 83 87 96 99 
1 4 8 10 11 13 34 40 41 45 46 49 50 51 58 60 65 67 69 75 78 79 83 87 96 99 
1 4 8 10 11 13 34 40 41 45 46 49 50 51 58 60 65 67 69 75 78 79 83 87 96 99 
1 4 8 10 11 13 34 40 41 45 46 49 50 51 58 60 65 67 69 75 78 79 83 87 96 99 
1 4 8 10 13 33 34 40 41 45 46 49 51 58 60 65 67 69 75 78 79 83 87 96 99 
1 4 8 10 13 19 33 34 40 41 45 46 49 51 58 60 65 67 69 75 78 79 83 87 96 99 
1 4 8 10 13 19 33 34 40 41 45 46 49 51 58 60 65 67 69 75 78 79 83 87 96 99 
1 4 8 10 13 19 33 34 40 41 45 46 49 51 58 60 65 67 69 75 78 79 83 87 96 99 
1 4 8 10 13 19 33 34 41 45 46 49 51 58 60 65 67 69 71 75 78 79 83 96 99 
1 4 8 10 13 19 20 33 34 41 45 46 49 51 58 60 65 67 69 71 75 78 79 83 96 99 
1 4 8 10 13 19 20 33 34 41 45 46 49 51 58 60 65 67 69 71 75 78 79 83 96 99 
1 4 8 10 13 19 20 33 34 41 45 46 49 51 58 60 65 67 69 71 75 78 79 83 96 99 
1 4 8 10 13 19 20 33 34 41 45 46 49 51 58 60 65 67 69 71 75 78 79 83 96 99 
1 4 8 10 13 19 33 34 41 45 46 49 51 58 60 65 67 69 71 75 78 79 83 95 96 
1 4 8 10 13 19 33 34 41 45 46 49 51 58 60 65 67 69 71 75 78 79 83 95 96 
1 4 8 10 13 19 33 34 41 45 46 49 51 58 60 65 67 69 71 75 78 79 83 95 96 
1 4 8 10 13 19 33 34 41 45 46 49 51 58 60 65 67 69 71 75 76 78 79 83 95 96 
1 4 8 10 13 19 33 34 41 45 46 49 51 58 60 65 67 69 71 75 76 78 79 83 95 96 
1 4 8 10 13 19 33 34 41 45 46 49 51 58 60 65 67 69 71 75 76 78 79 83 95 96 
1 4 8 10 13 19 33 34 41 45 46 49 51 58 60 65 67 69 71 75 76 78 79 83 95 96 
1 4 8 10 13 19 33 34 41 45 46 49 51 58 60 65 66 67 69 71 75 76 78 79 83 95 96 
1 4 8 10 13 19 33 34 41 45 46 51 58 60 65 67 69 71 74 75 78 79 83 95 96 
1 4 8 13 19 33 34 41 45 46 51 58 60 65 67 69 71 74 75 78 79 83 95 96 100 
1 4 8 19 33 34 41 45 46 51 58 59 60 65 67 69 71 74 75 78 79 83 95 96 100 
1 4 8 19 33 34 41 45 46 51 58 59 60 65 67 69 71 74 75 78 79 83 95 96 100 
1 4 8 19 33 34 41 45 46 51 55 58 59 60 65 67 69 71 74 75 78 79 83 96 100 
1 4 8 19 33 34 41 45 46 51 55 58 59 60 65 67 69 71 74 75 78 79 83 96 100 
1 4 8 19 33 41 45 46 51 58 59 60 65 67 69 71 74 75 78 79 83 92 96 100 
1 4 8 19 29 33 41 45 46 51 58 59 60 65 67 69 71 74 75 78 79 83 92 96 100 
1 4 8 19 29 33 41 45 46 51 58 59 60 65 67 69 71 74 75 78 79 83 92 96 100 
1 4 8 19 29 33 41 45 46 51 58 59 60 65 67 69 71 74 75 78 79 83 92 96 100 
1 4 8 19 29 33 41 45 46 51 58 59 60 65 67 69 71 74 75 78 79 83 92 96 100 
1 4 8 19 29 33 41 45 46 51 58 59 60 65 67 69 71 74 75 78 79 83 92 96 100 
1 4 8 29 33 41 45 46 51 58 59 60 67 69 71 74 75 78 79 82 83 92 96 100 
1 4 8 15 29 33 41 45 46 51 58 59 60 67 69 71 74 75 78 79 82 83 92 96 100 
1 4 8 15 33 41 45 46 51 58 60 62 67 69 71 74 75 78 79 82 83 92 96 100 
1 4 8 15 23 33 41 45 46 51 58 60 67 69 71 74 75 78 79 82 83 92 96 100 
1 4 8 15 23 33 41 45 46 51 58 60 67 69 71 74 75 78 79 82 83 92 96 100 
1 4 8 15 23 33 41 45 46 51 58 60 67 69 70 71 74 75 78 79 82 83 92 96 100 
1 4 8 15 23 33 41 45 46 51 58 60 67 69 70 71 74 75 78 79 82 83 92 96 100 
1 4 8 15 23 33 41 45 46 51 58 60 67 69 70 71 74 75 78 79 82 83 92 96 100 
1 4 8 15 23 33 41 45 46 51 58 60 67 69 70 71 74 75 78 79 82 83 92 96 100 
1 4 15 23 33 41 45 46 51 56 58 60 67 69 70 71 74 75 79 82 83 92 96 100 
1 4 15 23 33 41 45 46 47 51 56 58 60 67 69 70 71 74 75 79 82 83 92 96 100 
1 4 15 23 33 41 45 46 47 51 56 58 60 67 69 70 71 74 75 79 82 83 92 96 100 
1 4 15 21 23 33 41 45 46 47 51 56 58 60 67 69 70 71 74 75 79 82 92 96 100 
1 4 15 21 23 33 41 45 46 47 51 56 58 60 67 69 70 71 74 75 79 82 92 96 100 
1 4 15 21 23 33 41 45 46 47 51 56 58 60 67 69 70 71 74 75 79 82 92 96 100 
1 4 15 21 23 33 41 46 47 51 56 60 61 67 69 70 71 74 75 79 82 92 96 100 
1 4 15 21 23 33 41 46 47 51 56 60 61 67 69 70 71 74 75 79 82 92 96 100 
1 4 15 21 23 33 41 46 47 51 56 60 61 67 69 71 74 75 79 82 91 92 96 100 
1 4 15 21 23 33 41 46 47 51 56 60 61 67 69 71 74 75 79 82 91 92 96 100 
1 4 15 21 23 33 41 46 47 51 56 60 61 67 69 71 74 75 79 82 91 92 96 100 
1 4 15 21 23 33 46 47 51 56 60 61 67 69 71 75 79 82 91 92 94 96 100 
1 4 15 21 23 27 33 46 47 51 56 60 61 67 69 71 75 79 82 91 92 94 96 100 
1 4 15 21 23 27 33 46 47 51 56 60 61 67 69 71 75 79 82 91 92 94 96 100 
1 4 15 21 23 27 33 46 47 51 56 60 61 67 69 71 75 79 82 91 92 94 96 100 
1 4 15 21 23 33 46 47 51 56 60 61 67 69 71 75 79 82 85 91 92 94 96 100 
1 4 15 21 23 33 46 47 51 56 60 61 67 69 71 75 79 82 85 91 92 94 96 100 
1 4 15 21 23 33 46 47 51 56 60 61 67 69 71 75 79 82 85 91 92 94 96 100 
1 4 15 21 23 33 46 47 51 56 60 61 67 69 71 75 79 82 85 91 92 94 96 100 
1 4 15 21 23 33 46 47 51 56 60 61 67 69 71 75 79 82 85 91 92 94 96 100 
1 4 15 21 33 36 46 47 51 56 60 61 67 69 71 75 79 82 85 91 92 96 100 
1 4 15 21 33 36 46 47 51 56 60 61 67 69 71 75 79 82 85 91 92 96 100 
1 4 15 21 33 36 46 47 51 56 60 61 67 69 71 75 79 82 85 91 92 93 96 100 
1 4 15 21 33 36 46 47 51 56 60 61 67 69 71 75 79 82 85 91 92 93 96 100 
1 4 15 21 33 36 46 47 51 56 60 61 67 69 71 75 79 82 85 91 92 93 96 100 
1 4 15 21 33 36 46 47 51 56 60 61 67 69 71 75 79 82 85 91 92 93 96 100 
1 4 15 21 33 36 46 47 51 56 60 61 67 69 71 75 79 82 85 91 92 93 96 100 
1 4 15 21 33 36 46 47 51 56 60 61 67 69 71 75 79 82 85 91 92 93 96 100 
1 4 15 21 33 36 46 47 51 56 60 61 67 69 71 75 79 82 85 91 92 93 96 100 
1 4 15 21 33 36 46 47 51 56 60 61 67 69 71 75 79 82 85 91 92 93 96 100 
1 15 21 33 46 47 51 56 60 61 67 69 71 75 79 82 85 90 91 92 93 96 100 
1 15 21 33 46 47 51 56 60 61 67 69 71 75 79 82 85 90 91 92 93 96 100 
1 15 21 33 46 47 51 56 60 61 67 69 71 75 79 82 85 90 91 92 93 96 100 
1 15 21 33 46 47 51 56 60 61 67 69 71 75 79 82 85 90 91 92 93 96 100 
1 15 21 33 46 47 51 56 60 61 67 69 71 75 79 82 85 90 91 92 93 96 100 
1 15 21 33 46 47 51 56 60 61 67 69 71 75 79 80 82 85 90 91 92 93 96 100 
1 15 21 33 46 47 51 56 60 61 67 69 71 75 79 80 82 85 90 91 92 93 96 100 
1 15 21 33 46 47 51 56 60 61 67 69 71 75 79 80 82 85 90 91 92 93 96 100 
1 15 21 33 46 47 51 56 60 61 67 69 71 75 79 80 82 85 90 91 92 93 96 100 
1 15 21 33 46 47 51 56 60 61 67 69 71 75 79 80 82 85 90 91 92 93 96 100 
1 15 21 33 46 47 51 56 60 61 67 69 71 75 79 80 82 85 90 91 92 93 96 100 
1 15 21 33 46 47 51 56 60 61 67 69 71 75 79 80 82 85 90 91 92 93 96 100 
1 15 21 33 46 47 48 51 56 60 61 67 69 71 75 79 80 82 85 90 91 92 96 100 
1 15 21 33 46 47 48 51 56 60 61 67 69 71 75 79 80 82 85 90 91 92 96 100 
1 15 21 33 46 47 48 51 56 60 61 67 69 71 75 79 80 82 85 90 91 92 96 100 
1 15 21 29 46 47 48 51 56 60 61 67 69 71 75 79 80 82 85 90 91 92 96 100 
1 15 21 29 46 47 48 51 56 60 61 67 69 71 75 79 80 82 85 90 91 92 96 100 
1 15 21 29 46 47 48 51 56 60 61 67 69 71 75 79 80 82 85 90 91 92 96 100 
1 21 29 35 46 47 48 51 60 61 67 69 71 75 79 82 85 90 91 92 96 100 
1 21 29 35 40 46 47 48 51 60 61 67 69 71 75 79 82 85 90 91 92 96 100 
1 21 29 35 40 46 47 48 51 60 61 67 69 71 75 79 82 85 90 91 92 96 100 
1 21 29 35 40 46 47 48 51 60 61 67 69 71 75 79 82 85 90 91 92 96 100 
1 21 29 35 40 46 47 48 51 60 61 67 69 71 75 79 82 85 90 91 92 96 100 
1 21 29 35 40 46 47 48 51 60 61 67 69 71 75 79 82 85 90 91 92 96 100 
1 21 29 35 40 46 47 48 51 60 61 67 69 71 75 79 82 85 87 90 91 96 100 
1 21 29 35 40 46 47 48 51 60 61 67 69 71 75 79 82 85 87 90 91 96 100 
1 21 29 30 35 40 47 48 51 60 61 67 69 71 75 79 82 85 90 91 96 100 
1 21 29 30 35 40 47 48 51 60 61 67 69 71 75 79 82 85 90 91 96 100 
1 21 29 30 35 40 47 48 51 60 61 67 69 71 75 79 82 85 90 91 96 100 
1 21 29 30 35 40 47 48 51 60 61 67 69 71 75 79 82 85 90 91 96 100 
1 21 29 30 35 40 47 48 51 60 61 67 69 71 75 79 82 85 90 91 96 100 
1 5 21 29 30 35 40 47 48 51 60 61 67 69 71 75 79 82 85 90 91 96 100 
1 5 21 29 30 35 40 47 48 51 60 61 67 69 71 75 79 82 85 90 91 96 100 
1 5 21 29 30 35 47 51 60 61 64 67 69 71 75 79 82 85 90 91 96 100 
1 5 21 29 30 35 47 51 60 61 64 67 69 70 71 75 79 82 85 90 91 96 100 
1 5 21 29 30 35 47 51 60 61 64 67 69 70 71 75 79 82 85 90 91 96 100 
1 5 21 29 30 35 47 51 60 61 64 67 69 70 71 75 79 82 85 90 91 96 100 
1 5 21 29 30 35 47 51 60 61 64 67 69 70 71 75 79 82 85 90 91 96 100 
1 5 21 29 30 32 35 47 51 60 61 64 67 69 70 71 75 79 82 85 90 91 96 100 
1 5 21 29 30 32 35 47 51 60 61 64 67 69 70 71 75 79 82 85 90 91 96 100 
1 5 12 21 29 30 32 35 51 60 61 64 69 70 71 75 79 82 85 90 91 96 100 
1 5 21 29 30 32 35 51 60 61 64 69 70 71 75 79 82 83 85 90 91 96 100 
1 5 13 21 29 30 32 51 60 61 64 69 70 71 75 79 82 83 85 90 91 96 100 
1 5 13 21 29 30 32 51 60 61 64 69 70 71 75 79 82 83 85 90 91 96 100 
1 5 13 21 29 30 32 51 60 61 64 69 70 71 75 79 82 83 85 90 91 96 100 
1 5 6 13 21 29 30 32 51 60 61 64 69 70 71 75 79 82 83 85 90 91 96 100 
1 5 6 13 21 29 30 32 51 60 61 64 69 70 71 75 79 82 83 85 90 91 96 100 
1 5 6 13 21 29 30 32 51 60 61 64 69 70 71 75 79 82 83 85 90 91 96 100 
1 5 6 13 21 29 30 32 51 60 61 64 69 70 71 75 79 82 83 85 90 91 96 100 
1 5 13 21 29 30 32 37 51 60 61 64 69 70 75 79 82 83 85 90 91 96 100 
1 5 13 21 29 30 32 37 51 60 61 64 69 70 75 79 82 83 85 90 91 96 100 
1 5 13 21 29 30 32 37 51 60 61 64 69 70 75 79 82 83 85 90 91 96 100 
1 5 13 21 29 30 32 37 51 60 61 64 69 70 75 79 82 83 85 90 91 96 100 
1 5 13 21 29 30 32 37 51 60 61 64 69 70 75 79 82 83 85 90 91 96 100 
1 5 13 21 29 30 32 37 51 60 61 64 69 70 75 79 82 83 85 90 91 96 100 
1 5 13 21 29 30 32 37 45 51 60 61 64 69 70 75 79 82 83 85 90 91 96 100 
1 5 13 21 29 30 32 37 45 51 60 61 64 69 70 75 79 82 83 85 90 91 96 100 
1 5 13 21 29 30 32 37 45 51 52 60 61 64 69 70 75 79 82 83 85 90 91 96 100 
1 5 13 21 29 30 32 37 45 51 52 60 61 64 69 70 75 79 82 83 85 90 91 96 100 
1 5 13 29 30 32 37 45 51 52 60 61 64 69 70 75 79 82 83 85 89 91 96 100 
1 5 13 29 30 32 37 45 51 52 60 61 64 69 70 75 79 82 83 85 86 89 91 96 100 
1 3 5 13 29 30 32 37 45 51 52 60 61 64 69 70 75 79 82 83 85 86 89 91 96 100 
1 3 5 13 29 32 37 45 51 60 61 64 69 70 74 75 79 82 83 85 86 89 91 96 100 
1 3 5 29 32 45 50 51 60 61 64 69 70 74 75 79 82 83 85 86 89 91 96 100 
1 3 5 10 29 32 45 50 51 60 61 64 69 70 74 75 79 82 83 85 86 89 91 96 100 
1 3 5 10 29 32 45 50 51 60 61 64 69 70 74 75 79 82 83 85 86 89 91 96 100 
1 3 5 10 29 32 45 50 51 60 61 64 69 70 74 75 79 82 83 85 86 89 91 96 100 
1 3 5 10 29 32 45 50 51 60 61 64 69 70 74 75 79 82 83 85 86 89 91 96 100 
1 3 5 10 29 32 45 50 51 60 61 64 69 70 74 75 79 82 83 85 86 89 91 96 100 
1 3 5 10 25 29 32 45 50 51 60 61 64 69 70 74 75 79 82 83 85 86 89 96 100 
1 3 5 10 25 29 32 44 45 50 51 60 61 69 70 74 75 79 82 83 85 86 89 96 100 
1 3 5 10 25 29 32 44 45 50 51 60 61 69 70 74 75 79 82 83 85 86 89 96 100 
1 3 5 10 25 29 32 44 45 50 51 60 61 68 69 70 74 75 79 82 83 85 86 89 96 100 
1 3 5 25 29 32 44 45 50 51 59 60 61 68 69 74 75 79 82 83 85 86 89 96 100 
1 3 5 25 29 32 38 44 45 50 51 59 60 61 68 69 74 75 79 82 83 85 86 89 96 100 
1 3 5 25 29 32 38 44 45 50 51 59 60 61 68 69 74 75 79 82 83 85 86 89 96 100 
1 3 5 25 29 32 38 44 45 50 51 59 60 61 68 69 74 75 79 82 83 85 86 89 96 100 
1 3 5 25 29 32 38 44 45 50 51 60 61 63 68 69 74 75 79 82 83 85 86 89 96 100 
1 3 5 25 29 32 38 44 45 50 51 58 60 61 69 74 75 79 82 83 85 86 89 96 100 
1 3 5 25 29 32 38 44 45 50 51 58 60 61 69 74 75 79 82 83 85 86 89 96 100 
1 3 5 25 29 32 38 44 45 50 51 58 60 61 69 74 75 79 82 83 85 86 89 96 100 
1 3 5 25 29 32 38 44 45 50 51 58 60 61 69 74 75 77 79 82 83 85 86 89 96 100 
1 3 5 25 29 32 38 44 45 50 51 58 60 61 69 74 75 77 79 82 83 85 86 89 96 100 
1 3 5 25 29 32 38 44 45 50 51 58 60 61 69 74 75 77 79 82 83 85 86 89 96 100 
1 3 5 25 29 38 44 45 50 51 60 61 69 74 75 79 82 83 85 86 89 96 98 100 
1 3 5 24 25 29 38 44 45 50 51 60 61 69 74 75 79 82 83 85 86 89 96 98 100 
1 3 5 19 25 29 38 44 45 50 51 60 61 69 74 75 79 82 83 85 86 89 98 100 
1 3 5 19 25 29 38 44 45 50 51 60 61 69 74 75 79 82 83 85 86 89 98 100 
1 3 5 19 25 29 38 44 45 50 51 55 60 61 69 74 75 79 82 83 85 86 89 98 100 
1 3 5 19 25 29 38 44 45 50 51 55 60 61 69 74 75 79 82 83 85 86 89 98 100 
1 3 5 19 25 29 38 44 45 50 51 55 60 61 69 74 75 79 82 83 85 86 89 98 100 
1 3 5 19 25 29 34 38 44 45 50 51 55 60 61 69 74 75 79 83 85 86 89 98 100 
1 3 5 19 25 29 34 38 44 45 50 51 55 60 61 69 74 75 79 83 85 86 89 98 100 
1 3 5 19 25 29 38 44 45 50 51 55 60 61 69 74 79 83 84 85 86 89 98 100 
1 3 5 19 25 29 38 44 45 50 51 55 60 61 69 74 79 83 84 85 86 89 98 100 
1 3 5 19 25 29 38 44 45 50 51 55 60 61 69 74 79 83 84 85 86 89 98 100 
1 3 5 19 25 29 44 45 50 51 55 60 61 69 74 79 83 84 85 86 89 95 98 100 
1 3 5 19 25 29 44 45 50 51 55 60 61 69 74 79 83 84 85 86 89 97 98 100 
1 5 19 25 29 44 45 50 51 55 60 61 69 74 79 83 84 86 89 97 98 99 100 
1 5 19 25 29 42 44 45 50 51 55 60 61 69 74 79 83 84 86 89 97 98 99 100 
1 5 19 25 29 42 44 45 50 51 55 60 61 69 74 79 83 84 86 89 97 98 99 100 
1 5 25 29 42 44 45 50 51 55 60 61 69 72 74 79 83 84 86 89 97 98 100 
1 5 25 29 42 44 45 50 51 55 60 61 69 72 74 78 79 83 84 86 89 97 98 100 
1 5 25 29 42 44 45 50 51 55 60 61 69 72 74 78 79 83 84 86 89 97 98 100 
1 5 25 29 42 44 45 50 51 55 60 61 69 72 74 78 79 83 84 86 89 97 98 100 
1 5 25 29 42 44 45 50 51 55 60 61 69 72 74 78 79 83 84 86 89 97 98 100 
1 5 25 29 42 44 45 50 51 55 60 61 69 72 74 78 79 83 84 86 89 97 98 100 
1 5 25 29 42 44 45 50 51 55 60 61 69 72 74 78 79 83 84 86 89 97 98 100 
1 5 25 29 42 44 45 50 51 55 60 61 69 72 74 78 79 83 84 86 89 97 98 100 
1 5 25 29 42 44 45 50 51 55 60 61 69 72 74 78 79 83 84 86 89 97 98 100 
1 5 25 29 42 43 44 45 50 51 55 60 61 69 72 74 79 83 84 86 89 97 98 100 
1 5 25 29 42 43 44 45 50 51 55 60 61 69 72 74 79 83 84 86 89 97 98 100 
1 5 25 29 42 43 44 45 49 50 51 55 60 61 69 72 74 79 83 84 86 89 97 98 100 
1 5 25 29 42 43 44 45 49 50 51 55 60 61 69 72 74 79 83 84 86 89 97 98 100 
1 5 8 25 29 42 43 44 45 50 51 55 60 69 72 74 79 83 84 86 89 97 98 100 
1 5 8 25 29 42 43 44 45 50 51 55 60 66 69 72 74 79 83 84 86 89 97 98 100 
1 5 8 17 25 29 42 43 44 45 50 51 55 60 69 72 74 83 84 86 89 97 98 100 
1 5 8 17 25 29 42 43 44 45 50 51 55 60 69 72 74 83 84 86 89 97 98 100 
1 5 8 17 25 29 39 42 43 44 45 50 51 55 60 69 72 74 83 84 86 89 97 98 100 
1 5 8 17 25 29 39 42 43 44 45 50 51 55 60 69 72 74 83 84 86 89 97 98 100 
1 5 8 25 29 39 42 43 44 45 50 51 55 60 69 72 74 81 83 84 86 89 97 98 100 
1 5 8 25 29 39 42 43 44 45 50 51 55 60 69 72 74 81 83 84 86 89 97 98 100 
1 5 8 25 26 29 39 42 43 44 45 50 51 55 60 69 72 74 81 83 84 86 89 97 98 100 
1 5 8 25 26 29 39 42 43 44 45 50 51 55 60 69 72 74 81 83 84 86 89 97 98 100 
1 5 8 25 26 29 39 42 43 44 45 50 51 55 60 69 72 74 81 83 84 86 89 97 98 100 
1 5 8 25 26 29 39 42 43 44 45 50 51 55 60 62 69 72 83 84 86 89 97 98 100 
1 5 8 25 26 29 39 42 43 44 45 50 51 55 60 62 69 72 83 84 86 89 97 98 100 
1 5 8 25 26 29 39 42 43 44 45 50 51 55 60 62 69 72 83 84 86 89 97 98 100 
1 5 8 25 26 29 39 42 43 44 45 50 51 55 60 62 69 72 83 84 86 89 97 98 100 
1 5 8 25 26 29 39 42 43 44 45 50 51 55 60 62 69 72 83 84 86 89 97 98 100 
1 5 8 25 26 29 39 42 43 44 45 50 51 55 60 62 69 72 83 84 86 89 97 98 100 
1 5 8 25 26 29 39 42 43 44 45 50 51 55 60 62 69 72 83 84 86 89 97 98 100 
1 5 8 25 26 29 39 41 42 43 44 45 50 51 55 60 62 69 72 83 84 86 89 97 98 100 
1 5 8 25 26 29 39 41 42 43 44 45 50 51 55 60 62 69 72 83 84 86 89 97 98 100 
1 5 8 16 25 26 29 39 41 42 43 44 45 50 51 55 60 62 69 72 83 84 86 89 98 100 
1 5 8 16 25 26 29 39 41 42 43 44 45 50 51 55 60 62 69 72 83 84 86 89 98 100 
1 5 8 16 25 26 29 39 41 42 43 44 45 50 51 55 57 60 62 69 72 83 84 86 89 98 100 
1 5 8 16 25 26 29 39 41 42 43 44 45 50 51 55 57 60 62 69 72 83 84 86 89 98 100 
1 5 8 16 25 26 29 39 41 42 43 44 45 50 51 55 57 60 62 69 72 83 84 86 89 98 100 
1 5 8 14 25 26 29 39 41 42 43 44 45 50 51 57 60 62 69 72 83 84 86 89 98 100 
1 5 8 14 25 26 29 39 41 42 43 44 45 50 51 57 60 62 69 72 83 84 86 89 98 100 
1 5 8 14 25 26 29 39 41 42 43 44 45 50 51 57 60 62 69 72 83 84 86 89 98 100 
1 5 8 14 25 26 29 39 41 42 43 44 45 50 51 57 60 62 69 72 83 84 86 89 98 100 
1 5 8 14 25 26 29 39 41 42 43 44 45 50 51 57 60 62 69 72 83 84 86 89 98 100 
1 5 8 14 25 26 29 39 41 42 43 44 45 50 51 57 60 62 69 72 83 84 86 89 98 100 
1 5 8 14 25 26 29 39 41 42 43 44 45 50 51 57 60 62 69 72 83 84 86 89 98 100 
1 5 8 14 25 26 29 39 41 42 43 44 45 50 51 57 60 62 69 72 83 84 86 89 98 100 
1 5 8 14 25 26 29 39 41 42 43 44 45 50 51 57 60 62 69 72 83 84 86 89 98 100 
1 5 8 14 25 26 29 39 41 42 43 44 45 50 51 57 60 62 69 72 83 84 86 89 98 100 
1 5 8 14 25 26 29 39 41 42 43 44 45 50 51 57 60 62 69 72 83 84 86 89 98 100 
1 5 8 14 25 26 29 39 41 42 43 44 45 50 51 57 60 62 69 72 83 84 86 89 98 100 
1 5 8 14 25 26 29 35 39 41 42 43 44 45 50 51 57 60 62 69 72 83 84 86 89 98 100 
1 5 8 14 25 26 29 35 39 41 42 43 44 45 50 51 57 60 62 69 72 83 84 86 89 98 100 
1 5 8 14 25 26 29 35 39 41 42 43 44 45 50 51 57 60 62 69 72 83 84 86 89 98 100 
1 5 8 14 25 26 29 39 40 41 42 43 44 45 50 51 57 62 69 72 83 84 86 89 98 100 
1 5 8 14 25 26 29 39 40 41 42 43 44 45 50 51 57 62 69 72 83 84 86 89 98 100 
1 3 5 8 14 25 26 29 39 40 41 42 43 44 45 50 51 57 62 69 72 83 84 86 89 98 100 
1 3 5 8 14 25 26 29 39 40 41 42 43 44 45 50 51 57 62 69 72 83 84 86 89 98 100 
1 3 5 8 14 25 26 29 39 40 41 42 43 44 45 50 51 57 69 72 83 84 85 86 89 98 100 
1 3 5 8 14 25 26 39 40 41 42 43 44 45 47 50 57 69 72 83 84 85 86 89 98 100 
1 3 5 8 14 25 26 39 40 41 42 43 44 45 47 50 57 69 72 83 84 85 86 89 98 100 
1 3 5 8 14 25 26 38 39 40 41 42 43 44 45 47 57 69 72 83 84 85 86 89 98 100 
1 3 5 8 14 25 26 38 39 40 41 42 43 44 45 47 57 69 72 83 84 85 86 89 98 100 
1 3 5 8 14 25 26 38 39 40 41 42 43 44 45 47 57 69 72 83 84 85 86 89 98 100 
1 3 5 8 14 25 26 38 39 40 41 42 43 44 45 47 57 69 72 83 84 85 86 89 98 100 
1 3 5 8 14 25 26 34 38 39 40 41 42 43 44 45 47 57 69 72 83 84 85 86 89 98 100 
1 3 5 8 14 22 25 26 34 38 39 40 41 42 43 45 47 57 69 72 83 84 85 86 98 100 
1 3 5 8 9 14 22 25 26 34 38 39 40 41 42 43 45 47 57 69 72 83 84 85 86 98 100 
1 3 5 8 14 25 26 34 38 39 40 41 42 43 45 47 56 57 69 72 83 84 85 86 98 100 
1 3 5 8 14 25 26 34 38 39 40 41 42 43 45 47 56 57 69 72 83 84 85 86 98 100 
1 3 5 8 14 25 26 34 38 39 40 41 42 43 45 56 57 69 72 83 84 85 86 96 98 100 
1 3 5 8 14 25 26 34 38 39 40 41 42 43 45 56 57 68 69 72 83 84 85 86 96 98 100 
1 3 5 8 14 15 25 26 34 38 39 40 41 42 43 45 56 57 68 69 72 83 84 85 86 98 100 
1 3 5 8 14 15 25 26 34 38 39 40 41 42 43 45 56 57 68 69 72 83 84 85 86 98 100 
1 3 5 8 14 15 25 26 34 38 39 40 41 42 43 45 56 57 68 69 72 83 84 85 86 98 100 
1 3 5 8 14 15 25 26 34 38 39 40 41 42 43 45 56 57 68 69 72 83 84 85 86 98 100 
1 3 5 8 14 15 26 34 38 39 40 41 42 43 45 56 57 69 72 83 84 85 86 98 99 100 
1 3 5 8 14 15 26 34 38 39 40 41 42 43 45 56 57 69 72 82 83 84 85 86 98 100 
1 3 5 8 13 14 15 26 34 38 39 40 41 42 43 45 56 57 69 72 83 84 85 86 98 100 
1 3 5 8 13 14 15 26 34 37 38 39 40 41 42 43 45 56 57 69 72 83 84 85 86 98 100 
1 3 5 8 14 15 26 34 37 38 39 40 41 42 43 45 56 57 69 72 76 83 84 85 86 98 100 
1 3 5 8 14 15 26 34 37 38 39 40 41 42 43 45 56 57 69 72 76 83 84 85 86 98 100 
1 3 5 8 14 15 26 34 37 38 39 40 41 42 43 45 56 57 69 72 76 83 84 85 86 98 100 
1 3 5 8 14 15 26 34 37 38 39 40 41 42 43 45 56 57 69 72 76 83 84 85 86 98 100 
1 3 5 8 14 15 26 34 37 38 39 40 41 42 43 45 56 57 69 72 76 83 84 85 86 98 100 
1 3 5 8 14 15 26 34 37 38 39 40 41 42 43 45 56 57 69 72 76 83 84 85 86 94 98 100 
1 3 5 8 14 15 24 26 34 37 38 39 40 41 42 43 45 57 69 72 76 83 84 85 86 94 98 100 
1 3 5 8 14 15 24 26 34 37 38 39 40 41 42 43 45 57 69 72 76 83 84 85 86 94 98 100 
1 3 5 8 14 15 24 26 34 37 38 39 40 41 42 43 45 57 69 72 73 83 84 85 86 94 98 
1 3 5 8 14 15 24 26 34 37 38 39 40 41 42 43 45 57 69 72 73 83 84 85 86 87 94 98 
1 3 5 8 14 15 24 26 34 37 38 39 40 41 42 43 45 57 63 69 72 73 83 84 85 86 87 94 98 
1 3 5 8 14 15 24 26 34 37 38 39 40 41 42 43 45 57 63 69 72 73 83 84 85 86 87 94 98 
1 3 5 8 14 15 18 24 26 34 37 38 39 40 41 42 43 45 57 63 69 72 83 84 85 86 87 98 
1 3 5 8 14 15 18 24 26 34 37 38 39 40 41 42 43 45 57 63 69 72 83 84 85 86 87 98 
1 3 5 8 14 15 18 24 26 34 37 38 39 40 41 42 43 45 48 57 63 69 72 83 84 85 86 87 98 
1 3 5 8 14 15 18 24 26 34 37 38 39 40 41 42 43 45 48 57 63 69 72 83 84 85 86 87 98 
1 3 5 8 14 15 18 24 26 34 37 38 39 40 41 42 43 45 48 57 63 69 72 83 84 85 86 87 98 
1 3 5 8 14 15 18 24 26 34 37 38 39 40 41 42 43 45 48 57 63 69 72 83 84 85 86 87 98 
1 3 5 8 14 15 18 24 26 34 37 38 39 40 41 42 43 45 48 57 63 69 72 83 84 85 86 87 98 
1 3 5 8 14 15 18 24 26 37 38 39 40 41 42 43 45 57 63 67 69 72 83 84 85 86 87 98 
1 3 5 8 14 15 18 24 26 37 38 39 40 41 42 43 45 57 63 67 69 72 83 84 85 86 87 98 
1 3 5 8 14 15 18 24 26 37 38 39 40 41 42 43 45 57 63 67 69 72 83 84 85 86 87 98 
1 3 5 8 14 15 18 24 26 37 38 39 40 41 42 43 45 57 63 67 69 72 83 84 85 86 87 98 
1 3 5 8 14 15 18 24 26 37 38 39 40 41 42 43 45 57 63 67 69 72 83 84 85 86 87 98 
1 3 5 8 14 15 18 24 26 37 38 39 40 41 42 43 45 57 63 67 69 72 83 84 85 86 87 98 
1 3 5 8 14 15 18 24 26 37 38 39 40 41 42 43 45 57 63 67 69 72 83 84 85 86 87 98 
1 3 5 8 10 14 15 18 24 26 37 38 39 40 41 42 43 45 57 63 67 69 83 84 85 86 87 98 
3 5 8 10 14 15 18 24 26 37 38 39 40 41 42 43 45 54 57 67 69 83 84 85 86 87 98 
3 5 8 10 14 15 18 24 26 30 37 38 39 40 41 42 43 45 57 67 69 83 84 85 86 98 
3 5 8 10 14 15 18 24 26 30 37 38 39 40 41 42 43 45 57 64 67 69 83 84 85 86 98 
3 5 8 10 14 15 18 24 26 30 37 38 39 40 41 42 43 45 57 64 67 69 83 84 85 86 98 
3 5 8 10 14 15 18 24 26 30 37 38 39 40 41 42 43 45 57 64 67 69 83 84 85 86 98 
3 5 8 10 14 15 18 24 26 30 37 38 39 40 41 42 43 45 57 67 69 80 83 84 85 86 98 
3 5 8 10 14 15 18 24 26 30 37 38 39 40 41 42 43 45 57 67 69 80 83 84 85 86 98 
3 5 8 10 14 15 18 26 30 38 39 40 41 42 43 45 57 67 69 79 83 84 85 86 98 
3 5 8 10 14 15 18 26 30 38 39 40 41 42 43 45 57 67 69 79 83 84 85 86 98 
3 5 8 10 14 15 18 26 30 38 39 40 41 42 43 45 57 67 69 79 83 84 85 86 98 
3 5 8 10 14 15 18 26 30 38 39 40 41 42 43 45 57 67 69 79 83 84 85 86 98 
3 5 8 10 14 15 18 26 30 38 39 40 41 42 43 45 46 69 79 83 84 85 86 98 
3 5 8 10 14 15 18 26 30 38 39 40 41 42 43 45 46 69 79 83 84 85 86 98 
3 5 8 10 14 15 18 26 30 38 39 40 41 42 43 45 46 69 79 83 84 85 86 98 
3 5 8 10 14 15 18 26 30 38 39 40 41 42 43 45 46 69 79 83 84 85 86 98 
3 5 8 10 14 15 18 19 26 30 38 39 40 41 42 43 45 46 69 79 83 84 85 86 98 
3 4 5 8 10 14 15 19 26 30 38 39 40 41 42 43 45 46 69 79 83 84 85 86 98 
3 4 5 8 10 14 15 19 26 30 38 39 40 41 42 43 45 46 69 79 83 84 85 86 98 
3 5 8 10 14 15 19 26 30 38 39 40 41 42 43 45 46 59 69 79 83 84 85 86 98 
3 5 8 10 14 15 19 26 30 38 39 40 41 42 43 45 46 59 69 79 83 84 85 86 98 
3 5 8 10 14 15 19 20 26 30 38 39 40 41 42 43 45 46 59 69 79 83 84 85 86 98 
3 5 8 10 14 15 19 20 26 30 38 39 40 41 42 43 45 46 59 69 79 83 84 85 86 98 
3 5 8 10 14 15 19 20 26 30 38 39 40 41 42 43 45 46 59 69 79 83 84 85 86 98 
3 5 8 10 14 15 19 20 26 30 38 39 40 41 42 43 45 46 59 69 79 83 84 85 86 98 
3 5 8 10 14 15 20 26 30 38 40 41 42 43 45 46 59 69 74 79 83 84 85 86 98 
3 5 8 10 14 15 20 26 30 38 40 41 42 43 45 46 59 69 74 79 83 84 85 86 98 
3 5 8 10 14 15 20 26 30 38 40 41 42 43 45 46 59 69 74 79 83 84 85 86 98 
3 5 8 10 14 15 20 26 30 38 40 41 42 43 45 46 59 69 74 79 83 84 85 86 98 
3 5 8 10 14 15 20 26 30 38 40 41 42 43 45 46 59 69 74 79 83 84 85 86 98 
3 5 8 10 14 15 20 26 30 38 40 41 42 43 45 46 59 69 74 79 83 84 85 86 98 
3 5 8 10 14 20 26 30 38 40 41 42 45 46 59 69 74 79 83 84 85 86 92 98 
3 5 8 10 14 20 26 30 38 40 41 42 45 46 59 69 74 79 83 84 85 86 92 98 
3 5 8 10 14 20 26 30 38 40 41 42 45 46 59 69 74 79 83 84 85 86 92 98 
3 5 8 10 14 20 26 30 38 40 41 42 45 46 59 65 69 74 79 83 84 85 86 92 98 
3 5 8 10 14 20 26 30 38 40 41 42 45 46 59 65 69 74 79 83 84 85 86 92 98 
3 5 8 10 14 20 26 30 38 40 42 45 46 65 69 74 75 79 83 84 85 86 92 98 
3 5 8 10 14 20 26 30 38 40 42 45 46 65 69 74 75 79 83 84 85 86 92 98 
3 5 8 10 14 20 26 30 38 40 42 45 46 65 69 74 75 79 83 84 85 86 92 98 
3 5 8 10 14 20 26 30 38 40 42 45 46 65 69 74 75 79 83 84 85 86 92 98 
3 5 8 10 14 20 26 30 38 40 42 45 46 65 69 74 75 79 83 84 85 86 92 98 
3 5 8 10 14 20 26 30 38 40 42 45 46 52 65 69 74 75 79 83 84 85 86 92 98 
3 5 8 10 14 20 26 30 38 40 42 45 46 52 65 69 74 75 79 83 84 85 86 92 98 
3 5 8 10 14 20 26 30 38 40 42 45 46 52 65 69 74 75 79 83 84 85 86 92 98 
3 5 8 10 14 20 26 30 38 40 42 45 46 52 65 69 74 75 79 83 84 85 86 92 98 
3 5 8 10 14 20 26 30 38 40 42 45 46 52 65 69 74 75 79 83 84 85 86 92 98 
3 5 8 10 14 20 26 30 38 40 42 45 46 52 65 69 74 75 79 83 84 85 86 92 98 
3 5 10 14 20 26 30 38 42 45 46 52 61 65 69 74 75 79 83 84 85 86 92 98 
3 5 10 14 20 26 30 38 42 45 46 52 61 65 69 74 75 79 83 84 85 86 92 98 
3 5 10 14 20 26 30 38 42 45 46 52 61 65 69 74 75 79 83 84 85 86 92 98 
3 5 10 14 20 23 26 30 38 42 45 46 52 61 65 69 74 75 79 83 84 85 86 92 98 
3 5 10 14 20 23 26 30 38 42 45 46 52 61 65 69 74 75 79 83 84 85 86 92 98 
3 5 10 14 20 23 26 30 38 42 45 46 52 61 65 69 74 75 79 83 84 85 86 92 98 
3 5 10 14 20 23 26 30 38 42 45 46 52 61 65 69 74 75 79 83 84 85 86 92 98 
3 5 10 14 20 23 26 30 38 42 45 46 52 61 65 69 74 75 79 83 84 85 86 92 98 
3 5 10 14 20 23 30 38 42 45 46 52 58 61 65 69 74 75 79 84 85 86 92 98 
3 5 10 14 20 23 30 38 42 45 46 52 58 65 69 74 75 79 84 85 86 90 92 98 
3 5 10 14 20 23 30 38 42 45 46 52 58 65 69 74 75 79 84 85 86 90 92 98 
3 5 10 14 20 23 30 38 42 45 46 52 58 65 69 71 74 75 79 84 85 86 90 98 
3 5 10 14 20 23 30 38 42 45 46 52 58 65 69 71 74 75 79 84 85 86 90 98 
3 5 10 14 20 23 30 38 42 45 46 52 58 65 69 71 74 75 79 84 85 86 90 98 
3 5 10 14 20 23 30 38 42 45 46 52 58 65 69 71 74 75 79 84 85 86 90 98 
3 5 10 20 23 30 36 38 42 45 46 52 58 65 69 71 74 75 79 84 85 86 90 98 
3 5 10 20 23 30 36 38 42 45 46 52 58 65 69 71 74 75 79 84 85 86 90 98 
3 10 20 23 30 33 36 38 42 45 46 52 58 65 69 71 74 75 79 84 85 86 90 98 
3 10 20 23 30 33 36 38 42 45 46 52 58 65 69 71 74 75 79 84 85 86 90 98 
3 10 20 23 30 33 36 38 42 45 46 52 58 65 69 71 74 75 79 84 85 86 90 98 
3 10 20 23 30 36 38 42 45 46 52 57 58 65 69 71 74 75 79 84 85 86 90 98 
3 10 20 23 24 30 36 38 42 45 46 52 57 58 65 69 71 74 75 79 84 85 86 90 98 
3 10 23 30 36 38 42 45 46 47 52 58 65 69 71 74 75 79 84 85 86 90 98 
3 10 12 23 30 36 38 42 45 46 47 52 58 65 69 71 74 75 79 84 85 86 90 98 
3 6 10 12 23 30 36 38 42 45 46 47 58 65 69 71 74 75 79 84 85 86 98 
3 6 10 12 23 30 36 38 42 45 46 47 58 65 69 71 74 75 79 84 85 86 98 
3 6 9 10 12 23 30 36 38 42 45 46 47 58 65 69 71 74 75 79 84 85 86 98 
3 6 9 10 12 23 30 36 38 42 45 46 47 58 65 69 71 74 75 79 84 85 86 98 
3 6 9 10 12 23 30 36 38 42 45 46 47 58 65 69 71 74 75 79 84 85 86 98 
3 6 9 10 12 23 30 36 38 42 45 46 47 58 65 69 71 74 75 79 84 85 86 98 
3 6 9 10 12 23 30 36 38 42 45 46 47 58 65 69 71 74 75 79 84 85 86 98 
3 6 10 12 23 25 30 36 38 42 45 46 47 58 65 69 71 74 75 79 84 85 86 98 
3 6 10 12 23 25 30 36 38 42 45 46 47 58 65 69 71 74 75 79 84 85 86 98 
3 6 10 12 23 25 30 36 38 42 44 46 47 58 69 71 74 75 79 84 85 86 98 
3 6 10 12 23 25 30 32 36 38 42 44 46 47 58 69 71 74 75 79 84 85 86 98 
3 6 10 12 23 25 30 32 36 38 42 44 46 47 58 69 71 74 75 79 84 85 86 98 
3 6 10 12 23 25 30 32 36 38 42 44 46 47 58 69 71 74 75 79 84 85 86 98 
3 6 10 12 23 25 30 32 36 38 42 44 46 47 58 69 71 74 75 79 80 84 85 86 98 
3 10 12 23 25 30 32 36 38 42 44 46 47 58 69 71 74 79 80 84 85 86 89 98 
3 10 12 23 25 30 32 36 37 38 42 44 46 47 58 69 71 74 79 80 84 85 86 89 98 
3 10 12 23 25 30 32 36 37 38 42 44 46 47 58 69 71 74 79 80 84 85 86 89 98 
3 10 12 23 25 30 32 36 37 38 42 44 46 47 58 69 71 74 79 80 84 85 86 89 98 
3 10 12 23 25 30 32 36 37 38 42 44 46 47 58 69 71 74 79 80 84 85 86 89 98 
3 10 12 23 25 30 32 36 37 38 42 44 46 47 58 69 71 74 79 80 84 85 86 89 98 
3 7 10 12 23 25 30 32 36 42 44 46 47 58 69 71 74 79 80 84 85 86 98 
3 7 10 12 23 25 28 30 32 36 42 44 46 47 58 69 71 74 79 80 84 85 86 98 
2 3 7 10 12 23 25 30 32 36 42 46 47 58 69 71 74 79 80 84 85 86 98 
2 3 7 10 12 23 25 30 32 36 42 46 47 58 69 71 74 79 80 84 85 86 98 
2 3 7 10 12 23 25 30 32 36 42 46 47 58 69 71 74 79 80 84 85 86 98 
2 3 7 10 12 21 23 25 30 32 36 42 46 47 58 69 71 74 79 80 84 85 86 98 
2 3 7 10 12 21 23 25 30 32 36 42 46 47 58 69 71 74 79 80 84 85 86 98 
2 3 7 10 12 21 23 25 30 32 36 42 46 47 58 69 71 74 79 80 84 85 86 98 
2 3 7 10 12 21 23 25 30 32 36 42 46 47 58 59 69 71 74 79 80 84 85 86 98 
2 3 7 10 12 21 23 25 30 32 36 42 46 47 58 59 69 71 74 79 80 84 85 86 98 
2 3 7 10 12 19 21 23 25 32 36 42 46 47 58 59 69 71 74 79 80 84 85 86 98 
2 3 7 10 12 19 21 23 25 32 36 42 46 47 58 59 69 71 74 79 80 84 85 86 98 
2 3 7 10 12 19 21 23 25 32 36 42 46 47 58 59 69 71 74 79 80 84 85 86 98 
2 3 7 10 12 19 21 23 25 32 36 42 46 47 58 59 69 71 74 79 80 84 85 86 98 
2 3 7 10 12 19 21 23 25 32 36 42 46 47 59 69 71 74 79 80 84 85 86 93 98 
2 3 7 10 12 19 21 23 25 32 36 42 43 46 47 59 69 71 74 79 80 84 85 86 93 98 
2 3 7 10 12 19 21 23 25 32 36 42 43 46 47 59 69 71 74 79 80 84 85 86 93 98 
3 7 10 12 15 19 21 23 25 36 42 43 46 47 59 69 71 74 79 80 84 85 86 93 98 
3 7 10 12 15 19 21 23 25 36 42 43 46 47 59 69 71 74 79 80 84 85 86 93 98 
3 7 10 12 15 19 21 23 25 36 42 43 46 47 59 69 71 74 79 80 84 85 86 93 98 
3 7 10 12 15 19 21 23 25 36 42 43 46 47 59 69 71 74 79 80 84 85 86 93 98 
3 7 10 12 15 19 21 23 25 36 42 43 46 47 55 59 69 71 74 79 80 84 85 86 93 98 
3 7 10 12 15 19 21 23 25 36 42 43 46 47 55 59 69 71 74 79 80 84 85 86 93 98 
10 12 19 21 23 25 36 42 43 46 47 55 59 69 71 74 79 80 84 85 86 93 95 98 
10 12 19 21 23 25 36 42 43 46 47 50 55 59 69 71 79 80 84 85 86 93 95 98 
10 12 19 21 23 25 36 42 43 46 47 50 55 59 69 71 79 80 84 85 86 93 95 98 
10 12 19 21 23 25 36 42 43 46 47 55 59 69 71 79 80 84 85 86 87 93 95 98 
10 12 13 19 21 23 25 36 42 43 46 47 55 59 69 71 79 80 84 85 86 93 95 98 
10 12 13 19 21 23 25 36 42 43 46 47 55 59 69 71 79 80 84 85 86 93 95 98 
10 12 13 19 21 23 25 36 42 43 46 47 55 59 69 71 79 80 84 85 86 93 95 98 
10 12 13 19 21 23 25 36 42 43 46 47 55 59 69 71 79 80 84 85 86 93 95 98 
10 12 13 16 19 21 23 25 42 43 46 47 55 59 69 71 79 80 84 85 86 93 95 98 
10 12 13 16 19 21 23 25 42 43 46 47 55 59 69 71 79 80 84 85 86 93 95 98 
10 12 13 16 19 21 23 25 42 43 46 47 55 59 69 71 79 80 84 85 86 93 95 98 
10 12 13 16 19 21 23 25 42 43 46 47 55 59 69 71 79 80 84 85 86 93 95 98 
10 12 13 16 19 21 23 25 42 43 46 47 55 59 69 71 79 80 84 85 86 93 95 98 
10 12 13 16 19 21 23 25 27 42 43 46 47 55 59 69 71 79 80 84 85 86 93 95 98 
10 12 13 16 19 21 23 25 27 42 43 46 47 55 59 69 71 79 80 84 85 86 93 95 98 
10 12 13 19 21 23 25 27 42 43 46 47 55 59 66 69 71 79 80 84 85 86 93 95 98 
10 12 13 19 21 23 25 27 42 43 46 47 55 59 66 67 69 71 79 80 84 85 86 93 95 98 
10 12 13 19 21 23 25 27 42 43 46 47 55 59 66 67 69 71 79 80 84 85 86 93 95 98 
1 10 12 13 21 23 25 27 42 43 46 47 55 59 66 67 69 71 79 84 85 86 93 95 98 
1 10 12 13 21 23 25 27 42 43 46 47 55 59 66 67 69 71 79 84 85 86 93 95 98 
1 10 12 13 21 23 25 27 42 43 46 47 49 55 59 66 67 69 71 79 84 85 86 93 95 98 
1 10 12 13 21 23 25 27 42 43 46 47 49 55 59 66 67 69 71 79 84 85 86 93 95 98 
1 10 12 13 21 23 25 27 42 43 46 47 49 55 59 66 67 69 71 79 84 85 86 93 95 98 
1 10 12 13 21 23 25 27 42 43 46 47 49 55 59 66 67 69 71 79 84 85 86 93 95 98 
1 10 12 13 21 23 25 27 42 43 46 47 49 55 59 66 67 69 71 79 84 85 86 93 95 98 
1 10 12 13 21 23 25 27 42 43 46 47 49 55 59 66 67 69 71 79 84 85 86 93 95 98 
10 13 21 23 25 27 42 43 46 47 49 55 59 66 67 69 71 79 84 85 86 93 94 95 98 
10 13 21 23 25 27 29 42 43 46 47 49 55 59 66 67 69 71 79 84 85 86 93 94 95 98 
10 13 21 23 25 27 29 42 43 46 47 49 55 59 66 67 69 71 79 84 85 86 93 94 95 98 
10 13 21 23 25 27 29 42 43 46 47 49 55 59 66 67 69 71 79 84 85 86 93 94 95 98 
10 13 21 23 25 27 29 42 43 47 49 55 59 66 67 69 71 79 84 85 86 90 93 95 98 
10 13 21 23 25 27 29 42 43 47 49 55 59 64 66 67 69 71 79 84 85 86 93 95 98 
10 13 21 23 25 27 29 42 43 47 49 52 55 59 64 66 67 69 71 79 84 85 86 93 95 98 
10 13 21 23 25 27 29 42 43 47 49 52 55 57 59 64 66 67 69 71 79 84 85 86 93 95 
10 21 23 25 27 29 42 43 47 49 52 55 57 59 64 66 67 69 71 79 84 85 86 93 95 99 
10 20 21 23 25 27 29 42 43 47 49 52 55 57 59 64 66 67 69 71 79 84 85 86 93 95 99 
10 20 21 23 25 27 29 42 43 47 49 52 55 57 59 64 66 67 69 71 79 84 85 86 93 95 99 
10 21 23 25 27 29 42 43 47 49 52 55 57 59 64 66 67 69 70 71 79 84 85 86 93 95 
10 21 23 25 27 29 42 43 47 49 52 55 57 59 64 66 67 69 70 71 79 84 85 86 93 95 
10 21 23 25 27 29 31 42 43 47 49 52 55 57 59 64 66 67 69 70 71 79 84 85 86 93 95 
10 21 23 25 27 29 31 42 43 47 49 52 55 57 59 64 66 67 69 70 71 79 81 84 85 86 93 95 
10 21 23 25 27 29 31 42 43 47 49 52 55 57 59 64 66 67 69 70 71 79 81 84 85 86 93 95 
10 21 23 25 27 29 31 42 43 47 49 52 55 57 59 64 66 67 69 70 71 79 81 84 85 86 93 95 
10 21 23 25 27 29 31 42 43 47 49 52 55 57 59 64 66 67 69 70 71 79 81 84 85 86 93 95 
5 10 21 23 25 27 29 31 42 43 47 49 52 55 57 59 64 66 67 69 70 71 79 84 86 93 95 
5 10 21 23 25 27 29 31 42 43 47 49 52 55 57 59 64 66 67 69 70 71 79 84 86 93 95 
5 10 21 23 25 27 29 31 42 43 47 49 52 55 57 59 64 66 67 69 70 71 79 84 86 93 95 
5 10 21 23 25 27 29 31 42 43 47 49 52 55 57 59 64 66 67 69 70 71 79 84 86 93 95 
5 10 21 23 25 27 29 31 42 43 47 49 52 55 57 59 64 66 67 69 70 71 79 84 86 93 95 
5 10 21 23 25 27 29 31 42 43 47 49 52 55 57 59 64 66 67 69 70 71 79 84 86 93 95 
5 10 21 23 25 27 29 31 42 43 47 49 52 55 57 59 64 66 67 69 70 71 79 84 86 93 95 
5 21 23 25 27 29 31 42 43 47 49 52 55 57 59 64 66 67 69 70 71 79 84 86 93 95 97 
5 21 23 25 27 29 31 42 43 47 49 52 55 57 59 64 66 67 69 70 71 79 84 86 93 95 97 
5 21 23 25 27 29 31 42 43 47 49 52 55 57 59 63 64 66 67 69 70 71 79 84 86 93 95 97 
5 21 23 25 27 29 31 42 43 47 49 52 55 57 59 63 64 66 67 69 70 71 79 84 86 93 95 97 
5 21 23 25 27 29 31 42 43 47 49 52 55 57 59 63 64 66 67 69 70 71 79 84 86 93 95 97 
5 17 21 23 25 27 29 31 42 43 47 49 52 55 59 63 64 66 67 69 70 71 79 84 86 93 95 
17 21 23 25 27 29 31 42 43 47 49 52 55 59 63 64 66 67 69 70 71 79 84 86 91 93 95 
17 21 23 25 27 29 31 42 43 47 49 52 55 59 63 64 66 67 69 70 71 79 84 86 91 93 95 
17 21 23 25 27 29 31 42 43 47 49 52 55 59 63 64 66 67 69 70 71 79 84 86 91 93 95 
17 21 23 25 27 29 31 42 43 47 49 52 55 59 63 64 66 67 69 70 71 79 84 86 91 93 95 
17 21 23 25 27 29 31 42 43 47 49 52 55 59 63 64 66 67 69 70 71 79 84 86 91 93 95 
17 21 23 25 27 29 31 42 43 47 49 55 59 66 67 69 70 71 79 84 86 91 93 95 100 
17 21 23 25 27 29 31 42 43 47 49 54 55 59 66 67 69 70 71 79 84 86 91 93 95 100 
17 21 23 25 27 29 31 42 43 47 49 54 55 59 66 67 69 70 71 79 84 86 91 93 95 100 
17 21 23 25 27 29 31 42 43 47 49 54 55 59 66 67 69 70 71 79 84 86 91 93 95 100 
17 21 23 25 27 29 31 42 43 47 49 54 55 59 66 67 69 70 71 79 84 86 91 93 95 100 
17 21 23 25 27 29 31 33 42 43 47 49 54 55 59 66 67 69 70 71 79 84 86 91 93 95 
4 17 21 23 25 27 29 31 42 43 47 49 54 55 59 66 67 69 70 71 79 84 86 91 93 95 
4 17 21 23 25 27 29 31 42 43 47 49 54 55 59 66 67 69 70 71 79 84 86 91 93 95 
4 17 21 23 25 27 29 31 42 43 47 49 54 55 59 66 67 68 69 70 71 79 84 86 91 93 95 
4 17 21 23 25 27 29 31 42 43 47 49 53 54 55 66 67 69 70 71 79 84 86 91 93 95 
4 17 21 23 25 27 31 42 43 44 47 49 54 55 66 67 69 70 71 79 84 86 91 93 95 
4 17 21 23 25 27 31 42 43 44 47 49 51 54 55 66 67 69 70 71 79 84 86 91 93 95 
4 17 21 23 25 27 31 42 43 44 47 49 51 54 55 66 67 69 70 71 79 84 86 91 93 95 
4 17 21 23 25 27 31 42 43 44 47 49 51 54 55 66 67 69 70 71 76 79 84 86 91 93 95 
4 17 21 23 25 27 31 39 42 43 47 49 51 54 55 66 67 70 71 76 79 84 86 91 93 95 
4 6 17 21 23 25 27 31 39 42 43 47 49 51 54 55 66 67 70 71 76 79 84 86 91 93 95 
4 6 17 21 23 25 27 31 39 42 43 47 49 51 54 55 66 67 70 71 76 79 84 86 91 93 95 
4 6 17 21 23 25 27 31 39 42 43 47 49 51 54 55 66 67 70 71 76 79 84 86 91 93 95 
4 6 17 21 23 25 27 31 39 42 43 47 49 51 54 55 66 67 70 71 76 79 84 86 91 93 95 
4 6 17 21 23 25 27 31 39 42 43 47 49 51 54 55 66 67 70 71 76 79 84 86 91 93 95 
4 17 21 25 27 31 39 42 47 49 51 54 55 62 66 67 70 71 76 79 84 86 91 93 95 
4 17 21 25 27 31 39 42 47 49 51 54 55 62 66 67 70 71 76 79 84 86 91 93 95 
4 17 25 27 31 39 42 47 49 51 54 55 62 66 67 70 71 76 79 82 84 86 93 95 
4 17 25 27 31 39 42 47 49 51 54 55 62 66 67 70 71 76 79 82 84 86 93 95 
4 17 25 27 31 39 42 47 49 51 54 55 62 66 67 70 71 76 79 82 84 86 93 95 
4 17 25 27 31 39 42 47 49 51 54 55 62 66 67 70 71 76 79 84 86 92 93 95 
4 17 25 27 31 39 42 47 49 51 54 55 62 66 67 70 71 76 79 84 86 92 93 95 
4 17 25 27 31 39 42 45 47 49 51 54 55 62 66 67 70 71 76 79 84 86 92 93 95 
4 17 25 27 31 39 42 45 47 49 51 54 55 62 66 67 70 71 76 79 84 86 92 93 95 
4 17 25 27 31 39 42 45 47 49 51 54 55 62 66 67 70 71 76 79 84 86 92 93 95 
4 17 25 27 31 39 42 45 47 49 51 54 55 62 66 67 70 71 76 79 84 86 92 93 95 
4 17 25 27 31 39 42 45 47 49 51 54 55 62 66 67 70 71 76 79 84 86 92 93 95 
4 17 25 27 31 39 42 45 47 49 51 54 55 62 66 67 70 71 76 79 84 86 92 93 95 
4 17 25 27 31 39 42 45 47 49 51 54 55 61 62 67 70 76 79 84 86 92 93 95 
4 17 25 27 31 39 42 45 47 49 51 54 55 61 62 67 70 76 79 84 86 92 93 95 
4 17 25 27 31 39 42 45 47 49 51 54 55 61 62 67 70 76 79 84 86 92 93 95 
4 17 25 27 31 39 42 45 47 49 51 54 55 61 62 67 70 76 77 79 84 86 92 93 95 
4 17 25 27 31 39 42 45 47 49 51 54 55 61 62 67 70 76 77 79 84 86 92 93 95 
4 17 25 27 31 39 42 45 47 49 51 54 55 61 62 67 70 76 77 79 84 86 92 93 95 
4 17 25 27 31 39 42 45 47 49 51 54 55 61 62 67 70 76 77 79 84 86 92 93 95 
4 17 25 27 31 39 42 45 47 49 51 54 55 61 62 67 70 76 77 79 84 86 92 93 95 
4 17 25 27 31 39 42 45 47 49 51 54 55 61 62 67 70 76 77 79 84 86 92 93 95 
4 17 25 27 31 39 42 45 47 49 51 54 55 61 62 67 70 76 77 79 84 86 92 93 95 
17 25 27 39 42 45 47 49 51 54 55 61 62 67 70 74 76 79 84 86 92 93 95 
17 25 27 39 42 45 47 49 51 54 55 61 62 67 70 74 76 79 84 86 92 93 95 
17 25 27 39 42 45 47 49 51 54 55 61 62 67 70 74 76 79 84 86 92 93 95 
17 25 27 39 42 45 47 49 51 54 55 61 62 67 70 74 76 79 84 86 92 93 95 
17 25 27 39 42 45 47 49 51 54 55 61 62 67 70 74 76 79 84 86 92 93 95 
17 25 27 39 42 45 47 49 51 54 55 61 62 67 70 74 76 79 84 86 92 93 95 
17 25 27 39 42 45 47 49 51 54 55 61 62 67 70 74 76 79 84 86 92 93 95 
17 25 27 39 42 45 47 49 51 54 55 61 62 67 70 74 76 79 84 86 92 93 95 
17 25 27 39 42 45 47 49 51 54 55 61 62 67 70 74 76 79 84 86 92 93 95 
13 17 25 27 39 42 45 47 49 51 54 55 61 62 67 70 74 76 79 84 86 93 95 
13 17 25 27 42 45 47 49 54 55 61 62 67 70 74 76 79 84 86 93 95 99 
13 17 25 27 42 45 47 49 54 55 61 62 67 70 74 76 79 84 86 88 93 95 99 
13 17 25 27 42 45 47 49 54 55 61 62 67 70 74 76 79 84 86 88 93 95 99 
17 25 27 42 45 47 49 54 55 61 62 67 70 73 74 76 79 84 86 93 95 99 
17 25 27 42 45 47 49 54 55 61 62 67 70 73 74 76 79 84 86 93 95 98 99 
17 25 27 42 45 47 49 54 55 61 62 67 70 73 74 76 79 84 86 93 95 98 99 
17 25 27 42 45 47 49 54 55 61 62 67 70 73 74 76 79 84 86 93 95 98 99 
17 25 27 41 42 45 47 49 54 55 61 62 67 73 74 76 79 84 86 93 95 98 99 
17 25 27 41 42 45 47 49 54 55 61 62 67 73 74 76 79 84 86 93 95 98 99 
17 25 27 41 42 45 47 49 54 55 61 62 67 73 74 76 79 84 86 93 95 98 99 
17 25 27 41 42 45 47 49 54 55 61 62 67 73 74 76 79 84 86 91 93 95 98 
17 25 27 41 42 45 47 49 54 55 61 62 67 73 74 76 79 84 86 91 93 95 98 
17 25 27 41 42 45 47 49 54 61 62 67 73 74 76 79 84 86 91 93 94 95 98 
17 25 27 41 42 45 47 49 54 61 62 67 73 74 76 79 83 84 86 91 93 94 95 98 
17 25 27 41 42 45 47 49 54 61 62 67 73 74 76 79 83 84 86 91 93 94 95 98 
17 25 27 41 42 45 47 49 54 61 62 67 73 74 76 79 83 84 86 91 93 94 95 98 
17 25 27 41 42 45 47 49 54 61 62 67 69 73 74 76 79 83 84 86 93 94 95 98 
11 17 25 27 41 42 45 47 49 54 61 62 67 69 73 74 76 79 83 84 86 93 94 95 98 
11 17 25 26 27 41 42 45 47 49 61 62 67 73 74 76 79 83 84 86 93 94 95 98 
2 11 17 25 26 27 41 42 45 47 49 61 62 67 73 74 76 83 84 86 93 94 95 98 
2 11 17 25 26 27 41 42 45 47 49 61 62 67 73 74 76 83 84 86 93 94 95 98 
2 11 17 25 26 27 41 42 45 47 49 61 62 67 73 74 76 83 84 86 93 94 95 98 
2 11 17 25 26 27 41 42 45 47 49 61 62 67 73 74 76 83 84 86 93 94 95 98 
2 11 17 25 26 27 41 42 45 47 49 61 62 67 73 74 76 83 84 86 93 94 95 98 
2 11 17 25 26 27 41 42 45 47 49 61 62 67 73 74 76 83 84 86 93 94 95 98 
11 17 25 26 27 36 41 42 45 47 49 61 62 67 73 74 76 83 84 86 93 94 95 98 
11 17 25 26 27 36 41 42 45 47 49 61 62 67 73 74 76 83 84 86 93 94 95 98 
11 17 25 26 27 36 41 42 45 47 49 61 62 67 73 74 76 83 84 86 93 94 95 98 
11 17 25 26 27 36 42 47 49 61 62 67 73 74 76 78 83 84 86 93 94 95 98 
11 17 25 26 27 29 36 42 47 49 61 62 67 73 74 76 78 83 84 86 93 94 95 98 
11 17 19 25 26 27 42 47 49 61 62 67 73 74 76 78 83 84 86 93 94 95 98 
11 17 19 25 26 27 42 47 49 61 62 67 72 73 74 76 78 83 84 86 93 94 95 98 
7 11 17 25 26 27 42 47 49 61 62 67 72 73 74 76 78 83 84 86 93 94 95 98 
7 11 17 25 26 27 42 47 49 61 62 67 72 73 74 76 78 80 83 84 86 93 94 95 98 
7 11 17 25 26 27 42 47 49 61 62 67 73 74 75 76 78 80 83 84 86 93 94 95 98 
7 11 17 25 26 27 42 43 47 49 61 62 67 73 74 75 76 78 80 83 84 86 93 94 95 98 
7 11 17 25 26 27 42 47 49 59 61 62 67 73 74 76 78 80 83 86 93 94 95 98 
7 11 17 25 26 27 42 47 49 59 61 62 67 73 74 76 78 80 83 86 93 94 95 98 
7 11 17 25 26 27 40 42 47 49 59 61 62 67 73 74 76 78 80 83 86 93 94 95 98 
3 7 11 17 25 26 27 40 42 49 59 61 62 67 73 74 76 78 80 83 86 93 94 95 98 
3 7 11 17 25 26 27 40 42 49 59 61 62 67 73 74 76 78 80 83 86 93 94 95 98 
3 7 11 17 25 26 27 40 42 49 59 60 61 62 67 73 74 76 78 80 83 86 93 94 95 98 
3 7 11 17 25 26 27 40 42 49 59 60 61 62 67 73 74 76 78 80 83 86 93 94 95 98 
3 7 11 17 25 26 27 40 42 49 59 60 61 62 67 73 74 76 78 80 83 86 93 94 95 98 
7 11 17 25 26 27 40 42 49 53 59 60 61 62 67 73 74 76 78 80 83 93 94 95 98 
7 11 17 25 26 27 40 42 49 53 56 59 61 62 67 73 74 76 80 83 93 94 95 98 
7 11 17 25 26 27 40 42 49 53 56 59 61 62 67 73 74 76 80 83 93 94 95 98 
7 11 17 25 26 27 40 42 49 53 56 59 61 62 67 73 74 76 80 83 93 94 95 98 
7 11 17 25 26 27 40 42 49 53 56 59 61 62 67 73 74 76 80 83 93 94 95 98 
7 11 17 25 26 27 40 42 49 53 56 59 61 62 65 67 73 74 76 80 83 93 94 95 98 
7 11 17 25 26 27 30 40 49 53 56 59 61 62 65 67 73 74 76 80 93 94 95 98 
7 11 17 25 26 27 33 40 49 53 56 59 61 62 65 67 73 74 80 93 94 95 98 
7 11 17 25 26 27 33 40 49 53 56 59 61 62 65 67 73 74 80 93 94 95 98 
7 11 17 25 26 27 32 33 40 49 53 56 59 61 62 65 67 73 74 80 93 94 95 98 
7 11 17 25 26 27 32 33 40 49 53 56 59 61 62 65 67 73 74 80 93 94 95 98 
7 11 17 25 26 27 32 33 40 49 53 56 59 61 62 65 67 73 74 80 93 94 95 98 
7 11 17 25 26 27 32 33 40 49 53 56 59 61 62 65 67 73 74 80 81 93 94 95 98 
7 11 17 25 26 27 32 33 40 49 53 56 59 61 62 65 67 73 74 80 81 93 94 95 98 
7 8 11 17 25 26 27 32 33 40 49 53 59 61 62 65 67 73 74 80 81 93 94 95 98 
7 8 11 17 25 26 27 32 33 40 49 53 59 61 62 65 67 73 74 80 81 93 94 95 98 
7 8 11 17 25 26 27 32 33 40 49 53 59 61 62 65 67 73 74 80 81 93 94 95 98 
7 8 11 17 25 26 27 32 33 40 49 53 59 61 62 65 67 73 74 80 81 93 94 95 98 
7 8 11 17 25 26 27 32 33 40 49 53 59 61 62 65 67 73 74 80 81 93 94 95 98 
7 8 11 17 25 26 27 32 33 40 49 53 59 61 62 65 67 73 74 80 81 93 94 95 98 
7 8 11 17 25 26 27 32 33 40 49 53 59 61 62 65 67 73 74 80 81 93 94 95 98 
7 8 11 17 25 26 27 32 33 40 49 53 58 59 61 62 65 67 73 74 80 81 93 94 95 98 
7 8 11 17 25 26 27 32 33 40 49 53 58 59 61 62 65 67 73 74 80 81 93 94 95 98 
7 8 11 17 20 25 26 27 32 33 40 49 53 58 59 61 65 67 73 74 80 81 93 94 95 98 
6 7 8 11 17 20 25 26 27 32 33 40 49 53 58 59 61 65 67 73 74 80 81 93 94 95 98 
6 7 8 11 12 17 20 25 26 27 32 33 40 49 53 59 61 65 67 73 74 80 81 93 94 95 98 
6 7 8 11 12 17 20 25 26 27 32 33 40 49 53 59 61 65 67 73 74 80 81 93 94 95 98 
6 7 8 11 12 17 20 25 26 27 32 33 40 49 53 59 61 65 67 73 74 80 81 93 94 95 98 
6 7 8 11 12 17 20 25 26 27 32 33 40 49 53 59 61 65 67 73 74 80 81 93 94 95 98 
6 7 8 11 12 17 20 25 26 27 32 33 40 49 53 59 61 65 67 73 74 80 81 93 94 95 98 
6 7 11 12 17 25 26 27 32 33 35 40 49 53 59 61 65 67 73 74 80 81 93 94 95 98 
6 7 11 12 17 25 27 32 33 40 49 53 59 61 64 65 67 73 74 80 81 93 94 95 98 
6 7 11 12 17 25 27 32 33 40 49 53 59 61 64 65 67 73 74 80 81 93 94 95 98 
6 7 11 12 17 25 27 32 33 40 49 53 59 61 64 65 67 73 74 80 81 93 94 95 98 
1 6 7 11 12 17 25 27 32 33 40 49 53 59 61 64 65 67 73 74 80 81 93 94 95 98 
1 6 7 11 12 17 25 27 32 33 40 46 49 53 59 61 64 65 67 73 74 80 81 93 94 95 98 
1 6 7 11 12 17 25 27 32 33 40 46 49 53 59 61 65 67 74 80 81 93 94 95 96 98 
1 6 7 11 12 17 25 27 32 33 40 46 48 49 53 59 61 65 67 74 80 81 93 94 95 96 98 
1 6 7 11 12 17 25 27 32 33 40 46 48 49 53 59 61 65 67 74 80 81 93 94 95 96 98 
1 6 7 11 12 17 25 27 32 33 40 46 48 49 53 59 61 65 67 74 80 81 93 94 95 96 98 
1 6 7 11 12 16 17 25 27 32 33 40 46 48 49 53 59 61 65 67 74 80 81 93 94 95 98 
1 6 7 11 12 16 17 25 27 32 33 40 46 49 50 53 61 65 67 74 80 81 93 94 95 98 
1 6 7 11 12 16 17 25 27 32 33 40 46 49 50 53 61 65 67 74 80 81 93 94 95 98 
1 6 7 11 12 16 17 25 27 32 33 40 46 49 50 53 61 65 67 74 80 81 93 94 95 98 
1 6 7 11 12 16 17 25 27 32 33 40 46 49 50 53 61 65 67 74 80 81 93 94 95 98 
1 6 7 11 12 15 16 17 25 27 32 33 40 46 49 50 53 61 65 67 74 80 81 93 94 95 98 
1 6 7 11 12 15 16 17 25 27 32 33 40 46 49 50 53 61 65 67 74 80 81 93 94 95 98 
1 6 7 11 12 15 16 17 25 27 32 33 40 46 49 50 53 61 65 67 74 80 81 93 94 95 98 
1 6 7 11 12 15 16 17 25 27 32 33 40 46 49 50 52 53 61 65 67 74 80 81 93 94 95 98 
1 6 7 11 12 15 16 17 25 27 32 33 40 46 49 50 52 53 61 65 67 74 80 81 93 94 95 98 
1 6 7 11 12 15 16 17 25 27 32 33 40 46 49 50 52 53 61 65 67 74 80 81 93 94 95 98 
1 6 7 11 12 15 16 17 25 27 32 33 40 46 49 50 52 53 61 65 67 74 80 81 93 94 95 98 
1 6 7 11 12 15 16 17 25 27 32 33 40 46 49 50 52 53 61 63 65 67 74 81 94 95 98 
1 6 7 11 12 15 16 17 25 27 32 33 40 46 49 52 53 61 63 65 67 74 94 95 98 100 
1 6 7 11 12 15 16 17 25 27 32 33 40 46 49 52 53 61 63 65 67 74 82 94 95 98 100 
1 6 7 11 12 15 16 17 25 27 32 33 40 46 49 52 53 61 63 65 67 74 82 94 95 98 100 
1 6 7 11 12 15 16 17 23 25 27 32 33 40 46 49 52 53 61 63 65 67 74 94 95 98 100 
1 6 7 11 12 15 16 17 23 25 27 32 33 40 46 49 52 53 61 63 65 67 74 94 95 98 100 
1 6 7 11 12 15 16 17 23 25 27 32 33 34 40 46 49 52 53 61 63 65 67 74 94 95 98 100 
1 6 7 11 12 15 16 17 23 25 27 32 33 34 40 46 49 52 53 61 63 65 67 74 94 95 98 100 
6 7 11 12 16 17 23 25 27 30 32 33 40 46 49 53 61 63 65 67 74 94 95 98 100 
6 7 11 12 16 17 23 25 27 32 33 40 46 49 53 61 63 65 67 74 79 94 95 98 100 
5 6 7 11 12 16 17 23 25 32 33 40 46 49 53 61 63 65 67 74 79 94 95 98 100 
5 6 7 11 12 16 17 23 25 32 33 40 46 49 53 61 63 65 67 74 79 94 95 98 100 
5 6 7 11 16 17 23 25 32 33 40 46 49 53 57 61 63 65 67 74 79 94 95 98 100 
1 5 6 7 11 16 17 23 25 32 33 40 46 49 53 57 61 63 65 67 74 79 94 95 98 100 
1 5 6 7 11 16 17 23 25 32 33 40 46 49 53 61 63 65 67 74 76 79 94 95 98 100 
1 5 6 7 11 16 17 23 25 32 33 40 46 49 53 61 63 65 67 74 76 79 94 95 98 100 
1 6 7 11 16 17 23 25 32 33 40 46 49 53 63 65 67 74 76 78 79 94 95 98 100 
1 6 7 11 16 17 23 25 32 33 40 46 49 53 63 65 67 74 76 78 79 84 94 95 98 100 
1 6 7 11 16 17 23 25 32 33 40 46 49 53 63 65 67 74 76 78 79 93 94 95 98 100 
1 6 7 11 16 17 23 32 33 40 46 49 53 54 63 65 67 74 76 78 79 93 95 98 100 
1 6 7 11 16 17 23 32 33 40 46 49 53 54 63 65 67 74 76 78 79 93 95 98 100 
1 6 7 11 16 17 22 23 32 33 40 46 49 53 54 63 65 67 74 76 78 79 93 95 98 100 
1 6 7 11 16 17 22 23 32 33 40 46 49 53 54 63 65 67 74 76 78 79 93 95 98 100 
1 6 7 11 16 17 22 23 32 33 40 46 49 53 54 63 65 67 74 76 78 79 93 95 98 100 
1 6 7 11 16 17 22 23 32 33 40 46 49 53 54 63 65 67 74 76 78 79 93 95 98 100 
1 6 7 11 16 17 22 23 32 33 40 46 49 53 54 63 65 67 74 76 78 79 93 95 98 100 
1 6 7 11 16 17 22 23 32 33 40 46 49 53 54 63 65 67 74 76 78 79 93 95 98 100 
1 6 7 11 16 17 23 32 33 36 40 46 49 53 54 63 65 67 74 76 78 79 93 95 98 
1 6 7 11 16 17 23 32 33 36 40 46 49 53 54 63 65 67 74 76 78 79 93 95 98 
1 6 7 11 13 16 17 23 32 33 36 40 46 49 53 54 63 65 67 74 76 78 79 93 98 
1 6 7 11 16 17 23 32 33 36 40 44 46 49 53 54 63 65 67 74 76 78 79 93 98 
1 6 7 11 16 17 23 32 33 36 40 42 44 46 49 53 54 63 65 67 74 76 78 79 93 98 
6 7 11 16 17 23 32 33 36 40 44 46 49 53 54 63 65 67 74 76 78 79 87 93 98 
6 7 11 16 17 23 32 33 36 40 43 44 46 49 53 54 63 65 67 74 76 78 79 87 93 98 
6 7 11 16 17 23 32 33 36 40 43 44 46 49 53 54 63 65 67 74 76 78 79 87 93 98 
6 7 11 16 23 32 33 36 40 43 44 46 49 53 63 65 67 74 76 78 79 87 93 98 99 
6 7 11 16 23 32 33 36 39 40 43 44 46 49 53 63 65 67 74 76 78 79 87 93 98 
6 7 11 16 23 29 32 33 36 39 40 43 44 46 49 53 63 65 67 74 76 78 79 87 93 98 
6 7 11 16 23 29 32 33 36 39 40 43 44 46 49 53 63 65 67 74 76 78 79 87 93 98 
6 7 11 16 23 29 32 33 36 39 40 43 44 46 49 53 63 65 67 74 76 78 79 87 93 98 
6 7 11 16 23 29 32 33 36 39 40 43 44 46 49 53 63 65 67 74 76 78 79 87 93 98 
6 7 11 16 23 29 32 33 36 39 40 43 44 46 49 53 63 65 67 74 76 78 79 87 93 98 
6 7 11 16 23 29 32 33 36 39 40 43 44 46 49 53 63 65 67 74 76 78 79 87 93 98 
6 7 11 16 23 29 32 33 36 39 40 43 44 46 49 53 63 65 67 74 76 78 79 87 93 98 
6 7 11 16 23 29 32 33 36 39 40 43 44 46 49 53 63 65 67 74 76 78 79 87 93 98 
6 7 11 16 23 29 32 33 36 39 40 43 44 46 49 53 63 65 67 74 76 78 79 87 93 98 
6 7 16 23 32 33 36 38 39 40 43 44 46 49 53 63 65 67 74 76 78 79 87 93 98 
6 7 16 23 32 33 36 38 39 40 43 44 46 49 53 63 65 67 74 76 78 79 87 93 98 
6 7 16 23 32 33 36 38 39 40 43 44 46 49 53 63 65 67 74 76 78 79 87 93 98 
6 7 16 23 32 33 36 38 39 40 43 44 46 49 53 63 65 67 74 76 78 79 87 93 98 
6 7 16 23 32 33 36 38 39 40 43 44 46 49 53 63 65 67 74 76 78 79 87 93 98 
6 7 16 23 32 33 36 38 39 40 43 44 46 47 49 53 63 65 67 74 76 78 79 87 98 
6 7 16 23 32 33 36 38 39 40 43 44 46 47 49 53 63 65 67 74 76 78 79 87 98 
6 7 16 23 32 33 36 38 39 40 43 44 46 47 49 53 63 65 67 74 76 78 79 87 98 
6 7 16 23 32 33 36 38 39 40 43 44 46 47 49 53 63 65 67 74 76 78 79 87 98 
6 7 16 23 32 33 36 38 39 40 43 44 46 47 49 53 63 65 67 74 76 78 79 87 98 
6 7 16 23 32 33 36 38 39 40 43 44 46 47 49 53 63 65 67 74 76 78 79 87 98 
6 7 16 23 32 33 36 38 39 40 43 44 46 47 49 53 63 65 67 72 74 76 79 87 98 
6 7 16 23 32 33 36 38 39 40 43 44 46 47 49 53 63 65 67 72 74 76 79 87 98 
6 7 10 16 23 32 33 36 38 39 40 43 44 46 47 49 53 63 65 67 74 76 79 87 98 
6 7 10 16 23 32 33 36 38 39 40 43 44 46 47 49 53 60 63 65 67 74 76 79 87 98 
6 7 10 16 23 32 33 36 38 39 40 43 44 46 47 49 53 60 63 65 67 74 76 79 87 98 
6 7 10 16 23 32 33 36 38 39 40 43 44 46 47 49 53 60 63 65 67 74 76 79 87 98 
6 10 16 19 23 32 33 36 38 39 40 43 44 46 47 49 53 60 63 65 74 76 79 87 98 
6 10 16 19 23 33 36 38 39 40 43 44 45 46 47 49 53 60 63 74 76 79 87 98 
6 10 16 19 23 33 36 38 39 40 43 44 45 46 47 49 53 60 63 74 76 79 87 98 
6 10 16 19 23 33 36 38 39 40 43 44 45 46 47 49 53 60 63 74 76 79 87 98 
6 10 16 19 23 33 36 38 39 40 43 44 45 46 47 49 51 53 60 63 74 76 79 87 98 
6 10 16 19 23 33 36 38 39 40 43 44 46 47 49 51 53 60 63 67 74 76 79 87 98 
6 10 16 19 23 33 36 38 39 40 43 44 46 47 49 51 53 60 63 67 74 76 79 87 98 
6 10 16 19 23 28 33 36 38 39 40 43 46 47 49 51 53 60 74 76 79 87 98 
6 10 16 19 23 28 33 36 38 39 40 43 46 47 49 51 53 60 74 76 79 87 88 98 
6 10 16 19 23 33 36 38 39 40 43 46 47 49 51 53 56 60 74 76 79 87 88 98 
6 10 16 19 23 33 36 38 39 40 43 46 47 49 51 53 56 60 74 76 79 87 88 89 98 
6 10 16 19 23 33 36 38 39 40 43 46 47 49 51 53 56 60 74 76 79 87 88 89 98 
6 10 16 19 23 33 36 38 39 40 43 46 47 49 51 53 56 60 74 76 79 87 88 89 98 
6 10 16 19 23 33 36 38 39 40 43 46 47 49 51 53 56 60 74 76 79 87 88 89 98 
6 10 16 19 23 33 36 38 39 40 43 46 47 49 51 53 56 60 74 76 79 87 88 89 98 
6 10 16 19 23 24 33 36 38 39 40 43 46 47 49 51 53 60 74 76 79 87 88 89 98 
6 10 16 19 23 24 33 36 38 39 40 43 46 47 49 51 53 60 74 76 79 87 88 89 98 
6 10 16 19 23 33 35 36 38 39 40 43 46 47 49 51 53 60 74 76 79 87 89 98 
6 10 16 19 23 33 35 36 38 39 40 43 46 47 49 51 53 60 74 76 79 87 89 98 
6 10 16 19 23 33 35 36 38 39 40 43 46 47 49 51 53 60 74 76 79 87 89 98 
6 10 16 18 19 23 33 35 36 38 39 40 46 47 49 51 53 60 74 76 79 89 98 
6 10 16 18 19 23 26 33 35 36 38 39 40 46 47 49 51 53 60 74 76 79 89 98 
6 10 16 18 19 23 26 33 35 36 38 39 40 46 47 49 51 53 60 74 76 79 89 98 
6 10 16 18 19 23 26 33 35 36 38 39 40 46 47 49 51 53 60 74 76 79 89 98 
6 10 16 18 19 23 26 33 35 36 38 39 40 46 47 49 51 53 60 74 76 79 89 98 
6 10 16 18 19 23 26 33 35 36 38 39 40 46 47 49 51 53 60 74 76 79 89 98 
6 10 16 17 18 19 23 26 33 35 36 38 39 46 47 49 51 53 60 74 76 79 89 98 
6 10 16 17 18 19 23 26 33 35 36 38 39 46 47 49 51 53 60 74 76 79 89 98 
6 10 16 17 18 19 23 26 33 35 36 38 39 41 46 47 49 51 53 60 74 76 79 89 98 
6 10 16 17 18 19 23 26 33 35 36 38 39 41 46 47 49 51 53 60 74 76 79 89 98 
6 10 16 18 19 23 26 33 35 36 38 39 41 46 49 51 53 60 73 74 76 79 89 98 
6 10 16 18 19 23 26 33 35 36 38 39 41 46 49 51 53 60 73 74 76 79 89 98 
6 10 16 18 19 23 26 33 35 36 38 39 41 46 49 51 53 60 73 74 76 79 89 98 
6 10 16 18 19 23 26 33 35 36 38 39 41 46 49 51 53 54 60 73 74 76 79 89 98 
6 10 16 18 19 23 26 33 35 36 38 39 41 46 49 51 53 54 60 73 74 76 79 89 98 
6 10 16 18 19 23 26 33 35 36 38 39 41 46 49 51 53 54 60 73 74 76 79 89 98 
6 10 16 18 19 23 26 33 35 36 38 39 41 46 49 51 53 54 60 73 74 76 79 89 98 
1 6 10 16 18 19 23 26 33 35 36 38 39 41 46 49 51 53 60 73 74 76 79 89 98 
1 6 10 16 19 23 26 33 35 36 38 39 41 46 49 51 53 59 60 73 74 76 79 89 98 
1 6 10 16 19 20 23 26 33 35 36 38 39 41 46 49 51 53 59 60 73 74 76 79 89 98 
1 6 10 16 19 20 23 26 33 36 38 39 41 46 49 51 53 59 73 74 76 79 89 94 98 
1 6 10 16 19 20 23 26 33 36 38 39 41 46 49 51 53 59 73 74 76 79 89 94 98 
1 6 10 16 19 20 23 26 33 36 38 39 41 46 49 51 53 59 68 73 74 76 79 89 94 98 
1 6 10 16 19 20 23 25 26 33 36 38 39 41 46 49 51 53 59 68 73 74 76 79 89 94 98 
1 6 10 16 19 20 23 25 26 33 36 38 39 41 46 48 49 51 53 59 68 73 74 76 79 89 98 
1 6 10 16 19 20 23 25 26 33 36 38 39 41 46 48 49 51 53 61 73 74 76 79 89 98 
1 6 10 16 19 20 23 25 26 33 36 38 39 41 46 48 49 51 53 61 73 74 76 79 89 98 
1 6 10 16 19 20 23 25 26 33 36 38 39 41 46 48 49 51 53 61 73 74 76 79 89 98 
1 6 10 16 19 20 23 25 26 33 36 38 39 41 46 48 49 51 53 61 73 74 76 79 89 98 
1 6 10 16 19 20 23 25 33 36 38 39 41 46 48 49 51 53 61 64 73 74 79 89 98 
1 6 10 16 19 20 23 25 33 36 38 39 41 46 48 49 51 53 61 64 73 74 76 79 89 98 
1 6 8 10 16 19 20 23 25 33 36 38 39 41 46 48 49 51 53 61 64 73 79 89 98 
1 6 8 10 16 19 20 23 25 27 33 36 38 39 41 46 48 49 51 53 61 64 73 79 89 98 
1 6 8 10 16 19 20 23 25 27 33 36 38 39 41 46 48 49 51 53 61 64 73 79 89 98 
1 6 8 10 16 19 20 23 25 27 33 36 38 39 41 46 48 49 51 53 61 64 73 79 89 98 
1 6 8 10 16 19 20 23 25 27 36 38 39 41 46 48 49 51 53 61 64 69 73 79 89 98 
1 6 8 9 10 16 19 20 23 25 36 38 39 41 46 48 49 51 53 61 69 73 79 89 98 
1 6 8 9 10 16 19 20 23 25 36 38 39 41 46 48 49 51 53 61 69 73 79 89 98 
1 6 8 9 10 16 19 20 23 25 36 38 39 41 46 48 49 51 53 61 69 73 79 89 98 
1 6 8 9 10 16 19 20 23 25 36 38 39 41 46 48 49 51 53 61 69 73 79 89 98 
1 6 8 9 10 16 19 20 23 25 36 38 39 41 46 48 49 51 53 61 69 73 79 89 98 
1 6 8 9 10 16 19 20 23 25 36 38 39 41 46 48 49 51 53 61 69 73 79 89 98 
1 6 8 10 16 19 20 23 25 36 38 39 41 46 48 49 51 53 61 69 73 79 89 90 98 
1 6 8 10 16 19 20 23 25 36 38 39 41 46 48 49 51 53 61 69 73 79 89 90 98 
1 6 8 10 16 19 20 23 25 36 38 39 41 46 48 49 51 53 61 69 73 79 89 90 98 
1 6 8 10 16 19 20 23 25 36 38 39 41 46 48 49 51 53 61 69 73 79 89 90 98 
1 6 8 10 16 19 20 23 25 36 38 39 41 46 48 49 51 53 61 69 73 79 89 90 98 
1 6 8 10 16 19 20 23 25 36 38 39 41 46 48 49 51 53 61 69 73 79 89 90 98 
1 6 8 10 16 19 20 22 23 25 36 38 39 41 46 48 49 51 53 61 69 73 79 89 90 98 
1 6 8 10 16 19 20 22 23 25 36 38 39 41 46 48 49 51 53 61 69 73 79 89 90 98 
1 6 8 10 16 19 20 22 23 25 36 38 39 41 46 48 49 51 53 61 69 73 79 89 90 98 
1 6 8 10 16 19 20 22 23 25 36 38 39 41 46 48 49 51 53 61 69 73 79 89 90 98 
1 6 8 10 16 19 20 22 23 25 36 38 39 41 46 48 49 51 53 61 69 73 79 89 90 98 
1 6 8 10 16 19 20 22 23 25 36 38 39 41 46 48 49 51 52 53 69 73 79 89 90 98 
1 6 8 10 16 19 20 22 23 25 36 38 39 41 46 48 49 51 52 53 69 73 79 89 90 98 
1 6 8 10 16 19 20 22 23 25 36 38 39 41 46 48 49 51 52 53 69 73 79 89 90 98 
1 6 8 10 15 16 19 20 22 23 25 36 38 39 41 46 48 49 51 52 53 69 73 79 89 90 98 
1 4 6 8 10 16 19 20 22 23 25 36 38 39 41 46 48 49 51 52 53 69 73 79 89 90 
1 3 4 6 8 10 16 19 20 22 23 25 36 38 39 41 46 48 49 51 52 53 69 73 79 89 90 
1 4 6 8 10 16 19 20 22 23 25 36 38 39 41 44 46 48 49 51 52 53 69 73 79 89 
1 4 6 8 10 16 19 20 22 23 25 36 38 39 41 44 46 48 49 51 52 53 63 69 73 79 89 
1 4 6 8 10 16 19 20 22 23 25 36 38 39 41 44 46 48 49 51 52 53 63 69 73 79 89 
1 4 6 8 10 16 19 20 22 23 25 36 38 39 41 44 46 48 49 51 52 53 63 69 73 79 89 
1 4 6 8 10 16 19 20 22 23 25 36 38 39 41 46 48 49 50 51 52 63 69 73 79 89 
1 4 6 8 10 16 19 20 22 23 25 36 38 39 41 46 48 49 50 51 52 63 69 73 75 79 89 
1 4 6 8 10 16 19 20 22 23 25 36 38 41 46 48 49 50 51 52 63 69 73 75 79 85 89 
1 4 6 8 10 16 19 20 22 23 25 32 36 38 41 46 48 49 50 51 52 63 69 73 75 79 85 89 
1 4 6 8 10 16 19 20 22 23 25 32 36 38 41 46 48 49 50 51 52 63 69 73 75 77 79 85 89 
1 4 5 6 8 10 16 19 20 22 23 25 32 38 41 46 48 49 50 51 52 63 69 73 75 79 85 89 
1 4 5 6 8 10 16 19 20 22 23 25 32 38 41 46 48 49 50 51 52 63 69 73 75 79 85 89 98 
1 4 5 6 8 10 16 19 20 22 23 25 32 38 41 46 48 49 50 51 63 69 73 75 79 85 100 
1 4 5 6 8 10 16 19 20 22 23 25 31 32 38 41 46 48 49 50 51 63 69 73 75 79 85 100 
1 4 5 6 8 10 16 19 20 22 23 25 31 32 38 41 46 48 49 50 51 63 69 73 75 79 85 100 
1 4 5 6 8 10 16 19 20 22 23 25 31 32 38 41 46 48 49 50 51 63 69 73 75 79 85 100 
1 4 5 6 8 10 16 19 20 22 23 25 32 38 41 46 48 49 50 51 57 63 69 73 75 79 85 
1 4 5 6 8 10 16 19 20 22 23 25 32 38 41 46 48 49 50 51 57 63 69 73 75 79 85 
1 4 5 6 8 10 16 19 20 22 23 25 32 38 41 46 48 49 50 51 57 63 69 73 75 79 85 
1 4 5 6 8 10 16 19 20 22 23 25 32 38 41 46 48 49 50 51 57 63 69 73 75 79 85 
1 4 5 6 8 10 16 19 20 22 23 25 32 38 41 46 48 49 50 51 57 63 69 73 75 79 83 85 
1 4 5 6 8 10 16 19 20 22 23 25 32 38 41 46 48 49 50 51 57 63 69 73 75 79 83 85 
1 4 5 6 8 10 16 19 20 22 23 25 32 38 41 46 48 49 50 51 57 63 69 73 75 79 83 85 
1 4 5 6 8 10 16 19 20 22 23 25 32 38 41 46 48 49 50 51 57 63 69 73 75 79 83 85 
1 4 5 6 8 10 16 19 20 22 23 25 32 38 41 46 48 49 50 51 57 63 69 73 75 79 83 85 
1 4 5 6 8 10 16 19 20 22 23 25 32 38 41 46 48 49 50 51 57 63 69 73 75 79 83 85 
1 4 5 6 8 10 16 19 20 22 23 25 32 38 41 46 48 49 50 51 57 63 69 73 75 79 83 85 
1 4 5 6 8 16 19 22 23 25 32 38 41 46 48 49 50 51 57 63 69 73 75 79 82 83 85 
1 4 5 6 8 16 19 22 23 25 32 38 41 46 48 49 50 51 57 63 69 73 75 79 82 83 85 
4 5 6 8 16 19 22 23 25 32 38 41 46 48 49 50 51 63 69 73 75 79 82 83 85 91 
4 5 6 8 16 19 22 23 25 32 38 41 46 48 49 50 51 63 69 73 75 79 82 83 85 91 
4 5 6 8 16 19 22 23 25 32 38 41 46 48 49 50 51 63 69 73 75 79 82 83 85 91 
4 5 6 8 16 19 22 23 25 32 38 41 46 48 49 50 51 63 69 73 75 79 82 83 85 91 
4 5 6 8 16 22 23 32 38 41 46 48 49 50 51 63 69 73 75 79 82 83 85 88 91 
4 5 6 8 16 22 23 32 34 38 41 46 48 49 50 51 63 69 73 75 79 82 83 85 88 91 
4 5 6 8 16 22 23 32 34 38 41 46 48 49 50 51 63 69 73 75 79 82 83 85 88 91 
4 5 6 8 16 22 23 32 34 38 41 46 48 49 50 51 63 69 73 75 79 82 83 85 88 91 
4 5 6 8 16 22 23 32 34 38 41 46 48 49 50 51 63 69 73 75 79 82 83 85 88 91 
4 5 6 8 16 17 22 23 32 34 38 41 46 48 49 50 51 63 69 73 75 79 83 85 91 
4 5 6 8 16 17 22 23 32 34 38 41 46 48 49 50 51 63 69 73 75 79 83 85 91 
4 5 6 8 16 17 22 23 32 34 38 41 46 48 49 50 51 63 69 73 75 79 83 85 91 
4 5 6 8 16 17 22 23 32 34 38 41 46 48 49 50 51 63 69 73 75 79 83 85 91 
4 5 6 8 16 17 22 23 32 34 38 41 46 48 49 50 51 63 69 71 73 75 79 83 85 91 
4 5 6 8 16 17 22 23 32 34 38 41 46 48 49 50 51 63 69 71 73 75 79 83 85 91 
5 8 16 17 22 23 32 34 38 41 46 48 49 50 51 59 63 69 71 73 75 79 83 85 91 
5 8 16 17 22 23 32 34 38 41 46 48 49 50 51 59 63 69 71 73 75 79 83 85 91 
5 8 16 17 22 23 32 34 38 41 46 48 49 50 51 59 63 69 71 73 75 79 83 85 91 
5 8 16 17 22 23 32 34 38 41 46 48 49 50 51 59 63 69 71 73 75 79 83 85 91 
8 16 17 22 23 32 34 41 46 48 49 50 51 59 63 71 73 75 79 83 85 91 95 
8 16 17 22 23 32 34 41 46 48 49 50 51 59 63 71 73 75 79 83 85 91 95 
8 16 17 22 23 32 34 41 46 48 49 50 51 59 63 71 73 75 79 83 85 91 95 
8 16 17 22 23 32 34 41 46 48 49 50 51 56 59 63 71 73 75 79 83 85 91 95 
8 16 17 22 23 32 34 41 46 48 49 50 51 56 59 63 71 73 75 79 83 85 91 95 
8 16 17 22 23 32 34 41 46 48 49 50 51 56 59 63 71 73 75 79 83 85 91 95 
8 16 17 22 23 32 41 45 46 48 49 50 51 56 59 71 73 75 79 83 85 91 
8 16 17 22 23 32 41 45 46 48 49 50 51 56 59 68 71 73 75 79 83 85 91 
8 16 17 22 23 32 41 45 46 48 49 50 51 56 59 68 71 73 75 79 83 85 91 
8 16 17 22 23 32 41 45 46 48 49 50 51 56 59 68 71 73 75 79 83 85 91 
8 16 17 22 23 32 41 45 46 48 49 50 51 56 59 65 68 71 73 75 79 83 85 91 
8 16 17 22 23 32 41 45 46 48 49 50 51 56 59 65 68 71 73 75 79 83 85 91 
8 16 17 22 23 32 41 45 46 48 49 50 51 56 59 65 68 69 71 73 75 79 83 85 91 
8 16 17 22 23 28 32 41 45 46 48 49 50 51 56 65 68 69 73 75 79 83 85 91 
8 16 17 22 23 28 32 41 45 46 48 49 50 51 56 65 68 69 73 75 79 83 85 91 
8 16 17 22 23 28 32 41 45 46 47 48 49 50 51 56 65 68 69 73 75 79 83 85 91 
8 16 17 22 23 28 32 41 45 46 48 49 50 51 56 65 68 69 75 79 83 85 91 99 
8 16 17 22 23 28 32 41 45 46 48 49 50 51 56 65 68 69 75 79 83 85 91 99 
8 16 17 22 23 28 32 41 45 46 48 49 50 51 56 65 68 69 75 79 83 85 91 99 
8 16 17 22 23 28 32 41 45 46 48 49 50 51 56 65 68 69 75 79 83 85 91 99 
2 8 16 17 22 23 28 32 41 45 46 48 49 50 51 56 65 68 69 75 79 83 85 91 99 
8 16 17 22 23 28 32 41 45 46 48 49 51 56 65 68 69 73 75 83 85 91 99 
8 16 17 22 23 28 32 41 45 46 48 49 51 56 65 68 69 73 75 83 85 91 99 
8 16 17 22 23 28 32 41 45 46 48 49 51 56 65 68 69 73 75 83 85 91 99 
8 16 17 22 23 28 32 41 45 46 48 49 51 56 65 68 69 73 75 78 83 85 91 99 
8 16 17 22 23 28 32 41 45 46 48 49 51 56 65 68 69 73 75 78 83 85 91 99 
8 16 17 22 23 28 32 35 41 45 46 48 49 51 56 65 68 69 73 75 78 83 85 91 99 
8 16 17 22 23 28 32 37 41 45 46 48 49 56 65 68 69 73 78 83 85 91 99 
8 16 17 22 23 28 32 37 41 45 46 48 49 56 65 68 69 73 78 83 85 91 99 
8 16 17 22 23 28 32 37 41 45 46 48 49 56 65 68 69 73 78 83 85 91 99 
8 16 17 22 23 28 32 37 41 45 46 48 49 56 65 68 69 73 78 83 85 91 99 
8 16 17 22 23 28 32 37 41 45 46 48 49 56 65 68 69 73 78 83 85 91 99 
8 16 17 22 23 28 32 37 41 45 46 48 49 56 63 65 68 69 73 78 83 85 91 99 
8 16 17 22 23 28 32 37 41 45 46 48 49 56 63 65 68 69 73 78 83 85 91 99 
8 16 17 22 23 28 32 37 41 45 46 48 49 56 63 65 68 69 73 78 83 85 91 99 
8 16 17 22 23 28 32 37 41 45 46 48 49 56 63 65 68 69 73 78 83 85 91 99 
8 16 17 22 23 28 32 37 41 45 46 48 49 56 60 63 65 68 69 73 78 83 85 91 99 
6 8 16 17 22 23 28 32 37 41 45 46 48 49 56 60 63 65 68 69 73 78 83 85 91 99 
6 8 16 17 22 23 28 32 37 41 45 46 48 49 56 60 63 65 68 69 73 78 83 85 91 99 
6 8 16 17 22 23 28 32 37 41 45 46 48 49 56 60 63 65 68 69 73 78 83 85 91 99 
6 8 16 17 22 23 28 32 37 41 45 46 48 49 56 60 63 65 68 69 73 78 83 85 91 99 
8 16 22 23 28 32 37 38 41 46 48 49 56 60 63 65 68 69 73 78 83 85 91 99 
8 16 22 23 28 32 37 38 41 46 48 49 56 60 63 65 68 69 73 78 83 85 91 99 
8 16 22 23 28 32 37 38 41 46 48 49 56 60 63 65 68 69 73 78 79 83 85 91 99 
8 16 22 23 28 32 37 38 41 46 48 49 56 60 63 65 68 69 73 78 79 83 85 89 91 99 
8 11 22 23 32 37 38 46 48 49 56 60 63 65 68 69 73 78 79 83 85 89 91 99 
8 11 22 23 32 37 38 46 48 49 56 60 63 65 68 69 73 78 79 83 85 89 91 99 
8 11 22 23 32 37 38 46 48 49 56 60 63 65 68 69 73 78 79 83 85 89 91 99 
8 11 22 23 32 37 38 46 48 49 56 60 63 64 65 68 69 73 78 79 83 85 89 91 99 
8 11 22 23 32 37 38 46 48 49 56 60 63 64 65 68 69 73 78 79 83 85 89 91 99 
8 11 22 32 37 46 48 56 60 63 64 65 68 69 73 74 78 79 83 85 89 91 99 
8 11 22 32 37 46 48 56 60 63 64 65 68 69 73 74 78 79 83 85 87 89 91 99 
8 11 22 32 37 46 48 56 60 63 64 65 66 68 69 73 74 78 79 83 85 87 89 91 99 
8 11 22 24 32 37 46 48 56 60 63 64 65 66 68 69 73 74 78 79 83 85 87 89 91 99 
8 11 22 32 37 48 60 63 64 65 66 68 69 73 74 78 79 83 85 87 89 91 94 99 
8 11 22 32 37 48 60 63 64 65 66 68 69 73 74 78 79 83 85 87 89 91 92 94 99 
8 11 22 32 37 48 60 63 64 65 66 68 69 73 74 78 79 83 85 86 87 89 91 92 94 99 
8 11 22 32 37 48 60 63 64 65 66 68 69 73 74 78 79 83 85 86 87 89 91 92 94 99 
8 11 22 32 48 58 60 64 65 66 68 69 73 78 79 83 85 86 87 89 91 92 94 99 
8 11 22 32 48 58 60 64 65 66 68 69 71 73 78 79 83 85 86 87 89 91 92 94 99 
8 11 22 32 48 52 58 60 64 65 66 68 69 71 73 78 79 83 85 86 87 89 91 92 94 99 
8 11 22 32 48 52 60 65 66 68 69 71 75 78 79 83 85 86 87 89 91 92 94 99 
8 11 22 32 48 52 60 65 66 68 69 71 75 78 79 83 85 86 87 89 91 92 94 99 
8 11 22 32 48 52 60 65 66 68 69 71 75 78 79 83 85 86 87 89 91 92 94 99 
8 11 22 32 48 52 60 65 66 68 69 71 75 78 79 83 85 86 87 89 91 92 94 99 
8 11 22 32 48 52 60 65 66 68 69 71 75 78 79 83 85 86 87 89 91 92 94 99 
8 11 22 29 32 48 52 60 65 66 68 69 71 75 78 79 83 85 86 87 89 91 92 94 99 
8 11 22 29 32 48 52 60 65 66 68 69 71 75 78 79 83 85 86 87 89 91 92 94 98 99 
8 11 22 29 32 41 48 52 60 65 66 68 69 71 75 78 79 83 85 86 87 89 91 92 94 98 99 
8 11 22 29 32 41 48 52 60 65 66 68 69 71 75 78 79 83 85 86 87 89 91 92 94 98 99 
8 11 22 29 32 41 48 52 60 65 66 68 69 71 75 78 79 83 85 86 87 89 91 92 94 98 99 
11 22 29 38 41 48 52 60 65 68 69 71 75 78 79 83 85 86 87 89 91 92 94 98 99 
11 22 27 29 38 41 48 52 60 65 68 69 71 75 78 79 83 85 86 87 89 91 92 94 98 99 
11 22 27 38 42 48 52 60 65 69 71 75 78 79 83 85 86 87 89 91 92 94 98 99 
11 22 27 36 38 42 48 52 60 65 69 71 75 78 79 83 85 86 87 89 91 92 94 98 99 
11 22 27 36 38 42 48 52 60 65 69 71 75 78 79 83 85 86 87 89 91 92 94 98 99 
11 22 27 36 38 42 48 52 60 65 69 71 75 78 79 83 85 86 87 89 91 92 94 98 99 
11 22 27 36 38 42 48 52 60 65 69 71 75 78 79 83 85 86 87 89 91 92 94 98 99 
11 22 27 36 38 42 48 52 60 65 69 71 75 78 79 83 85 86 87 89 91 92 94 98 99 
22 27 36 38 48 52 60 64 65 71 75 78 79 83 85 86 87 89 91 92 94 98 99 
22 27 36 38 45 48 52 60 64 65 71 75 78 79 83 85 86 87 89 91 92 94 98 99 
22 27 36 45 48 52 60 65 75 78 79 82 83 85 86 87 89 91 92 94 98 99 
22 27 36 45 48 52 60 65 75 78 79 82 83 85 86 87 88 89 91 92 94 98 99 
22 27 36 40 45 48 52 60 65 75 78 79 82 83 85 86 87 88 89 91 92 94 98 99 
22 27 36 40 45 48 52 60 65 75 78 79 82 83 85 86 87 88 89 91 92 94 98 99 
22 27 36 40 45 48 52 65 66 75 79 83 85 86 87 88 89 91 92 94 98 99 
17 22 27 36 40 45 48 52 65 66 75 79 83 85 86 87 88 89 91 92 94 98 99 
17 22 27 36 40 45 48 52 65 66 75 79 83 85 86 87 88 89 91 92 94 98 99 
17 22 27 36 40 45 48 52 65 66 75 79 83 85 86 87 88 89 91 92 94 98 99 
17 22 27 36 40 45 48 52 65 66 75 79 83 85 86 87 88 89 91 92 94 98 99 
17 19 22 27 36 40 45 48 52 65 66 75 79 83 85 86 87 88 89 91 92 94 98 99 
17 19 22 27 36 40 45 48 52 65 66 75 79 81 83 85 86 87 88 89 91 92 94 98 99 
19 27 36 40 45 48 63 65 66 75 79 81 83 85 86 87 88 89 91 92 94 98 99 
19 27 36 40 45 48 63 65 66 75 79 81 83 85 86 87 88 89 91 92 94 96 98 99 
27 36 39 40 45 63 65 66 75 81 83 85 86 87 88 89 91 92 94 96 98 99 
27 36 39 40 45 55 63 65 66 75 81 83 85 86 87 88 89 91 92 94 96 98 99 
27 36 39 40 45 55 63 65 66 68 75 81 83 85 86 87 88 89 91 92 94 96 98 99 
27 36 39 40 45 48 55 63 65 66 68 75 81 83 85 86 87 88 89 91 92 94 96 98 99 
27 36 39 40 45 48 55 63 65 66 68 75 81 83 85 86 87 88 89 91 92 94 96 98 99 
27 36 39 40 48 57 63 65 66 68 81 83 85 86 87 88 89 91 92 94 96 98 99 
27 36 39 40 48 57 63 65 66 68 81 83 85 86 87 88 89 91 92 94 96 98 99 
27 36 39 40 48 52 57 63 65 66 68 81 83 85 86 87 88 89 91 92 94 96 98 99 
27 36 39 40 48 52 57 63 65 66 68 81 83 85 86 87 88 89 91 92 94 96 98 99 
14 27 36 39 40 48 52 57 63 65 66 68 81 83 85 86 87 88 89 91 92 94 96 98 99 
27 36 39 40 48 57 65 66 68 81 83 85 86 87 88 89 91 92 94 96 97 98 99 
27 36 39 40 57 66 73 81 83 85 86 87 88 89 91 92 94 96 97 98 99 
27 36 39 40 43 57 66 73 81 83 85 86 87 88 89 91 92 94 96 97 98 99 
27 36 39 40 43 57 66 73 81 83 85 86 87 88 89 91 92 94 96 97 98 99 
27 36 39 40 43 57 66 73 81 83 85 86 87 88 89 91 92 94 96 97 98 99 
27 36 39 40 57 73 83 85 86 87 88 89 90 91 92 94 96 97 98 99 
27 36 39 40 57 73 83 85 86 87 88 89 90 91 92 94 96 97 98 99 
27 36 39 40 73 82 83 86 88 89 90 91 92 94 96 97 98 99 
27 36 39 40 62 73 82 83 86 88 89 90 91 92 94 96 97 98 99 
1 27 36 39 40 62 73 82 83 86 88 89 90 91 92 94 96 97 98 99 
1 27 36 39 40 62 73 82 83 86 88 89 90 91 92 94 96 97 98 99 
1 27 36 39 40 62 73 82 83 86 88 89 90 91 92 94 96 97 98 99 
27 36 39 62 73 83 84 86 88 89 90 91 92 94 96 97 98 99 
27 36 39 44 62 73 83 84 86 88 89 90 91 92 94 96 97 98 99 
27 36 39 44 62 73 83 84 86 87 88 89 90 91 92 94 96 97 98 99 
27 36 39 44 62 73 83 84 86 87 88 89 90 91 92 94 96 97 98 99 
27 36 39 44 62 73 83 84 86 87 88 89 90 91 92 94 96 97 98 99 
27 36 44 62 63 83 84 87 88 89 90 91 92 94 96 97 98 99 
27 36 44 62 63 83 84 87 88 89 90 91 92 94 96 97 98 99 
27 36 44 51 62 63 83 84 87 88 89 90 91 92 94 96 97 98 99 
27 36 44 51 62 63 83 84 86 87 88 89 90 91 92 94 96 97 98 99 
18 27 36 44 51 62 63 83 84 86 87 88 89 90 91 92 94 96 97 98 99 
18 27 36 44 51 62 63 83 84 86 87 88 89 90 91 92 94 96 97 98 99 
27 36 44 50 62 83 84 86 87 88 89 90 91 92 94 96 97 98 99 
27 36 44 50 62 83 84 86 87 88 89 90 91 92 94 96 97 98 99 
12 27 36 44 50 62 83 84 86 87 88 89 90 91 92 94 96 97 98 99 
27 36 44 62 84 86 87 88 89 90 91 92 93 94 96 97 98 99 
3 27 36 44 62 84 86 87 88 89 90 91 92 93 94 96 97 98 99 
3 27 32 36 44 62 84 86 87 88 89 90 91 92 93 94 96 97 98 99 
3 27 32 36 40 44 62 84 86 87 88 89 90 91 92 93 94 96 97 98 99 
3 27 32 36 40 41 44 62 84 86 87 88 89 90 91 92 93 94 96 97 98 99 
3 27 32 36 40 41 44 62 84 86 87 88 89 90 91 92 93 94 96 97 98 99 
3 27 32 36 40 41 44 62 84 86 87 88 89 90 91 92 93 94 96 97 98 99 
3 27 32 36 40 41 44 62 84 86 87 88 89 90 91 92 93 94 96 97 98 99 
27 32 40 42 44 62 84 86 87 88 89 90 91 92 93 94 96 97 98 99 
27 32 40 42 44 62 84 86 87 88 89 90 91 92 93 94 96 97 98 99 
27 32 40 42 44 62 73 84 86 87 88 89 90 91 92 93 94 96 97 98 99 
27 32 40 42 44 62 73 84 86 87 88 89 90 91 92 93 94 96 97 98 99 
28 32 42 
28 32 42 55 
28 32 42 55 79 
28 32 42 55 79 81 
21 28 32 42 55 79 81 
10 21 28 32 42 55 79 81 
10 21 28 32 42 55 79 81 98 
10 21 28 32 42 55 74 79 81 98 
464 0.536