
41 
41 81 
41 63 81 
10 41 63 81 
10 41 63 81 84 
10 41 58 63 81 84 
10 41 58 60 63 81 84 
10 41 46 58 60 63 81 84 
10 41 46 58 60 63 75 81 84 
10 38 41 46 58 60 63 75 81 84 
10 11 38 41 46 58 60 63 75 81 84 
10 11 38 41 46 58 60 63 75 81 84 
10 11 38 41 46 58 60 63 75 81 84 97 
10 11 38 41 46 58 60 63 75 81 84 97 
10 11 28 38 41 46 58 60 63 75 81 84 97 
10 11 28 38 41 46 58 60 63 65 75 81 84 97 
10 11 28 38 41 45 46 58 60 63 65 75 81 84 97 
10 11 28 38 41 45 46 58 60 63 65 75 81 84 97 
10 11 28 38 41 45 46 58 60 63 65 69 75 81 84 97 
10 11 28 38 41 45 46 58 60 63 65 69 72 75 81 84 97 
10 11 28 38 41 45 46 58 60 63 65 69 72 75 81 84 97 
10 11 28 38 41 45 46 58 60 63 65 69 72 75 78 81 84 97 
10 11 28 38 41 45 46 51 58 60 63 65 69 72 75 78 81 84 97 
10 11 28 38 41 45 46 51 58 60 63 65 69 72 75 78 81 84 96 97 
10 11 28 38 41 45 46 51 58 60 63 65 69 72 75 78 81 84 96 97 
10 11 28 38 41 45 46 51 58 60 63 65 69 72 75 78 81 83 84 96 97 
10 11 28 38 41 45 46 49 51 58 60 63 65 69 72 75 78 81 83 84 96 97 
10 11 28 38 41 45 46 49 51 58 60 63 65 69 72 75 78 81 83 84 96 97 
10 11 28 38 41 45 46 49 51 58 60 63 65 69 72 75 78 81 83 84 96 97 
10 11 28 35 38 41 45 46 49 51 58 60 63 65 69 72 75 78 81 83 84 96 97 
10 11 28 35 38 41 45 46 49 51 58 60 63 65 69 72 75 78 79 81 83 84 96 97 
8 10 11 28 35 38 41 45 46 49 51 58 60 63 65 69 72 75 78 79 81 83 84 96 97 
8 10 11 35 38 41 45 46 49 51 58 60 63 65 69 75 78 79 81 83 84 96 97 
6 8 10 11 35 38 41 45 46 49 51 58 60 63 65 69 75 78 79 81 83 84 96 97 
6 8 10 11 35 38 41 45 46 49 51 58 60 63 65 69 75 78 79 81 83 84 96 97 
6 8 10 11 35 38 41 45 46 49 51 58 60 63 65 67 69 75 78 79 81 83 84 96 97 
6 8 10 11 35 38 41 45 46 49 51 58 60 63 65 67 69 75 78 79 81 83 84 96 97 
6 8 10 11 35 38 41 45 46 49 51 58 60 63 65 67 69 75 78 79 81 83 84 96 97 
6 8 10 11 31 35 38 41 45 46 49 51 58 60 63 65 67 69 75 78 79 81 83 84 96 97 
6 8 10 11 31 35 38 41 45 46 49 51 58 60 63 65 67 69 75 78 79 81 83 84 96 97 
4 6 8 10 11 31 35 38 41 45 46 49 51 58 60 63 65 67 69 75 78 79 81 83 84 96 97 
4 6 8 10 11 31 35 38 41 45 46 49 51 58 60 63 65 67 69 75 78 79 81 83 84 96 97 
4 6 8 10 11 38 41 45 46 49 51 58 60 63 65 67 69 75 78 79 81 83 84 96 97 
4 6 8 10 11 38 41 45 46 49 51 58 60 63 65 67 69 75 78 79 81 83 84 96 97 
4 6 8 10 11 38 41 45 46 49 51 58 60 63 65 67 69 75 78 79 81 83 84 96 97 
4 6 8 10 11 38 41 42 45 46 49 51 58 60 63 65 67 69 75 78 79 81 83 84 96 97 
4 6 8 10 11 38 41 42 45 46 49 51 58 60 63 65 67 69 75 78 79 81 83 84 96 97 
4 6 8 10 11 38 41 42 45 46 49 51 58 60 63 65 67 69 75 78 79 81 83 84 96 97 
4 6 8 10 11 38 40 41 42 45 46 49 51 58 60 63 65 67 69 75 78 79 81 83 84 96 97 
4 6 8 10 11 38 40 41 42 45 46 49 51 58 60 63 65 67 69 75 78 79 81 83 84 96 97 
4 6 8 10 11 38 40 41 42 45 46 49 51 58 60 63 65 67 69 75 78 79 81 83 84 96 97 
4 6 8 10 11 38 40 41 42 45 46 49 51 58 60 63 65 67 69 75 78 79 81 83 84 96 97 
4 6 8 10 11 38 40 41 42 45 46 49 51 58 60 63 65 67 69 75 78 79 81 83 84 96 
1 4 6 8 10 11 38 40 41 42 45 46 49 51 58 60 63 65 67 69 75 78 79 81 83 84 96 
1 4 6 8 10 11 38 40 41 42 45 46 49 51 58 60 63 65 67 69 75 78 79 81 83 84 96 
1 4 6 8 10 11 38 40 41 42 45 46 49 51 58 60 63 65 67 69 75 78 79 81 83 84 96 
1 4 6 8 10 11 38 40 41 42 45 46 49 51 58 60 63 65 67 69 75 78 79 81 83 96 
1 4 6 8 10 11 13 38 40 41 42 45 46 49 51 58 60 63 65 67 69 75 78 79 81 83 96 
1 4 6 8 10 11 13 34 38 40 41 42 45 46 49 51 58 60 63 65 67 69 75 78 79 81 83 96 
1 4 6 8 10 11 13 34 38 40 41 42 45 46 49 51 58 60 63 65 67 69 75 78 79 81 83 96 
1 4 6 8 10 13 34 40 41 42 45 46 49 51 58 60 63 65 67 69 75 78 79 81 83 96 
1 4 6 8 10 13 33 34 40 41 42 45 46 49 51 58 60 63 65 67 69 75 78 79 81 83 96 
1 4 6 8 10 13 19 33 34 40 41 42 45 46 49 51 58 60 63 65 67 69 75 78 79 81 83 96 
1 4 6 8 10 13 19 33 34 40 41 42 45 46 49 51 58 60 63 65 67 69 75 78 79 81 83 96 
1 4 6 8 10 13 19 33 34 40 41 42 45 46 49 51 58 60 63 65 67 69 75 78 79 81 83 96 
1 4 6 8 10 13 19 33 34 41 42 45 46 49 51 58 60 63 65 67 69 75 78 79 81 83 96 
1 4 6 8 10 13 19 20 33 34 41 42 45 46 49 51 58 60 63 65 67 69 75 78 79 81 83 96 
1 4 6 8 10 13 19 20 33 34 41 42 45 46 49 51 58 60 63 65 67 69 75 78 79 81 83 96 99 
1 4 6 8 10 13 19 20 33 34 41 42 45 46 49 51 58 60 63 65 67 69 75 78 79 81 83 96 99 
1 4 6 8 10 13 19 20 33 34 41 42 45 46 49 51 58 60 63 65 67 69 75 78 79 81 83 96 99 
1 4 6 8 10 13 19 20 33 34 41 42 45 46 49 51 58 60 63 65 67 69 75 78 79 81 83 96 
1 4 6 8 10 13 19 20 33 34 41 42 45 46 49 51 58 60 63 65 67 69 75 78 79 81 83 96 
1 4 6 8 10 13 19 20 33 34 41 42 45 46 49 51 58 60 63 65 67 69 75 78 79 81 83 96 
1 4 6 8 10 13 19 20 33 34 41 42 45 46 49 51 58 60 63 65 67 69 75 76 78 79 81 83 96 
1 4 6 8 10 13 19 20 33 34 41 42 45 46 49 51 58 60 63 65 67 69 75 76 78 79 81 83 96 
1 4 6 8 10 13 19 20 33 34 41 42 45 46 49 51 58 60 63 65 67 69 75 76 78 79 81 83 96 
1 4 6 8 10 13 19 20 33 34 41 42 45 46 49 51 58 60 63 65 67 69 75 76 78 79 81 83 96 
1 4 6 8 10 13 19 20 33 34 41 42 45 46 49 51 58 60 63 65 66 67 69 75 76 78 79 81 83 96 
1 4 6 8 13 19 20 33 34 41 42 45 46 49 51 58 60 63 65 66 67 69 75 76 78 79 81 83 96 
1 4 6 8 13 19 20 33 34 41 42 45 46 49 51 58 60 63 65 66 67 69 75 76 78 79 81 83 96 100 
1 4 6 8 13 19 20 33 34 41 42 45 46 49 51 58 59 60 63 65 66 67 69 75 76 78 79 81 83 96 100 
1 4 6 8 13 19 20 33 34 41 42 45 46 49 51 58 59 60 63 65 66 67 69 75 76 78 79 81 83 96 100 
1 4 6 8 13 19 20 33 34 41 42 45 46 49 51 58 59 60 63 65 66 67 69 75 76 78 79 81 83 96 100 
1 4 6 8 13 19 20 33 34 41 42 45 46 49 51 58 59 60 63 65 66 67 69 75 76 78 79 81 83 96 100 
1 4 6 8 19 33 34 41 42 45 46 49 51 58 59 60 63 65 66 67 69 75 76 78 79 81 83 96 100 
1 4 6 8 19 29 33 34 41 42 45 46 49 51 58 59 60 63 65 66 67 69 75 76 78 79 81 83 96 100 
1 4 6 8 19 29 33 34 41 42 45 46 49 51 58 59 60 63 65 66 67 69 75 76 78 79 81 83 96 100 
1 4 6 8 19 29 33 34 41 42 45 46 49 51 58 59 60 63 65 66 67 69 75 76 78 79 81 83 96 100 
1 4 6 8 19 29 33 34 41 42 45 46 49 51 58 59 60 63 65 66 67 69 75 76 78 79 81 83 96 100 
1 4 6 8 19 29 33 34 41 42 45 46 49 51 58 59 60 63 65 66 67 69 75 76 78 79 81 83 96 100 
1 4 6 8 29 33 34 41 42 45 46 49 51 58 59 60 63 66 67 69 75 76 78 79 81 83 96 100 
1 4 6 8 15 29 33 34 41 42 45 46 49 51 58 59 60 63 66 67 69 75 76 78 79 81 83 96 100 
1 4 6 8 15 29 33 34 41 42 45 46 49 51 58 59 60 62 63 66 67 69 75 76 78 79 81 83 96 100 
1 4 6 8 15 29 33 34 41 42 45 46 49 51 58 59 60 63 66 67 69 75 76 78 79 81 83 96 100 
1 4 6 8 15 29 33 34 41 42 45 46 49 51 58 59 60 63 66 67 69 75 76 78 79 81 83 96 100 
1 4 6 8 15 29 33 34 41 42 45 46 49 51 58 59 60 63 66 67 69 70 75 76 78 79 81 83 96 100 
1 4 6 8 15 29 33 34 41 42 45 46 49 51 58 59 60 63 66 67 69 70 75 76 78 79 81 83 96 100 
1 4 6 8 15 29 33 34 41 42 45 46 49 51 58 59 60 63 66 67 69 70 75 76 78 79 81 83 96 100 
1 4 6 8 15 29 33 34 41 42 45 46 49 51 58 59 60 63 66 67 69 70 75 76 78 79 81 83 96 100 
1 4 6 8 15 29 33 34 41 42 45 46 49 51 58 59 60 63 66 67 69 70 75 76 79 81 83 96 100 
1 4 6 8 15 29 33 34 41 42 45 46 47 49 51 58 59 60 63 66 67 69 70 75 76 79 81 83 96 100 
1 4 6 8 15 29 33 34 41 42 45 46 47 49 51 58 59 60 63 66 67 69 70 75 76 79 81 83 96 100 
1 4 6 8 15 21 29 33 34 41 42 45 46 47 49 51 58 59 60 63 66 67 69 70 75 76 79 81 83 96 100 
1 4 6 8 15 21 29 33 34 41 42 45 46 47 49 51 58 59 60 63 66 67 69 70 75 76 79 81 83 96 100 
1 4 6 8 15 21 29 33 34 41 42 45 46 47 49 51 58 59 60 63 66 67 69 70 75 76 79 81 83 96 100 
1 4 6 15 21 29 33 34 41 42 45 46 47 49 51 58 59 60 63 66 67 69 70 75 76 79 81 83 96 100 
1 4 6 15 21 29 33 34 41 42 45 46 47 49 51 58 59 60 63 66 67 69 70 75 76 79 81 83 96 100 
1 4 6 15 21 29 33 34 41 42 45 46 47 49 51 58 59 60 63 66 67 69 70 75 76 79 81 83 91 96 100 
1 4 6 15 21 29 33 34 41 42 45 46 47 49 51 58 59 60 63 66 67 69 70 75 76 79 81 83 91 96 100 
1 4 6 15 21 29 33 34 41 42 45 46 47 49 51 58 59 60 63 66 67 69 70 75 76 79 81 83 91 96 100 
1 4 6 15 21 29 33 34 41 42 45 46 47 49 51 58 59 60 63 66 67 69 70 75 76 79 81 83 91 96 100 
1 4 6 15 21 29 33 34 41 42 45 46 47 49 51 59 60 63 66 67 69 70 75 79 81 83 91 96 100 
1 4 6 15 21 23 29 33 34 41 42 45 46 47 49 51 59 60 63 66 67 69 70 75 79 81 83 91 96 100 
1 4 6 15 21 23 27 29 33 34 41 42 45 46 47 49 51 59 60 63 66 67 69 70 75 79 81 83 91 96 100 
1 4 6 15 21 29 33 34 41 42 45 46 47 49 51 59 60 63 66 67 69 70 75 79 81 83 91 96 100 
1 4 6 15 21 29 33 34 41 42 45 46 47 49 51 59 60 63 66 67 69 70 75 79 81 82 83 91 96 100 
1 4 6 15 21 29 33 34 41 42 45 46 47 49 51 59 60 63 66 67 69 70 75 79 81 82 83 91 96 100 
1 4 6 15 21 29 33 34 41 42 45 46 47 49 51 59 60 63 66 67 69 70 75 79 81 82 83 91 96 100 
1 4 6 15 21 29 33 34 41 42 45 46 47 49 51 59 60 63 66 67 69 70 75 79 81 82 83 91 96 100 
1 4 6 15 21 29 33 34 41 42 45 46 47 49 51 59 60 63 66 67 69 70 75 79 81 82 83 91 96 100 
1 4 6 15 21 29 33 34 41 42 45 46 47 49 51 59 60 63 66 67 69 70 75 79 81 82 83 91 96 100 
1 4 6 15 21 29 33 34 41 42 45 46 47 49 51 59 60 63 66 67 69 70 75 79 81 83 91 96 100 
1 4 6 15 21 29 33 34 41 42 45 46 47 49 51 59 60 63 66 67 69 70 75 79 81 83 91 96 100 
1 4 6 15 21 29 33 34 41 42 45 46 47 49 51 59 60 63 66 67 69 70 75 79 81 83 91 96 100 
1 4 6 15 21 29 33 34 41 42 45 46 47 49 51 59 60 63 66 67 69 70 75 79 81 83 91 93 96 100 
1 6 15 21 29 33 34 41 42 45 46 47 49 51 59 60 63 66 67 69 70 75 79 81 83 91 93 96 100 
1 6 15 21 29 33 34 41 42 45 46 47 49 51 59 60 63 66 67 69 70 75 79 81 83 91 93 96 100 
1 6 15 21 29 33 34 41 42 45 46 47 49 51 59 60 63 66 67 69 70 75 79 81 83 91 93 96 100 
1 6 15 21 29 33 34 41 42 45 46 47 49 51 56 59 60 63 66 67 69 70 75 79 81 83 91 93 96 100 
1 6 15 21 29 33 34 41 42 45 46 47 49 51 56 59 60 63 66 67 69 70 75 79 81 83 91 93 100 
1 6 15 21 29 33 34 41 42 45 46 47 49 51 56 59 60 63 66 67 69 70 75 79 81 83 91 93 100 
1 6 15 21 29 33 34 41 42 45 46 47 49 51 56 59 60 63 66 67 69 70 75 79 81 83 91 93 100 
1 6 15 21 29 33 34 41 42 45 46 47 49 51 56 59 60 63 66 67 69 70 75 79 81 83 91 93 100 
1 6 15 21 29 33 34 41 42 45 46 47 49 51 56 59 60 63 66 67 69 70 75 79 81 83 91 93 100 
1 6 15 21 29 33 34 41 42 45 46 47 49 51 56 59 60 63 66 67 69 70 75 79 80 81 83 91 93 100 
1 6 15 21 29 33 34 41 42 45 46 47 49 51 56 59 60 63 66 67 69 70 75 79 80 81 83 91 92 93 100 
1 6 15 21 29 33 34 41 42 45 46 47 49 51 56 59 60 63 66 67 69 70 75 79 80 81 83 91 92 93 100 
1 6 15 21 29 33 34 41 42 45 46 47 49 51 56 59 60 63 66 67 69 70 75 79 80 81 83 91 92 93 100 
1 6 15 21 29 33 34 41 42 45 46 47 49 51 56 59 60 63 66 67 69 70 75 79 80 81 83 91 92 93 100 
1 6 15 21 29 33 34 41 42 45 46 47 49 51 56 59 60 63 66 67 69 70 75 79 80 81 83 91 92 93 100 
1 6 15 21 29 33 34 41 42 45 46 47 49 51 56 59 60 63 66 67 69 70 75 79 80 81 83 91 92 93 100 
1 6 15 21 29 33 34 41 42 45 46 47 49 51 59 60 63 66 67 69 70 75 79 80 81 83 91 92 100 
1 6 15 21 29 33 34 41 42 45 46 47 49 51 59 60 63 66 67 69 70 75 79 80 81 83 91 92 100 
1 6 15 21 29 33 34 41 42 45 46 47 48 49 51 59 60 63 66 67 69 70 75 79 80 81 83 91 92 100 
1 6 15 21 29 33 34 41 42 45 46 47 48 49 51 59 60 63 66 67 69 70 75 79 80 81 83 91 92 100 
1 6 15 21 29 33 34 41 42 45 46 47 48 49 51 59 60 63 66 67 69 70 75 79 80 81 83 91 92 100 
1 6 15 21 29 33 34 41 42 45 46 47 48 49 51 59 60 61 63 66 67 69 70 75 79 80 81 83 91 92 100 
1 6 15 21 29 34 41 42 45 46 47 48 49 51 59 60 61 63 66 67 69 70 75 79 80 81 83 91 92 100 
1 6 21 29 34 41 42 45 46 47 48 49 51 59 60 61 63 66 67 69 70 75 79 81 83 91 92 100 
1 6 21 29 34 41 42 45 46 47 48 49 51 59 60 61 63 66 67 69 70 75 79 81 83 91 92 100 
1 6 21 29 34 41 42 45 46 47 48 49 51 59 60 61 63 66 67 69 70 75 79 81 83 91 92 100 
1 6 21 29 34 41 42 45 46 47 48 49 51 59 60 61 63 66 67 69 70 75 79 81 83 91 92 100 
1 6 21 29 34 41 42 45 46 47 48 49 51 59 60 61 63 66 67 69 70 75 79 81 83 91 92 100 
1 6 21 29 34 41 42 45 46 47 48 49 51 59 60 61 63 66 67 69 70 75 79 81 83 87 91 92 100 
1 6 21 29 34 41 42 45 46 47 48 49 51 59 60 61 63 66 67 69 70 75 79 81 83 87 91 100 
1 6 21 29 30 34 41 42 45 46 47 48 49 51 59 60 61 63 66 67 69 70 75 79 81 83 87 91 100 
1 6 21 29 30 34 41 42 45 46 47 48 49 51 59 60 61 63 66 67 69 70 75 79 81 83 87 91 100 
1 6 21 29 30 34 41 42 45 46 47 48 49 51 59 60 61 63 66 67 69 70 75 79 81 83 87 91 100 
1 6 21 29 30 34 41 42 45 46 47 48 49 51 59 60 61 63 66 67 69 70 75 79 81 83 87 91 100 
1 6 21 29 30 34 41 42 45 46 47 48 49 51 59 60 61 63 66 67 69 70 75 79 81 83 87 91 100 
1 5 6 21 29 30 34 41 42 45 46 47 48 49 51 59 60 61 63 66 67 69 70 75 79 81 83 87 91 100 
1 5 6 21 29 30 34 41 42 45 46 47 48 49 51 59 60 61 63 66 67 69 70 75 79 81 83 87 91 100 
1 5 6 21 29 30 34 41 42 45 47 49 51 59 60 61 63 66 67 69 70 75 79 81 83 87 91 100 
1 5 6 21 29 30 34 41 42 45 47 49 51 59 60 61 63 66 67 69 70 75 79 81 83 87 91 100 
1 5 6 21 29 30 34 41 42 45 47 49 51 59 60 61 63 66 67 69 70 75 79 81 83 87 91 100 
1 5 6 21 29 30 34 41 42 45 47 49 51 59 60 61 63 66 67 69 70 75 79 81 83 87 91 100 
1 5 6 21 29 30 34 41 42 45 47 49 51 59 60 61 63 66 67 69 70 75 79 81 83 87 91 100 
1 5 6 21 29 30 32 34 41 42 45 47 49 51 59 60 61 63 66 67 69 70 75 79 81 83 87 91 100 
1 5 6 21 29 30 32 34 41 42 45 47 49 51 59 60 61 63 66 67 69 70 75 79 81 83 87 91 100 
1 5 6 12 21 29 30 32 34 41 42 45 47 49 51 59 60 61 63 66 67 69 70 75 79 81 83 87 91 100 
1 5 6 12 21 29 30 32 34 41 42 45 47 49 51 59 60 61 63 66 67 69 70 75 79 81 83 87 91 100 
1 5 6 21 29 30 32 34 41 42 45 47 49 51 59 60 61 63 66 67 69 70 75 79 81 83 91 100 
1 5 6 21 29 30 32 34 41 42 45 47 49 51 59 60 61 63 66 67 69 70 71 75 79 81 83 91 100 
1 5 6 21 29 30 32 34 41 42 45 47 49 51 59 60 61 63 66 67 69 70 71 75 79 81 83 91 100 
1 5 6 21 29 30 32 34 41 42 45 47 49 51 59 60 61 63 66 67 69 70 71 75 79 81 83 91 100 
1 5 6 21 29 30 32 34 41 42 45 47 49 51 59 60 61 63 66 67 69 70 71 75 79 81 83 91 100 
1 5 6 21 29 30 32 34 41 42 45 47 49 51 59 60 61 63 66 67 69 70 75 79 81 83 91 100 
1 5 6 21 29 30 32 34 41 42 45 47 49 51 59 60 61 63 66 67 69 70 75 79 81 83 91 100 
1 5 6 21 29 30 32 34 37 41 42 45 47 49 51 59 60 61 63 66 67 69 70 75 79 81 83 91 100 
1 5 6 21 29 30 32 34 37 41 42 45 47 49 51 59 60 61 63 66 67 69 70 75 79 81 83 91 100 
1 5 6 21 29 30 32 34 37 41 42 45 47 49 51 59 60 61 63 66 67 69 70 75 79 81 83 91 100 
1 5 6 21 29 30 32 34 37 41 42 45 47 49 51 59 60 61 63 66 67 69 70 75 79 81 83 91 100 
1 5 6 21 29 30 32 34 37 41 42 45 47 49 51 59 60 61 63 66 67 69 70 75 79 81 83 90 91 100 
1 5 6 21 29 30 32 34 37 41 42 45 47 49 51 59 60 61 63 66 67 69 70 75 79 81 83 90 91 100 
1 5 6 21 29 30 32 34 37 41 42 45 47 49 51 59 60 61 63 66 67 69 70 75 79 81 83 90 91 100 
1 5 6 21 29 30 32 34 37 41 42 45 47 49 51 59 60 61 63 66 67 69 70 75 79 81 83 90 91 100 
1 5 6 21 29 30 32 34 37 41 42 45 47 49 51 52 59 60 61 63 66 67 69 70 75 79 81 83 90 91 100 
1 5 6 21 29 30 32 34 37 41 42 45 47 49 51 52 59 60 61 63 66 67 69 70 75 79 81 83 90 91 100 
1 5 6 21 29 30 32 34 37 41 42 45 47 49 51 52 59 60 61 63 66 67 69 70 75 79 81 83 91 100 
1 5 6 21 29 30 32 34 37 41 42 45 47 49 51 52 59 60 61 63 66 67 69 70 75 79 81 83 86 91 100 
1 3 5 6 21 29 30 32 34 37 41 42 45 47 49 51 52 59 60 61 63 66 67 69 70 75 79 81 83 86 91 100 
1 3 5 6 21 29 32 34 37 41 42 45 47 49 51 52 59 60 61 63 66 67 69 70 75 79 81 83 86 91 100 
1 3 5 6 21 29 32 34 37 41 42 45 47 49 50 51 52 59 60 61 63 66 67 69 70 75 79 81 83 86 91 100 
1 3 5 6 21 29 32 34 37 41 42 45 47 49 50 51 52 59 60 61 63 66 67 69 70 75 79 81 83 86 91 100 
1 3 5 6 21 29 32 34 37 41 42 45 47 49 50 51 52 59 60 61 63 66 67 69 70 75 79 81 83 86 91 100 
1 3 5 6 21 29 32 34 37 41 42 45 47 49 50 51 52 59 60 61 63 66 67 69 70 75 79 81 83 86 100 
1 3 5 6 21 29 32 34 37 41 42 45 47 49 50 51 52 59 60 61 63 64 66 67 69 70 75 79 81 83 86 100 
1 3 5 6 21 29 32 34 37 41 42 45 47 49 50 51 52 59 60 61 63 66 67 69 70 75 79 81 83 86 100 
1 3 5 6 21 25 29 32 34 37 41 42 45 47 49 50 51 52 59 60 61 63 66 67 69 70 75 79 81 83 86 100 
1 3 5 6 21 25 29 32 34 37 41 42 44 45 47 49 50 51 52 59 60 61 63 66 67 69 70 75 79 81 83 86 100 
1 3 5 6 21 25 29 32 34 37 41 42 44 45 47 49 50 51 52 59 60 61 63 66 67 69 70 75 79 81 83 86 100 
1 3 5 6 21 25 29 32 34 37 41 42 44 45 47 49 50 51 52 59 60 61 63 66 67 69 75 79 81 83 86 100 
1 3 5 6 21 25 29 32 34 37 41 42 44 45 47 49 50 51 52 59 60 61 63 66 67 69 75 79 81 83 86 100 
1 3 5 6 21 25 29 32 34 37 41 42 44 45 47 49 50 51 52 60 61 63 66 67 69 75 79 81 83 86 100 
1 3 5 6 21 25 29 32 34 37 41 42 44 45 47 49 50 51 52 60 61 63 66 67 69 75 79 81 83 86 100 
1 3 5 6 21 25 29 32 34 37 41 42 44 45 47 49 50 51 52 60 61 63 66 67 69 75 79 81 83 86 100 
1 3 5 6 21 25 29 32 34 37 41 42 44 45 47 49 50 51 52 60 61 63 66 67 69 75 79 81 83 86 100 
1 3 5 6 21 25 29 32 34 37 41 42 44 45 47 49 50 51 52 58 60 61 63 66 67 69 75 79 81 83 86 100 
1 3 5 6 21 25 29 32 34 37 41 42 44 45 47 49 50 51 52 58 60 61 63 66 67 69 75 79 81 83 86 100 
1 3 5 6 21 25 29 32 34 37 41 42 44 45 47 49 50 51 52 58 60 61 63 66 67 69 75 79 81 83 86 100 
1 3 5 6 21 25 29 32 34 37 41 42 44 45 47 49 50 51 52 58 60 61 63 66 67 69 75 77 79 81 83 86 100 
1 3 5 6 21 25 29 32 34 37 41 42 44 45 47 49 50 51 52 58 60 61 63 66 67 69 75 77 79 81 83 86 100 
1 3 5 6 21 25 29 32 34 37 41 42 44 45 47 49 50 51 52 60 61 63 66 67 69 75 79 81 83 86 100 
1 3 5 6 21 25 29 32 34 37 41 42 44 45 47 49 50 51 52 60 61 63 66 67 69 75 79 81 83 86 98 100 
1 3 5 6 21 24 25 29 32 34 37 41 42 44 45 47 49 50 51 52 60 61 63 66 67 69 75 79 81 83 86 98 100 
1 3 5 6 24 25 29 34 37 41 42 44 45 47 49 50 51 52 60 61 63 66 67 69 75 79 81 83 86 98 100 
1 3 5 6 24 25 29 34 37 41 42 44 45 47 49 50 51 52 60 61 63 66 67 69 75 79 81 82 83 86 98 100 
1 3 5 24 25 29 34 37 41 42 44 45 47 49 50 51 52 60 61 63 66 67 69 75 79 81 83 86 98 100 
1 3 5 24 25 29 34 37 41 42 44 45 47 49 50 51 52 55 60 61 63 66 67 69 75 79 81 83 86 98 100 
1 3 5 24 25 29 34 37 41 42 44 45 47 49 50 51 52 55 60 61 63 66 67 69 75 79 81 83 86 98 100 
1 3 5 24 25 29 34 37 41 42 44 45 47 49 50 51 52 55 60 61 63 66 67 69 75 79 81 83 86 98 100 
1 3 5 24 25 29 34 37 41 42 44 45 47 49 50 51 52 55 60 61 63 66 67 69 75 79 81 83 86 98 100 
1 3 5 24 25 29 34 37 41 42 45 47 49 50 51 52 55 60 61 63 66 67 69 75 79 81 83 86 98 100 
1 3 5 24 25 29 34 37 41 42 45 47 49 50 51 52 55 60 61 63 66 67 69 75 79 81 83 86 98 100 
1 3 5 24 25 29 34 37 41 42 45 47 49 50 51 52 55 60 61 63 66 67 69 75 79 81 83 86 98 100 
1 3 5 24 25 29 34 37 41 42 45 47 49 50 51 52 55 60 61 63 66 67 69 75 79 81 83 86 95 98 100 
1 3 5 24 25 29 34 37 41 42 45 47 49 50 51 52 55 60 61 63 66 67 69 75 79 81 83 86 98 100 
1 3 5 24 25 29 34 37 41 42 45 47 49 50 51 52 55 60 61 63 66 67 69 75 79 81 83 86 98 99 100 
1 3 5 24 25 29 34 37 41 42 45 47 49 50 51 52 55 60 61 63 66 67 69 75 79 81 83 86 98 99 100 
1 3 5 24 25 29 34 37 41 42 45 47 49 50 51 52 55 60 61 63 66 67 69 75 79 81 83 86 98 99 100 
1 3 5 24 25 29 34 37 41 42 45 47 49 50 51 52 55 60 61 63 66 67 69 75 79 81 83 86 98 100 
1 3 5 24 25 29 34 37 41 42 45 47 49 50 51 52 55 60 61 63 66 67 69 75 78 79 81 83 86 98 100 
1 3 5 24 25 29 34 37 41 42 45 47 49 50 51 52 55 60 61 63 66 67 69 75 78 79 81 83 86 98 100 
1 3 5 24 25 29 34 37 41 42 45 47 49 50 51 52 55 60 61 63 66 67 69 75 78 79 81 83 86 98 100 
1 3 5 24 25 29 34 37 41 42 45 47 49 50 51 52 55 60 61 63 66 67 69 75 78 79 81 83 86 98 100 
1 3 5 24 25 29 34 37 41 42 45 47 49 50 51 52 55 60 61 63 66 67 69 75 78 79 81 83 86 98 100 
1 3 5 24 25 29 34 37 41 42 45 47 49 50 51 52 55 60 61 63 66 67 69 75 78 79 81 83 86 98 100 
1 3 5 24 25 29 34 37 41 42 45 47 49 50 51 52 55 60 61 63 66 67 69 75 78 79 81 83 86 98 100 
1 3 5 24 25 29 34 37 41 42 45 47 49 50 51 52 55 60 61 63 66 67 69 75 78 79 81 83 86 98 100 
1 3 5 24 25 29 34 37 41 42 43 45 47 49 50 51 52 55 60 61 63 66 67 69 75 78 79 81 83 86 98 100 
1 3 5 24 25 29 34 37 41 42 43 45 47 49 50 51 52 55 60 61 63 66 67 69 75 78 79 81 83 86 98 100 
1 3 5 24 25 29 34 37 41 42 43 45 47 49 50 51 52 55 60 61 63 66 67 69 75 78 79 81 83 86 98 100 
1 3 5 24 25 29 34 37 41 42 43 45 47 49 50 51 52 55 60 61 63 66 67 69 75 78 79 81 83 86 98 100 
1 3 5 24 25 29 34 37 41 42 43 45 47 49 50 51 52 55 60 61 63 66 67 69 75 79 81 83 86 98 100 
1 3 5 24 25 29 34 37 41 42 43 45 47 49 50 51 52 55 60 61 63 66 67 69 75 79 81 83 86 98 100 
1 3 5 17 24 25 29 34 37 41 42 43 45 47 49 50 51 52 55 60 61 63 66 67 69 75 79 81 83 86 98 100 
1 3 5 24 25 29 34 37 41 42 43 45 47 49 50 51 52 55 60 61 63 66 67 69 75 79 81 83 86 98 100 
1 3 5 24 25 29 34 37 39 41 42 43 45 47 49 50 51 52 55 60 61 63 66 67 69 75 79 81 83 86 98 100 
1 3 5 24 25 29 34 37 39 41 42 43 45 47 49 50 51 52 55 60 61 63 66 67 69 75 79 81 83 86 98 100 
1 3 5 24 25 29 34 37 39 41 42 43 45 47 49 50 51 52 55 60 61 63 66 67 69 75 79 81 83 86 98 100 
1 3 5 24 25 29 34 37 39 41 42 43 45 47 49 50 51 52 55 60 63 66 67 69 75 79 81 83 86 98 100 
1 3 5 24 25 26 29 34 37 39 41 42 43 45 47 49 50 51 52 55 60 63 66 67 69 75 79 81 83 86 98 100 
1 3 5 24 25 26 29 34 37 39 41 42 43 45 47 49 50 51 52 55 60 63 66 67 69 75 79 81 83 86 98 100 
1 3 5 24 25 26 29 34 37 39 41 42 43 45 47 49 50 51 52 55 60 63 66 67 69 75 79 81 83 86 98 100 
1 3 5 24 25 26 29 34 37 39 41 42 43 45 47 49 50 51 52 55 60 63 66 67 69 75 81 83 86 98 100 
1 3 5 24 25 26 29 34 37 39 41 42 43 45 47 49 50 51 52 55 60 63 66 67 69 75 81 83 86 98 100 
1 3 5 24 25 26 29 34 37 39 41 42 43 45 47 49 50 51 52 55 60 63 66 67 69 75 81 83 86 97 98 100 
1 3 5 24 25 26 29 34 37 39 41 42 43 45 47 49 50 51 52 55 60 63 66 67 69 75 81 83 86 97 98 100 
1 3 5 24 25 26 29 34 37 39 41 42 43 45 47 49 50 51 52 55 60 63 66 67 69 75 81 83 86 98 100 
1 3 5 24 25 26 29 34 37 39 41 42 43 45 47 49 50 51 52 55 60 63 66 67 69 72 75 81 83 86 98 100 
1 3 5 24 25 26 29 34 37 39 41 42 43 45 47 49 50 51 52 55 60 63 66 67 69 72 75 81 83 86 98 100 
1 3 5 24 25 26 29 34 37 39 41 42 43 45 47 49 50 51 52 55 60 63 66 67 69 72 75 81 83 86 98 100 
1 3 5 24 25 26 29 34 37 39 41 42 43 45 47 49 50 51 52 55 60 63 66 67 69 72 75 81 83 86 98 100 
1 3 5 16 24 25 26 29 34 37 39 41 42 43 45 47 49 50 51 52 55 60 63 66 67 69 72 75 81 83 86 98 100 
1 3 5 16 24 25 26 29 34 37 39 41 42 43 45 47 49 50 51 52 55 60 63 66 67 69 72 75 81 83 86 98 100 
1 3 5 16 24 25 26 29 34 37 39 41 42 43 45 47 49 50 51 52 60 63 66 67 69 72 75 81 83 86 98 100 
1 3 5 16 24 25 26 29 34 37 39 41 42 43 45 47 49 50 51 52 60 63 66 67 69 72 75 81 83 86 98 100 
1 3 5 16 24 25 26 29 34 37 39 41 42 43 45 47 49 50 51 52 60 63 66 67 69 72 75 81 83 84 86 98 100 
1 3 5 24 25 26 29 34 37 39 41 42 43 45 47 49 50 51 52 60 63 66 67 69 72 75 81 83 84 86 98 100 
1 3 5 24 25 26 29 34 37 39 41 42 43 45 47 49 50 51 52 60 63 66 67 69 72 75 81 83 84 86 98 100 
1 3 5 24 25 26 29 34 37 39 41 42 43 45 47 49 50 51 52 60 63 66 67 69 72 75 81 83 84 86 89 98 100 
1 3 5 24 25 26 29 34 37 39 41 42 43 45 47 49 50 51 52 60 63 66 67 69 72 75 81 83 84 86 89 98 100 
1 3 5 24 25 26 29 34 37 39 41 42 43 45 47 49 50 51 52 60 63 66 67 69 72 75 81 83 84 86 89 98 100 
1 3 5 24 25 26 29 34 37 39 41 42 43 45 47 49 50 51 52 60 63 66 67 69 72 75 81 83 84 86 89 98 100 
1 3 5 24 25 26 29 34 37 39 41 42 43 45 47 49 50 51 52 60 63 66 67 69 72 75 81 83 84 86 89 98 100 
1 3 5 24 25 26 29 34 37 39 41 42 43 45 47 49 50 51 52 60 63 66 67 69 72 75 81 83 84 86 89 98 100 
1 3 5 24 25 26 29 34 37 39 41 42 43 45 47 49 51 52 60 63 66 67 69 72 75 81 83 84 86 89 98 100 
1 3 5 24 25 26 29 34 37 39 41 42 43 45 47 49 51 52 60 63 66 67 69 72 75 81 83 84 86 89 98 100 
1 3 5 24 25 26 29 34 37 39 41 42 43 45 47 49 51 52 60 63 66 67 69 72 75 81 83 84 86 89 98 100 
1 3 5 24 25 26 29 34 37 39 41 42 43 45 47 49 51 52 60 63 66 67 69 72 75 81 83 84 86 89 98 100 
1 3 5 24 25 26 29 34 35 37 39 41 42 43 45 47 49 51 52 60 63 66 67 69 72 75 81 83 84 86 89 98 100 
1 3 5 24 25 26 29 34 35 37 39 41 42 43 45 47 49 51 52 60 63 66 67 69 72 75 81 83 84 86 89 98 100 
1 3 5 24 25 26 29 34 35 37 39 41 42 43 45 47 49 51 52 60 63 66 67 69 72 75 81 83 84 86 89 98 100 
1 3 5 24 25 26 29 34 37 39 41 42 43 45 47 49 51 52 60 63 66 67 69 72 75 81 83 84 86 89 98 100 
1 3 5 24 25 26 29 34 37 39 41 42 43 45 47 49 51 52 60 63 66 67 69 72 75 81 83 84 86 89 98 100 
1 3 5 24 25 26 29 34 37 39 41 42 43 45 47 49 51 52 60 63 66 67 69 72 75 81 83 84 86 89 98 100 
1 3 5 24 25 26 29 34 37 39 41 42 43 45 47 49 51 52 60 63 66 67 69 72 75 81 83 84 86 89 98 100 
1 3 5 24 25 26 29 34 37 39 41 42 43 45 47 49 51 52 60 63 66 67 69 72 75 81 83 84 85 86 89 98 100 
1 3 5 24 25 26 29 34 37 39 41 42 43 45 47 49 51 52 60 63 66 67 69 72 75 81 83 84 85 86 89 98 100 
1 3 5 14 24 25 26 29 34 37 39 41 42 43 45 47 49 51 52 60 63 66 67 69 72 75 81 83 84 85 86 89 98 100 
1 3 5 14 24 25 26 34 37 39 41 42 43 45 47 49 51 52 63 66 67 69 72 75 81 83 84 85 86 89 98 100 
1 3 5 8 14 24 25 26 34 37 39 41 42 43 45 47 49 51 52 63 66 67 69 72 75 81 83 84 85 86 89 98 100 
1 3 5 8 14 24 25 26 34 37 39 41 42 43 45 47 49 51 52 63 66 67 69 72 75 81 83 84 85 86 89 98 100 
1 3 5 8 14 24 25 26 34 37 39 41 42 43 45 47 49 51 52 63 66 67 69 72 75 81 83 84 85 86 89 98 100 
1 3 5 8 14 24 25 26 34 37 39 41 42 43 45 47 49 51 52 63 66 67 69 72 75 81 83 84 85 86 89 98 100 
1 3 5 8 14 22 24 25 26 34 37 39 41 42 43 45 47 49 51 52 63 66 67 69 72 75 81 83 84 85 86 89 98 100 
1 3 5 8 14 24 25 26 34 37 39 41 42 43 45 47 49 51 52 63 66 67 69 72 75 81 83 84 85 86 89 98 100 
1 3 5 8 14 24 25 26 34 37 39 41 42 43 45 47 49 51 52 63 66 67 69 72 75 81 83 85 86 89 98 100 
1 3 5 8 14 24 25 26 34 37 39 41 42 43 45 47 49 51 52 63 66 67 69 72 75 81 83 85 86 89 98 100 
1 3 5 8 14 24 25 26 34 37 39 41 42 43 45 47 49 51 52 63 66 67 69 72 75 81 83 85 86 89 96 98 100 
1 3 5 8 14 24 25 26 34 37 39 41 42 43 45 47 49 51 52 63 66 67 68 69 72 75 81 83 85 86 89 96 98 100 
1 3 5 8 14 15 24 25 26 34 37 39 41 42 43 45 47 49 51 52 63 66 67 68 69 72 75 81 83 85 86 89 96 98 100 
1 3 5 8 14 15 24 25 26 34 37 39 41 42 43 45 47 49 51 52 63 66 67 68 69 72 75 81 83 85 86 89 96 98 100 
1 3 5 8 14 15 24 25 26 34 37 39 41 42 43 45 47 49 51 52 63 66 67 68 69 72 75 81 83 85 86 89 96 98 100 
1 3 5 8 14 15 24 25 26 34 37 39 41 42 43 45 47 49 51 52 63 66 67 68 69 72 75 81 83 85 86 89 96 98 100 
1 3 5 8 14 15 24 25 26 34 37 39 41 42 43 45 47 49 51 52 63 66 67 68 69 72 75 81 83 85 86 89 98 100 
1 3 5 8 14 15 24 25 26 34 37 39 41 42 43 45 47 49 51 52 63 66 67 68 69 72 75 81 82 83 85 86 89 98 100 
1 3 5 8 14 15 24 25 26 34 37 39 41 42 43 45 47 49 51 52 63 66 67 68 69 72 75 81 83 85 86 89 98 100 
1 3 5 8 14 15 24 25 26 34 37 39 41 42 43 45 47 49 51 52 63 66 67 68 69 72 75 81 83 85 86 89 98 100 
1 3 5 8 14 15 24 25 26 34 37 39 41 42 43 45 47 49 51 52 63 66 67 68 69 72 75 76 81 83 85 86 89 98 100 
1 3 5 8 14 15 24 25 26 34 37 39 41 42 43 45 47 49 51 52 63 66 67 68 69 72 75 76 81 83 85 86 89 98 100 
1 3 5 8 14 15 24 25 26 34 37 39 41 42 43 45 47 49 51 52 63 66 67 68 69 72 75 76 81 83 85 86 89 98 100 
1 3 5 8 14 15 24 25 26 34 37 39 41 42 43 45 47 49 51 52 63 66 67 68 69 72 75 76 81 83 85 86 89 98 100 
1 3 5 8 14 15 24 25 26 34 37 39 41 42 43 45 47 49 51 52 63 66 67 68 69 72 75 76 81 83 85 86 89 98 100 
1 3 5 8 14 15 24 25 26 34 37 39 41 42 43 45 47 49 51 52 63 66 67 68 69 72 75 76 81 83 85 86 89 94 98 100 
1 3 5 8 14 15 24 25 26 34 37 39 41 42 43 45 47 49 51 52 63 66 67 68 69 72 75 76 81 83 85 86 89 94 98 100 
1 3 5 8 14 15 24 25 26 34 37 39 41 42 43 45 47 49 51 52 63 66 67 68 69 72 75 76 81 83 85 86 89 94 98 100 
1 3 5 8 14 15 24 25 26 34 37 39 41 42 43 45 47 49 51 52 63 66 67 68 69 72 75 76 81 83 85 86 89 94 98 100 
1 3 5 8 14 15 24 25 26 34 37 39 41 42 43 45 47 49 51 52 63 66 67 68 69 72 75 76 81 83 85 86 89 94 98 
1 3 5 8 14 15 24 25 26 34 37 39 41 42 43 45 47 49 51 52 63 66 67 68 69 72 75 76 81 83 85 86 89 94 98 
1 3 5 8 14 15 24 25 26 34 37 39 41 42 43 45 47 49 51 52 63 66 67 68 69 72 75 76 81 83 85 86 89 94 98 
1 3 5 8 14 15 18 24 25 26 34 37 39 41 42 43 45 47 49 51 52 63 66 67 68 69 72 75 76 81 83 85 86 89 94 98 
1 3 5 8 14 15 18 24 25 26 34 37 39 41 42 43 45 47 49 51 52 63 66 67 68 69 72 75 76 81 83 85 86 89 94 98 
1 3 5 8 14 15 18 24 25 26 34 37 39 41 42 43 45 47 49 51 52 63 66 67 68 69 72 75 76 81 83 85 86 89 94 98 
1 3 5 8 14 15 18 24 25 26 34 37 39 41 42 43 45 47 49 51 52 63 66 67 68 69 72 75 76 81 83 85 86 89 94 98 
1 3 5 8 14 15 18 24 25 26 34 37 39 41 42 43 45 47 49 51 52 63 66 67 68 69 72 75 76 81 83 85 86 89 94 98 
1 3 5 8 14 15 18 24 25 26 34 37 39 41 42 43 45 47 49 51 52 63 66 67 68 69 72 75 76 81 83 85 86 89 94 98 
1 3 5 8 14 15 18 24 25 26 34 37 39 41 42 43 45 47 49 51 52 63 66 67 68 69 72 75 76 81 83 85 86 89 94 98 
1 3 5 8 14 15 18 24 25 26 34 37 39 41 42 43 45 47 49 51 52 63 66 67 68 69 72 75 76 81 83 85 86 89 94 98 
1 3 5 8 14 15 18 24 25 26 34 37 39 41 42 43 45 47 49 51 52 63 66 67 68 69 72 75 76 81 83 85 86 89 94 98 
1 3 5 8 14 15 18 24 25 26 34 37 39 41 42 43 45 47 49 51 52 63 66 67 68 69 72 75 76 81 83 85 86 89 94 98 
1 3 5 8 14 15 18 24 25 26 34 37 39 41 42 43 45 47 49 51 52 63 66 67 68 69 72 75 76 81 83 85 86 89 94 98 
1 3 5 8 14 15 18 24 25 26 34 37 39 41 42 43 45 47 49 51 52 63 66 67 68 69 72 75 76 81 83 85 86 89 94 98 
1 3 5 8 14 15 18 24 25 26 34 37 39 41 42 43 45 47 49 51 52 63 66 67 68 69 72 75 76 81 83 85 86 89 94 98 
1 3 5 8 14 15 18 24 25 26 34 37 39 41 42 43 45 47 49 51 52 63 66 67 68 69 72 75 76 81 83 85 86 89 94 98 
1 3 5 8 14 15 18 24 25 26 37 39 41 42 43 45 47 49 51 52 63 66 67 68 69 75 76 81 83 85 86 89 98 
1 3 5 8 14 15 18 24 25 26 37 39 41 42 43 45 47 49 51 52 54 63 66 67 68 69 75 76 81 83 85 86 89 98 
1 3 5 8 14 15 18 24 25 26 30 37 39 41 42 43 45 47 49 51 52 54 63 66 67 68 69 75 76 81 83 85 86 89 98 
1 3 5 8 14 15 18 24 25 26 30 37 39 41 42 43 45 47 49 51 52 63 66 67 68 69 75 76 81 83 85 86 89 98 
1 3 5 8 14 15 18 24 25 26 30 37 39 41 42 43 45 47 49 51 52 63 66 67 68 69 75 76 81 83 85 86 89 98 
1 3 5 8 14 15 18 24 25 26 30 37 39 41 42 43 45 47 49 51 52 63 66 67 68 69 75 76 81 83 85 86 89 98 
1 3 5 8 14 15 18 24 25 26 30 37 39 41 42 43 45 47 49 51 52 63 66 67 68 69 75 76 80 81 83 85 86 89 98 
1 3 5 8 14 15 18 24 25 26 30 37 39 41 42 43 45 47 49 51 52 63 66 67 68 69 75 76 80 81 83 85 86 89 98 
1 3 5 8 14 15 18 24 25 26 30 37 39 41 42 43 45 47 49 52 63 66 67 69 75 80 81 83 85 86 89 98 
1 3 5 8 14 15 18 24 25 26 30 37 39 41 42 43 45 47 49 52 63 66 67 69 75 80 81 83 85 86 89 98 
1 3 5 8 14 15 18 24 25 26 30 37 39 41 42 43 45 47 49 52 63 66 67 69 75 80 81 83 85 86 89 98 
1 3 5 8 14 15 18 24 25 26 30 37 39 41 42 43 45 47 49 52 63 66 67 69 75 80 81 83 85 86 89 98 
1 3 5 8 14 15 18 24 25 26 30 37 39 41 42 43 45 46 47 49 52 63 66 67 69 75 80 81 83 85 86 89 98 
1 3 5 8 14 15 18 24 25 26 30 37 39 41 42 43 45 46 47 49 52 63 66 67 69 75 80 81 83 85 86 89 98 
1 3 5 8 14 15 18 24 25 26 30 37 39 41 42 43 45 46 47 49 52 63 66 67 69 75 80 81 83 85 86 89 98 
1 3 5 8 14 15 24 25 26 30 37 39 41 42 43 45 46 47 49 52 63 66 67 69 75 80 81 83 85 86 89 98 
1 3 5 8 14 15 19 24 25 26 30 37 39 41 42 43 45 46 47 49 52 63 66 67 69 75 80 81 83 85 86 89 98 
1 3 4 5 8 14 15 19 24 25 26 30 37 39 41 42 43 45 46 47 49 52 63 66 67 69 75 80 81 83 85 86 89 98 
1 3 4 5 8 14 15 19 24 25 26 30 37 39 41 42 43 45 46 47 49 52 63 66 67 69 75 80 81 83 85 86 89 98 
1 3 5 8 14 15 19 24 25 26 30 37 39 41 42 43 45 46 47 49 52 63 66 67 69 75 80 81 83 85 86 89 98 
1 3 5 8 14 15 19 24 25 26 30 37 39 41 42 43 45 46 47 49 52 63 66 67 69 75 80 81 83 85 86 89 98 
1 3 5 8 14 15 19 20 24 25 26 30 37 39 41 42 43 45 46 47 49 52 63 66 67 69 75 80 81 83 85 86 89 98 
1 3 5 8 14 15 19 20 24 25 26 30 37 39 41 42 43 45 46 47 49 52 63 66 67 69 75 80 81 83 85 86 89 98 
1 3 5 8 14 15 19 20 24 25 26 30 37 39 41 42 43 45 46 47 49 52 63 66 67 69 75 80 81 83 85 86 89 98 
1 3 5 8 14 15 19 20 24 25 26 30 37 39 41 42 43 45 46 47 49 52 63 66 67 69 75 80 81 83 85 86 89 98 
1 3 5 8 14 15 19 20 24 25 26 30 37 41 42 43 45 46 47 49 52 63 66 67 69 75 80 81 83 85 86 89 98 
1 3 5 8 14 15 19 20 24 25 26 30 37 41 42 43 45 46 47 49 52 63 66 67 69 75 80 81 83 85 86 89 98 
1 3 5 8 14 15 19 20 24 25 26 30 37 41 42 43 45 46 47 49 52 63 66 67 69 75 80 81 83 85 86 89 98 
1 3 5 8 14 15 19 20 24 25 26 30 37 41 42 43 45 46 47 49 52 63 66 67 69 75 80 81 83 85 86 89 98 
1 3 5 8 14 15 19 20 24 25 26 30 37 41 42 43 45 46 47 49 52 63 66 67 69 75 80 81 83 85 86 89 98 
1 3 5 8 14 15 19 20 24 25 26 30 37 41 42 43 45 46 47 49 52 63 66 67 69 75 80 81 83 85 86 89 98 
1 3 5 8 14 15 19 20 24 25 26 30 37 41 42 43 45 46 47 49 52 63 66 67 69 75 80 81 83 85 86 89 92 98 
1 3 5 8 14 15 19 20 24 25 26 30 37 41 42 43 45 46 47 49 52 63 66 67 69 75 80 81 83 85 86 89 92 98 
1 3 5 8 14 15 19 20 24 25 26 30 37 42 43 45 46 47 49 52 63 66 67 69 75 80 81 83 85 86 89 92 98 
1 3 5 8 14 15 19 20 24 25 26 30 37 42 43 45 46 47 49 52 63 65 66 67 69 75 80 81 83 85 86 89 92 98 
1 3 5 8 14 15 20 24 25 26 30 37 42 43 45 46 47 49 52 65 66 67 69 75 80 81 83 85 86 89 92 98 
1 3 5 8 14 15 20 24 25 26 30 37 42 43 45 46 47 49 52 65 66 67 69 75 80 81 83 85 86 89 92 98 
1 3 5 8 14 15 20 24 25 26 30 37 42 43 45 46 47 49 52 65 66 67 69 75 80 81 83 85 86 89 92 98 
1 3 5 8 14 15 20 24 25 26 30 37 40 42 43 45 46 47 49 52 65 66 67 69 75 80 81 83 85 86 89 92 98 
1 3 5 8 14 15 20 24 25 30 37 40 42 43 45 46 47 49 52 65 66 67 69 75 80 81 83 85 86 89 92 98 
1 3 5 8 14 15 20 24 25 30 37 40 42 43 45 46 47 49 52 65 66 67 69 75 80 81 83 85 86 89 92 98 
1 3 5 8 14 15 20 24 25 30 37 40 42 43 45 46 47 49 52 65 66 67 69 75 80 81 83 85 86 89 92 98 
1 3 5 8 14 15 20 24 25 30 37 40 42 43 45 46 47 49 52 65 66 67 69 75 80 81 83 85 86 89 92 98 
1 3 5 8 14 15 20 24 25 30 37 40 42 43 45 46 47 49 52 65 66 67 69 75 80 81 83 85 86 89 92 98 
1 3 5 8 14 15 20 24 25 30 37 40 42 43 45 46 47 49 52 65 66 67 69 75 80 81 83 85 86 89 92 98 
1 3 5 8 14 15 20 24 25 30 37 40 42 43 45 46 47 49 52 65 66 67 69 75 80 81 83 85 86 89 92 98 
1 3 5 8 14 15 20 24 25 30 37 40 42 43 45 46 47 49 52 65 66 67 69 75 80 81 83 85 86 89 92 98 
1 3 5 8 14 15 20 24 25 30 37 40 42 43 45 46 47 49 52 61 65 66 67 69 75 80 81 83 85 86 89 92 98 
1 3 5 8 14 15 20 24 25 30 37 40 42 43 45 46 47 49 52 61 65 66 67 69 75 80 81 83 85 86 89 92 98 
1 3 5 8 14 15 20 24 25 30 37 40 42 43 45 46 47 49 52 61 65 66 67 69 75 80 81 83 85 86 89 92 98 
1 3 5 8 14 15 20 24 25 30 37 42 43 45 46 47 49 52 61 65 66 67 69 75 80 81 83 85 86 89 92 98 
1 3 5 8 14 15 20 24 25 30 37 42 43 45 46 47 49 52 61 65 66 67 69 75 80 81 83 85 86 89 92 98 
1 3 5 8 14 15 20 24 25 30 37 42 43 45 46 47 49 52 61 65 66 67 69 75 80 81 83 85 86 89 92 98 
1 3 5 8 14 15 20 24 25 30 37 42 43 45 46 47 49 52 61 65 66 67 69 75 79 80 81 83 85 86 89 92 98 
1 3 5 8 14 15 20 24 25 30 37 42 43 45 46 47 49 52 61 65 66 67 69 75 79 80 81 83 85 86 89 92 98 
1 3 5 14 15 20 24 25 30 37 42 43 45 46 47 49 52 65 66 67 69 75 79 80 81 83 85 86 89 92 98 
1 3 5 14 15 20 24 25 30 37 42 43 45 46 47 49 52 65 66 67 69 75 79 80 81 83 85 86 89 90 92 98 
1 3 5 14 15 20 24 25 30 37 42 43 45 46 47 49 52 65 66 67 69 75 79 80 81 83 85 86 89 90 98 
1 3 5 14 15 20 24 25 30 37 42 43 45 46 47 49 52 65 66 67 69 71 75 79 80 81 83 85 86 89 90 98 
1 3 5 14 15 20 24 25 30 37 42 43 45 46 47 49 52 65 66 67 69 71 75 79 80 81 83 85 86 89 90 98 
1 3 5 14 15 20 24 25 30 37 42 43 45 46 47 49 52 65 66 67 69 71 75 79 80 81 83 85 86 89 90 98 
1 3 5 14 15 20 24 25 30 37 42 43 45 46 47 49 52 65 66 67 69 71 75 79 80 81 83 85 86 89 90 98 
1 3 5 15 20 24 25 30 37 42 43 45 46 47 49 52 65 66 67 69 71 75 79 80 81 83 85 86 89 90 98 
1 3 5 15 20 24 25 30 37 42 43 45 46 47 49 52 65 66 67 69 71 75 79 80 81 83 85 86 89 90 98 
1 3 5 15 20 24 25 30 33 37 42 43 45 46 47 49 52 65 66 67 69 71 75 79 80 81 83 85 86 89 90 98 
1 3 5 15 20 24 25 30 33 37 42 43 45 46 47 49 52 65 66 67 69 71 75 79 80 81 83 85 86 89 90 98 
1 3 5 15 20 24 25 30 33 37 42 43 45 46 47 49 52 65 66 67 69 71 75 79 80 81 83 85 86 89 90 98 
1 3 5 15 20 24 25 30 33 37 42 43 45 46 47 49 52 57 65 66 67 69 71 75 79 80 81 83 85 86 89 90 98 
1 3 5 15 20 24 25 30 33 37 42 43 45 46 47 49 52 57 65 66 67 69 71 75 79 80 81 83 85 86 89 90 98 
1 3 5 15 20 24 25 30 33 37 42 43 45 46 47 49 52 57 65 66 67 69 71 75 79 80 81 83 85 86 89 90 98 
1 3 5 15 20 25 30 33 37 42 43 45 46 47 49 52 57 65 66 67 69 71 75 79 80 81 85 86 89 90 98 
1 3 5 6 15 20 25 30 33 37 42 43 45 46 47 49 52 57 65 66 67 69 71 75 79 80 81 85 86 89 90 98 
1 3 5 6 15 20 23 25 30 33 37 42 43 45 46 47 49 52 57 65 66 67 69 71 75 79 80 81 85 86 89 90 98 
1 3 5 6 15 20 23 25 30 33 37 42 43 45 46 47 49 52 57 65 66 67 69 71 75 79 80 81 85 86 89 90 98 
1 3 5 6 15 20 23 25 30 33 37 42 43 45 46 47 49 52 57 65 66 67 69 71 75 79 80 81 85 86 89 90 98 
1 3 5 6 15 20 23 25 30 33 37 42 43 45 46 47 49 52 57 65 66 67 69 71 75 79 80 81 85 86 89 90 98 
1 3 5 6 15 20 23 25 30 37 42 43 45 46 47 49 52 57 66 67 69 71 75 79 80 81 85 86 89 98 
1 3 5 6 15 20 23 25 30 37 42 43 45 46 47 49 52 57 66 67 69 71 75 79 80 81 85 86 89 98 
1 3 5 6 15 20 23 25 30 37 42 43 45 46 47 49 52 57 66 67 69 71 75 79 80 81 85 86 89 98 
1 3 5 6 15 20 23 25 30 37 42 43 45 46 47 49 52 57 66 67 69 71 75 79 80 81 85 86 89 98 
1 3 5 6 15 20 23 25 30 37 42 43 44 45 46 47 49 52 57 66 67 69 71 75 79 80 81 85 86 89 98 
1 3 5 6 15 20 23 25 30 32 37 42 43 44 45 46 47 49 52 57 66 67 69 71 75 79 80 81 85 86 89 98 
1 3 5 6 15 20 23 25 30 32 37 42 43 44 45 46 47 49 52 57 66 67 69 71 75 79 80 81 85 86 89 98 
1 3 5 6 15 20 23 25 30 32 37 42 43 44 45 46 47 49 52 57 66 67 69 71 75 79 80 81 85 86 89 98 
1 3 5 6 15 20 23 25 30 32 37 42 43 44 45 46 47 49 52 57 66 67 69 71 75 79 80 81 85 86 89 98 
1 3 5 6 15 20 23 25 30 32 37 42 43 44 45 46 47 49 52 57 66 67 69 71 75 79 80 81 85 86 89 98 
1 3 5 6 15 20 23 25 30 32 37 42 43 44 45 46 47 49 52 57 66 67 69 71 75 79 80 81 85 86 89 98 
1 3 5 6 15 20 23 25 30 32 42 43 44 45 46 47 49 52 57 66 67 69 71 75 79 80 81 85 86 98 
1 3 5 6 15 20 23 25 30 32 38 42 43 44 45 46 47 49 52 57 66 67 69 71 75 79 80 81 85 86 98 
1 3 5 6 15 20 23 25 30 32 42 43 44 45 46 47 49 52 57 66 67 69 71 75 79 80 81 85 86 98 
1 3 5 6 15 20 23 25 30 32 42 43 44 45 46 47 49 52 57 66 67 69 71 75 79 80 81 85 86 98 
1 3 5 6 7 15 20 23 25 30 32 42 43 44 45 46 47 49 52 57 66 67 69 71 75 79 80 81 85 86 98 
1 3 5 6 7 15 20 23 25 30 32 42 43 44 45 46 47 49 52 57 66 67 69 71 75 79 80 81 85 86 98 
1 3 5 6 7 15 20 23 25 30 32 42 43 44 45 46 47 49 52 57 66 67 69 71 75 79 80 81 85 86 98 
1 3 5 6 7 15 20 23 25 30 32 42 43 44 45 46 47 49 52 57 66 67 69 71 75 79 80 81 85 86 98 
1 3 5 6 7 15 20 23 25 30 32 42 43 44 45 46 47 49 52 57 66 67 69 71 75 79 80 81 85 86 98 
1 3 5 6 7 15 20 21 23 25 30 32 42 43 44 45 46 47 49 52 57 66 67 69 71 75 79 80 81 85 86 98 
1 3 5 6 7 15 20 21 23 25 30 32 42 43 45 46 47 49 52 57 66 67 69 71 75 79 80 81 85 86 98 
1 3 5 6 7 15 20 21 23 25 30 32 42 43 45 46 47 49 52 57 66 67 69 71 75 79 80 81 85 86 98 
1 3 5 6 7 15 20 21 23 25 30 32 42 43 45 46 47 49 52 57 59 66 67 69 71 75 79 80 81 85 86 98 
1 3 5 6 7 15 20 21 23 25 32 42 43 45 46 47 49 52 57 59 66 67 69 71 75 79 80 81 85 86 98 
1 3 5 6 7 15 19 20 21 23 25 32 42 43 45 46 47 49 52 57 59 66 67 69 71 75 79 80 81 85 86 98 
1 3 5 6 7 15 19 20 21 23 25 32 42 43 45 46 47 49 52 57 59 66 67 69 71 75 79 80 81 85 86 98 
1 3 5 6 7 15 19 20 21 23 25 32 42 43 45 46 47 49 52 57 58 59 66 67 69 71 75 79 80 81 85 86 98 
1 3 5 6 7 15 19 20 21 23 25 32 42 43 45 46 47 49 52 57 58 59 66 67 69 71 75 79 80 81 85 86 98 
1 3 5 6 7 15 19 20 21 23 25 32 42 43 45 46 47 49 52 57 59 66 67 69 71 75 79 80 81 85 86 98 
1 3 5 6 7 15 19 20 21 23 25 32 42 43 45 46 47 49 52 57 59 66 67 69 71 75 79 80 81 85 86 98 
1 3 5 6 7 15 19 20 21 23 25 32 42 43 45 46 47 49 52 57 59 66 67 69 71 75 79 80 81 85 86 98 
1 3 5 6 7 15 19 20 21 23 25 32 42 43 45 46 47 49 52 57 59 66 67 69 71 75 79 80 81 85 86 98 
1 3 5 6 7 15 19 20 21 23 25 32 36 42 43 45 46 47 49 52 57 59 66 67 69 71 75 79 80 81 85 86 98 
1 3 5 6 7 15 19 20 21 23 25 32 36 42 43 45 46 47 49 52 57 59 66 67 69 71 75 79 80 81 85 86 98 
1 3 5 6 7 15 19 20 21 23 25 32 36 42 43 45 46 47 49 52 57 59 66 67 69 71 75 79 80 81 85 86 98 
1 3 5 6 19 20 21 23 25 32 36 42 43 46 47 49 52 57 59 66 67 69 71 75 79 80 81 85 86 98 
1 3 5 6 19 20 21 23 25 32 36 42 43 46 47 49 52 57 59 66 67 69 71 75 79 80 81 85 86 98 
1 3 5 6 19 20 21 23 25 32 36 42 43 46 47 49 52 57 59 66 67 69 71 75 79 80 81 85 86 95 98 
1 3 5 6 19 20 21 23 25 32 36 42 43 46 47 49 52 57 59 66 67 69 71 75 79 80 81 85 86 95 98 
1 3 5 6 19 20 21 23 25 32 36 42 43 46 47 49 52 57 59 66 67 69 71 75 79 80 81 85 86 95 98 
1 3 5 6 19 20 21 23 25 32 36 42 43 46 47 49 52 57 59 66 67 69 71 75 79 80 81 85 86 87 95 98 
1 3 5 6 19 20 21 23 25 32 36 42 43 46 47 49 52 57 59 66 67 69 71 75 79 80 81 85 86 98 
1 3 5 6 19 20 21 23 25 32 36 42 43 46 47 49 52 57 59 66 67 69 71 75 79 80 81 85 86 98 
1 3 5 6 13 19 20 21 23 25 32 36 42 43 46 47 49 52 57 59 66 67 69 71 75 79 80 81 85 86 98 
1 3 5 6 13 19 20 21 23 25 32 36 42 43 46 47 49 52 57 59 66 67 69 71 75 79 80 81 85 86 98 
1 3 5 6 13 16 19 20 21 23 25 32 36 42 43 46 47 49 52 57 59 66 67 69 71 75 79 80 81 85 86 98 
1 3 5 6 13 16 19 20 21 23 25 32 36 42 43 46 47 49 52 57 59 66 67 69 71 75 79 80 81 85 86 98 
1 3 5 6 13 19 20 21 23 25 32 42 43 46 47 49 52 57 59 66 67 69 71 75 79 80 81 85 86 98 
1 3 5 6 13 19 20 21 23 25 32 42 43 46 47 49 52 57 59 66 67 69 71 75 79 80 81 85 86 98 
1 3 5 6 13 19 20 21 23 25 32 42 43 46 47 49 52 57 59 66 67 69 71 75 79 80 81 85 86 98 
1 3 5 6 13 19 20 21 23 25 27 32 42 43 46 47 49 52 57 59 66 67 69 71 75 79 80 81 85 86 98 
1 3 5 6 13 19 20 21 23 25 27 32 42 43 46 47 49 52 57 59 66 67 69 71 75 79 80 81 85 86 98 
1 3 5 6 13 19 20 21 23 25 27 32 42 43 46 47 49 52 57 59 66 67 69 71 75 79 80 81 85 86 98 
1 3 5 6 13 19 20 21 23 25 27 32 42 43 46 47 49 52 57 59 66 67 69 71 75 79 80 81 85 86 98 
1 3 5 6 13 19 20 21 23 25 27 32 42 43 46 47 49 52 57 59 66 67 69 71 75 79 80 81 85 86 98 
1 3 5 6 13 19 20 21 23 25 27 32 42 43 46 47 49 52 57 59 66 67 69 71 75 79 80 81 85 86 98 
1 3 5 6 13 19 20 21 23 25 27 32 42 43 46 47 49 52 57 59 66 67 69 71 75 79 80 81 85 86 98 
1 3 5 6 13 19 20 21 23 25 27 32 42 43 46 47 49 52 57 59 66 67 69 71 75 79 80 81 85 86 98 
1 3 5 6 13 19 20 21 23 25 27 32 42 43 46 47 49 52 57 59 66 67 69 71 75 79 80 81 85 86 98 
1 3 5 6 12 13 19 20 21 23 25 27 32 42 43 46 47 49 52 57 59 66 67 69 71 75 79 80 81 85 86 98 
1 3 5 6 12 13 19 20 21 23 25 27 32 42 43 46 47 49 52 57 59 66 67 69 71 75 79 80 81 85 86 98 
1 3 5 6 12 13 19 20 21 23 25 27 32 42 43 46 47 49 52 57 59 66 67 69 71 75 79 80 81 85 86 98 
1 3 5 6 19 20 21 23 25 27 32 42 43 46 47 49 52 57 59 66 67 69 71 75 79 80 81 85 86 98 
1 3 5 6 19 20 21 23 25 27 32 42 43 46 47 49 52 57 59 66 67 69 71 75 79 80 81 85 86 94 98 
1 3 5 6 19 20 21 23 25 27 29 32 42 43 46 47 49 52 57 59 66 67 69 71 75 79 80 81 85 86 94 98 
1 3 5 6 19 20 21 23 25 27 29 32 42 43 46 47 49 52 57 59 66 67 69 71 75 79 80 81 85 86 94 98 
1 3 5 6 19 20 21 23 25 27 29 32 42 43 46 47 49 52 57 59 66 67 69 71 75 79 80 81 85 86 94 98 
1 3 5 6 19 20 21 23 25 27 29 32 42 43 46 47 49 52 57 59 66 67 69 71 75 79 80 81 85 86 94 98 
1 3 5 6 19 20 21 23 25 27 29 32 42 43 46 47 49 52 57 59 64 66 67 69 71 75 79 80 81 85 86 94 98 
1 3 5 6 19 20 21 23 25 27 29 32 42 43 46 47 49 52 57 59 64 66 67 69 71 75 79 80 81 85 86 94 98 
1 3 5 6 19 20 21 23 25 27 29 32 42 43 46 47 49 52 57 59 64 66 67 69 71 75 79 80 81 85 86 94 98 
1 3 5 6 19 20 21 23 25 27 29 32 42 43 47 49 52 57 59 64 66 67 69 71 75 79 80 81 85 86 94 98 
1 3 5 6 19 20 21 23 25 27 29 32 42 43 47 49 52 57 59 64 66 67 69 71 75 79 80 81 85 86 94 98 
1 3 5 6 20 21 23 25 27 29 32 42 43 47 49 52 57 59 64 66 67 69 71 75 79 80 81 85 86 94 98 
1 3 5 6 20 21 23 25 27 29 32 42 43 47 49 52 57 59 64 66 67 69 70 71 75 79 80 81 85 86 94 98 
1 3 5 6 20 21 23 25 27 29 32 42 43 47 49 52 57 59 64 66 67 69 70 71 75 79 80 81 85 86 94 98 
1 3 5 6 20 21 23 25 27 29 31 32 42 43 47 49 52 57 59 64 66 67 69 70 71 75 79 80 81 85 86 94 98 
1 3 5 6 20 21 23 25 27 29 31 32 42 43 47 49 52 57 59 64 66 67 69 70 71 75 79 80 81 85 86 94 98 
1 3 5 6 20 21 23 25 27 29 31 32 42 43 47 49 52 57 59 64 66 67 69 70 71 75 79 80 81 85 86 94 98 
1 3 5 6 20 21 23 25 27 29 31 32 42 43 47 49 52 57 59 64 66 67 69 70 71 75 79 80 81 85 86 94 98 
1 3 5 6 20 21 23 25 27 29 31 32 42 43 47 49 52 57 59 64 66 67 69 70 71 75 79 80 81 86 98 
1 3 5 6 20 21 23 25 27 29 31 32 42 43 47 49 52 57 59 64 66 67 69 70 71 75 79 80 81 86 98 
1 3 5 6 20 21 23 25 27 29 31 32 42 43 47 49 52 57 59 64 66 67 69 70 71 75 79 80 81 86 98 
1 3 5 6 20 21 23 25 27 29 31 32 42 43 47 49 52 57 59 64 66 67 69 70 71 75 79 80 81 86 98 
1 3 5 6 10 20 21 23 25 27 29 31 32 42 43 47 49 52 57 59 64 66 67 69 70 71 75 79 80 81 86 98 
1 3 5 6 10 20 21 23 25 27 29 31 32 42 43 47 49 52 57 59 64 66 67 69 70 71 75 79 80 81 86 98 
1 3 5 6 10 20 21 23 25 27 29 31 32 42 43 47 49 52 57 59 64 66 67 69 70 71 75 79 80 81 86 98 
1 3 5 6 10 20 21 23 25 27 29 31 32 42 43 47 49 52 57 59 64 66 67 69 70 71 75 79 80 81 86 98 
1 3 5 6 20 21 23 25 27 29 31 32 42 43 47 49 52 57 59 64 66 67 69 70 71 75 79 80 81 86 98 
1 3 5 6 20 21 23 25 27 29 31 32 42 43 47 49 52 57 59 64 66 67 69 70 71 75 79 80 81 86 98 
1 3 5 6 20 21 23 25 27 29 31 32 42 43 47 49 52 57 59 63 64 66 67 69 70 71 75 79 80 81 86 98 
1 3 5 6 20 21 23 25 27 29 31 32 42 43 47 49 52 57 59 63 64 66 67 69 70 71 75 79 80 81 86 97 98 
1 3 5 6 20 21 23 25 27 29 31 32 42 43 47 49 52 57 59 63 64 66 67 69 70 71 75 79 80 81 86 97 98 
1 3 5 6 20 21 23 25 27 29 31 32 42 43 47 49 52 57 59 63 64 66 67 69 70 71 75 79 80 81 86 98 
1 3 5 6 20 21 23 25 27 29 31 32 42 43 47 49 52 57 59 63 64 66 67 69 70 71 75 79 80 81 86 91 98 
1 3 6 20 21 23 25 27 29 31 32 42 43 47 49 52 59 63 64 66 67 69 70 71 75 79 80 81 86 91 98 
1 3 6 20 21 23 25 27 29 31 32 42 43 47 49 52 59 63 64 66 67 69 70 71 75 79 80 81 86 91 98 
1 3 6 20 21 23 25 27 29 31 32 42 43 47 49 52 59 63 64 66 67 69 70 71 75 79 80 81 86 91 98 
1 3 6 20 21 23 25 27 29 31 32 42 43 47 49 52 59 63 64 66 67 69 70 71 75 79 80 81 86 91 95 98 
1 3 6 20 21 23 25 27 29 31 32 42 43 47 49 52 59 63 64 66 67 69 70 71 75 79 80 81 86 91 95 98 
1 3 6 20 21 23 25 27 29 31 32 42 43 47 49 52 54 59 63 64 66 67 69 70 71 75 79 80 81 86 91 95 98 
1 3 6 20 21 23 25 27 29 31 32 42 43 47 49 52 54 59 63 64 66 67 69 70 71 75 79 80 81 86 91 95 98 
1 3 6 20 21 23 25 27 29 31 32 42 43 47 49 52 54 59 63 64 66 67 69 70 71 75 79 80 81 86 91 95 98 
1 3 6 20 21 23 25 27 29 31 32 42 43 47 49 52 54 59 63 64 66 67 69 70 71 75 79 80 81 86 91 95 98 
1 3 6 20 21 23 25 27 29 31 32 42 43 47 49 52 54 59 63 66 67 69 70 71 75 79 80 81 86 91 95 98 
1 3 4 6 20 21 23 25 27 29 31 32 42 43 47 49 52 54 59 63 66 67 69 70 71 75 79 80 81 86 91 95 98 
1 3 4 6 20 21 23 25 27 29 31 32 42 43 47 49 52 54 59 63 66 67 69 70 71 75 79 80 81 86 91 95 98 
1 3 4 6 20 21 23 25 27 29 31 32 42 43 47 49 52 54 59 63 66 67 69 70 71 75 79 80 81 86 91 95 98 
1 3 4 6 20 21 23 25 27 29 31 32 42 43 47 49 52 54 63 66 67 69 70 71 75 79 80 81 86 91 95 98 
1 3 4 6 20 21 23 25 27 29 31 32 42 43 47 49 52 54 63 66 67 69 70 71 75 79 80 81 86 91 95 98 
1 3 4 6 20 21 23 25 27 29 31 32 42 43 47 49 51 52 54 63 66 67 69 70 71 75 79 80 81 86 91 95 98 
1 3 4 6 20 21 23 25 27 29 31 32 42 43 47 49 51 52 54 63 66 67 69 70 71 75 79 80 81 86 91 95 98 
1 3 4 6 20 21 23 25 27 29 31 32 42 43 47 49 51 52 54 63 66 67 69 70 71 75 76 79 80 81 86 91 95 98 
1 3 4 6 20 21 23 25 27 31 32 42 43 47 49 51 54 66 67 69 70 71 75 76 79 80 81 86 91 95 98 
1 3 4 6 20 21 23 25 27 31 32 42 43 47 49 51 54 66 67 69 70 71 75 76 79 80 81 86 91 95 98 
1 3 4 6 20 21 23 25 27 31 32 42 43 47 49 51 54 66 67 69 70 71 75 76 79 80 81 86 91 95 98 
1 3 4 6 20 21 23 25 27 31 32 42 43 47 49 51 54 66 67 69 70 71 75 76 79 80 81 86 91 95 98 
1 3 4 6 20 21 23 25 27 31 32 42 43 47 49 51 54 66 67 69 70 71 75 76 79 80 81 86 91 95 98 
1 3 4 6 20 21 23 25 27 31 32 42 43 47 49 51 54 66 67 69 70 71 75 76 79 80 81 86 91 95 98 
1 3 4 6 20 21 23 25 27 31 32 42 43 47 49 51 54 62 66 67 69 70 71 75 76 79 80 81 86 91 95 98 
1 3 4 6 20 21 23 25 27 31 32 42 43 47 49 51 54 62 66 67 69 70 71 75 76 79 80 81 86 91 95 98 
1 3 4 6 20 23 25 27 31 32 42 43 47 49 51 54 62 66 67 69 70 71 75 76 79 80 81 86 91 95 98 
1 3 4 6 20 25 27 31 32 42 43 47 49 51 54 62 66 67 69 70 71 75 76 79 80 81 86 91 95 98 
1 3 4 6 20 25 27 31 32 42 43 47 49 51 54 62 66 67 69 70 71 75 76 79 80 81 86 91 95 98 
1 3 4 6 20 25 27 31 32 42 43 47 49 51 54 62 66 67 69 70 71 75 76 79 80 81 86 91 92 95 98 
1 3 4 6 20 25 27 31 32 42 43 47 49 51 54 62 66 67 69 70 71 75 76 79 80 81 86 91 92 95 98 
1 3 4 6 20 25 27 31 32 42 43 47 49 51 54 62 66 67 69 70 71 75 76 79 80 81 86 92 95 98 
1 3 4 6 20 25 27 31 32 42 43 47 49 51 54 62 66 67 69 70 71 75 76 79 80 81 86 92 95 98 
1 3 4 6 20 25 27 31 32 42 43 47 49 51 54 62 66 67 69 70 71 75 76 79 80 81 86 92 95 98 
1 3 4 6 20 25 27 31 32 42 43 47 49 51 54 62 66 67 69 70 71 75 76 79 80 81 86 92 95 98 
1 3 4 6 20 25 27 31 32 42 43 47 49 51 54 62 66 67 69 70 71 75 76 79 80 81 86 92 95 98 
1 3 4 6 20 25 27 31 32 42 43 47 49 51 54 62 66 67 69 70 71 75 76 79 80 81 86 92 95 98 
1 3 4 6 20 25 27 31 32 42 43 47 49 51 54 61 62 66 67 69 70 71 75 76 79 80 81 86 92 95 98 
1 3 4 6 20 25 27 31 32 42 43 47 49 51 54 61 62 66 67 69 70 75 76 79 80 81 86 92 95 98 
1 3 4 6 20 25 27 31 32 42 43 47 49 51 54 61 62 66 67 69 70 75 76 79 80 81 86 92 95 98 
1 3 4 6 20 25 27 31 32 42 43 47 49 51 54 61 62 66 67 69 70 75 76 77 79 80 81 86 92 95 98 
1 3 4 6 20 25 27 31 32 42 43 47 49 51 54 61 62 66 67 69 70 75 76 77 79 80 81 86 92 95 98 
1 3 4 6 20 25 27 31 32 42 43 47 49 51 54 61 62 66 67 69 70 75 76 77 79 80 81 86 92 95 98 
1 3 4 6 20 25 27 31 32 42 43 47 49 51 54 61 62 66 67 69 70 75 76 77 79 80 81 86 92 95 98 
1 3 4 6 20 25 27 31 32 42 43 47 49 51 54 61 62 66 67 69 70 75 76 77 79 80 81 86 92 95 98 
1 3 4 6 20 25 27 31 32 42 43 47 49 51 54 61 62 66 67 69 70 75 76 77 79 80 81 86 92 95 98 
1 3 4 6 20 25 27 31 32 42 43 47 49 51 54 61 62 66 67 69 70 75 76 77 79 80 81 86 92 93 95 98 
1 3 6 20 25 27 31 32 42 43 47 49 51 54 61 62 67 69 70 75 76 77 79 80 81 86 92 93 95 98 
1 3 6 20 25 27 31 32 42 43 47 49 51 54 61 62 67 69 70 75 76 77 79 80 81 86 92 93 95 98 
1 3 6 20 25 27 31 32 42 43 47 49 51 54 61 62 67 69 70 75 76 77 79 80 81 86 92 93 95 98 
1 3 6 20 25 27 31 32 42 43 47 49 51 54 61 62 67 69 70 75 76 77 79 80 81 86 92 93 95 98 
1 3 6 17 20 25 27 31 32 42 43 47 49 51 54 61 62 67 69 70 75 76 77 79 80 81 86 92 93 95 98 
1 3 6 17 20 25 27 31 32 42 43 47 49 51 54 61 62 67 69 70 75 76 77 79 80 81 86 92 93 95 98 
1 3 6 17 20 25 27 31 32 42 43 47 49 51 54 61 62 67 69 70 75 76 77 79 80 81 86 92 93 95 98 
1 3 6 17 20 25 27 31 32 42 43 47 49 51 54 61 62 67 69 70 75 76 77 79 80 81 86 92 93 95 98 
1 3 6 17 20 25 27 31 32 42 43 47 49 51 54 61 62 67 69 70 75 76 77 79 80 81 86 92 93 95 98 
1 3 6 17 20 25 27 31 32 42 43 47 49 51 54 61 62 67 69 70 75 76 77 79 80 81 86 93 95 98 
1 3 6 17 20 25 27 31 32 42 43 47 49 51 54 61 62 67 69 70 75 76 77 79 80 81 86 93 95 98 99 
1 3 6 17 20 25 27 31 32 42 43 47 49 51 54 61 62 67 69 70 75 76 77 79 80 81 86 93 95 98 99 
1 3 6 17 20 25 27 31 32 42 43 47 49 51 54 61 62 67 69 70 75 76 77 79 80 81 86 93 95 98 99 
1 3 6 17 20 25 27 31 32 42 43 47 49 51 54 62 67 69 70 75 76 77 79 80 81 86 93 95 98 99 
1 3 6 17 20 25 27 31 32 42 43 47 49 51 54 62 67 69 70 75 76 77 79 80 81 86 93 95 98 99 
1 3 6 17 20 25 27 31 32 42 43 47 49 51 54 62 67 69 70 75 76 77 79 80 81 86 93 95 98 99 
1 3 6 17 20 25 27 31 32 42 43 47 49 51 54 62 67 69 70 75 76 77 79 80 81 86 93 95 98 99 
1 3 6 17 20 25 27 31 32 41 42 43 47 49 51 54 62 67 69 70 75 76 77 79 80 81 86 93 95 98 99 
1 3 6 17 20 25 27 31 32 41 42 43 47 49 51 54 62 67 69 70 75 76 77 79 80 81 86 93 95 98 99 
1 3 6 17 20 25 27 31 32 41 42 43 47 49 51 54 62 67 69 70 75 76 77 79 80 81 86 93 95 98 99 
1 3 6 17 20 25 27 31 32 41 42 43 47 49 51 54 62 67 69 70 75 76 77 79 80 81 86 91 93 95 98 99 
1 3 6 17 20 25 27 31 32 41 42 43 47 49 51 54 62 67 69 75 76 77 79 80 81 86 91 93 95 98 99 
1 3 6 17 20 25 27 31 32 41 42 43 47 49 51 54 62 67 69 75 76 77 79 80 81 86 91 93 94 95 98 99 
1 3 6 17 20 25 27 31 32 41 42 43 47 49 51 54 62 67 69 75 76 77 79 80 81 86 93 94 95 98 99 
1 3 6 17 20 25 27 31 32 41 42 43 47 49 51 54 62 67 69 74 75 76 77 79 80 81 86 93 94 95 98 99 
1 3 6 17 20 25 27 31 32 41 42 43 47 49 51 54 62 67 69 74 75 76 77 79 80 81 86 93 94 95 98 99 
1 3 6 17 20 25 27 31 32 41 42 43 47 49 51 54 62 67 69 74 75 76 77 79 80 81 86 93 94 95 98 99 
1 3 6 17 20 25 27 31 32 41 42 43 47 49 51 54 62 67 69 74 75 76 77 79 80 81 86 93 94 95 98 
1 3 6 17 20 25 26 27 31 32 41 42 43 47 49 51 54 62 67 69 74 75 76 77 79 80 81 86 93 94 95 98 
1 3 6 17 20 25 26 27 31 32 41 42 43 47 49 51 54 62 67 69 74 75 76 77 79 80 81 86 93 94 95 98 
1 3 6 17 20 25 26 27 31 32 41 42 43 47 49 51 54 62 67 69 74 75 76 77 79 80 81 86 93 94 95 98 
1 3 6 17 20 25 26 27 31 32 41 42 43 47 49 51 54 62 67 69 74 75 76 77 79 80 81 86 93 94 95 98 
1 3 6 17 20 25 26 27 31 32 41 42 43 45 47 49 51 54 62 67 69 74 75 76 77 79 80 81 86 93 94 95 98 
1 3 6 17 20 25 26 27 31 32 41 42 43 45 47 49 51 54 62 67 69 74 75 76 77 79 80 81 86 93 94 95 98 
1 3 6 17 20 25 26 27 31 32 41 42 43 45 47 49 51 54 62 67 69 74 75 76 77 79 80 81 86 93 94 95 98 
1 3 6 17 20 25 26 27 31 32 41 42 43 45 47 49 51 54 62 67 69 74 75 76 77 79 80 81 86 93 94 95 98 
1 3 6 17 20 25 26 27 31 32 41 42 43 47 49 51 54 62 67 69 74 75 76 77 79 80 81 86 93 94 95 98 
1 3 6 17 20 25 26 27 31 32 41 42 43 47 49 51 54 62 67 69 74 75 76 77 79 80 81 86 93 94 95 98 
1 3 6 17 20 25 26 27 31 32 41 42 43 47 49 51 54 62 67 69 74 75 76 77 79 80 81 86 93 94 95 98 
1 3 6 17 20 25 26 27 29 31 32 41 42 43 47 49 51 54 62 67 69 74 75 76 77 79 80 81 86 93 94 95 98 
1 3 6 17 20 25 26 27 29 31 32 41 42 43 47 49 51 54 62 67 69 74 75 76 77 79 80 81 86 93 94 95 98 
1 3 6 17 20 25 26 27 29 31 32 41 42 43 47 49 51 54 62 67 69 74 75 76 77 79 80 81 86 93 94 95 98 
1 3 6 17 20 25 26 27 29 31 32 41 42 43 47 49 51 54 62 67 69 74 75 76 77 80 81 86 93 94 95 98 
1 3 6 17 20 25 26 27 29 31 32 41 42 43 47 49 51 54 62 67 69 74 75 76 77 80 81 86 93 94 95 98 
1 3 6 17 20 25 26 27 29 31 32 41 42 43 47 49 51 54 62 67 69 74 75 76 77 80 81 86 93 94 95 98 
1 3 6 17 20 25 26 27 29 31 32 41 42 43 47 49 51 54 62 67 69 74 75 76 77 80 81 86 93 94 95 98 
1 3 6 17 20 25 26 27 29 31 32 41 42 43 47 49 51 54 59 62 67 69 74 75 76 77 80 81 86 93 94 95 98 
1 3 6 17 20 25 26 27 29 31 32 41 42 43 47 49 51 54 59 62 67 69 74 75 76 77 80 81 86 93 94 95 98 
1 3 6 17 20 25 26 27 29 32 41 42 43 49 51 54 59 62 67 69 74 75 76 77 80 81 86 93 94 95 98 
1 3 6 17 20 25 26 27 29 32 41 42 43 49 51 54 59 62 67 69 74 75 76 77 80 81 86 93 94 95 98 
1 3 6 7 17 20 25 26 27 29 32 41 42 43 49 51 54 59 62 67 69 74 75 76 77 80 81 86 93 94 95 98 
1 3 6 7 17 20 25 26 27 29 32 41 42 43 49 51 54 59 60 62 67 69 74 75 76 77 80 81 86 93 94 95 98 
1 3 6 7 17 20 25 26 27 29 32 41 42 43 49 51 54 59 60 62 67 69 74 75 76 77 80 81 86 93 94 95 98 
1 3 6 7 17 20 25 26 27 29 32 41 42 43 49 51 54 59 60 62 67 69 74 75 76 77 80 81 86 93 94 95 98 
1 3 6 7 17 20 25 26 27 29 32 41 42 43 49 51 53 54 59 60 62 67 69 74 75 76 77 80 81 86 93 94 95 98 
3 6 7 17 20 25 26 27 29 32 41 42 43 49 51 53 54 59 60 62 67 69 74 76 80 81 93 94 95 98 
3 6 7 17 20 25 26 27 29 32 41 42 43 49 51 53 54 59 60 62 67 69 74 76 80 81 93 94 95 98 
3 6 7 17 20 25 26 27 29 32 41 42 43 49 51 53 54 59 60 62 67 69 74 76 80 81 83 93 94 95 98 
3 6 7 17 20 25 26 27 29 32 41 42 43 49 51 53 54 59 60 62 67 69 74 76 80 81 83 93 94 95 98 
3 6 7 17 20 25 26 27 29 32 41 42 43 49 51 53 54 59 60 62 65 67 69 74 76 80 81 83 93 94 95 98 
6 7 17 20 25 26 27 29 32 41 42 43 49 51 53 54 59 60 62 65 67 69 74 76 80 81 93 94 95 98 
6 7 17 20 25 26 27 29 32 33 41 42 43 49 51 53 54 59 60 62 65 67 69 74 76 80 81 93 94 95 98 
6 7 17 20 25 26 27 29 32 33 41 42 43 49 51 53 54 59 60 62 65 67 69 74 76 80 81 93 94 95 98 
6 7 17 20 25 26 27 29 32 33 41 42 43 49 51 53 54 59 60 62 65 67 69 74 76 80 81 93 94 95 98 
6 7 17 20 25 26 27 29 32 33 41 42 43 49 51 53 54 59 60 62 65 67 69 74 76 80 81 93 94 95 98 
6 7 17 20 25 26 27 29 32 33 41 42 43 49 51 53 54 59 60 62 65 67 69 74 76 80 81 93 94 95 98 
6 7 17 20 25 26 27 29 32 33 41 42 43 49 51 53 54 59 60 62 65 67 69 74 76 80 81 93 94 95 98 
6 7 17 20 25 26 27 29 32 33 41 42 43 49 51 53 54 59 60 62 65 67 69 74 76 80 81 93 94 95 98 
6 7 8 17 20 25 26 27 29 32 33 41 42 43 49 51 53 54 59 60 62 65 67 69 74 76 80 81 93 94 95 98 
6 7 8 17 20 25 26 27 29 32 33 41 42 43 49 51 53 54 59 60 62 65 67 69 74 76 80 81 93 94 95 98 
6 7 8 17 20 25 26 27 29 32 33 41 42 43 49 51 53 54 59 60 62 65 67 69 74 76 80 81 93 94 95 98 
6 7 8 17 20 25 26 27 29 32 33 41 42 43 49 51 53 54 59 60 62 65 67 69 74 76 80 81 93 94 95 98 
6 7 8 17 20 25 26 27 29 32 33 41 42 43 49 51 53 54 59 60 62 65 67 69 74 76 80 81 93 94 95 98 
6 7 8 17 20 25 26 27 29 32 33 41 42 43 49 51 53 54 59 60 62 65 67 69 74 76 80 81 93 94 95 98 
6 7 8 17 20 25 26 27 29 32 33 41 42 43 49 51 53 54 59 60 62 65 67 69 74 76 80 81 93 94 95 98 
6 7 8 17 20 25 26 27 29 32 33 41 42 43 49 51 53 54 59 60 65 67 69 74 76 80 81 93 94 95 98 
6 7 8 17 20 25 26 27 29 32 33 41 42 43 49 51 53 54 59 60 65 67 69 74 76 80 81 93 94 95 98 
6 7 8 17 20 25 26 27 29 32 33 41 42 43 49 51 53 54 59 60 65 67 69 74 76 80 81 93 94 95 98 
6 7 8 17 20 25 26 27 29 32 33 41 42 43 49 51 53 54 59 60 65 67 69 74 76 80 81 93 94 95 98 
6 7 8 12 17 20 25 26 27 29 32 33 41 42 43 49 51 53 54 59 60 65 67 69 74 76 80 81 93 94 95 98 
6 7 8 12 17 20 25 26 27 29 32 33 41 42 43 49 51 53 54 59 60 65 67 69 74 76 80 81 93 94 95 98 
6 7 8 12 17 20 25 26 27 29 32 33 41 42 43 49 51 53 54 59 60 65 67 69 74 76 80 81 93 94 95 98 
6 7 12 17 20 25 26 27 29 32 33 41 42 43 49 51 53 54 59 60 65 67 69 74 76 80 81 93 94 95 98 
6 7 12 17 20 25 26 27 29 32 33 40 41 42 43 49 51 53 54 59 60 65 67 69 74 76 80 81 93 94 95 98 
6 7 12 17 20 25 26 27 29 32 33 40 41 42 43 49 51 53 54 59 60 65 67 69 74 76 80 81 93 94 95 98 
6 7 12 17 20 25 26 27 29 32 33 41 42 43 49 51 53 54 59 60 65 67 69 74 76 80 81 93 94 95 98 
6 7 12 17 20 25 26 27 29 32 33 41 42 43 49 51 53 54 59 60 65 67 69 74 76 80 81 93 94 95 98 
6 7 12 17 20 25 26 27 29 32 33 41 42 43 49 51 53 54 59 60 65 67 69 73 74 76 80 81 93 94 95 98 
6 7 12 17 20 25 26 27 29 32 33 41 42 43 49 51 53 54 59 60 65 67 69 74 76 80 81 93 94 95 98 
6 7 12 17 20 25 26 27 29 32 33 41 42 43 46 49 51 53 54 59 60 65 67 69 74 76 80 81 93 94 95 98 
6 7 12 17 20 25 26 27 29 32 33 41 42 43 46 49 51 53 54 59 60 65 67 69 74 76 80 81 93 94 95 98 
6 7 12 17 20 25 26 27 29 32 33 41 42 43 46 49 51 53 54 59 60 65 67 69 74 76 80 81 93 94 95 98 
6 7 12 17 20 25 26 27 29 32 33 41 42 43 46 49 51 53 54 59 60 65 67 69 74 76 80 81 93 94 95 98 
6 7 12 17 20 25 26 27 29 32 33 41 42 43 46 49 51 53 54 59 60 65 67 69 74 76 80 81 93 94 95 98 
6 7 12 17 20 25 26 27 29 32 33 41 42 43 46 49 51 53 54 60 65 67 69 74 76 80 81 93 94 95 98 
6 7 12 17 20 25 26 27 29 32 33 41 42 43 46 49 50 51 53 54 60 65 67 69 74 76 80 81 93 94 95 98 
6 7 12 17 20 25 26 27 29 32 33 41 42 43 46 49 50 51 53 54 60 65 67 69 74 76 80 81 93 94 95 98 
6 7 12 17 20 25 26 27 29 32 33 41 42 43 46 49 51 53 54 60 65 67 69 74 76 80 81 93 94 95 98 
6 7 12 17 20 25 26 27 29 32 33 41 42 43 46 49 51 53 54 60 65 67 69 74 76 80 81 93 94 95 98 
6 7 12 15 17 20 25 26 27 29 32 33 41 42 43 46 49 51 53 54 60 65 67 69 74 76 80 81 93 94 95 98 
6 7 12 15 17 20 25 26 27 29 32 33 41 42 43 46 49 51 53 54 60 65 67 69 74 76 80 81 93 94 95 98 
6 7 12 15 17 20 25 26 27 29 32 33 41 42 43 46 49 51 53 54 60 65 67 69 74 76 80 81 93 94 95 98 
6 7 12 15 17 20 25 26 27 29 32 33 41 42 43 46 49 51 52 53 54 60 65 67 69 74 76 80 81 93 94 95 98 
6 7 12 15 17 20 25 26 27 29 32 33 41 42 43 46 49 51 52 53 54 60 65 67 69 74 76 80 81 93 94 95 98 
1 6 7 12 15 17 20 25 26 27 29 32 33 41 42 43 46 49 51 52 53 54 60 65 67 69 74 76 80 81 93 94 95 98 
1 6 7 12 15 17 20 25 26 27 29 32 33 41 42 43 46 49 51 52 53 54 60 65 67 69 74 76 80 81 93 94 95 98 
1 6 7 12 15 17 20 25 26 27 29 32 33 41 42 43 46 49 51 52 53 54 60 65 67 69 74 76 93 94 95 98 
1 6 7 12 15 17 20 25 26 27 29 32 33 41 42 43 46 49 51 52 53 54 60 65 67 69 76 93 94 95 98 
1 6 7 12 15 17 20 25 26 27 29 32 33 41 42 43 46 49 51 52 53 54 60 65 67 69 76 82 93 94 95 98 
1 6 7 12 15 17 20 25 26 27 29 32 33 41 42 43 46 49 51 52 53 54 60 65 67 69 76 82 93 94 95 98 
1 6 7 12 15 17 20 23 25 26 27 29 32 33 41 42 43 46 49 51 52 53 54 60 65 67 69 76 82 93 94 95 98 
1 6 7 12 15 17 20 23 25 26 27 29 32 33 41 42 43 46 49 51 52 53 54 60 65 67 69 76 82 93 94 95 98 
1 6 7 12 15 17 20 23 25 26 27 29 32 33 41 42 43 46 49 51 52 53 54 60 65 67 69 76 93 94 95 98 
1 6 7 12 15 17 20 23 25 26 27 29 32 33 41 42 43 46 49 51 52 53 54 60 65 67 69 76 93 94 95 98 
1 6 7 12 15 17 20 23 25 26 27 29 30 32 33 41 42 43 46 49 51 52 53 54 60 65 67 69 76 93 94 95 98 
1 6 7 12 15 17 20 23 25 26 29 32 33 41 42 43 46 49 51 52 53 54 60 65 67 69 76 93 94 95 98 
1 5 6 7 12 15 17 20 23 25 26 29 32 33 41 42 43 46 49 51 52 53 54 60 65 67 69 76 93 94 95 98 
1 5 6 7 12 15 17 20 23 25 26 29 32 33 41 42 43 46 49 51 52 53 54 60 65 67 69 76 93 94 95 98 
1 5 6 7 12 15 17 20 23 25 26 29 32 33 41 42 43 46 49 51 52 53 54 57 60 65 67 69 76 93 94 95 98 
1 5 6 7 12 15 17 20 23 25 26 29 32 33 41 42 43 46 49 51 52 53 54 57 60 65 67 69 76 93 94 95 98 
1 5 6 7 12 15 17 20 23 25 26 29 32 33 41 42 43 46 49 51 52 53 54 57 60 65 67 69 76 93 94 95 98 
1 5 6 7 12 15 17 20 23 25 26 29 32 33 41 42 43 46 49 51 52 53 54 57 60 65 67 69 76 93 94 95 98 
1 5 6 7 15 17 20 23 25 26 29 32 33 41 42 43 46 49 51 52 53 54 60 65 67 69 76 93 94 95 98 
1 5 6 7 15 17 20 23 25 26 29 32 33 41 42 43 46 49 51 52 53 54 60 65 67 69 76 84 93 94 95 98 
1 5 6 7 15 17 20 23 25 26 29 32 33 41 42 43 46 49 51 52 53 54 60 65 67 69 76 84 93 94 95 98 
1 5 6 7 15 17 20 23 25 26 29 32 33 41 42 43 46 49 51 52 53 54 60 65 67 69 76 84 93 94 95 98 
1 5 6 7 15 17 20 23 25 26 29 32 33 41 42 43 46 49 51 52 53 54 60 65 67 69 76 93 94 95 98 
1 5 6 7 15 17 20 22 23 25 26 29 32 33 41 42 43 46 49 51 52 53 54 60 65 67 69 76 93 94 95 98 
1 5 6 7 15 17 20 22 23 25 26 29 32 33 41 42 43 46 49 51 52 53 54 60 65 67 69 76 93 94 95 98 
1 5 6 7 15 17 20 22 23 25 26 29 32 33 41 42 43 46 49 51 52 53 54 60 65 67 69 76 93 94 95 98 100 
1 5 6 7 15 17 20 22 23 25 26 29 32 33 41 42 43 46 49 51 52 53 54 60 65 67 69 76 93 94 95 98 100 
1 5 6 7 15 17 20 22 23 25 26 29 32 33 41 42 43 46 49 51 52 53 54 60 65 67 69 76 93 94 95 98 100 
1 5 6 7 15 17 20 22 23 25 26 29 32 33 41 42 43 46 49 51 52 53 54 60 65 67 69 76 93 94 95 98 100 
1 6 7 15 17 20 22 23 25 26 29 32 33 41 42 43 46 49 51 52 53 54 60 65 67 69 76 93 94 95 98 
1 6 7 15 17 20 22 23 25 26 29 32 33 41 42 43 46 49 51 52 53 54 60 65 67 69 76 93 94 95 98 
1 6 7 13 15 17 20 22 23 25 26 29 32 33 41 42 43 46 49 51 52 53 54 60 65 67 69 76 93 94 95 98 
1 6 7 15 17 20 22 23 25 26 29 32 33 41 42 43 46 49 51 52 53 54 60 65 67 69 76 93 94 95 98 
1 6 7 15 17 20 22 23 25 26 29 32 33 41 42 43 46 49 51 52 53 54 60 65 67 69 76 93 94 95 98 
1 6 7 15 17 20 22 23 25 26 29 32 33 41 42 43 46 49 51 52 53 54 60 65 67 69 76 87 93 94 95 98 
1 6 7 15 17 20 22 23 25 26 29 32 33 41 42 43 46 49 51 52 53 54 60 65 67 69 76 87 93 94 95 98 
1 6 7 15 17 20 22 23 25 26 29 32 33 41 42 43 46 49 51 52 53 54 60 65 67 69 76 87 93 94 95 98 
1 6 7 15 17 20 22 23 25 26 29 32 33 41 42 43 46 49 51 52 53 54 60 65 67 69 76 87 93 94 95 98 99 
1 6 7 15 17 20 22 23 25 26 29 32 33 41 42 43 46 49 51 52 53 54 60 65 67 69 76 87 93 94 98 
1 6 7 15 17 20 22 23 25 26 29 32 33 41 42 43 46 49 51 52 53 54 60 65 67 69 76 87 93 94 98 
1 6 7 15 17 20 22 23 25 26 29 32 33 36 41 42 43 46 49 51 52 53 54 60 65 67 69 76 87 93 94 98 
1 6 7 15 17 20 22 23 25 26 29 32 33 36 41 42 43 46 49 51 52 53 54 60 65 67 69 76 78 87 93 94 98 
1 6 7 15 17 20 22 23 25 26 29 32 33 36 41 42 43 46 49 51 52 53 54 60 65 67 69 76 78 87 93 94 98 
1 6 7 15 17 20 22 23 25 26 29 32 33 36 41 42 43 46 49 51 52 53 54 60 65 67 69 76 87 93 94 98 
1 6 7 15 17 20 22 23 25 26 29 32 33 36 41 42 43 44 46 49 51 52 53 54 60 65 67 69 76 87 93 94 98 
1 6 7 15 17 20 22 23 25 26 29 32 33 36 41 42 43 44 46 49 51 52 53 54 60 65 67 69 76 87 93 94 98 
1 6 7 15 17 20 22 23 25 26 29 32 33 36 41 42 43 44 46 49 51 52 53 54 60 65 67 69 76 87 93 94 98 
1 6 7 15 17 20 22 23 25 26 29 32 33 36 41 42 43 44 46 49 51 52 53 54 60 65 67 69 76 87 93 94 98 
1 6 7 15 17 20 22 23 25 26 32 33 36 41 42 43 46 49 51 52 53 54 60 65 67 69 76 87 93 94 98 
1 6 7 15 17 20 22 23 25 26 32 33 36 41 42 43 46 49 51 52 53 54 60 65 67 69 76 87 93 94 98 
1 6 7 15 17 20 22 23 25 26 32 33 36 41 42 43 46 49 51 52 53 54 60 63 65 67 69 76 87 93 94 98 
1 6 7 15 17 20 22 23 25 26 32 33 36 41 42 43 46 49 51 52 53 54 60 63 65 67 69 76 87 93 94 98 
1 6 7 15 17 20 22 23 25 26 32 33 36 41 42 43 46 49 51 52 53 54 60 63 65 67 69 76 87 93 94 98 
1 6 7 15 17 20 22 23 25 26 32 33 36 41 42 43 46 47 49 51 52 53 54 60 63 65 67 69 76 87 93 94 98 
1 6 7 15 16 17 20 22 23 25 26 32 33 36 41 42 43 46 47 49 51 52 53 54 60 63 65 67 69 76 87 93 94 98 
1 6 7 15 16 17 20 22 23 25 26 32 33 36 41 42 43 46 47 49 51 52 53 54 60 63 65 67 69 76 87 93 94 98 
1 6 7 15 16 17 20 22 23 25 26 32 33 41 42 43 46 47 49 51 52 53 54 60 63 65 67 69 76 87 94 98 
1 6 7 15 16 17 20 22 23 25 26 32 33 41 42 43 46 47 49 51 52 53 54 60 63 65 67 69 76 87 94 98 
1 6 7 15 16 17 20 22 23 25 26 32 33 41 42 43 46 47 49 51 52 53 54 60 63 65 67 69 76 87 94 98 
1 6 7 15 16 17 20 22 23 25 26 32 33 41 42 43 46 47 49 51 52 53 54 60 63 65 67 69 72 76 87 94 98 
1 6 7 15 16 17 20 22 23 25 26 32 33 41 42 43 46 47 49 51 52 53 54 60 63 65 67 69 72 74 76 87 94 98 
1 6 7 15 16 17 20 22 23 25 26 32 33 41 43 46 47 49 51 52 53 54 60 63 65 67 69 76 87 94 98 
1 6 7 15 16 17 20 22 23 25 26 32 33 41 43 46 47 49 51 52 53 54 60 63 65 67 69 76 87 94 98 
1 6 7 15 16 17 20 22 23 25 26 32 33 41 43 46 47 49 51 52 53 54 60 63 65 67 69 76 87 94 98 
1 6 7 15 16 17 20 22 23 25 26 32 33 41 43 46 47 49 51 52 53 54 60 63 65 67 69 76 87 94 98 
1 6 7 15 16 17 19 20 22 23 25 26 32 33 41 43 46 47 49 51 52 53 54 60 63 65 67 69 76 87 94 98 
1 6 7 15 16 17 19 20 22 23 25 26 32 33 41 43 45 46 47 49 51 52 53 54 60 63 65 67 69 76 87 94 98 
1 6 7 15 16 17 19 20 22 23 25 26 32 33 41 43 45 46 47 49 51 52 53 54 60 63 65 67 69 76 87 94 98 
1 6 15 16 17 19 20 22 23 25 26 32 33 41 43 45 46 47 49 51 52 53 54 60 63 65 67 69 76 87 94 98 
1 6 15 16 17 19 20 22 23 25 26 32 33 41 43 45 46 47 49 51 52 53 54 60 63 65 67 69 76 87 94 98 
1 6 15 16 17 19 20 22 23 25 26 32 33 41 43 45 46 47 49 51 52 53 54 60 63 65 67 69 76 87 94 98 
1 6 15 16 17 19 20 22 23 25 26 32 33 41 43 45 46 47 49 51 52 53 54 60 63 65 67 69 76 87 94 98 
1 6 15 16 17 19 20 22 23 25 26 28 32 33 41 43 45 46 47 49 51 52 53 54 60 63 65 67 69 76 87 94 98 
1 6 15 16 17 19 20 22 23 25 26 32 33 41 43 45 46 47 49 51 52 53 54 60 63 65 69 76 87 94 98 
1 6 15 16 17 19 20 22 23 25 26 32 33 41 43 45 46 47 49 51 52 53 54 56 60 63 65 69 76 87 94 98 
1 6 15 16 17 19 20 22 23 25 26 32 33 41 43 45 46 47 49 51 52 53 54 56 60 63 65 69 76 87 89 94 98 
1 6 15 16 17 19 20 22 23 25 26 32 33 41 43 45 46 47 49 51 52 53 54 60 63 65 69 76 87 89 94 98 
1 6 15 16 17 19 20 22 23 25 26 32 33 41 43 45 46 47 49 51 52 53 54 60 63 65 69 76 87 89 94 98 
1 6 15 16 17 19 20 22 23 25 26 32 33 41 43 45 46 47 49 51 52 53 54 60 63 65 69 76 79 87 89 94 98 
1 6 15 16 17 19 20 22 23 25 26 32 33 41 43 45 46 47 49 51 52 53 54 60 63 65 69 76 87 89 94 98 
1 6 15 16 17 19 20 22 23 24 25 26 32 33 41 43 45 46 47 49 51 52 53 54 60 63 65 69 76 87 89 94 98 
1 6 15 16 17 19 20 22 23 24 25 26 32 33 41 43 45 46 47 49 51 52 53 54 60 63 65 69 76 87 89 94 98 
1 6 15 16 17 19 20 22 23 24 25 26 32 33 35 41 43 45 46 47 49 51 52 53 54 60 63 65 69 76 87 89 94 98 
1 6 15 16 17 19 20 22 23 24 25 26 32 33 35 41 43 45 46 47 49 51 52 53 54 60 63 65 69 76 87 89 94 98 
1 6 15 16 17 19 20 22 23 24 25 26 32 33 35 41 43 45 46 47 49 51 52 53 54 60 63 65 69 76 87 89 94 98 
1 6 15 16 17 19 20 22 23 24 25 26 32 33 35 41 43 46 47 49 51 52 53 54 60 63 65 69 76 89 94 98 
1 6 15 16 17 19 20 22 23 24 25 26 32 33 35 41 43 46 47 49 51 52 53 54 60 63 65 69 76 89 94 98 
1 6 15 16 17 18 19 20 22 23 24 25 26 32 33 35 41 43 46 47 49 51 52 53 54 60 63 65 69 76 89 94 98 
1 6 15 16 17 18 19 20 22 23 24 25 26 32 33 35 41 43 46 47 49 51 52 53 54 60 63 65 69 76 89 94 98 
1 6 15 16 17 18 19 20 22 23 24 25 26 32 33 35 41 43 46 47 49 51 52 53 54 60 63 65 69 76 89 94 98 
1 6 15 16 17 18 19 20 22 23 24 25 26 32 33 35 41 43 46 47 49 51 52 53 54 60 63 65 69 76 89 94 98 
1 6 15 16 17 18 19 20 22 23 24 25 26 32 33 35 41 43 46 47 49 51 52 53 54 60 63 65 69 76 89 94 98 
1 6 15 16 17 18 19 20 22 23 24 25 26 32 33 35 41 43 46 47 49 51 52 53 54 60 63 65 69 76 89 94 98 
1 6 15 16 17 18 19 20 22 23 24 25 26 32 33 35 41 43 46 47 49 51 52 53 54 60 63 65 69 76 89 94 98 
1 6 15 16 17 18 19 20 22 23 24 25 26 32 33 35 41 43 46 47 49 51 52 53 54 60 63 65 69 76 89 94 98 
1 6 15 16 18 19 20 22 23 24 25 26 32 33 35 41 43 46 47 49 51 52 53 54 60 63 65 69 76 89 94 98 
1 6 15 16 18 19 20 22 23 24 25 26 32 33 35 41 43 46 47 49 51 52 53 54 60 63 65 69 76 89 94 98 
1 6 15 16 18 19 20 22 23 24 25 26 32 33 35 41 43 46 47 49 51 52 53 54 60 63 65 69 76 89 94 98 
1 6 15 16 18 19 20 22 23 24 25 26 32 33 35 41 43 46 47 49 51 52 53 54 60 63 65 69 76 89 94 98 
1 6 15 16 18 19 20 22 23 24 25 26 32 33 35 41 43 46 47 49 51 52 53 54 60 63 65 69 76 89 94 98 
1 6 15 16 18 19 20 22 23 24 25 26 32 33 35 41 43 46 47 49 51 52 53 54 60 63 65 69 76 89 94 98 
1 6 15 16 18 19 20 22 23 24 25 26 32 33 35 41 43 46 47 49 51 52 53 54 60 63 65 69 76 89 94 98 
1 6 15 16 18 19 20 22 23 24 25 26 32 33 35 41 43 46 47 49 51 52 53 54 60 63 65 69 76 89 94 98 
1 6 15 16 18 19 20 22 23 24 25 26 32 33 35 41 43 46 47 49 51 52 53 54 59 60 63 65 69 76 89 94 98 
1 6 15 16 18 19 20 22 23 24 25 26 32 33 35 41 43 46 47 49 51 52 53 54 59 60 63 65 69 76 89 94 98 
1 6 15 16 18 19 20 22 23 24 25 26 32 33 35 41 43 46 47 49 51 52 53 54 59 60 63 65 69 76 89 94 98 
1 6 15 16 18 19 20 22 23 24 25 26 32 33 35 41 43 46 47 49 51 52 53 59 60 63 65 69 76 89 94 98 
1 6 15 16 18 19 20 22 23 24 25 26 32 33 35 41 43 46 47 49 51 52 53 59 60 63 65 68 69 76 89 94 98 
1 6 15 16 18 19 20 22 23 24 25 26 32 33 35 41 43 46 47 49 51 52 53 59 60 63 65 68 69 76 89 94 98 
1 6 15 16 18 19 20 22 23 24 25 26 32 33 35 41 43 46 47 48 49 51 52 53 59 60 63 65 68 69 76 89 94 98 
1 6 15 16 19 20 22 23 24 25 26 32 33 35 41 43 46 47 48 49 51 52 53 59 60 63 65 68 69 76 89 94 98 
1 6 15 16 19 20 22 23 24 25 26 32 33 35 41 43 46 47 48 49 51 52 53 59 60 63 65 68 69 74 76 89 94 98 
1 6 15 16 19 20 22 23 24 25 26 32 33 35 41 43 46 47 48 49 51 52 53 59 60 63 65 68 69 74 76 89 94 98 
1 6 15 16 19 20 22 23 24 25 26 32 33 35 41 43 46 47 48 49 51 52 53 59 60 63 65 68 69 74 76 89 94 98 
1 6 15 16 19 20 22 23 24 25 32 33 35 41 43 46 47 48 49 51 52 53 59 60 63 65 68 69 76 89 94 98 
1 6 15 16 19 20 22 23 24 25 32 33 35 41 43 46 47 48 49 51 52 53 59 60 63 65 68 69 76 89 94 98 
1 6 8 15 16 19 20 22 23 24 25 32 33 35 41 43 46 47 48 49 51 52 53 59 60 63 65 68 69 76 89 94 98 
1 6 8 15 16 19 20 22 23 24 25 27 32 33 35 41 43 46 47 48 49 51 52 53 59 60 63 65 68 69 76 89 94 98 
1 6 8 15 16 19 20 22 23 24 25 27 32 33 35 41 43 46 47 48 49 51 52 53 59 60 63 65 68 69 76 89 94 98 
1 6 8 15 16 19 20 22 23 24 25 27 32 33 35 41 43 46 47 48 49 51 52 53 59 60 63 65 68 69 76 89 94 98 
1 6 8 15 16 19 20 22 23 24 25 27 32 33 35 41 43 46 47 48 49 51 52 53 59 60 63 65 68 69 76 89 94 98 
1 6 8 15 16 19 20 22 23 24 25 27 32 35 41 43 46 47 48 49 51 52 53 59 60 63 65 68 69 89 94 98 
1 6 8 15 16 19 20 22 23 24 25 27 32 35 41 43 46 47 48 49 51 52 53 59 60 63 65 68 69 89 94 98 
1 6 8 15 16 19 20 22 23 24 25 27 32 35 41 43 46 47 48 49 51 52 53 59 60 63 65 68 69 89 94 98 
1 6 8 15 16 19 20 22 23 24 25 27 32 35 41 43 46 47 48 49 51 52 53 59 60 63 65 68 69 89 94 98 
1 6 8 15 16 19 20 22 23 24 25 27 32 35 41 43 46 47 48 49 51 52 53 59 60 63 65 68 69 89 94 98 
1 6 8 15 16 19 20 22 23 24 25 27 32 35 41 43 46 47 48 49 51 52 53 59 60 63 65 68 69 89 94 98 
1 6 8 15 16 19 20 22 23 24 25 27 32 35 41 43 46 47 48 49 51 52 53 59 60 63 65 68 69 89 90 94 98 
1 6 8 15 16 19 20 22 23 24 25 27 32 35 41 43 46 47 48 49 51 52 53 59 60 63 65 68 69 89 90 94 98 
1 6 8 15 16 19 20 22 23 24 25 27 32 35 41 43 46 47 48 49 51 52 53 59 60 63 65 68 69 89 90 94 98 
1 6 8 15 16 19 20 22 23 24 25 27 32 35 41 43 46 47 48 49 51 52 53 59 60 63 65 68 69 89 94 98 
1 6 8 15 16 19 20 22 23 24 25 27 32 35 41 43 46 47 48 49 51 52 53 59 60 61 63 65 68 69 89 94 98 
1 6 8 15 16 19 20 22 23 24 25 27 32 35 41 43 46 47 48 49 51 52 53 59 60 61 63 65 68 69 89 94 98 
1 6 8 15 16 19 20 22 23 24 25 27 32 35 41 43 46 47 48 49 51 52 53 59 60 61 63 65 68 69 89 94 98 
1 6 8 15 16 19 20 22 23 24 25 27 32 35 41 43 46 47 48 49 51 52 53 59 60 61 63 65 68 69 89 94 98 
1 6 8 15 16 19 20 22 23 24 25 27 32 35 41 43 46 47 48 49 51 52 53 59 60 61 63 65 68 69 89 94 98 
1 6 8 15 16 19 20 22 23 24 25 27 32 35 41 43 46 47 48 49 51 52 53 59 60 61 63 65 68 69 89 94 98 
1 6 8 15 16 19 20 22 23 24 25 27 32 35 41 43 46 47 48 49 51 52 53 59 60 63 65 68 69 89 94 98 
1 6 8 15 16 19 20 22 23 24 25 27 32 35 41 43 46 47 48 49 51 52 53 59 60 63 65 68 69 89 94 98 
1 6 8 15 16 19 20 22 23 24 25 27 32 35 41 43 46 47 48 49 51 52 53 59 60 63 65 68 69 89 94 98 
1 6 8 15 16 19 20 22 23 24 25 27 32 35 36 41 43 46 47 48 49 51 52 53 59 60 63 65 68 69 89 94 98 
1 6 8 15 16 19 20 22 23 24 25 27 32 35 36 41 43 46 47 48 49 51 52 53 59 60 63 65 68 69 89 94 98 
1 6 8 16 19 20 22 23 24 25 27 32 35 41 43 46 47 48 49 51 52 53 59 60 63 65 68 69 89 94 98 
1 3 6 8 16 19 20 22 23 24 25 27 32 35 41 43 46 47 48 49 51 52 53 59 60 63 65 68 69 89 94 98 
1 3 6 8 16 19 20 22 23 24 25 27 32 35 41 43 44 46 47 48 49 51 52 53 59 60 63 65 68 69 89 94 98 
1 3 6 8 16 19 20 22 23 24 25 27 32 35 41 43 44 46 47 48 49 51 52 53 59 60 63 65 68 69 89 94 98 
1 3 6 8 16 19 20 22 23 24 25 27 32 35 41 43 44 46 47 48 49 51 52 53 59 60 63 65 68 69 89 94 98 
1 3 6 8 16 19 20 22 23 24 25 27 32 35 41 43 44 46 47 48 49 51 52 53 59 60 63 65 68 69 89 94 98 
1 3 6 8 16 19 20 22 23 24 25 27 32 35 41 43 46 47 48 49 51 52 59 60 63 65 68 69 89 94 98 
1 3 6 8 16 19 20 22 23 24 25 27 32 35 41 43 46 47 48 49 51 52 59 60 63 65 68 69 75 89 94 98 
1 3 6 8 16 19 20 22 23 24 25 27 32 35 41 43 46 47 48 49 51 52 59 60 63 65 68 69 75 85 89 94 98 
1 3 6 8 16 19 20 22 23 24 25 27 32 35 41 43 46 47 48 49 51 52 59 60 63 65 68 69 75 85 89 94 98 
1 3 6 8 16 19 20 22 23 24 25 27 32 35 41 43 46 47 48 49 51 52 59 60 63 65 68 69 75 77 85 89 94 98 
1 3 6 8 16 19 20 22 23 24 25 32 35 41 43 46 47 48 49 51 52 59 60 63 65 68 69 75 85 89 94 98 
1 3 6 8 16 19 20 22 23 24 25 32 35 41 43 46 47 48 49 51 52 59 60 63 65 68 69 75 85 89 94 98 
1 3 6 8 16 19 20 22 23 24 25 32 35 41 43 46 47 48 49 51 52 59 60 63 65 68 69 75 85 89 94 98 100 
1 3 6 8 16 19 20 22 23 24 25 31 32 35 41 43 46 47 48 49 51 52 59 60 63 65 68 69 75 85 89 94 98 100 
1 3 6 8 16 19 20 22 23 24 25 31 32 35 41 43 46 47 48 49 51 52 59 60 63 65 68 69 75 85 89 94 98 100 
1 3 6 8 16 19 20 22 23 24 25 32 35 41 43 46 47 48 49 51 52 59 60 63 65 68 69 75 85 89 94 98 
1 3 6 8 16 19 20 22 23 24 25 32 35 41 43 46 47 48 49 51 52 57 59 60 63 65 68 69 75 85 89 94 98 
1 3 6 8 16 19 20 22 23 24 25 32 35 41 43 46 47 48 49 51 52 59 60 63 65 68 69 75 85 89 94 98 
1 3 6 8 16 19 20 22 23 24 25 32 35 38 41 43 46 47 48 49 51 52 59 60 63 65 68 69 75 85 89 94 98 
1 3 6 8 16 19 20 22 23 24 25 32 35 38 41 43 46 47 48 49 51 52 59 60 63 65 68 69 75 85 89 94 98 
1 3 6 8 16 19 20 22 23 24 25 32 35 38 41 43 46 47 48 49 51 52 59 60 63 65 68 69 75 85 89 94 
1 3 6 8 16 19 20 22 23 24 25 32 35 38 41 43 46 47 48 49 51 52 59 60 63 65 68 69 75 83 85 89 94 
1 3 6 8 16 19 20 22 23 24 25 32 35 38 41 43 46 47 48 49 51 52 59 60 63 65 68 69 75 83 85 89 94 
1 3 6 8 16 19 20 22 23 24 25 32 35 38 41 43 46 47 48 49 51 52 59 60 63 65 68 69 75 83 85 89 94 
1 3 6 8 16 19 20 22 23 24 25 32 35 38 41 43 46 47 48 49 51 52 59 60 63 65 68 69 75 83 85 89 94 
1 3 6 8 16 19 20 22 23 24 25 32 35 38 41 43 46 47 48 49 51 52 59 60 63 65 68 69 75 83 85 89 94 
1 3 6 8 16 19 20 22 23 24 25 32 35 38 41 43 46 47 48 49 51 52 59 60 63 65 68 69 75 83 85 89 94 
1 3 6 8 16 19 22 23 24 25 32 35 38 41 43 46 47 48 49 51 52 59 60 63 65 68 69 75 83 85 89 94 
1 3 6 8 16 22 23 24 25 32 35 38 41 43 46 47 48 49 51 52 59 60 63 65 68 69 75 83 85 89 94 
1 3 6 8 16 22 23 24 25 32 35 38 41 43 46 47 48 49 51 52 59 60 63 65 68 69 75 83 85 89 91 94 
1 3 6 8 16 22 23 24 25 32 35 38 41 43 46 47 48 49 51 52 59 60 63 65 68 69 75 83 85 89 91 94 
1 3 6 8 16 22 23 24 25 32 35 38 41 43 46 47 48 49 51 52 59 60 63 65 68 69 75 83 85 89 91 94 
1 3 6 8 16 22 23 24 25 32 35 38 41 43 46 47 48 49 51 52 59 60 63 65 68 69 75 83 85 89 91 94 
1 3 6 8 16 22 23 24 32 35 38 41 43 46 47 48 49 51 52 59 60 63 65 68 69 75 83 85 89 91 94 
1 3 6 8 16 22 23 24 32 34 35 38 41 43 46 47 48 49 51 52 59 60 63 65 68 69 75 83 85 89 91 94 
1 3 6 8 16 22 23 24 32 34 35 38 41 43 46 47 48 49 51 52 59 60 63 65 68 69 75 83 85 89 91 94 
1 3 6 8 16 22 23 24 32 34 35 38 41 43 46 47 48 49 51 52 59 60 63 65 68 69 75 83 85 89 91 94 
1 3 6 8 16 22 23 24 32 34 35 38 41 43 46 47 48 49 51 52 59 60 63 65 68 69 75 83 85 89 91 94 
1 3 6 8 16 22 23 24 32 34 35 38 41 43 46 47 48 49 51 52 59 60 63 65 68 69 75 83 85 89 91 94 
1 3 6 8 16 22 23 24 32 34 35 38 41 43 46 47 48 49 51 52 59 60 63 65 68 69 75 83 85 89 91 94 
1 3 6 8 16 22 23 24 32 34 35 38 41 43 46 47 48 49 51 52 59 60 63 65 68 69 75 83 85 89 91 94 
1 3 6 8 16 22 23 24 32 34 35 38 41 43 46 47 48 49 51 52 59 60 63 65 68 69 75 83 85 89 91 94 
1 3 6 8 16 22 23 24 32 34 35 38 41 43 46 47 48 49 51 52 59 60 63 65 68 69 75 83 85 89 91 94 
1 3 6 8 16 22 23 24 32 34 35 38 41 43 46 47 48 49 51 52 59 60 63 65 68 69 75 83 85 89 91 94 
1 3 6 8 16 22 23 24 32 34 35 38 41 43 46 47 48 49 51 52 59 60 63 65 68 69 75 83 85 89 91 94 
1 3 6 8 16 22 23 24 32 34 35 38 41 43 46 47 48 49 51 52 59 60 63 65 68 69 75 83 85 89 91 94 
1 3 6 8 16 22 23 24 32 34 35 38 41 43 46 47 48 49 51 52 59 60 63 65 68 69 75 83 85 89 91 94 
1 3 6 8 16 22 23 24 32 34 35 38 41 43 46 47 48 49 51 52 59 60 63 65 68 69 75 83 85 89 91 94 
1 3 6 8 16 22 23 24 32 35 38 41 43 46 47 48 49 51 52 60 63 65 68 69 75 83 85 89 91 94 
1 3 6 8 16 22 23 24 32 35 38 41 43 46 47 48 49 51 52 60 63 65 68 69 75 83 85 89 91 94 
1 3 6 8 16 22 23 24 32 35 38 41 43 46 47 48 49 51 52 60 63 65 68 69 75 83 85 89 91 94 
1 3 6 8 16 22 23 24 32 35 38 41 43 46 47 48 49 51 52 56 60 63 65 68 69 75 83 85 89 91 94 
1 6 8 16 22 23 24 32 35 38 41 43 46 47 49 51 52 56 60 63 65 68 69 75 83 85 89 91 94 
1 6 8 16 22 23 24 32 35 38 41 43 46 47 49 50 51 52 56 60 63 65 68 69 75 83 85 89 91 94 
1 6 8 16 22 23 24 32 35 38 41 43 46 47 49 51 52 56 60 63 65 68 69 75 83 85 89 91 94 
1 6 8 16 22 23 24 32 35 38 41 43 46 47 49 51 52 56 60 63 65 68 69 75 83 85 89 91 94 
1 6 8 16 22 23 24 32 35 38 41 43 46 47 49 51 52 56 60 63 65 68 69 75 83 85 89 91 94 
1 6 8 16 22 23 24 32 35 38 41 43 46 47 49 51 52 56 60 63 65 68 69 75 83 85 89 91 94 
1 6 8 16 22 23 24 32 35 38 41 43 46 47 49 51 52 56 60 63 65 68 69 75 83 85 89 91 94 
1 6 8 16 22 23 24 32 35 38 41 43 46 47 49 51 52 56 60 63 65 68 69 75 83 85 89 91 94 
1 6 8 16 22 23 24 32 35 38 41 43 46 47 49 51 52 56 60 63 65 68 69 75 83 85 89 91 94 
1 6 8 16 22 23 24 28 32 35 38 41 43 46 47 49 51 52 56 60 63 65 68 69 75 83 85 89 91 94 
1 6 8 16 22 23 24 28 32 35 38 41 43 46 47 49 51 52 56 60 63 65 68 69 75 83 85 89 91 94 
1 6 8 16 22 23 24 28 32 35 38 41 43 46 47 49 51 52 56 60 63 65 68 69 75 83 85 89 91 94 
1 6 8 16 22 23 24 28 32 35 38 41 43 46 49 51 52 56 60 63 65 68 75 83 85 89 91 94 
1 6 8 16 22 23 24 28 32 35 38 41 43 46 49 51 52 56 60 63 65 68 75 83 85 89 91 94 
1 6 8 16 22 23 24 28 32 35 38 41 43 46 49 51 52 56 60 63 65 68 75 79 83 85 89 91 94 
1 6 8 16 22 23 24 28 32 35 38 41 43 46 49 51 52 56 60 63 65 68 75 79 83 85 89 91 94 
1 6 8 16 22 23 24 28 32 35 38 41 43 46 51 52 56 60 63 65 68 75 79 83 85 89 91 94 
1 6 8 16 22 23 24 32 35 38 41 43 46 51 52 56 60 63 65 68 75 79 83 85 89 91 94 
1 6 8 16 22 23 24 32 35 38 41 43 45 46 51 52 56 60 63 65 68 75 79 83 85 89 91 94 
1 6 8 16 22 23 24 32 35 38 41 43 45 46 51 52 56 60 63 65 68 75 79 83 85 89 91 94 
1 6 8 16 22 23 24 32 35 38 41 43 45 46 51 52 56 60 63 65 68 75 78 79 83 85 89 91 94 
1 6 8 16 22 23 24 32 35 38 41 43 45 46 51 52 56 60 63 65 68 75 78 79 83 85 89 91 94 
1 6 8 16 22 23 24 32 35 38 41 43 45 46 51 52 56 60 63 65 68 75 78 79 83 85 89 91 94 
1 6 8 16 22 23 24 32 38 41 43 45 46 51 52 56 60 63 65 68 75 78 79 83 85 89 91 94 
1 6 8 16 22 23 24 32 38 41 43 45 46 51 52 56 60 63 65 68 75 78 79 83 85 89 91 94 
1 6 8 16 22 23 24 32 38 41 43 45 46 51 52 56 60 63 65 68 75 78 79 83 85 89 91 94 
1 6 8 16 22 23 24 32 38 41 43 45 46 51 52 56 60 63 65 68 75 78 79 83 85 89 91 94 
1 6 8 16 22 23 24 32 38 41 43 45 46 51 52 56 60 63 65 68 75 78 79 83 85 89 91 94 
1 6 8 16 22 23 24 32 38 41 43 45 46 51 52 56 60 63 65 68 75 78 79 83 85 89 91 94 
1 6 8 16 22 23 24 32 38 41 43 45 46 51 52 56 60 63 65 68 75 78 79 83 85 89 91 94 
1 6 8 16 22 23 24 32 38 41 43 45 46 51 52 56 60 63 65 68 75 78 79 83 85 89 91 94 
1 6 8 16 22 23 24 32 38 41 43 45 46 51 52 56 60 63 65 68 75 78 79 83 85 89 91 94 
1 6 8 16 22 23 24 32 38 41 43 45 46 51 52 56 60 63 65 68 75 78 79 83 85 89 91 94 
1 6 8 16 22 23 24 32 38 41 43 45 46 51 52 56 60 63 65 68 75 78 79 83 85 89 91 94 
1 6 8 16 22 23 24 32 38 41 43 45 46 51 52 56 60 63 65 68 75 78 79 83 85 89 91 94 
1 6 8 16 22 23 24 32 38 41 43 45 46 51 52 56 60 63 65 68 75 78 79 83 85 89 91 94 
1 6 8 16 22 23 24 32 38 41 43 45 46 51 52 56 60 63 65 68 75 78 79 83 85 89 91 94 
1 6 8 16 22 23 24 32 38 41 43 45 46 51 52 56 60 63 65 68 75 78 79 83 85 89 91 94 
1 6 8 16 22 23 24 32 38 41 43 45 46 51 52 56 60 63 65 68 75 78 79 83 85 89 91 94 
1 6 8 16 22 23 24 32 38 41 43 45 46 51 52 56 60 63 65 68 75 78 79 83 85 89 91 94 
1 6 8 16 22 23 24 32 38 41 43 45 46 51 52 56 60 63 65 68 75 78 79 83 85 89 91 94 
1 6 8 11 16 22 23 24 32 38 41 43 45 46 51 52 56 60 63 65 68 75 78 79 83 85 89 91 94 
1 6 8 11 16 22 23 24 32 38 41 43 45 46 51 52 56 60 63 65 68 75 78 79 83 85 89 91 94 
1 6 8 11 16 22 23 24 32 38 41 43 45 46 51 52 56 60 63 65 68 75 78 79 83 85 89 91 94 
1 8 11 22 24 32 38 41 43 45 46 51 52 56 60 63 65 68 75 78 79 83 85 89 91 94 
1 8 11 22 24 32 38 41 43 45 46 51 52 56 60 63 65 68 75 78 79 83 85 89 91 94 
1 8 11 22 24 32 38 41 43 45 46 51 52 56 60 63 65 68 74 75 78 79 83 85 89 91 94 
1 8 11 22 24 32 38 41 43 45 46 51 52 56 60 63 65 68 74 75 78 79 83 85 87 89 91 94 
1 8 11 22 24 32 38 41 43 45 46 51 52 56 60 63 65 66 68 74 75 78 79 83 85 87 89 91 94 
1 8 11 22 24 32 38 41 43 45 46 51 52 56 60 63 65 66 68 74 75 78 79 83 85 87 89 91 94 
1 8 11 22 24 32 38 41 43 45 46 51 52 56 60 63 65 66 68 74 75 78 79 83 85 87 89 91 94 
1 8 11 22 32 38 41 43 45 51 52 63 65 66 68 74 75 78 79 83 85 87 89 91 94 
1 8 11 22 32 38 41 43 45 51 52 63 65 66 68 74 75 78 79 83 85 86 87 89 91 94 
1 8 11 22 32 38 41 43 45 51 52 63 65 66 68 74 75 78 79 83 85 86 87 89 91 94 
1 8 11 22 32 38 41 43 45 51 52 58 63 65 66 68 74 75 78 79 83 85 86 87 89 91 94 
1 8 11 22 32 38 41 43 45 51 52 58 63 65 66 68 71 74 75 78 79 83 85 86 87 89 91 94 
1 8 11 22 32 38 41 43 45 51 52 58 63 65 66 68 71 74 75 78 79 83 85 86 87 89 91 94 
1 8 11 22 32 38 41 43 45 51 52 58 63 65 66 68 71 74 75 78 79 83 85 86 87 89 91 94 
1 8 11 22 32 38 41 43 45 51 52 58 63 65 66 68 71 74 75 78 79 83 85 86 87 89 91 94 
1 8 11 22 32 38 41 43 45 51 52 58 63 65 66 68 71 74 75 78 79 83 85 86 87 89 91 94 
1 8 11 22 32 38 41 43 45 51 52 58 63 65 66 68 71 74 75 78 79 83 85 86 87 89 91 94 
1 8 11 22 32 38 41 43 45 51 52 58 63 65 66 68 71 74 75 78 79 83 85 86 87 89 91 94 
1 8 11 22 32 38 41 43 45 51 52 63 65 66 68 74 79 86 87 89 91 
1 8 11 22 32 38 41 43 45 51 52 63 65 66 68 74 79 86 87 89 91 98 
1 8 11 22 32 38 41 43 45 51 52 63 65 66 68 74 79 86 87 89 91 98 
1 8 11 22 32 38 41 43 45 51 52 63 65 66 68 74 79 86 87 89 91 98 
1 8 11 22 32 38 41 43 45 51 52 63 65 66 68 74 79 86 87 89 91 98 
1 8 11 22 32 38 41 43 45 51 52 63 65 66 68 74 79 86 87 89 91 98 
1 8 11 22 27 32 38 41 43 45 51 52 63 65 66 68 74 79 86 87 89 91 98 
1 8 11 22 27 32 38 41 42 43 45 51 52 63 65 66 68 74 79 86 87 89 91 98 
1 8 11 22 27 32 36 38 41 42 43 45 51 52 63 65 66 68 74 79 86 87 89 91 98 
1 8 11 22 27 32 36 38 41 42 43 45 51 52 63 65 66 68 74 79 86 87 89 91 98 
1 8 11 22 27 32 36 38 41 42 43 45 48 51 52 63 65 66 68 74 79 86 87 89 91 98 
1 8 11 22 27 32 36 38 41 42 43 45 48 51 52 63 65 66 68 74 79 86 87 89 91 98 
1 8 11 22 27 32 36 38 41 42 43 45 48 51 52 63 65 66 68 74 79 86 87 89 91 98 
1 8 11 22 27 32 36 38 41 42 43 45 48 51 52 63 64 65 66 68 74 79 86 87 89 91 98 
1 8 11 22 27 32 36 38 41 42 43 45 48 51 52 63 64 65 66 68 74 79 86 87 89 91 98 
1 8 11 22 27 32 36 38 41 42 43 45 48 51 52 63 64 65 66 68 74 79 82 86 87 89 91 98 
1 22 27 32 36 41 42 43 45 48 51 52 63 65 66 68 74 79 82 86 87 89 91 98 
1 22 27 32 36 40 41 42 43 45 48 51 52 63 65 66 68 74 79 82 86 87 89 91 98 
1 22 27 32 36 40 41 42 43 45 48 51 52 63 65 66 68 74 79 82 86 87 89 91 98 
1 22 27 32 36 40 41 42 43 45 48 51 52 63 65 66 68 74 79 82 86 87 89 91 98 
1 17 22 27 32 36 40 41 42 43 45 48 51 52 63 65 66 68 74 79 82 86 87 89 91 98 
1 17 22 27 32 36 40 41 42 43 45 48 51 52 63 65 66 68 74 79 82 86 87 89 91 98 
1 17 22 27 32 36 40 41 42 43 45 48 51 52 63 65 66 68 74 79 82 86 87 89 91 98 
1 17 22 27 32 36 40 41 42 43 45 48 51 52 63 65 66 68 74 79 82 86 87 89 91 98 
1 17 19 22 27 32 36 40 41 42 43 45 48 51 52 63 65 66 68 74 79 82 86 87 89 91 98 
1 17 19 22 27 32 36 40 41 42 43 45 48 51 52 63 65 66 68 74 79 81 82 86 87 89 91 98 
1 17 19 22 27 32 36 40 41 42 43 45 48 51 52 63 65 66 68 74 79 81 82 86 87 89 91 98 
1 22 27 32 36 40 41 42 43 48 51 52 63 65 68 74 79 81 82 86 87 89 91 98 
1 22 27 32 36 39 40 41 42 43 48 51 52 63 65 68 74 79 81 82 86 87 89 91 98 
1 22 27 32 36 39 40 41 42 43 48 51 52 55 63 65 68 74 79 81 82 86 87 89 91 98 
1 22 27 32 36 39 40 41 42 43 48 51 52 55 63 65 68 74 79 81 82 86 87 89 91 98 
1 22 27 32 36 39 40 41 42 43 48 51 52 55 63 65 68 74 79 81 82 86 87 89 91 98 
1 22 27 32 36 39 40 41 42 43 48 51 52 55 63 65 68 74 79 81 82 86 87 89 91 92 98 
1 22 27 32 36 39 40 41 42 43 51 52 55 63 65 74 79 81 82 86 87 89 91 92 98 
1 22 27 32 36 39 40 41 42 43 51 52 55 63 65 74 79 81 82 86 87 89 91 92 98 
1 22 27 32 36 39 40 41 42 43 51 52 55 63 65 74 79 81 82 86 87 89 91 92 98 
1 22 27 32 36 39 40 41 42 43 51 52 55 63 65 74 79 81 82 86 87 89 91 92 98 
1 14 22 27 32 36 39 40 41 42 43 51 52 55 63 65 74 79 81 82 86 87 89 91 92 98 
1 22 27 32 36 39 40 41 42 43 51 55 63 74 79 81 82 86 87 89 91 92 98 
1 22 27 32 36 39 40 41 42 43 51 55 63 73 74 79 81 82 86 87 89 91 92 98 
1 22 27 32 36 39 40 41 42 43 51 55 63 73 74 79 81 82 86 87 89 91 92 98 
1 22 27 32 36 39 40 41 42 43 51 55 63 73 74 79 81 82 86 87 89 91 92 98 
1 22 27 32 36 39 40 41 42 51 55 63 73 74 79 81 82 86 87 89 91 92 98 
1 22 27 32 36 39 40 41 42 51 55 63 73 74 79 81 82 86 87 89 90 91 92 98 
1 22 27 32 36 39 40 41 42 51 55 63 73 74 79 81 82 86 87 89 90 91 92 98 
1 22 27 32 36 39 40 41 42 51 55 63 73 74 79 81 82 86 87 89 90 91 92 98 
1 22 27 32 36 39 40 41 42 51 55 63 73 74 79 81 86 87 89 91 92 98 
1 22 27 32 36 39 40 41 42 51 55 63 73 74 79 81 86 87 89 91 92 98 
1 22 27 32 36 39 40 41 42 51 55 63 73 74 79 81 86 87 89 91 92 98 
1 22 27 32 36 39 40 41 42 51 55 63 73 74 79 81 86 87 89 91 92 98 
1 22 27 32 36 39 40 41 42 51 55 63 73 74 79 81 84 86 87 89 91 92 98 
1 22 27 32 36 39 40 41 42 44 51 55 63 73 74 79 81 84 86 87 89 91 92 98 
1 22 27 32 36 39 40 41 42 44 51 55 63 73 74 79 81 84 86 87 89 91 92 98 
1 22 27 32 36 39 40 41 42 44 51 55 63 73 74 79 81 84 86 87 89 91 92 98 
1 22 27 32 36 39 40 41 42 44 51 55 63 73 74 79 81 84 86 87 89 91 92 98 
1 22 27 32 36 39 40 41 42 44 51 55 63 73 74 79 81 84 86 87 89 91 92 98 
1 22 27 32 36 39 40 41 42 44 51 55 63 73 74 79 81 84 86 87 89 91 92 98 
1 22 27 32 36 39 40 41 42 44 51 55 63 73 74 79 81 84 86 87 89 91 92 98 
1 22 27 32 36 39 40 41 42 44 51 55 63 73 74 79 81 84 86 87 89 91 92 98 
22 27 32 36 40 41 42 55 73 74 79 81 89 91 98 
22 27 32 36 40 41 42 55 73 74 79 81 89 91 98 
22 27 32 36 40 41 42 50 55 73 74 79 81 89 91 98 
22 27 32 36 40 41 42 50 55 73 74 79 81 89 91 98 
12 22 27 32 36 40 41 42 50 55 73 74 79 81 89 91 98 
12 22 27 32 36 40 41 42 50 55 73 74 79 81 89 91 93 98 
3 12 22 27 32 36 40 41 42 50 55 73 74 79 81 89 91 93 98 
3 12 22 27 32 36 40 41 42 50 55 73 74 79 81 89 91 93 98 
3 12 22 27 32 36 40 41 42 50 55 73 74 79 81 89 91 93 98 
3 12 22 27 32 36 40 41 42 50 55 73 74 79 81 89 91 93 98 
3 12 22 27 32 36 40 41 42 50 55 73 74 79 81 89 91 93 98 
3 12 22 27 32 36 40 41 42 50 55 73 74 79 81 89 91 93 98 
3 12 22 27 32 36 40 41 42 50 55 73 74 79 81 89 91 93 98 
3 12 22 27 32 36 40 41 42 50 55 73 74 79 81 89 91 93 98 
3 12 22 27 32 36 40 41 42 50 55 73 74 79 81 89 91 93 98 
3 12 22 27 32 36 40 41 42 50 55 73 74 79 81 89 91 93 98 
3 12 22 27 32 36 40 41 42 50 55 73 74 79 81 89 91 93 98 
3 12 22 27 28 32 36 40 41 42 50 55 73 74 79 81 89 91 93 98 
3 12 22 27 28 32 36 40 41 42 50 55 73 74 79 81 89 91 93 98 
3 12 22 27 28 32 36 40 41 42 50 55 73 74 79 81 89 91 93 98 
3 12 22 27 28 32 36 40 41 42 50 55 73 74 79 81 89 91 93 98 
3 12 21 22 27 28 32 36 40 41 42 50 55 73 74 79 81 89 91 93 98 
3 10 12 21 22 27 28 32 36 40 41 42 50 55 73 74 79 81 89 91 93 98 
3 10 12 21 22 27 28 32 36 40 41 42 50 55 73 74 79 81 89 91 93 98 
3 10 12 21 22 27 28 32 36 40 41 42 50 55 73 74 79 81 89 91 93 98 
465 0.535