
486 
486 
282 486 
117 282 486 
117 235 282 486 
56 235 282 
27 56 282 
27 56 111 282 
27 44 282 
27 44 282 427 
27 282 322 
27 282 418 
27 115 282 418 
27 115 125 282 418 
27 115 125 223 282 
27 115 219 282 
27 115 159 219 282 
27 115 159 282 375 
115 159 217 282 
115 159 217 282 
159 282 443 
159 184 282 443 
159 282 419 
159 189 282 419 
46 159 189 282 419 
46 159 282 341 
35 46 159 282 
46 138 159 282 
6 46 138 159 282 
46 159 282 366 
46 159 282 425 
46 104 159 282 425 
46 104 159 282 425 
46 104 148 159 282 
46 159 282 292 
46 159 282 292 416 
46 91 159 282 
46 91 159 210 
46 91 159 289 
46 91 159 289 
46 91 464 
46 91 215 
46 91 215 395 
46 74 91 
46 91 180 
32 46 91 180 
15 32 46 91 180 
32 46 91 273 
46 91 208 
46 91 208 474 
46 91 250 474 
46 91 250 474 
46 91 250 431 
46 61 91 250 
46 61 91 179 
46 61 91 179 
46 91 179 489 
46 76 91 179 489 
46 91 398 489 
46 91 398 489 
46 91 398 428 489 
46 91 398 428 489 
46 135 398 489 
46 135 395 398 489 
46 326 395 398 
46 326 332 395 398 
46 134 326 332 395 
2 46 332 395 
46 124 332 395 
46 241 332 395 
46 241 332 353 395 
46 59 332 353 395 
46 231 332 395 
46 230 332 395 
46 47 230 332 395 
46 332 395 467 
46 332 395 467 
46 228 332 395 467 
46 332 394 395 
46 332 394 395 446 
46 319 332 395 
46 259 319 332 395 
46 259 282 332 
46 259 282 493 
46 100 259 282 
46 100 259 272 282 
46 259 282 348 
46 259 282 348 350 
46 151 259 282 348 
46 259 282 348 401 
46 259 282 348 429 
46 259 282 348 422 429 
46 259 274 282 348 
21 46 259 274 282 348 
21 46 259 274 282 348 
21 46 259 274 282 348 395 
21 46 259 274 282 348 395 
21 46 259 274 282 348 395 
21 46 259 274 282 348 395 
21 46 50 259 274 348 
21 46 50 259 274 348 
21 46 50 259 274 320 
21 46 50 259 274 314 
21 46 259 274 314 482 
21 46 259 274 314 429 
21 46 82 274 429 
21 46 82 274 429 451 
21 46 82 274 429 451 
21 46 82 341 429 451 
21 46 82 341 429 451 
21 82 341 429 472 
21 82 429 472 498 
21 82 266 429 472 498 
21 145 266 429 472 
21 145 266 429 472 
21 145 266 429 472 
21 145 162 266 429 472 
17 21 162 266 429 472 
21 162 234 266 429 472 
21 162 266 336 429 472 
21 162 262 266 429 472 
21 162 217 266 429 472 
21 162 255 266 429 472 
21 162 266 332 429 472 
21 162 266 380 429 472 
162 191 380 429 472 
30 162 380 429 472 
162 210 380 429 472 
162 215 380 429 472 
162 215 380 429 453 472 
115 162 215 380 429 
115 162 215 310 380 429 
104 215 310 380 429 
215 380 407 429 
215 273 380 429 
215 273 351 380 429 
215 351 380 429 458 
193 380 429 458 
193 224 380 429 458 
193 224 380 426 429 458 
20 193 224 380 429 458 
326 380 429 458 
326 352 380 429 458 
326 352 380 429 458 
303 380 429 458 
303 380 416 429 458 
133 303 380 416 429 458 
380 383 416 429 458 
380 383 416 429 458 
380 383 416 429 458 
245 380 383 416 429 458 
310 380 416 429 458 
380 395 416 429 458 
380 395 416 429 458 463 
370 380 416 429 458 
123 380 416 429 458 
251 380 416 429 458 
254 380 416 429 458 
85 380 416 429 458 
85 380 416 429 458 
85 376 380 416 429 458 
85 376 380 416 429 458 
85 334 376 380 416 429 
63 85 334 376 380 416 429 
334 380 416 429 492 
334 380 416 429 436 492 
334 377 380 416 429 436 
363 377 380 416 429 
363 377 380 416 429 487 
349 377 380 416 429 487 
377 380 416 429 493 
202 377 380 416 429 
202 377 380 393 416 429 
231 377 380 416 429 
231 377 380 416 429 455 
231 275 377 380 416 429 
377 380 416 429 468 
377 380 411 416 429 468 
368 377 380 411 416 429 
377 380 411 416 429 467 
342 380 411 416 429 467 
342 380 411 416 429 467 
130 380 411 416 429 467 
8 130 380 411 416 429 
130 380 411 416 429 489 
130 380 411 416 429 489 
222 380 411 416 429 
203 222 380 411 416 429 
203 222 380 411 416 429 
178 203 222 380 411 416 429 
178 203 222 380 411 416 429 
178 203 222 245 411 416 429 
178 203 222 245 386 411 416 429 
141 178 203 222 245 386 411 416 429 
94 178 203 245 386 411 416 429 
94 178 203 245 356 386 411 416 429 
32 94 178 203 245 386 411 416 429 
94 203 245 386 399 411 416 429 
94 203 245 375 386 399 411 416 429 
94 203 215 245 399 411 429 
94 203 215 245 294 399 411 429 
94 232 245 294 399 411 429 
94 197 245 294 399 411 429 
15 94 197 245 294 399 411 429 
31 94 245 294 399 411 429 
31 94 245 294 299 399 411 429 
31 94 245 294 299 399 411 429 
31 94 245 294 299 399 411 429 
31 94 245 265 294 299 399 411 429 
94 245 265 277 294 299 399 429 
94 209 245 265 277 294 299 429 
94 209 245 265 277 294 299 411 429 
94 209 245 265 277 294 429 490 
94 209 245 265 277 294 323 429 490 
94 146 209 245 265 277 294 323 490 
94 146 162 209 245 265 277 294 323 490 
94 146 209 245 265 277 294 323 489 
94 146 160 209 245 265 277 294 323 489 
94 146 160 209 245 265 277 279 294 323 
94 146 160 209 245 265 277 279 294 323 369 
94 146 160 209 245 265 277 279 294 323 369 404 
94 146 160 209 245 265 277 294 369 400 404 
37 94 146 160 209 245 265 277 294 369 400 404 
37 94 146 160 209 245 265 277 292 294 369 404 
37 81 94 146 160 209 245 265 277 292 294 369 404 
37 94 146 160 209 245 265 277 294 331 369 404 
37 94 146 160 209 245 265 277 294 310 369 404 
37 94 130 146 160 209 245 265 277 294 369 404 
37 94 130 146 160 209 245 265 277 294 369 404 462 
37 94 146 160 209 245 265 277 288 294 369 404 462 
94 146 160 209 242 245 265 277 294 369 404 462 
97 146 160 209 242 245 265 294 404 462 
27 97 146 160 209 242 245 265 294 404 462 
27 56 146 160 209 245 265 294 404 462 
27 146 160 209 245 265 294 404 462 472 
27 146 160 209 245 265 294 325 404 462 472 
27 54 146 160 209 245 265 294 325 404 462 
27 146 160 199 209 245 265 294 404 462 
27 146 160 175 199 209 245 265 294 404 462 
27 146 160 175 209 245 265 294 318 404 462 
27 146 160 175 209 245 265 294 318 404 462 
27 146 160 175 209 245 265 294 318 404 462 
3 27 146 160 175 209 245 265 294 318 404 462 
27 146 160 175 209 227 245 294 318 404 462 
27 146 160 175 209 227 245 294 318 404 462 476 
27 146 160 175 209 239 245 294 318 404 462 
27 35 146 160 175 209 239 245 294 404 462 
27 35 146 160 175 209 239 245 294 404 462 
27 35 77 146 160 175 209 239 245 294 404 462 
27 35 77 146 160 209 245 246 404 462 
27 35 77 146 160 209 245 250 404 462 
27 35 77 146 160 209 245 304 404 462 
27 35 77 146 160 209 245 304 404 462 
27 35 77 146 160 209 245 304 404 462 
27 29 35 77 146 160 209 245 304 404 462 
27 35 77 146 160 209 304 397 404 462 
27 35 77 146 160 209 304 397 404 462 
27 35 77 146 160 209 304 397 404 462 
1 27 35 77 146 160 209 304 397 404 462 
1 27 35 77 146 160 209 244 304 462 
1 27 35 77 146 160 209 304 311 
1 27 35 77 146 160 209 304 311 497 
1 27 35 77 146 160 209 311 409 
1 27 35 77 146 160 209 311 467 
1 27 35 77 113 146 160 209 311 
1 27 35 77 121 146 160 209 311 
1 27 35 77 121 146 160 169 209 311 
1 27 35 77 133 146 160 209 311 
1 27 35 77 133 146 160 209 311 
1 27 35 77 133 146 160 209 311 
1 21 27 35 77 133 146 160 209 311 
1 21 27 35 59 77 133 160 209 311 
1 27 35 77 133 160 209 284 311 
1 4 27 35 77 133 160 209 311 
1 4 27 35 77 133 160 209 311 377 
1 27 35 77 111 133 160 209 311 377 
1 27 35 77 111 133 160 209 311 377 390 
27 35 77 111 160 209 311 377 390 420 
27 35 77 111 160 209 311 390 461 
27 35 77 111 160 209 266 311 390 461 
27 35 77 111 160 209 266 311 390 461 
27 35 77 108 111 160 209 311 390 
27 35 77 108 111 160 209 311 390 
27 35 77 108 111 160 209 311 390 
27 35 77 82 108 111 160 209 311 390 
27 35 77 82 108 111 160 209 311 390 
27 77 82 111 160 209 311 462 
27 77 82 111 160 177 209 311 462 
27 77 82 111 160 177 209 311 462 475 
27 64 77 111 160 177 209 311 462 
27 64 77 111 160 177 209 219 311 462 
27 64 77 111 160 177 209 219 311 462 
27 64 77 111 160 177 219 311 431 
27 64 77 111 160 177 212 219 311 431 
27 64 77 111 160 177 212 219 311 333 
27 64 77 111 160 177 212 219 311 333 
27 64 77 111 160 177 193 212 219 311 333 
64 77 111 145 160 177 193 219 311 333 
64 77 111 160 177 179 193 219 311 333 
64 77 111 160 177 179 193 219 311 387 
64 77 111 160 177 179 193 219 311 387 
52 64 77 111 160 177 179 193 219 311 387 
52 64 77 111 160 177 193 216 311 387 
52 64 77 111 160 177 193 216 226 311 387 
52 64 77 111 160 177 193 216 226 311 387 
34 52 64 77 111 160 177 193 226 311 387 
34 52 64 77 111 160 177 193 226 311 387 
34 52 64 77 111 160 177 193 226 311 387 465 
34 52 64 77 111 160 177 193 226 311 387 465 
52 64 77 160 177 193 226 311 322 387 
52 77 160 177 193 226 311 322 387 487 
52 77 160 193 226 235 322 387 487 
52 77 160 193 226 235 322 387 487 
52 77 160 193 226 235 322 387 487 
52 77 160 189 193 226 235 322 387 487 
77 160 189 193 226 235 242 322 487 
77 160 189 193 226 235 242 312 322 487 
77 160 189 193 226 242 322 360 487 
77 160 189 193 226 242 322 360 368 487 
47 77 160 189 193 226 242 322 368 487 
47 77 160 189 193 226 242 300 322 487 
47 77 160 189 193 226 242 300 322 487 
47 77 160 189 193 226 242 300 322 377 487 
47 77 94 160 189 193 226 242 322 487 
47 77 94 160 189 193 221 226 242 322 487 
26 47 77 94 160 189 193 226 242 322 487 
26 47 77 94 160 189 193 226 242 322 487 
47 77 94 160 189 193 226 242 252 487 
47 77 94 160 189 193 226 242 252 334 487 
47 77 94 160 161 189 193 226 242 334 487 
47 77 94 140 160 189 193 226 242 487 
47 77 94 140 160 189 193 226 242 436 487 
47 77 94 140 160 189 193 226 242 280 436 487 
47 77 94 160 189 193 226 242 436 443 487 
47 77 94 160 189 193 198 226 242 436 487 
47 77 160 189 193 198 226 242 432 487 
47 77 160 189 193 198 226 242 394 487 
47 77 160 189 193 198 226 242 394 487 
47 77 160 189 193 198 226 242 394 487 
47 77 160 189 193 226 242 394 442 487 
47 77 160 171 189 193 226 242 442 487 
47 77 160 171 189 193 226 242 435 442 487 
47 77 160 189 193 215 226 242 442 487 
47 77 89 160 189 193 215 226 242 442 487 
47 77 89 129 160 189 193 226 242 442 487 
47 77 86 89 129 160 189 193 226 242 442 487 
47 77 160 189 193 226 242 296 442 487 
47 77 189 197 226 242 296 442 487 
47 77 189 197 226 242 296 442 487 
77 85 189 197 226 242 296 442 487 
77 189 197 231 242 296 442 487 
77 189 197 203 231 242 296 442 487 
77 189 197 203 231 242 296 442 487 
77 189 197 203 231 242 296 365 442 487 
77 189 197 203 231 242 296 365 442 487 
77 189 197 242 264 296 365 442 487 
77 189 197 242 264 296 365 442 487 
77 90 189 197 242 296 365 442 487 
77 90 189 197 242 296 365 442 487 
77 175 189 197 242 296 442 487 
1 77 175 189 197 242 296 442 487 
1 77 175 189 197 242 294 296 442 487 
1 77 100 189 197 242 294 442 
1 77 100 189 197 242 294 442 470 
1 77 100 189 197 242 294 442 470 
1 77 100 189 197 242 294 339 442 470 
77 100 122 189 197 242 339 470 
77 100 122 189 197 239 242 339 470 
77 100 122 189 197 239 242 304 339 470 
77 100 189 197 239 242 304 339 370 
77 100 126 189 197 239 242 304 370 
77 100 189 197 226 239 242 304 370 
77 100 189 197 226 239 242 304 318 370 
77 100 189 197 239 242 304 318 376 
39 77 100 189 197 239 242 304 318 376 
39 77 100 133 189 197 239 242 304 318 376 
29 77 100 133 189 197 239 242 304 376 
29 77 100 133 189 197 239 242 304 376 
29 77 100 133 189 197 239 242 304 342 376 
44 77 100 133 189 197 239 242 304 342 
44 77 100 133 189 197 239 242 304 342 
44 77 100 133 189 197 239 242 304 342 
77 100 189 197 239 242 251 304 
77 100 189 197 239 242 251 304 341 
77 189 197 239 242 251 442 
77 189 197 239 242 251 442 
77 189 197 239 242 251 442 487 
77 92 189 197 239 242 251 442 487 
77 92 189 193 197 239 242 251 442 487 
77 92 189 193 197 239 242 305 442 
2 77 92 189 193 197 239 242 305 442 
2 77 92 107 189 193 197 239 242 305 
2 38 77 92 107 189 193 239 242 305 
2 38 77 92 107 189 193 239 242 305 488 
2 38 77 92 107 115 189 193 239 242 305 488 
38 77 92 107 115 189 193 239 242 305 362 488 
38 77 92 107 115 189 193 239 242 257 305 362 488 
38 77 92 107 115 125 189 193 239 242 362 488 
38 77 92 107 115 180 189 239 242 362 
38 73 77 107 115 180 189 239 242 362 
38 73 77 107 115 180 189 239 242 362 
14 38 73 77 107 115 180 189 239 242 362 
38 77 107 115 180 189 217 239 242 362 
38 77 107 115 180 189 217 239 242 315 362 
38 77 107 115 180 189 217 239 242 315 362 
38 77 107 115 180 189 239 242 263 362 
38 77 107 115 180 189 239 242 247 263 362 
38 77 107 115 180 189 239 242 247 362 375 
38 77 107 115 180 189 239 242 247 362 375 423 
38 77 107 115 160 180 189 239 242 362 375 
38 77 107 115 160 180 189 239 242 362 375 383 
21 38 77 107 115 160 180 189 239 242 362 375 
38 77 107 115 160 189 239 242 362 375 487 
38 77 107 115 160 189 239 242 362 375 487 497 
38 77 107 115 153 160 189 239 242 362 375 487 497 
38 77 107 115 153 160 189 239 242 362 375 487 497 
38 77 107 115 160 189 239 242 362 375 394 
38 77 107 115 160 189 239 242 283 362 375 
38 77 107 115 160 189 239 242 283 362 375 392 
38 77 107 115 160 189 190 239 242 362 375 392 
4 38 77 107 115 160 189 239 242 362 375 392 
4 38 77 107 115 160 189 239 242 362 375 392 414 
4 38 77 107 115 160 189 239 242 362 375 392 414 
38 77 106 107 115 160 189 239 242 362 375 392 
38 77 94 106 107 115 160 189 239 242 362 375 392 
38 46 77 107 115 160 189 239 242 362 375 392 
38 77 107 115 160 189 239 242 362 375 392 425 
38 77 99 107 115 160 189 239 242 362 375 392 
38 77 107 115 160 189 239 242 362 375 392 406 
38 77 107 115 160 189 239 242 362 363 375 392 
38 77 107 115 160 189 239 242 362 363 375 392 451 
38 77 107 115 124 160 189 239 242 362 375 392 
38 77 107 115 124 160 189 239 242 362 375 392 
38 77 107 115 157 160 189 239 242 362 375 392 
38 77 107 115 157 160 189 239 242 362 375 392 436 
38 77 107 115 160 168 189 239 242 362 375 392 
38 77 107 115 160 168 189 239 242 362 375 392 
38 77 107 115 160 187 189 239 242 362 375 392 
38 77 107 115 160 187 189 204 239 242 362 375 392 
38 77 84 107 115 160 189 242 362 375 392 
38 77 84 107 115 160 189 242 362 375 392 
38 77 84 107 115 160 189 242 362 375 392 
17 38 77 107 115 160 189 242 362 375 392 
17 38 77 107 115 160 189 242 351 362 375 392 
17 38 77 107 115 158 160 189 242 351 362 375 392 
38 77 107 115 158 160 189 242 293 351 375 392 
38 77 107 115 158 160 189 242 293 351 375 392 
38 77 107 115 158 160 170 189 242 293 351 375 392 
38 77 107 115 158 160 170 189 201 242 351 392 
38 77 107 115 158 160 170 189 201 242 351 392 475 
38 77 107 115 158 160 170 189 201 242 243 392 475 
38 77 107 108 115 158 160 170 189 201 242 243 392 475 
38 77 107 108 115 158 160 170 189 201 242 243 277 392 475 
38 77 107 108 115 158 160 170 189 201 242 248 277 475 
38 77 107 108 115 158 160 170 189 201 242 248 277 475 
38 77 107 108 115 158 160 170 189 201 242 248 277 475 
38 77 107 108 115 158 160 170 189 201 242 248 277 475 
38 77 107 108 115 158 160 170 189 201 229 242 248 277 475 
38 77 107 108 115 158 160 170 189 201 229 242 248 255 475 
38 77 107 108 115 158 160 170 189 201 229 242 248 255 322 475 
38 77 107 108 115 158 160 170 189 201 229 242 248 255 322 325 
38 77 107 108 115 158 160 189 201 229 242 248 255 322 325 345 
38 77 107 108 115 137 158 160 189 201 229 242 248 322 325 345 
38 40 77 107 108 115 137 160 189 201 229 242 248 322 325 
38 77 107 108 115 137 160 189 201 229 235 242 248 322 325 
38 77 107 108 115 137 160 189 201 229 242 248 322 325 493 
38 77 107 108 115 137 160 189 201 229 242 248 322 325 493 
38 77 107 108 115 137 160 189 201 229 242 248 322 325 393 
38 77 107 108 115 137 160 189 201 229 242 248 322 325 374 393 
10 38 77 107 115 137 160 189 201 229 242 248 322 325 374 
38 77 107 115 137 160 189 201 229 242 248 322 325 362 374 
38 77 107 115 137 160 189 201 223 229 242 248 322 325 362 374 
38 77 107 115 137 160 189 201 223 229 242 248 322 325 362 374 
38 77 107 115 137 189 201 223 229 242 248 322 325 362 388 
38 77 107 115 137 189 201 223 229 242 248 322 325 362 388 
38 77 107 115 137 171 189 201 223 229 242 248 322 325 388 
38 77 107 115 137 171 184 189 201 223 229 242 248 322 325 388 
38 77 107 115 137 171 184 189 201 223 229 242 248 322 325 388 421 
36 38 77 107 115 137 171 189 201 223 229 242 248 322 325 388 
36 38 77 107 115 137 171 189 201 223 229 242 248 322 325 388 452 
38 77 107 115 137 171 189 201 223 227 229 242 248 322 325 388 452 
38 77 107 115 137 171 189 201 223 229 242 248 312 322 325 388 452 
38 77 107 115 137 171 189 201 223 229 242 248 280 312 322 325 388 452 
38 76 77 107 115 137 171 189 201 223 229 242 248 280 322 325 388 452 
38 76 77 107 115 137 171 189 201 223 224 229 242 248 280 322 325 388 452 
38 76 77 107 115 137 189 201 223 229 242 248 280 300 322 325 388 
38 76 77 107 115 137 189 201 223 229 242 248 280 300 322 325 388 
38 76 77 107 115 137 189 201 223 229 242 248 280 300 322 325 388 
38 76 77 107 115 137 189 201 223 229 242 248 280 300 322 325 388 
38 76 77 107 115 137 189 201 223 229 242 248 280 300 322 325 387 388 
38 76 77 107 115 137 189 201 223 229 242 248 280 300 322 325 387 388 
38 76 77 107 115 137 189 201 223 229 242 248 280 300 322 325 387 388 
38 76 77 107 137 189 223 229 242 248 280 300 322 387 388 395 
38 76 77 107 137 189 223 229 242 248 280 300 322 387 388 395 445 
38 52 76 77 107 137 189 223 229 242 248 280 300 322 387 388 395 445 
38 76 77 107 137 189 229 242 248 280 300 322 388 395 415 445 
38 76 77 107 137 189 229 230 242 248 280 300 322 388 395 415 445 
38 76 77 107 137 229 230 248 280 300 317 322 395 415 445 
38 76 77 107 137 229 230 248 280 300 317 322 395 415 445 454 
38 76 77 107 137 229 248 280 300 322 369 395 415 454 
38 76 77 107 137 229 248 280 300 322 369 395 415 454 
38 76 77 107 137 229 248 280 300 322 329 369 395 415 454 
38 76 77 107 120 137 229 248 280 300 322 329 369 395 415 454 
38 76 77 107 120 137 229 248 280 322 329 369 415 470 
38 76 77 107 120 137 229 248 280 322 329 369 415 460 470 
38 76 77 107 120 137 229 248 280 322 329 369 415 428 460 470 
38 76 77 107 120 137 229 248 280 322 329 369 386 415 428 460 470 
38 76 77 107 120 137 229 248 280 287 322 329 369 386 415 428 460 470 
38 76 77 107 120 137 229 248 280 287 322 329 353 386 428 460 470 
38 76 77 107 120 137 229 248 256 280 287 322 329 353 386 428 460 470 
38 76 77 107 120 137 229 248 256 280 287 322 329 353 375 386 428 460 470 
38 76 77 107 120 137 229 248 256 280 322 329 353 375 392 428 460 470 
37 38 76 77 107 120 137 229 248 256 280 322 329 353 375 392 428 460 470 
37 38 77 107 120 137 229 248 280 321 322 329 353 375 392 428 460 470 
37 38 77 107 120 137 229 248 280 321 322 329 353 375 392 428 460 470 
37 38 77 107 120 137 143 229 248 280 322 329 353 392 428 460 470 
37 38 77 107 120 137 143 229 248 280 322 329 353 392 428 460 470 487 
37 38 77 107 120 137 201 229 248 280 322 329 353 392 428 460 470 487 
37 38 77 107 120 137 201 229 248 280 322 329 353 392 428 460 470 487 
37 38 77 107 137 201 229 248 280 322 325 329 353 392 428 460 470 487 
37 38 77 107 137 187 201 229 248 280 322 325 329 353 392 428 460 470 487 
37 38 77 107 132 137 201 229 248 280 322 325 329 353 392 428 460 470 487 
37 38 77 107 137 201 210 229 248 280 322 325 353 392 428 460 470 487 
37 38 77 107 137 180 201 229 248 280 322 353 392 428 460 470 487 
37 38 54 77 107 137 180 201 229 248 280 322 353 392 428 460 470 487 
37 38 54 77 107 137 180 201 229 239 248 280 322 353 392 428 460 470 487 
37 38 77 107 110 137 180 201 229 248 280 322 353 392 428 460 470 487 
37 38 77 107 110 137 180 201 229 248 280 322 353 392 428 460 470 487 
37 38 77 107 137 180 229 248 280 317 322 353 392 428 460 470 487 
37 38 77 107 137 180 221 229 248 280 317 322 353 392 428 460 470 487 
37 38 77 107 137 221 229 248 280 317 322 353 392 407 428 460 487 
37 38 77 107 137 221 229 248 280 317 322 353 392 407 428 438 460 487 
37 38 77 107 137 196 221 229 248 280 317 322 353 392 428 460 487 
37 38 77 107 137 196 221 229 248 280 317 322 353 392 428 460 487 
37 38 77 107 137 196 221 229 248 280 317 322 329 353 392 428 460 487 
37 38 77 81 107 137 196 221 229 248 280 317 329 392 428 460 487 
37 38 77 81 107 137 196 200 221 229 248 280 317 329 392 428 460 487 
37 38 77 81 107 134 137 196 200 221 229 248 280 317 329 392 428 460 487 
37 38 77 81 107 134 137 196 200 221 229 248 280 317 329 392 428 460 487 
37 38 77 81 92 107 134 137 200 221 229 248 280 317 392 428 460 487 
37 38 77 81 92 107 134 137 200 221 229 248 280 317 392 403 428 460 487 
37 38 77 81 107 134 137 200 221 229 248 280 314 317 392 403 428 460 487 
37 38 77 81 107 134 137 200 221 229 248 280 314 317 392 403 428 460 480 487 
37 38 77 81 107 137 193 200 221 229 248 280 314 317 392 403 428 487 
37 38 77 81 107 137 193 200 221 229 248 275 280 314 317 392 403 428 487 
37 38 77 81 107 137 193 200 221 229 248 280 314 317 337 392 403 428 
37 38 77 81 107 137 193 200 221 229 240 248 280 314 317 392 403 428 
37 38 77 81 107 137 193 200 221 229 240 248 280 314 317 392 403 428 
37 38 107 137 193 200 221 229 240 248 280 285 314 317 392 403 428 
37 38 107 137 193 200 221 229 240 280 313 314 317 392 403 428 
37 38 107 137 193 200 221 229 240 259 280 313 314 317 392 403 428 
37 38 107 137 193 200 221 229 240 280 314 317 323 392 403 428 
37 38 69 107 137 193 200 221 229 240 280 314 317 323 392 403 428 
37 38 107 137 193 200 221 229 240 280 314 317 392 403 428 482 
37 38 107 137 193 200 221 229 240 280 314 317 363 392 403 428 482 
37 38 107 137 193 200 214 221 229 240 280 314 317 392 403 428 
37 38 107 137 193 200 214 221 229 240 280 314 317 365 392 403 428 
37 38 107 137 193 200 214 221 229 240 280 314 317 365 392 403 428 485 
37 38 107 137 193 200 221 229 240 280 314 317 365 392 403 428 446 485 
37 38 107 137 193 200 229 240 280 314 317 361 365 392 403 428 446 
37 38 107 137 193 200 229 240 280 314 317 361 365 392 403 408 428 446 
37 38 107 137 193 200 229 240 280 308 314 317 365 392 403 408 428 446 
3 37 38 107 137 193 200 229 240 280 308 314 317 365 392 403 408 428 446 
3 37 38 107 137 193 200 229 240 280 308 314 317 365 392 403 408 428 446 
3 37 38 107 137 193 200 229 240 280 314 317 365 392 403 408 446 490 
3 37 38 107 137 193 200 229 240 280 314 317 365 392 403 419 446 
3 37 38 107 137 193 200 217 229 240 280 314 317 365 392 403 446 
3 37 38 107 137 193 200 217 229 240 280 314 317 365 392 403 435 446 
3 37 38 107 137 200 217 229 240 280 314 317 365 392 403 446 457 
3 37 38 107 137 200 217 229 240 280 314 317 365 392 403 416 446 457 
3 37 38 107 137 200 217 229 240 280 311 314 317 365 392 403 457 
3 37 38 107 137 200 217 229 240 280 311 314 317 365 392 403 457 
3 37 38 107 137 200 217 229 240 254 280 314 317 365 392 403 457 
3 37 38 107 137 200 217 229 240 280 314 317 365 392 403 429 457 
3 37 38 87 107 137 200 217 229 240 280 314 317 365 392 403 457 
3 37 38 87 107 137 200 229 240 280 314 317 365 392 403 454 457 
3 37 38 87 107 137 200 229 240 247 280 314 317 365 392 403 454 457 
3 37 38 87 107 137 200 229 240 247 280 314 317 365 392 403 451 457 
3 37 38 59 87 107 137 200 229 240 247 280 314 317 365 392 403 451 457 
3 37 38 107 137 200 229 240 247 280 314 317 365 392 403 451 457 463 
3 15 37 38 107 137 200 229 240 247 280 314 317 365 392 403 451 457 463 
3 37 38 107 137 156 200 229 240 247 280 314 317 365 392 403 451 457 
3 37 38 107 137 156 200 229 240 247 280 314 317 365 392 403 451 457 
3 37 38 107 137 156 200 204 229 240 247 280 314 317 365 392 403 451 457 
3 37 38 107 137 177 200 204 240 247 280 314 317 365 392 403 451 457 
3 37 38 107 137 177 200 204 240 247 280 314 317 365 392 403 451 457 489 
3 37 38 107 137 200 204 247 280 314 317 365 392 403 443 451 457 489 
3 37 38 107 137 200 206 247 280 314 317 365 392 403 443 457 489 
3 37 38 107 137 200 206 247 280 314 317 365 392 403 457 461 489 
3 37 38 107 137 200 206 247 280 314 317 365 392 403 457 461 489 
3 37 38 107 133 137 200 206 247 280 314 317 365 392 403 457 461 489 
3 37 38 107 137 138 200 206 247 280 314 317 365 392 403 457 461 
3 37 38 107 137 138 200 206 247 272 280 314 317 365 392 403 457 461 
3 37 38 107 137 138 200 206 247 272 280 314 317 365 392 403 457 461 
3 37 38 107 137 138 200 206 247 272 280 314 317 365 392 403 457 461 
3 37 38 102 107 137 200 206 247 272 314 317 365 392 403 457 
3 37 38 50 102 107 137 200 206 247 272 314 317 365 392 403 457 
3 37 38 50 102 107 137 200 206 247 272 314 317 365 392 403 457 488 
3 37 38 50 102 107 137 200 206 247 314 317 365 366 392 403 457 
3 37 38 50 102 107 137 200 206 247 314 317 365 366 392 403 457 
3 37 38 102 137 191 200 206 247 314 317 365 366 392 403 457 
3 11 37 38 102 137 191 200 206 247 314 317 365 366 392 403 457 
3 11 37 38 102 137 200 206 247 314 317 334 365 366 392 403 457 
3 11 37 38 102 137 200 206 247 314 317 334 365 366 392 403 457 
3 11 37 38 102 137 200 206 247 307 314 317 334 365 366 392 403 457 
3 11 37 38 102 137 200 206 247 265 314 317 365 366 392 403 457 
3 11 37 38 64 102 137 200 206 247 265 314 317 365 366 392 403 457 
3 11 37 38 102 137 200 206 247 314 317 365 366 392 403 420 457 
3 11 37 38 102 106 137 200 206 247 314 317 365 366 392 403 420 457 
3 18 37 38 102 137 200 206 247 314 317 365 366 392 403 420 
3 18 37 38 102 137 200 206 247 314 317 365 366 392 403 420 428 
3 18 37 38 102 137 200 206 247 314 317 353 365 366 392 403 420 428 
3 37 38 102 137 200 206 240 247 314 317 353 365 366 392 403 420 
3 21 37 38 102 137 200 206 240 247 314 317 353 365 366 392 403 420 
3 37 38 102 137 200 206 240 247 314 317 353 365 366 392 394 420 
3 37 38 102 137 200 206 240 247 314 317 344 353 365 366 392 394 420 
3 37 38 102 137 200 206 240 247 305 314 317 344 353 365 366 392 420 
3 37 38 102 137 179 200 206 240 247 314 317 344 353 365 366 392 
3 37 38 102 137 200 206 240 247 314 317 344 353 365 366 392 417 
3 37 38 102 137 200 206 240 247 314 317 344 353 365 366 392 417 
3 37 38 102 137 200 206 240 247 314 317 344 353 365 366 392 417 474 
3 37 38 75 102 137 206 240 247 314 317 344 353 365 366 417 474 
3 37 38 75 102 137 206 240 247 314 317 344 353 365 366 381 417 474 
3 37 38 75 89 102 137 206 240 247 314 317 353 365 366 381 474 
3 37 38 75 89 102 137 190 206 240 247 314 317 353 365 366 381 474 
3 37 38 75 89 102 137 178 206 240 247 314 317 353 365 366 381 474 
3 37 38 75 89 102 137 178 206 240 247 314 317 353 365 366 381 403 474 
3 37 38 75 89 102 137 178 206 240 247 314 317 353 365 366 381 403 474 
3 37 38 75 89 102 137 178 206 240 247 314 317 353 365 366 381 403 474 
37 38 75 89 102 137 178 240 247 292 314 317 353 365 366 381 403 
37 38 75 89 102 137 178 240 247 292 314 317 353 365 366 381 403 
37 38 75 89 102 137 178 228 240 247 292 314 317 353 365 366 381 403 
37 38 75 89 102 137 228 240 247 292 317 353 365 366 381 451 
37 38 75 89 102 137 152 228 240 247 292 317 353 365 366 381 451 
37 38 75 89 102 137 152 228 240 247 267 292 317 353 365 366 381 451 
37 38 75 89 102 137 152 228 240 247 267 280 317 353 365 366 381 451 
37 38 75 89 102 137 152 228 240 247 267 314 317 353 365 366 381 
37 38 75 89 102 137 152 228 240 247 267 317 353 365 366 370 381 
37 38 75 89 102 137 152 228 232 240 247 267 317 353 365 366 381 
37 38 75 89 102 137 152 228 232 240 247 267 317 353 365 366 381 
37 38 75 89 102 137 152 228 232 240 247 267 317 353 365 366 381 
37 38 75 89 102 137 140 152 232 240 247 267 317 353 365 366 381 
37 38 75 89 102 137 152 232 240 247 267 317 353 357 365 366 381 
37 38 75 80 89 102 137 152 232 240 247 267 317 353 357 365 366 381 
37 38 42 75 80 89 102 137 152 232 240 247 267 317 353 365 366 381 
4 37 38 42 75 80 89 102 137 152 232 240 247 267 317 353 365 366 381 
2 4 37 38 75 80 89 102 137 152 232 240 247 267 353 365 366 381 
4 37 38 75 80 89 102 137 152 232 240 247 267 353 365 366 381 470 
4 37 38 75 80 89 102 137 152 232 240 247 286 353 365 366 381 470 
4 37 38 75 80 89 102 137 152 232 240 247 286 353 365 366 381 453 470 
4 37 38 75 80 89 102 137 232 240 247 353 365 366 371 381 453 470 
4 37 38 75 80 89 102 137 232 240 247 353 365 366 371 381 453 470 
4 37 38 75 80 89 102 137 232 240 247 353 365 366 371 381 453 457 470 
4 37 38 75 80 89 102 137 232 240 247 353 365 366 371 381 453 457 470 
4 37 38 75 80 89 102 137 232 240 247 353 358 365 366 371 381 453 457 
4 37 38 75 80 86 89 102 137 232 240 247 353 358 365 366 371 381 453 457 
4 37 38 75 80 86 89 102 137 232 240 247 353 358 365 366 371 381 453 457 
4 37 38 75 80 86 89 102 137 232 240 247 353 358 365 366 371 381 453 457 
4 37 38 75 80 86 89 102 232 240 247 353 358 365 366 371 381 452 453 457 
4 37 38 75 80 86 89 102 112 232 240 247 353 358 365 371 381 452 453 457 
4 37 38 75 80 89 102 112 232 240 247 290 353 358 365 371 452 453 457 
4 37 38 75 80 89 102 112 232 240 247 290 353 358 365 371 452 453 457 
4 37 38 75 80 89 102 112 232 240 247 290 353 358 365 371 452 453 457 
4 37 38 75 80 89 102 112 232 240 247 290 353 358 365 371 452 453 457 
4 37 38 75 80 89 102 111 112 232 240 247 290 353 358 365 371 452 453 457 
4 37 38 75 80 89 102 111 112 232 240 247 353 358 371 452 453 457 484 
4 37 38 75 80 89 102 111 112 219 232 240 247 353 371 452 453 457 484 
4 37 38 75 80 89 102 111 112 219 232 240 247 353 371 452 453 457 484 
4 38 75 80 89 102 111 112 219 240 247 250 353 371 452 453 457 484 
4 38 75 80 89 102 111 112 219 240 247 250 353 371 374 452 453 457 484 
4 38 75 80 89 102 103 111 112 240 247 250 353 371 452 453 457 484 
4 38 75 80 89 102 103 111 112 240 247 250 317 353 371 452 453 457 484 
4 38 75 80 89 102 111 112 238 240 247 250 317 371 452 453 457 484 
4 38 75 80 89 102 111 112 238 240 247 250 331 371 452 453 457 484 
4 38 71 75 80 89 102 111 112 238 240 247 250 371 452 453 457 484 
4 38 75 80 89 102 111 112 229 238 240 247 250 371 452 453 457 484 
4 38 75 80 89 102 112 238 240 247 250 371 415 452 453 457 484 
4 38 75 80 89 102 112 238 240 247 250 371 415 452 453 457 484 
4 38 75 80 89 102 112 238 240 247 250 371 415 446 452 453 457 484 
4 38 75 80 89 102 112 206 238 247 250 371 415 452 453 457 484 
4 34 38 75 80 89 102 112 206 238 247 250 371 415 452 453 457 484 
4 34 38 75 80 89 102 112 206 238 247 250 356 371 415 452 453 457 484 
4 34 38 75 80 89 102 112 238 247 250 356 415 452 453 457 474 484 
4 34 38 59 75 80 89 102 112 238 247 250 356 415 452 453 457 474 484 
4 34 38 59 75 80 89 102 112 238 247 250 356 415 452 453 457 474 484 
4 34 38 59 75 80 89 102 112 238 247 250 356 415 452 453 457 474 484 
4 34 38 75 80 89 102 112 221 238 247 250 356 452 453 457 474 
4 34 38 75 80 89 102 112 221 238 247 250 356 415 452 453 457 474 
4 34 38 75 80 89 102 112 218 221 238 247 250 356 415 452 453 457 474 
4 34 38 75 80 89 102 112 218 238 242 247 250 356 452 453 457 
4 34 38 75 80 89 102 112 218 238 242 247 250 356 373 452 453 457 
4 34 38 75 80 89 102 112 218 238 242 247 250 356 368 373 452 453 457 
4 34 38 75 80 89 102 112 182 218 238 242 247 250 368 452 453 457 
4 34 38 75 80 89 102 112 182 218 238 242 247 250 368 452 453 457 
4 34 38 75 80 89 102 112 182 218 238 242 247 250 368 452 453 457 476 
4 34 38 75 80 87 89 102 112 218 238 242 247 250 368 452 453 457 476 
4 34 38 75 80 87 89 102 112 218 238 242 245 247 250 368 452 453 457 476 
4 34 38 75 80 89 102 112 129 218 238 242 245 250 368 452 453 457 476 
4 34 38 75 80 89 102 112 129 218 238 242 245 250 284 368 452 453 457 476 
4 34 38 75 80 89 102 112 129 193 218 238 242 250 284 452 453 457 476 
4 34 38 75 80 89 102 112 129 193 218 238 242 250 284 452 453 457 476 
4 34 38 75 80 89 102 112 129 193 218 238 242 248 250 284 452 453 457 476 
4 34 38 75 80 89 102 112 129 193 218 238 242 248 250 284 452 453 457 476 
4 34 75 77 80 89 102 112 129 193 238 242 248 250 452 453 457 476 
4 34 75 77 80 89 102 112 129 193 238 242 248 250 452 453 457 476 484 
4 34 75 77 80 89 102 112 129 193 238 242 248 250 452 453 457 476 484 
4 34 75 77 80 89 102 112 129 193 238 242 248 250 452 453 457 476 484 497 
4 34 75 77 80 89 102 112 129 193 238 242 248 250 452 453 457 476 484 497 
4 34 75 77 80 89 102 112 129 166 193 238 242 248 250 452 453 457 476 484 497 
4 34 75 77 80 81 89 102 112 129 166 193 238 242 248 250 452 453 457 476 484 497 
4 34 75 80 81 102 108 112 129 166 193 238 248 250 452 453 457 476 484 497 
4 34 75 80 81 102 108 112 129 166 193 238 248 250 452 453 457 476 484 497 
4 34 75 80 81 102 108 112 129 166 193 238 248 250 452 453 457 476 484 485 497 
4 34 75 80 102 108 129 166 193 238 250 271 452 453 457 476 484 485 497 
4 34 75 80 102 108 117 129 166 193 238 250 271 452 453 457 476 484 485 497 
4 34 75 80 89 102 108 117 129 166 193 238 250 271 452 453 457 476 484 485 497 
4 34 75 80 89 102 117 166 193 238 271 405 452 453 457 476 484 485 497 
4 14 34 75 80 89 102 117 166 193 238 271 405 452 453 457 476 484 485 497 
4 14 34 75 80 89 102 117 166 193 238 271 405 452 453 457 476 484 485 497 
4 14 34 75 80 89 102 117 166 193 238 271 405 452 453 457 476 484 485 497 
4 14 34 61 75 80 89 102 117 166 193 238 271 405 452 453 457 476 484 485 497 
4 14 34 75 80 89 102 166 223 238 271 405 452 453 457 476 484 485 497 
4 14 34 75 80 89 102 166 223 238 271 405 427 452 453 457 476 484 485 497 
4 14 34 75 80 89 102 166 223 238 271 405 427 452 453 457 476 484 485 497 
4 14 34 75 80 89 102 127 166 223 238 271 405 427 452 453 457 476 484 485 497 
4 14 34 75 80 89 102 127 166 223 238 271 405 427 452 453 457 476 484 485 497 
4 14 34 75 80 89 102 127 166 223 238 271 276 405 427 452 453 457 476 484 485 497 
4 14 34 75 80 89 102 127 166 223 238 271 276 378 405 427 452 453 457 476 484 485 497 
4 14 34 75 80 89 127 166 223 271 276 279 405 427 452 453 457 476 484 485 497 
4 14 34 75 80 89 127 166 223 271 276 279 405 427 452 453 457 476 484 485 497 
4 14 34 75 80 89 127 166 223 271 276 279 376 405 427 452 453 457 476 484 485 497 
4 14 34 75 80 89 127 166 223 257 271 276 279 376 405 427 452 453 457 476 484 485 497 
4 14 34 75 80 89 127 166 223 257 271 276 279 337 376 405 427 452 453 457 476 484 485 497 
4 14 34 75 80 89 127 166 257 276 337 376 389 405 427 452 453 457 476 484 485 497 
4 14 34 75 80 89 127 166 250 257 276 337 376 389 405 427 452 453 457 476 484 485 497 
4 14 34 75 80 89 127 166 257 285 337 376 389 427 452 453 457 476 484 485 497 
4 14 34 75 80 89 127 166 257 285 337 376 389 427 430 452 453 457 476 484 485 497 
4 14 34 75 80 89 127 166 257 285 337 365 376 389 427 430 452 453 457 476 484 485 497 
4 14 34 62 75 80 89 127 166 285 337 365 376 427 430 452 453 457 484 485 497 
4 14 34 62 75 80 89 127 166 285 337 365 376 427 430 452 453 457 484 485 497 
4 14 34 62 75 80 89 127 166 285 337 365 376 427 430 452 453 457 484 485 487 497 
4 14 34 62 75 80 88 89 127 166 285 337 365 427 430 452 453 484 487 497 
4 14 34 62 75 80 89 127 166 252 285 337 365 427 430 452 453 487 
4 14 34 56 62 75 80 89 127 166 252 285 337 365 427 430 452 453 487 
4 14 34 56 62 75 80 89 94 127 166 252 285 337 365 427 430 452 453 487 
4 14 34 56 62 75 80 89 94 127 166 252 285 337 365 427 430 452 453 487 
4 14 34 56 62 75 80 89 94 127 166 201 285 337 427 430 452 453 
4 14 34 56 62 75 80 89 94 127 166 201 285 337 427 430 452 453 
4 14 34 56 62 75 80 89 94 127 166 201 285 337 397 427 430 452 453 
4 14 34 56 62 75 80 89 94 127 166 201 285 289 337 397 427 430 452 453 
4 14 34 56 62 75 80 89 94 127 166 201 285 289 397 430 440 452 
4 14 34 56 62 75 80 89 94 127 166 201 285 289 383 397 430 440 452 
4 14 34 56 62 75 80 89 94 127 166 201 249 285 289 383 397 430 440 452 
4 14 34 56 62 75 80 89 94 127 166 201 249 285 289 383 397 430 440 452 
4 14 34 56 62 75 80 89 94 127 166 201 211 249 285 289 397 440 
4 14 34 56 62 75 80 89 94 127 166 201 211 249 285 289 397 440 
4 14 34 56 62 75 80 89 94 127 166 201 211 249 285 289 397 440 
4 14 34 56 62 75 80 89 94 127 166 201 211 249 285 289 417 
4 14 34 56 62 75 80 89 127 166 201 211 249 285 289 333 417 
4 14 34 56 62 75 80 89 127 166 201 211 249 259 285 289 417 
4 14 34 56 62 75 80 89 127 166 201 211 249 259 285 289 417 486 
4 14 34 56 62 75 80 89 127 166 201 211 249 259 285 289 417 486 
4 14 34 62 80 89 127 166 201 211 249 259 289 417 486 489 
4 14 34 62 80 89 127 166 201 211 249 259 289 417 486 489 
4 14 34 62 80 89 127 166 201 211 249 259 289 344 417 486 489 
4 14 34 62 80 89 127 166 201 211 249 259 289 344 345 417 486 489 
4 14 34 62 80 89 112 127 166 201 211 249 289 344 345 486 489 
4 14 34 62 80 89 112 127 166 201 211 249 289 344 345 460 486 489 
4 14 34 62 80 89 112 127 166 190 201 211 249 289 344 460 489 
4 14 34 62 80 89 112 127 166 201 211 249 289 326 344 460 
4 14 34 62 80 89 112 127 166 201 211 249 289 326 344 387 460 
4 14 34 62 80 89 112 120 127 166 201 211 249 289 326 344 
4 14 34 62 80 89 112 120 127 129 166 201 211 249 289 326 344 
4 14 34 62 80 89 112 120 127 129 166 201 210 211 249 289 344 
4 14 34 62 80 89 112 120 127 129 166 201 210 211 249 289 344 452 
4 14 34 62 80 89 112 120 127 129 166 201 211 249 289 344 353 
4 14 34 62 80 89 112 120 127 129 153 166 201 211 249 289 344 353 
4 14 34 62 80 89 112 120 127 129 153 166 201 211 242 249 289 344 353 
4 14 34 62 80 89 112 120 127 129 166 201 211 242 289 344 353 441 
4 14 34 62 80 89 112 120 127 129 166 201 211 273 289 344 353 
4 14 34 62 80 89 112 120 127 129 166 201 211 232 273 289 344 353 
4 14 34 62 80 89 112 120 127 129 166 201 211 273 344 353 486 
4 14 34 62 80 89 112 120 127 129 166 200 201 211 273 344 353 486 
4 14 34 62 80 89 112 120 127 129 166 200 201 211 344 353 407 486 
4 14 34 62 80 89 112 120 127 129 166 200 201 211 344 353 371 486 
4 14 34 62 63 80 89 112 120 127 129 166 200 201 211 344 353 371 486 
4 14 34 62 63 80 89 112 120 127 129 166 200 201 211 344 353 371 486 
4 14 34 62 63 80 89 112 120 127 129 166 200 201 211 344 353 371 392 486 
4 14 34 62 63 80 89 112 120 127 129 158 166 200 201 211 344 353 392 
4 14 34 62 63 80 89 112 120 127 129 158 166 197 200 201 211 344 353 392 
4 14 34 62 63 80 89 112 120 127 129 166 197 201 211 344 353 466 
4 14 34 62 63 80 89 112 120 127 129 166 197 201 211 344 353 466 
4 14 34 62 63 80 89 112 120 127 129 166 197 201 211 212 344 353 466 
4 14 34 40 62 63 80 89 112 120 127 129 197 211 212 344 466 
4 14 34 40 62 63 80 89 97 112 120 127 129 197 211 212 344 466 
4 14 34 40 62 63 80 89 97 112 120 127 129 197 211 212 344 466 
4 14 34 62 63 80 89 97 120 127 129 197 199 211 344 466 
4 14 34 62 63 67 80 89 97 120 127 129 197 199 211 344 466 
4 14 34 62 63 67 80 89 97 120 127 129 197 199 211 288 344 466 
4 14 34 62 63 67 80 89 97 120 127 129 197 199 211 288 344 400 466 
4 14 34 62 63 67 80 89 120 127 129 197 211 344 400 466 479 
4 11 14 34 62 63 67 80 89 120 127 129 197 211 344 400 466 479 
4 11 14 34 62 63 67 80 89 120 127 129 197 211 344 375 400 466 479 
4 11 14 34 62 63 67 80 89 120 127 129 197 211 344 375 400 466 479 
4 11 14 34 62 63 67 80 89 127 129 197 344 375 400 430 479 
4 11 14 34 62 63 67 80 89 127 129 197 344 375 400 430 479 
4 11 14 34 62 63 67 80 89 127 129 197 344 375 400 430 479 
4 11 14 34 62 63 67 80 89 127 129 197 256 344 375 400 430 479 
4 11 14 34 62 63 67 80 89 127 129 197 256 344 375 400 430 479 
4 11 14 34 62 63 67 80 89 127 129 197 256 344 375 400 430 479 
4 11 14 34 62 63 67 80 89 127 129 197 238 256 344 375 400 430 479 
4 11 14 34 62 63 67 80 89 127 129 197 238 256 344 375 400 430 479 
4 11 14 34 62 63 67 80 89 127 129 197 238 256 344 375 400 430 479 
4 11 14 34 62 63 67 80 89 127 129 197 238 256 344 375 400 422 430 479 
4 7 11 14 62 63 67 80 89 127 129 197 256 375 400 422 430 479 
4 7 11 14 62 63 67 80 89 127 129 197 256 304 375 400 422 430 479 
4 7 11 14 62 63 67 80 89 127 129 197 256 304 375 400 422 430 479 
4 11 14 62 63 67 80 89 109 127 129 197 304 375 422 430 479 
4 11 14 62 63 67 80 89 109 127 129 197 239 304 375 422 430 479 
4 11 14 62 63 67 80 89 109 127 129 197 239 304 375 381 422 430 479 
4 11 14 62 63 67 80 89 109 127 129 197 239 304 375 381 422 430 479 
4 11 62 63 67 80 89 109 127 129 197 304 327 375 422 430 479 
4 11 62 63 67 80 89 109 127 129 197 304 327 375 422 423 430 479 
4 11 50 62 63 67 80 89 109 127 129 304 375 422 430 479 
4 11 50 62 63 67 80 89 109 127 129 304 375 422 430 479 486 
4 11 50 62 63 67 80 89 109 127 129 304 375 389 422 430 479 486 
4 11 50 62 63 67 80 89 109 127 129 304 339 375 389 422 430 479 486 
4 9 11 62 63 67 80 89 109 127 129 304 375 422 430 479 486 
4 9 11 62 63 67 80 89 109 127 129 304 375 422 430 479 486 
4 9 11 54 62 63 67 80 89 109 127 129 304 375 422 430 479 486 
4 9 11 54 62 63 67 80 89 109 127 129 304 375 416 422 430 479 486 
4 9 11 62 63 67 80 89 124 127 129 304 375 422 430 479 486 
4 9 11 62 63 67 80 89 124 127 129 304 375 379 422 430 479 486 
4 9 11 62 63 67 80 89 124 127 129 304 307 375 379 422 430 479 486 
4 9 11 62 63 67 80 124 127 129 201 304 375 422 430 479 486 
4 9 11 62 63 67 80 124 127 129 201 304 375 420 422 430 479 486 
4 9 11 62 63 67 80 124 127 129 236 304 420 430 479 486 
1 4 9 11 62 63 67 80 124 127 129 236 304 420 430 479 486 
1 4 9 11 62 63 67 80 124 127 129 236 304 420 430 479 486 
1 4 9 11 62 63 67 80 124 127 129 236 247 304 420 430 479 486 
1 4 9 11 62 63 67 76 80 124 127 129 236 247 304 420 430 479 486 
1 4 9 11 62 63 67 76 80 124 127 129 236 247 304 420 430 479 486 
1 4 9 11 60 62 63 67 80 124 127 129 236 304 430 479 486 
1 4 9 11 60 62 63 67 80 124 127 129 236 289 304 430 479 486 
1 4 9 11 27 60 62 63 67 80 124 127 129 289 430 486 
1 4 9 11 27 60 62 63 67 80 124 127 129 289 430 455 486 
1 4 9 11 27 60 62 63 67 80 124 127 129 148 289 430 455 486 
1 4 9 11 27 60 62 63 67 80 124 127 129 148 235 289 430 455 486 
1 4 9 11 60 62 63 67 80 124 127 129 134 148 289 455 486 
1 4 9 11 60 62 63 67 80 124 127 129 134 148 196 289 455 486 
1 4 9 11 60 62 63 67 80 124 127 129 134 148 196 289 373 455 486 
1 4 9 11 60 62 63 67 80 124 127 129 134 148 196 289 373 455 486 
1 4 9 11 60 62 63 67 80 121 124 127 129 148 289 373 486 
1 4 9 11 60 62 63 67 80 121 124 127 129 148 200 289 373 486 
1 4 9 11 60 62 63 67 80 121 124 127 129 148 200 289 373 486 
1 4 9 11 60 62 63 67 80 121 124 127 129 130 148 200 289 373 486 
1 4 9 11 60 62 63 67 80 121 124 127 129 130 148 200 289 373 486 
1 4 9 11 60 62 63 67 80 124 127 130 148 171 289 373 486 
1 4 9 11 60 62 63 67 80 124 127 130 148 171 239 289 373 486 
1 4 9 11 60 62 63 67 80 124 127 130 148 171 239 289 373 478 486 
1 4 9 11 60 62 63 67 80 124 130 171 249 289 373 478 486 
1 4 9 11 60 62 63 67 80 124 130 171 249 289 373 478 486 
1 4 9 11 60 62 63 67 80 124 130 171 249 255 289 373 478 486 
1 4 9 11 60 62 63 67 80 124 129 171 255 373 478 486 
1 4 9 11 60 62 63 67 80 124 129 171 255 373 408 478 486 
1 4 9 11 60 62 63 67 80 124 129 171 255 373 408 438 478 486 
1 4 9 11 60 62 63 67 80 124 129 171 255 373 408 438 478 486 
1 4 9 11 60 62 63 67 80 124 129 171 255 373 408 438 478 486 
1 4 9 11 60 62 63 67 80 124 129 171 255 373 408 438 478 486 
1 4 9 11 60 62 63 67 80 124 129 171 255 373 408 417 438 478 486 
1 4 9 11 60 62 63 67 80 124 129 171 255 344 373 408 417 438 478 486 
1 4 9 11 60 63 67 124 129 171 344 373 408 417 438 478 483 486 
1 4 9 11 60 63 67 124 129 171 344 373 401 408 417 438 478 483 486 
1 4 9 11 60 63 67 124 129 169 171 344 373 401 408 417 438 478 483 486 
1 4 9 60 63 124 129 171 373 401 408 417 438 444 478 483 486 
1 4 9 60 63 124 129 159 171 373 401 408 417 438 444 478 483 486 
1 4 9 60 63 124 129 159 171 353 373 401 408 417 438 444 478 483 486 
1 4 9 60 63 124 129 159 171 353 373 401 408 417 438 444 478 483 486 
1 4 9 60 63 124 159 218 353 401 408 417 438 444 478 483 486 
1 4 9 60 63 124 159 218 323 353 401 408 417 438 444 478 483 486 
1 4 9 60 63 124 218 285 353 408 417 438 444 478 483 486 
1 4 9 60 63 124 218 285 353 408 417 438 444 470 478 483 486 
1 4 9 60 63 124 218 285 353 378 408 417 438 444 470 478 483 486 
1 4 9 60 63 69 124 218 285 353 378 408 417 438 444 470 478 483 486 
1 4 9 60 63 69 124 285 378 401 417 438 444 470 478 483 486 
1 4 9 60 63 69 124 285 378 401 417 438 444 470 478 483 486 
1 4 9 60 63 69 124 285 378 401 416 417 438 444 470 478 483 486 
1 4 9 60 63 69 124 211 285 378 401 416 417 438 444 470 478 483 486 
1 4 9 60 63 69 124 211 355 378 416 438 444 470 478 483 486 
1 4 9 60 63 69 124 179 211 355 378 416 438 444 470 478 483 486 
1 4 9 60 63 69 124 179 211 321 355 378 416 438 444 470 478 483 486 
1 4 9 60 63 69 124 211 321 327 378 438 444 470 478 483 486 
1 4 9 60 63 69 124 211 321 327 378 414 438 444 470 478 483 486 
1 4 9 60 63 69 124 211 321 327 378 414 438 444 470 478 483 486 
1 4 9 55 60 63 69 124 211 327 414 444 470 478 483 486 
1 4 9 55 60 63 69 124 211 327 414 444 466 470 478 483 486 
1 4 9 60 63 69 124 211 327 444 470 478 483 486 499 
1 4 9 60 63 69 124 152 211 327 444 470 478 483 486 499 
1 4 6 9 60 63 69 124 152 211 327 444 470 478 483 486 499 
1 4 6 9 60 63 69 124 173 211 327 470 483 486 499 
1 4 6 9 60 63 69 124 173 211 267 327 470 483 486 499 
1 4 6 9 60 63 69 124 173 211 267 327 379 470 483 486 499 
1 4 6 9 11 60 63 69 124 173 211 267 327 379 470 483 486 499 
1 4 6 9 11 60 63 69 124 211 228 267 379 483 486 499 
1 4 6 9 11 60 63 69 124 211 228 267 379 388 483 486 499 
1 4 6 9 11 60 63 69 124 211 228 267 379 388 483 486 499 
1 4 6 9 11 60 63 69 124 211 228 267 379 388 426 483 486 499 
1 4 6 9 11 60 63 69 124 211 228 267 379 388 426 483 486 499 
1 4 6 9 11 63 69 124 211 228 303 379 426 483 486 499 
1 4 6 9 11 63 69 109 124 211 228 303 379 426 483 486 499 
1 4 6 9 11 63 69 124 196 211 228 379 483 486 499 
1 4 6 9 11 63 69 124 196 211 228 379 483 486 493 499 
1 4 6 9 11 63 69 124 196 211 222 228 379 483 486 493 499 
1 4 6 9 11 63 69 124 196 211 222 228 379 483 486 493 499 
1 4 6 9 11 63 69 174 196 222 228 483 486 493 499 
1 4 6 9 11 39 63 69 174 196 222 228 483 486 493 499 
1 4 6 9 11 39 63 69 174 196 222 228 352 483 486 493 499 
1 4 6 9 11 39 63 69 174 196 222 228 352 483 486 493 499 
1 4 6 9 11 20 39 63 69 174 196 222 228 352 483 486 493 499 
1 4 6 9 11 39 69 174 196 228 262 352 483 486 493 499 
1 4 6 9 11 39 69 174 196 203 228 262 352 483 486 493 499 
1 4 6 9 11 39 69 174 196 203 228 262 287 352 483 486 493 499 
1 4 6 9 11 39 69 174 196 203 228 262 287 352 483 486 493 499 
1 4 6 9 39 174 196 228 262 287 346 352 483 486 493 499 
1 4 6 9 39 64 174 196 228 262 287 346 352 483 486 493 499 
1 4 6 9 64 183 196 262 287 346 352 483 486 493 499 
1 4 6 8 9 64 183 196 262 287 346 352 483 486 493 499 
1 4 6 8 9 64 183 196 262 287 346 352 483 486 493 499 
1 4 6 8 9 64 183 196 262 287 346 352 421 483 486 493 499 
1 4 6 8 9 64 86 183 196 262 287 346 352 421 483 486 493 499 
1 4 6 8 9 64 86 112 183 196 262 287 346 352 421 483 486 493 499 
1 4 6 9 23 64 112 196 262 287 346 352 421 483 486 493 499 
1 4 6 9 23 64 112 196 262 287 346 352 421 476 483 486 493 499 
1 4 6 9 23 64 112 196 255 262 287 346 352 421 476 483 486 493 499 
1 4 6 9 23 64 112 196 255 262 287 346 352 421 476 483 486 493 499 
1 6 9 23 112 255 262 287 346 350 352 421 476 483 486 493 499 
1 6 9 23 112 229 255 262 287 346 350 352 421 476 483 486 493 499 
1 6 9 23 112 229 255 262 287 346 350 352 415 421 476 483 486 493 499 
1 6 9 112 240 255 287 346 350 352 415 421 476 483 486 493 499 
1 6 9 112 240 255 276 287 346 350 352 415 421 476 483 486 493 499 
1 6 9 112 240 255 276 287 346 350 352 415 421 476 483 486 493 499 
1 6 9 112 125 240 255 276 287 346 350 352 415 421 476 483 486 493 499 
1 6 112 240 276 287 346 350 352 415 421 456 476 483 486 493 499 
1 6 80 112 240 276 287 346 350 352 415 421 456 476 483 486 493 499 
1 6 80 112 140 240 276 287 346 350 352 415 421 456 476 483 486 493 499 
1 6 80 112 140 240 276 287 346 350 352 415 421 456 476 483 486 493 499 
6 80 140 242 276 287 346 350 352 415 421 456 476 483 486 493 499 
6 80 140 242 276 287 346 350 352 415 421 456 476 483 486 493 499 
6 26 80 140 242 276 287 346 350 352 415 421 456 476 483 486 493 499 
6 26 80 140 242 276 287 346 350 352 415 421 456 476 483 486 493 499 
6 26 80 140 242 276 287 325 346 350 352 415 421 456 476 483 486 493 499 
6 26 80 140 242 276 287 305 325 346 350 352 415 421 456 476 483 486 493 499 
6 26 140 276 305 325 346 350 352 377 415 421 456 476 483 486 493 499 
6 26 56 140 276 305 325 346 350 352 377 415 421 456 476 483 486 493 499 
6 26 140 305 346 350 352 377 384 415 421 456 476 483 486 493 499 
6 26 69 140 305 346 350 352 377 384 415 421 456 476 483 486 493 499 
6 26 69 94 140 305 346 350 352 377 384 415 421 456 476 483 486 493 499 
6 26 69 94 140 305 346 350 352 377 384 415 421 445 456 476 483 486 493 499 
6 26 69 94 140 305 315 346 350 352 377 384 415 421 445 456 476 483 486 493 499 
6 26 69 94 140 305 315 346 350 352 377 384 415 421 445 456 476 483 486 493 499 
6 69 140 211 315 346 350 352 377 384 415 421 445 456 476 483 486 493 499 
6 140 170 315 350 352 377 384 415 421 445 456 476 483 486 493 499 
6 140 170 315 350 352 377 384 406 415 421 445 456 476 483 486 493 499 
6 63 140 170 315 350 352 377 384 406 415 421 445 456 476 483 486 493 499 
6 326 
6 326 
6 275 326 
6 275 326 475 
6 275 326 475 
6 275 326 475 
6 275 326 366 475 
6 275 326 366 465 475 
6 111 275 326 366 465 475 
6 111 141 275 326 366 465 475 
6 111 141 275 326 366 465 475 478 
6 111 141 275 326 366 451 465 475 478 
6 111 141 161 275 326 366 451 465 475 478 
6 111 141 161 275 326 349 366 451 465 475 478 
6 111 141 161 275 299 326 349 366 451 465 475 478 
6 111 141 161 275 299 326 349 366 451 465 475 478 
6 111 141 161 275 299 326 349 366 451 458 465 475 478 
6 111 141 161 275 280 299 326 349 366 451 458 465 475 478 
6 111 141 161 275 280 299 326 349 366 451 458 465 475 478 489 
6 111 141 161 202 275 280 299 326 349 366 451 458 465 475 478 489 
6 111 141 161 202 256 275 280 299 326 349 366 451 458 465 475 478 489 
6 111 141 161 202 256 275 280 299 326 349 366 427 451 458 465 475 478 489 
6 111 141 161 202 217 256 275 280 299 326 349 366 427 451 458 465 475 478 489 
6 111 141 161 202 217 219 256 275 280 299 326 349 366 427 451 458 465 475 478 489 
6 111 141 161 202 217 219 256 275 280 299 326 349 366 368 427 451 458 465 475 478 489 
6 111 141 161 202 217 219 256 275 280 299 326 349 366 368 427 451 458 465 475 478 489 
6 32 111 141 161 202 217 219 256 275 280 299 326 349 366 368 427 451 458 465 475 478 489 
6 32 111 141 161 202 217 219 256 275 280 299 326 349 366 368 427 451 458 465 475 478 489 
6 32 111 141 161 202 217 219 256 275 280 299 326 349 366 368 427 451 458 465 475 478 487 489 
6 32 111 141 161 202 217 219 256 275 280 299 326 349 366 368 427 451 458 465 475 478 487 489 
6 32 111 141 161 202 217 219 256 275 280 299 326 349 366 368 427 451 458 465 475 478 487 489 
464 
348 464 
348 365 464 
348 365 464 480 
885 0.115