
486 
486 
282 486 
117 282 486 
117 235 282 486 
282 486 
27 282 486 
27 111 282 486 
27 44 111 282 486 
27 44 111 282 486 
27 111 282 486 
27 111 282 486 
27 111 115 282 486 
27 111 115 125 282 486 
27 111 115 125 223 282 486 
27 111 115 125 223 282 486 
27 111 115 125 282 
27 111 115 125 282 375 
111 115 282 
111 115 282 
111 115 282 443 
111 115 184 282 443 
111 115 184 282 443 
111 115 184 189 282 443 
111 115 184 189 282 
111 115 184 189 282 341 
111 115 184 189 282 341 
111 115 184 189 282 341 
111 115 184 189 282 341 
111 115 184 189 282 341 
111 115 184 189 282 341 
111 115 282 341 
46 111 115 282 341 
46 111 115 282 341 
46 111 115 282 341 
46 115 282 
46 91 115 282 
46 91 115 282 
46 91 115 282 
46 91 115 159 282 
46 91 115 159 282 
46 91 115 282 
46 91 115 
46 91 115 
46 91 115 180 
32 46 91 115 180 
32 46 91 115 
32 46 91 115 273 
32 46 91 115 273 
32 46 91 115 273 
32 46 91 115 273 
32 46 91 115 273 
32 46 91 115 273 
46 91 115 
46 91 115 179 
46 91 115 179 
46 91 115 
46 76 91 115 
46 76 91 115 
46 76 91 115 
46 76 91 115 428 
46 76 91 115 428 
46 76 91 115 428 
46 76 91 115 395 428 
46 76 115 395 
46 76 115 332 395 
46 76 115 134 332 395 
46 76 115 134 332 395 
46 76 115 134 332 395 
46 76 115 134 332 395 
46 76 115 332 395 
46 115 332 395 
46 115 332 395 
46 115 332 395 
46 47 115 332 395 
46 115 332 395 
46 115 332 395 
46 115 228 332 395 
46 115 332 395 
46 115 332 395 446 
46 115 332 395 446 
46 115 395 
46 115 282 395 
46 115 282 395 
46 115 282 395 
46 115 272 282 395 
46 282 395 
46 282 350 395 
46 282 350 395 
46 282 395 
46 282 395 429 
46 282 395 429 
46 282 395 
21 46 282 395 
21 46 259 282 395 
21 46 259 282 395 
21 46 259 282 395 
21 46 259 282 395 
21 46 259 395 
21 46 50 259 395 
21 46 50 259 395 
21 46 50 259 395 
21 46 259 395 
21 46 259 395 482 
21 46 395 
21 46 82 395 
21 46 82 395 451 
21 46 82 395 451 
21 46 82 395 451 
21 46 82 395 451 
21 395 451 
21 395 451 
21 266 395 451 
21 145 266 395 451 
21 266 395 451 
21 266 395 451 
21 162 266 395 451 
17 21 162 266 395 451 
17 21 162 266 395 451 
17 21 162 266 395 451 
17 21 162 266 395 451 
21 162 266 395 451 
21 162 255 266 395 451 
21 162 255 266 395 451 
21 162 395 451 
21 162 191 395 451 
21 162 191 395 451 
21 162 395 451 
21 162 215 395 451 
21 162 215 395 451 453 
21 115 162 215 395 451 453 
21 215 395 
21 104 215 395 
21 104 215 395 407 
21 215 395 407 
21 215 351 395 407 
21 215 395 
21 193 215 395 
21 193 215 224 395 
21 193 215 224 395 
20 21 193 215 224 395 
20 21 193 215 224 395 
21 193 215 224 395 
21 193 215 224 395 
21 193 215 224 395 
21 193 215 224 395 416 
21 215 395 416 
21 215 383 395 416 
21 215 383 395 416 
21 215 383 395 416 
21 215 245 383 395 416 
21 215 245 395 416 
21 215 245 395 416 
21 215 245 395 416 463 
21 215 245 416 
21 215 245 416 
21 215 245 251 416 
21 215 245 251 416 
21 215 245 416 
21 215 245 416 
21 215 245 376 416 
21 215 245 376 416 458 
21 215 245 376 416 
21 63 215 245 376 416 
21 63 215 245 376 416 
21 63 215 245 376 416 436 
21 215 245 376 416 436 
21 215 245 376 416 436 
21 215 245 376 416 436 487 
21 215 245 376 416 436 487 
21 215 245 376 416 436 487 
21 215 245 376 416 436 487 
21 215 245 376 416 436 487 
21 215 245 376 416 436 487 
21 215 245 376 416 436 487 
21 215 245 376 416 436 487 
21 215 245 376 416 436 487 
21 215 245 376 416 436 
21 215 245 376 416 436 
21 215 245 376 416 436 
21 215 245 342 376 416 436 
21 215 245 342 376 416 436 
21 215 245 416 436 
8 21 215 245 416 436 
21 215 245 416 
21 215 245 416 429 
21 215 245 416 429 
21 203 215 245 416 429 
21 203 215 245 416 429 
21 203 215 245 416 429 
21 203 215 245 416 429 
21 203 215 245 416 429 
21 203 215 245 429 
21 141 203 215 245 429 
21 203 215 245 429 
21 203 215 245 429 
21 32 203 215 245 429 
215 245 429 
215 245 375 429 
215 245 375 429 
215 245 294 375 429 
215 245 294 375 429 
215 245 294 375 429 
245 294 375 429 
245 294 375 429 
245 294 299 375 429 
245 294 299 375 399 429 
245 294 299 375 399 429 
245 294 299 375 
245 277 294 299 375 
209 245 277 294 299 375 
209 245 277 294 299 375 411 
209 245 277 294 375 
209 245 277 294 323 375 
209 245 277 294 375 
162 209 245 277 294 375 
209 245 277 294 375 
160 209 245 277 294 375 
160 209 245 277 279 294 375 
160 209 245 277 294 375 
160 209 245 277 294 375 404 
160 209 245 277 294 375 404 
37 160 209 245 277 294 375 404 
37 160 209 245 277 294 375 404 
37 160 209 245 277 294 404 
37 160 209 245 277 294 404 
37 160 209 245 277 294 404 
37 130 160 209 245 277 294 404 
160 209 245 277 294 404 
160 209 245 277 288 294 404 
160 209 242 245 277 288 294 404 
160 209 242 245 277 288 294 404 
160 209 245 294 404 
56 160 209 245 294 404 
56 160 209 245 294 404 
160 209 245 294 404 
54 160 209 245 294 404 
54 160 209 245 294 404 
54 160 175 209 245 294 404 
160 175 209 245 294 404 
160 175 209 245 265 294 404 
160 175 209 245 265 294 404 
160 175 209 245 294 404 
160 175 209 227 245 294 404 
160 175 209 245 294 404 
160 175 209 239 245 294 404 
160 209 245 294 404 
160 209 245 294 404 
77 160 209 245 294 404 
77 160 209 245 294 404 
77 160 209 245 250 294 404 
77 160 209 245 294 404 
77 160 209 245 294 404 
77 160 209 245 294 404 
29 77 160 209 245 294 404 
29 77 160 209 245 294 397 404 
29 77 160 209 245 294 397 404 
29 77 160 209 245 294 397 404 
29 77 160 209 245 294 
29 77 160 209 245 294 
77 160 209 294 
77 160 209 294 497 
77 160 209 294 497 
77 160 209 294 467 497 
77 160 209 294 497 
77 121 160 209 294 497 
77 121 160 169 209 294 497 
77 160 169 209 294 497 
77 146 160 169 209 294 497 
77 160 169 209 294 497 
21 77 160 169 209 294 497 
21 59 77 160 169 209 294 497 
21 59 77 160 169 209 294 497 
21 77 160 209 294 497 
21 77 160 209 294 377 497 
21 77 111 160 209 294 377 497 
77 111 160 209 294 377 
77 111 160 209 294 377 420 
77 111 160 209 294 377 420 
77 111 160 209 294 377 420 
77 111 160 209 294 377 420 
77 111 160 209 294 377 
77 111 160 209 294 377 
77 111 160 209 294 377 
77 111 160 209 294 377 
27 77 111 160 209 294 377 
27 77 111 160 209 294 377 
77 111 160 209 294 377 
77 111 160 209 294 377 
64 77 111 160 209 294 377 
64 77 111 160 209 294 377 
64 77 111 160 209 294 377 
64 77 111 160 294 377 
64 77 111 160 212 294 377 
64 77 111 160 212 294 377 
64 77 111 160 212 294 377 
77 111 160 212 294 377 
77 111 145 160 212 294 377 
77 111 160 212 294 377 
77 111 160 212 294 377 387 
77 111 160 212 294 377 387 
77 111 160 212 294 377 
77 111 160 212 294 377 
77 111 160 212 226 294 377 
77 111 160 212 226 294 377 
77 111 160 226 294 377 
77 111 160 226 294 377 
77 111 160 226 294 377 465 
77 111 160 226 294 377 465 
77 111 160 226 294 377 
77 160 294 377 
77 160 235 294 377 
77 160 235 294 377 
77 160 235 294 377 
77 160 189 235 294 377 
77 160 189 294 377 
77 160 189 294 312 377 
77 160 189 294 312 377 
77 160 189 294 312 377 
47 77 160 189 294 312 377 
47 77 160 189 294 312 377 
47 77 160 189 294 312 377 
47 77 160 189 294 312 377 
47 77 160 189 294 
47 77 160 189 221 294 
26 47 77 160 189 221 294 
26 47 77 160 189 221 294 
26 47 77 160 189 221 294 
47 77 160 189 221 294 
47 77 160 161 189 221 294 
47 77 160 189 221 294 
47 77 160 189 221 294 436 
47 77 160 189 221 280 294 436 
47 77 160 189 221 280 294 436 
47 77 160 189 294 436 
47 77 160 189 294 436 
47 77 160 189 294 394 436 
47 77 160 189 294 394 436 
47 77 160 189 294 394 436 
47 77 160 189 294 436 
47 77 160 171 189 294 436 
47 77 160 189 294 436 
47 77 160 189 215 294 436 
47 77 160 189 294 436 
47 77 129 160 189 294 436 
47 77 86 129 160 189 294 436 
47 77 160 189 294 
47 77 160 189 197 294 
47 77 160 189 197 294 
77 160 189 197 294 
77 160 189 197 231 294 
77 160 189 197 294 
77 160 189 197 294 
77 160 189 197 294 365 
77 160 189 197 294 365 
77 160 189 197 294 365 
77 160 189 197 294 365 
77 160 189 197 294 365 
77 160 189 197 294 365 
77 160 189 197 294 365 
1 77 160 189 197 294 365 
1 77 160 189 197 294 365 
1 77 160 189 365 
1 77 160 189 365 470 
1 77 160 189 365 470 
1 77 160 189 365 470 
1 77 160 189 365 470 
1 77 160 189 239 365 470 
1 77 160 189 239 365 470 
1 77 160 189 239 365 470 
1 77 160 189 239 365 470 
1 77 160 189 239 365 470 
1 77 160 189 239 365 470 
1 77 160 189 239 365 376 470 
1 77 160 189 239 365 376 470 
77 160 189 239 365 376 470 
77 160 189 239 365 376 470 
77 160 189 239 365 376 470 
77 160 189 239 365 376 470 
77 160 189 239 365 376 470 
77 160 189 239 376 470 
77 100 160 189 239 376 470 
77 160 189 239 376 470 
77 160 189 239 341 376 470 
77 160 189 239 376 470 
77 160 189 239 376 470 
77 160 189 239 376 470 487 
77 160 189 239 376 470 487 
77 160 189 239 470 487 
77 160 189 239 305 470 487 
77 160 189 239 305 470 487 
77 160 189 239 487 
38 77 160 189 239 487 
38 77 160 189 239 487 488 
38 77 160 189 239 487 
38 77 160 189 239 487 
38 77 160 189 239 257 487 
38 77 160 189 239 257 487 
38 77 160 189 239 257 487 
38 77 160 189 239 257 487 
38 77 160 189 239 257 487 
38 77 160 189 239 257 487 
38 77 160 189 239 257 487 
38 77 160 189 239 257 487 
38 77 160 189 239 257 487 
38 77 160 189 239 257 487 
38 77 160 189 239 257 487 
38 77 160 189 239 487 
38 77 160 189 239 423 487 
38 77 160 189 239 423 487 
38 77 160 189 239 423 487 
38 77 160 189 239 487 
38 77 160 189 239 487 
38 77 160 189 239 487 497 
38 77 160 189 239 487 497 
38 77 160 189 239 487 497 
38 77 160 189 239 487 497 
38 77 160 189 239 487 497 
38 77 160 189 239 
38 77 160 189 190 239 
38 77 160 189 239 
38 77 160 189 239 414 
38 77 160 189 239 414 
38 77 160 189 239 
38 77 94 160 189 239 
38 77 94 160 189 239 
38 77 94 160 189 239 
38 77 94 160 189 239 
38 77 94 160 189 239 
38 77 160 189 239 
38 77 160 189 239 451 
38 77 160 189 239 451 
38 77 160 189 239 451 
38 77 160 189 239 451 
38 77 160 189 239 436 451 
38 77 160 189 239 451 
38 77 160 189 239 451 
38 77 160 187 189 239 451 
38 77 160 187 189 239 451 
38 77 160 187 189 239 451 
38 77 160 187 189 239 451 
38 77 160 187 189 239 451 
38 77 160 187 189 239 451 
38 77 160 187 189 239 451 
38 77 160 187 189 239 451 
38 77 160 187 189 239 451 
38 77 160 187 189 239 451 
38 77 160 187 189 239 451 
38 160 189 239 451 
38 160 189 239 451 475 
38 160 189 239 451 475 
38 160 189 239 451 
38 160 189 239 277 451 
38 160 189 239 248 277 451 
38 160 189 239 248 277 451 
38 160 189 239 248 451 
38 160 189 239 248 451 
38 160 189 239 451 
38 160 189 239 255 451 
38 160 189 239 451 
38 160 189 239 325 451 
38 160 189 239 325 451 
38 160 189 239 325 451 
38 160 189 239 325 451 
38 160 189 239 325 451 
38 160 189 239 325 451 
38 160 189 239 325 451 
38 160 189 239 325 451 
38 160 189 239 325 451 
38 160 189 239 325 451 
38 160 189 239 325 451 
38 160 189 223 239 325 451 
38 160 189 223 239 325 451 
38 189 223 239 325 451 
38 189 223 239 325 451 
38 189 223 239 325 451 
38 184 189 223 239 325 451 
38 189 223 239 325 451 
38 189 223 239 325 451 
38 189 223 239 325 451 452 
38 189 223 239 325 451 452 
38 189 223 239 325 451 452 
38 189 239 325 451 
38 76 189 239 325 451 
38 76 189 224 239 325 451 
38 76 189 239 325 451 
38 76 189 239 325 451 
38 76 189 239 325 451 
38 189 239 325 451 
38 189 239 325 451 
38 189 239 325 451 
38 115 189 239 325 451 
38 239 325 451 
38 239 325 445 451 
38 52 239 325 445 451 
38 239 325 445 451 
38 239 325 445 451 
38 239 325 451 
38 239 325 451 454 
38 239 325 451 454 
38 239 325 451 454 
38 239 325 451 
38 120 239 325 451 
38 239 325 451 
38 239 325 451 460 
38 239 325 428 451 460 
38 239 325 428 451 460 
38 239 325 428 451 460 
38 239 325 428 451 
38 239 256 325 428 451 
38 239 256 325 428 451 
38 239 256 325 392 428 451 
38 239 325 392 428 451 
38 239 325 392 428 451 
38 239 325 392 428 451 
38 239 325 392 428 451 
38 239 325 392 428 451 
38 239 325 392 428 451 
38 239 325 392 428 451 
38 239 325 392 428 451 
38 239 325 392 428 451 
38 239 325 392 428 451 
38 239 392 428 451 
38 180 239 392 428 451 
38 180 239 392 428 451 
38 180 239 392 428 451 
38 180 239 392 428 451 
38 180 239 392 428 451 
38 239 392 428 451 
38 221 239 392 428 451 
38 221 239 392 428 451 
38 221 239 392 428 438 451 
38 221 239 392 428 438 451 
38 221 239 392 428 438 451 
38 221 239 392 428 438 451 
221 239 392 428 438 451 
200 221 239 392 428 438 451 
134 200 221 239 392 428 438 451 
134 200 221 239 392 428 438 451 
134 200 221 239 392 428 438 451 
200 221 239 392 428 451 
200 239 392 428 451 
200 239 392 428 451 480 
193 200 239 392 428 451 480 
193 200 239 275 392 428 451 480 
193 200 239 392 428 451 
193 200 392 428 451 
193 200 392 428 451 
193 200 285 392 428 451 
193 200 285 392 428 451 
193 200 285 392 428 451 
193 200 285 392 428 451 
69 193 200 285 392 428 451 
69 193 200 285 392 428 451 
69 193 200 285 392 428 451 
69 193 200 285 392 428 451 
193 200 392 428 451 
193 200 392 428 451 485 
193 200 392 428 446 451 485 
193 200 392 428 446 451 485 
193 200 392 428 446 451 485 
193 200 392 428 446 451 485 
193 200 392 428 451 485 
193 200 392 428 451 485 
193 200 392 428 451 485 490 
193 200 392 428 451 485 
200 392 428 451 485 
200 392 428 435 451 485 
200 392 428 435 451 457 485 
200 392 416 428 435 451 457 485 
200 392 416 428 451 457 485 
200 392 416 428 451 457 485 
200 392 416 428 451 457 485 
200 392 416 428 451 457 485 
87 200 392 416 428 451 457 485 
87 200 392 416 428 451 457 485 
200 392 428 451 457 485 
200 392 428 451 457 485 
59 200 392 428 451 457 485 
59 200 392 428 451 457 485 
15 59 200 392 428 451 457 485 
59 200 392 428 451 457 485 
59 200 392 428 451 457 485 
59 200 392 428 451 457 485 
59 177 200 392 428 451 457 485 
59 200 392 428 451 457 485 
59 200 392 428 451 457 485 
59 392 428 451 457 485 
59 392 428 451 457 461 485 
59 392 428 451 457 485 
59 133 392 428 451 457 485 
59 392 428 451 457 485 
59 272 392 428 451 457 485 
59 272 392 428 451 457 485 
59 272 392 403 428 451 457 485 
403 428 451 457 485 
50 403 428 451 457 485 
50 403 428 451 457 485 488 
403 428 451 457 485 
107 403 428 451 457 485 
107 191 403 428 451 457 485 
403 428 451 457 485 
334 403 428 451 457 485 
334 403 428 451 457 485 
307 334 403 428 451 457 485 
307 403 428 451 457 485 
64 307 403 428 451 457 485 
307 403 428 451 457 485 
106 307 403 428 451 457 485 
307 403 428 451 457 485 
307 403 428 451 457 485 
307 353 403 428 451 457 485 
353 403 451 457 485 
21 353 403 451 457 485 
21 353 394 403 451 457 485 
21 344 353 394 403 451 457 485 
344 353 403 451 457 485 
179 344 353 403 451 457 485 
344 353 403 451 457 485 
137 344 353 403 451 457 485 
137 344 353 403 451 457 474 485 
137 353 403 451 457 485 
137 353 381 403 451 457 485 
89 137 353 381 403 451 457 485 
89 137 353 381 403 451 457 485 
89 137 353 381 403 451 457 485 
89 137 353 381 403 451 457 485 
89 137 353 381 451 457 485 
89 137 353 381 451 457 485 
89 137 353 381 451 457 485 
89 137 353 381 451 457 485 
89 137 353 381 451 457 485 
89 137 353 381 451 457 485 
89 137 353 381 451 457 485 
89 137 353 381 451 457 485 
89 137 280 353 381 451 457 485 
89 137 280 353 381 451 457 485 
89 137 280 353 381 451 457 485 
89 137 353 451 457 485 
75 89 137 353 451 457 485 
75 89 137 353 457 485 
75 89 137 140 353 457 485 
75 89 137 140 353 457 485 
75 89 137 353 457 485 
75 89 137 353 457 485 
4 75 89 137 353 457 485 
4 75 89 137 353 457 485 
4 75 89 137 353 457 485 
4 75 89 137 353 457 485 
4 75 89 137 353 453 457 485 
4 75 89 137 353 453 457 485 
4 75 89 137 353 453 457 485 
4 75 89 137 353 453 457 485 
4 75 89 137 353 453 457 485 
4 137 457 485 
4 86 137 457 485 
4 86 137 366 457 485 
4 86 137 366 457 485 
4 86 137 366 452 457 485 
4 86 452 457 485 
4 86 452 457 485 
4 86 358 452 457 485 
4 86 452 457 485 
4 86 452 457 485 
4 86 111 452 457 485 
4 86 111 452 457 484 485 
4 86 111 452 457 484 485 
4 86 111 452 457 484 485 
4 452 457 485 
4 374 452 457 485 
4 374 452 457 485 
4 317 374 452 457 485 
4 452 457 485 
4 331 452 457 485 
4 452 457 485 
4 229 452 457 485 
4 229 415 452 457 485 
4 229 415 452 457 485 
4 229 415 452 457 485 
4 229 415 452 457 485 
4 415 452 457 485 
4 356 415 452 457 485 
4 415 452 457 485 
4 59 415 452 457 485 
4 415 452 457 485 
4 415 452 457 485 
4 221 415 452 457 485 
4 221 415 452 457 485 
4 452 457 485 
4 242 452 457 485 
4 242 373 452 457 485 
4 242 373 452 457 485 
4 242 373 452 457 485 
4 34 242 373 452 457 485 
34 242 373 452 457 485 
34 87 242 373 452 457 485 
34 242 373 452 457 485 
34 129 242 373 452 457 485 
34 129 242 373 452 457 485 
34 129 242 373 452 457 485 
34 129 242 373 452 457 485 
34 129 242 373 452 457 485 
34 129 242 373 452 457 485 
34 129 242 373 452 457 485 
34 129 242 373 452 457 485 
34 129 242 373 452 457 485 
34 129 242 452 457 485 
34 129 242 452 457 485 
34 129 452 485 
34 81 129 452 485 
34 81 108 129 452 485 
34 80 81 108 129 452 485 
34 80 81 108 129 452 485 
34 80 129 452 
34 80 117 129 452 
34 80 89 117 129 452 
34 80 89 117 129 452 
14 34 80 89 117 129 452 
14 34 80 89 129 452 
14 34 80 89 129 452 
14 34 80 89 129 452 
14 34 80 89 129 223 452 
14 34 80 89 129 452 
14 34 80 89 129 452 
14 34 80 89 127 129 452 
34 89 129 452 
34 89 129 276 452 
34 89 129 276 378 452 
34 89 129 276 279 378 452 
34 89 129 276 378 452 
34 89 129 276 376 378 452 
34 89 129 257 276 376 378 452 
34 89 129 276 378 452 
34 89 129 276 378 389 452 
34 89 129 276 378 389 452 
34 89 129 276 378 389 452 
34 89 129 378 452 
34 89 129 365 378 452 
34 89 129 378 452 
34 89 129 166 378 452 
34 89 129 166 378 452 
34 89 129 166 378 452 
34 89 129 166 378 452 
34 89 129 166 378 452 
34 89 129 166 378 452 
34 89 129 166 378 452 
34 89 129 452 
34 89 129 452 
34 89 129 397 452 
34 89 129 289 397 452 
34 89 129 289 397 452 
34 89 129 289 452 
34 89 129 249 289 452 
34 89 129 249 452 
34 89 129 211 249 452 
34 89 129 211 249 452 
34 89 129 211 249 452 
34 89 129 249 452 
34 89 129 249 333 452 
34 89 129 249 452 
34 89 129 249 452 486 
34 75 89 129 249 452 486 
34 89 129 249 452 486 
34 89 129 249 452 486 
34 89 129 249 344 452 486 
34 89 129 249 344 452 486 
34 89 129 249 344 452 486 
34 89 129 249 344 452 486 
34 89 129 249 344 452 486 
34 89 129 249 344 452 486 
34 89 129 249 344 452 486 
34 89 129 452 486 
34 89 129 452 486 
34 89 129 210 452 486 
34 89 129 210 452 486 
34 89 129 210 353 452 486 
34 89 129 353 486 
34 89 129 242 353 486 
34 89 129 242 353 486 
34 89 129 242 353 486 
34 89 129 232 242 353 486 
34 89 129 232 242 353 486 
34 89 129 353 486 
34 89 129 353 407 486 
34 89 129 353 486 
34 63 89 129 353 486 
34 63 89 129 353 486 
34 63 89 129 353 392 486 
34 63 89 129 158 353 392 486 
34 63 89 129 353 486 
34 63 89 129 353 466 486 
34 63 89 129 353 466 486 
34 63 89 129 212 353 466 486 
34 63 89 129 353 466 486 
34 63 89 129 353 466 486 
34 63 89 129 353 466 486 
34 63 89 129 353 466 486 
34 63 67 89 129 353 466 486 
34 63 67 89 129 288 353 466 486 
34 63 67 89 129 353 466 486 
34 63 67 89 353 466 486 
11 34 63 67 89 353 466 486 
11 34 63 67 89 353 466 486 
11 34 63 67 89 353 466 486 
11 34 63 67 89 353 466 486 
11 34 63 67 89 353 466 486 
11 34 63 67 89 353 466 486 
11 34 63 67 89 256 353 466 486 
34 63 67 89 353 466 486 
34 63 67 89 353 466 486 
34 63 67 89 238 353 466 486 
34 63 67 89 238 353 466 486 
63 67 89 353 466 486 
63 67 89 353 422 466 486 
63 67 89 353 422 466 486 
63 67 89 304 353 422 466 486 
63 67 89 304 353 422 466 486 
63 67 89 353 466 486 
63 67 89 239 353 466 486 
63 67 89 239 353 381 466 486 
63 67 89 239 353 466 486 
63 67 89 239 327 353 466 486 
63 67 89 239 327 353 466 486 
63 67 89 239 327 353 466 486 
63 67 89 239 327 353 466 486 
63 67 89 239 327 353 466 
63 67 89 239 327 353 466 
63 67 89 239 327 353 466 
63 67 89 239 327 353 466 
63 67 239 327 353 466 
63 67 239 327 353 416 466 
63 67 239 327 353 416 466 
63 67 239 327 353 416 466 
63 67 239 327 353 416 466 
63 67 239 327 353 416 466 
63 67 239 327 353 416 466 
63 67 239 327 353 416 466 
1 63 67 239 327 353 416 466 
1 63 67 239 327 353 416 466 
1 63 67 239 327 353 416 466 
1 63 67 239 327 353 416 466 
1 63 67 239 327 353 416 466 
1 63 67 239 353 416 466 
1 63 67 239 289 353 416 466 
1 63 67 239 353 416 466 
1 63 67 239 353 416 455 466 
1 63 67 239 353 416 466 
1 63 67 235 239 353 416 466 
1 63 67 239 353 416 466 
1 63 67 196 239 353 416 466 
1 63 67 196 239 353 416 466 
1 63 67 196 239 353 416 466 
1 63 67 196 239 353 416 466 
1 63 67 196 239 353 416 466 
1 63 67 196 239 353 416 466 
1 63 67 196 239 353 416 466 
1 63 67 196 239 353 416 466 
1 63 67 196 239 353 416 466 
1 63 67 196 239 353 416 466 
1 63 67 196 353 416 466 
1 63 67 196 353 416 466 
1 63 67 196 353 416 466 
1 63 67 353 416 466 
1 63 67 129 353 416 466 
1 63 67 129 353 408 416 466 
1 63 67 129 353 408 416 438 466 
1 63 67 353 416 466 
1 63 67 353 416 466 
1 62 63 67 353 416 466 
1 63 353 416 466 
1 63 344 353 416 466 
1 63 344 353 416 466 
1 63 344 353 401 416 466 
1 63 169 344 353 401 416 466 
1 63 353 401 416 466 
1 63 159 353 401 416 466 
1 63 159 353 401 416 466 
1 63 159 353 401 416 466 
1 63 401 416 466 
1 63 323 401 416 466 
1 63 401 416 466 
1 63 401 416 466 470 
1 63 378 401 416 466 470 
1 63 401 416 466 
1 63 401 416 466 
1 63 401 416 466 
1 63 401 416 466 
1 63 211 401 416 466 
1 63 211 466 
1 63 179 211 466 
1 63 211 466 
1 63 211 327 466 
1 63 211 466 
1 63 211 466 
1 63 211 466 
1 63 211 466 
1 63 211 466 
1 63 152 211 466 
1 6 63 152 211 466 
1 6 63 211 
1 6 63 211 267 
1 6 63 211 
1 6 11 63 211 
1 6 11 63 211 228 
1 6 11 63 211 
1 6 11 63 211 
1 6 11 63 211 426 
1 6 11 63 211 
1 6 11 63 211 303 
1 6 11 63 211 
1 6 11 63 211 
1 6 11 63 211 
1 6 11 63 211 
1 6 11 63 211 
1 6 11 63 211 
1 6 11 63 211 
1 6 11 63 211 352 
1 6 11 63 211 
1 6 11 20 63 211 
1 6 11 63 211 
1 6 11 63 203 211 
1 6 11 63 211 
1 6 11 63 211 
1 6 11 63 211 
1 6 11 63 64 211 
1 6 63 211 
1 6 8 63 211 
1 6 8 63 211 
1 6 8 63 211 421 
1 6 8 63 86 211 421 
1 6 63 211 
1 6 63 211 
1 6 63 211 476 
1 6 63 211 255 476 
1 6 63 211 
1 6 63 211 350 
1 6 63 211 
1 6 63 211 415 
1 6 63 211 
1 6 63 211 276 
1 6 9 63 211 276 
1 6 63 211 
1 6 63 211 456 
1 6 63 80 211 456 
1 6 63 211 456 
1 6 63 211 456 
6 63 211 456 
6 63 211 456 
6 26 63 211 456 
6 26 63 211 456 
6 26 63 211 
6 26 63 211 305 
6 26 63 211 305 377 
6 26 63 211 
6 26 63 211 
6 26 63 69 211 
6 26 63 69 94 211 
6 26 63 69 94 211 445 
6 26 63 211 
6 26 63 211 
6 26 63 211 
6 26 63 170 211 
6 63 
6 63 
6 63 326 
6 63 326 
6 63 275 326 
6 63 275 326 475 


366 
366 465 
111 366 465 
111 141 366 465 
111 141 366 465 478 
111 141 366 451 465 478 
465 
349 465 
299 349 465 
299 349 465 
299 349 458 465 
280 299 349 458 465 
280 299 349 458 465 489 
465 
256 465 
256 427 465 
217 256 427 465 
217 219 256 427 465 
465 
465 
32 465 
32 465 
32 465 487 
32 465 487 
32 465 487 
32 464 465 487 
32 348 464 465 487 

480 
919 0.081