
41 
41 81 
41 63 81 
10 41 63 81 
10 41 63 81 84 
41 58 63 84 
41 58 60 63 84 
41 46 58 60 63 84 
41 46 58 60 63 75 
38 41 58 60 63 
11 38 41 58 60 63 
11 38 41 58 60 63 
11 41 58 63 97 
11 41 58 63 97 
28 58 97 
28 58 65 97 
45 58 97 
45 58 97 
45 58 69 97 
45 58 69 72 97 
45 58 69 72 97 
58 69 78 97 
51 58 69 78 97 
58 69 96 97 
11 58 69 97 
11 58 69 83 97 
11 49 58 69 97 
11 28 49 69 
11 28 49 63 69 
11 35 49 63 69 
11 49 63 69 79 
8 11 49 63 69 79 
11 49 50 63 69 
6 11 49 50 63 69 
6 11 41 49 50 63 69 
11 49 50 63 67 69 
11 49 50 60 63 67 69 
11 49 50 60 63 67 69 
11 31 50 60 63 69 
11 31 50 60 63 69 
4 11 50 60 63 
11 50 57 60 63 
11 50 60 63 87 
11 50 60 63 87 
11 38 60 63 
11 38 42 60 63 
11 60 63 97 
11 46 60 63 97 
11 40 46 60 63 
11 40 46 60 63 
11 40 46 60 63 
11 46 60 84 
11 26 46 60 84 
1 11 26 46 60 84 
1 11 26 46 60 84 
1 11 26 46 60 84 
1 11 46 60 99 
1 11 13 99 
1 11 13 34 99 
1 11 13 34 99 
13 50 99 
13 33 99 
13 19 33 99 
13 19 65 99 
13 19 34 65 99 
34 71 99 
20 34 71 99 
20 34 71 99 
10 34 71 
10 34 71 
10 34 71 95 
13 34 95 
13 34 49 95 
13 34 49 76 95 
13 34 58 95 
34 45 58 95 
1 34 45 58 95 
1 34 45 58 66 95 
34 45 74 95 
34 45 95 100 
34 45 59 95 
34 45 59 95 
34 45 55 59 
34 45 55 59 
45 59 92 
29 45 59 92 
29 45 59 65 92 
29 45 75 92 
19 29 45 75 92 
29 45 69 75 92 
45 69 82 92 
15 45 69 82 92 
45 62 69 82 
23 45 69 82 
8 23 45 69 82 
23 45 69 70 
23 45 69 70 
23 45 51 69 70 
23 45 51 69 78 
23 45 51 56 69 
23 45 47 69 
23 45 47 69 83 
21 23 45 47 69 83 
21 23 45 47 69 83 
21 23 47 58 69 
21 23 47 61 69 
23 46 47 69 
23 46 47 69 91 
23 41 47 69 91 
23 69 74 91 
23 69 91 94 
23 27 69 91 94 
23 27 69 91 94 
23 27 69 91 94 
69 85 91 94 
69 82 85 91 
69 82 85 91 
69 85 91 96 
69 85 91 96 
36 85 91 
36 67 85 91 
67 85 91 93 
1 67 85 91 93 
4 67 91 93 
4 67 91 93 
67 71 91 93 
60 67 71 91 93 
47 67 91 93 
56 67 91 93 
56 67 90 93 
56 67 93 100 
46 56 67 93 
56 67 79 93 
56 67 79 93 
56 67 79 80 93 
56 67 92 
56 67 92 
56 67 92 
15 56 67 92 
15 56 67 75 92 
67 75 79 92 
48 67 75 79 92 
33 48 79 
33 48 79 
29 33 48 79 
48 79 91 
48 61 79 
35 48 79 
40 48 79 
40 48 79 
40 48 92 
40 46 48 92 
40 46 48 51 
40 46 48 51 87 
40 46 48 51 87 
30 40 48 51 
21 30 40 48 51 
21 30 40 48 51 
21 30 47 51 
21 30 47 51 
5 21 30 47 51 
21 30 47 100 
30 47 64 
30 47 64 70 
30 47 61 
30 47 61 67 
30 47 61 67 
30 32 47 61 67 
30 32 47 61 67 
12 30 32 61 
30 32 61 83 
13 30 32 
13 30 32 71 
13 30 32 60 
6 13 30 32 60 
6 13 30 32 60 
6 13 30 32 60 
6 13 30 32 60 
6 13 30 32 37 60 
6 13 30 32 37 60 
13 32 37 60 61 
32 60 61 100 
32 61 90 
32 61 75 90 
32 45 61 75 90 
32 61 75 91 
32 52 61 75 91 
21 32 52 61 75 91 
32 61 75 89 91 
32 61 75 86 89 91 
3 32 61 75 91 
32 74 91 
32 50 74 91 
10 32 91 
10 32 91 
10 32 85 91 
10 32 64 85 
10 32 85 96 
10 25 32 85 96 
25 32 44 96 
25 32 44 70 96 
25 32 44 68 96 
25 32 59 96 
25 32 38 59 96 
25 29 32 96 
5 25 29 32 96 
5 25 29 32 63 96 
25 29 32 58 96 
25 29 32 58 96 
25 29 83 96 
25 29 83 96 
25 29 61 96 
25 29 61 96 
25 29 61 98 
24 25 29 61 98 
19 25 61 98 
19 82 98 
19 55 82 98 
19 55 82 98 
19 55 69 98 
19 34 55 69 98 
19 34 55 69 75 98 
55 84 98 
55 84 98 
50 55 84 
50 55 95 
50 55 97 
50 97 99 
42 50 97 99 
19 42 50 97 
42 50 72 97 
50 78 97 
45 50 78 
45 50 51 78 
45 50 51 78 
45 50 51 78 
50 61 78 
50 61 78 
50 61 78 
43 50 61 78 
43 50 79 
43 49 50 79 
1 43 49 50 79 
1 8 43 50 
1 8 43 50 66 
8 17 43 50 
8 17 43 50 
8 39 43 50 
8 25 39 43 50 
8 25 43 50 81 
8 25 43 50 81 
8 25 26 43 50 81 
8 25 26 43 50 81 
8 25 50 74 
8 25 50 62 
8 25 50 62 
50 62 97 
50 62 86 97 
50 62 86 97 
50 62 72 86 
55 62 72 
41 55 62 72 
41 62 72 100 
16 62 72 
16 51 62 72 
16 51 57 62 72 
42 51 57 62 72 
51 62 72 84 
14 51 62 72 
14 51 62 72 
14 51 62 72 89 
14 51 62 72 89 
14 51 60 62 72 89 
14 50 51 60 72 89 
14 50 51 60 72 89 
14 29 51 72 89 
14 29 44 51 72 89 
14 29 44 51 72 89 
14 44 51 72 83 
14 51 72 83 98 
14 35 51 72 98 
5 14 51 72 98 
5 14 51 72 98 
14 40 72 98 
14 40 69 72 98 
3 14 40 69 72 98 
3 14 40 69 72 98 
3 14 69 72 85 98 
3 14 47 69 72 98 
3 14 47 69 72 98 
3 14 38 47 98 
3 8 14 47 98 
3 8 14 47 98 
3 8 14 47 98 
3 8 14 34 47 98 
3 8 14 22 34 98 
3 9 14 34 98 
3 14 34 56 98 
3 14 34 42 56 98 
3 14 34 56 96 
3 14 34 56 68 96 
3 14 15 34 56 
3 14 15 34 56 
3 14 15 25 34 56 
3 14 15 25 34 43 56 
3 14 43 56 99 
3 14 43 56 82 
3 13 14 43 56 
3 13 14 37 43 56 
3 14 37 43 56 76 
1 3 14 37 43 56 76 
1 3 14 37 43 56 76 
1 3 14 37 43 56 76 
1 3 14 37 43 45 
1 3 14 37 43 45 94 
1 3 14 24 37 43 45 94 
3 14 24 43 45 100 
3 14 24 43 45 73 
3 14 24 43 45 87 
3 14 24 43 45 63 87 
3 14 24 43 45 63 87 
3 14 18 24 43 63 
3 14 18 24 43 63 
3 14 18 24 43 48 63 
14 18 24 43 63 83 
14 18 24 43 63 83 
14 18 24 34 43 63 83 
14 18 24 26 43 83 
14 18 24 26 43 67 83 
14 24 26 39 67 
14 24 26 39 67 72 
14 24 26 39 67 69 72 
14 24 26 39 63 67 69 
14 24 26 39 63 67 69 
14 24 26 39 63 67 69 
10 24 26 39 67 69 
10 24 26 54 67 69 
10 24 26 30 67 69 
10 24 26 64 67 69 
10 24 26 64 67 69 
10 24 26 64 67 69 
10 24 26 64 67 69 80 
10 24 26 64 67 69 80 
10 24 26 67 69 79 
10 24 26 67 69 79 
10 24 26 67 69 79 
10 26 69 79 98 
10 26 46 69 79 
10 15 26 46 69 79 
10 15 18 26 69 
10 15 18 26 69 
10 15 18 19 26 69 
4 10 15 19 26 69 
4 10 15 19 26 69 86 
10 15 19 59 69 86 
10 15 19 59 69 86 
10 15 19 20 59 69 86 
10 15 20 69 83 86 
10 15 20 69 83 86 
15 20 39 69 83 86 
15 20 69 74 83 86 
15 20 45 69 74 83 86 
15 20 43 69 74 83 86 
15 20 69 74 83 85 
15 20 69 74 83 85 
15 20 69 74 83 85 
20 69 74 83 92 
20 41 69 74 83 92 
20 38 69 83 92 
20 38 65 69 83 92 
20 40 65 83 92 
20 40 65 75 83 92 
26 40 65 83 92 
26 40 65 83 92 
40 65 74 92 
8 40 65 92 
8 40 52 65 92 
8 40 52 65 92 
40 52 65 83 
3 40 52 65 83 
3 40 52 65 83 
3 40 52 65 83 
3 40 52 61 65 83 
3 40 52 61 65 83 
3 5 52 61 
3 5 23 52 61 
3 5 23 46 52 61 
3 5 20 23 46 52 
3 20 23 46 52 79 
3 20 23 42 46 52 79 
3 23 42 58 79 
23 42 79 90 
23 42 79 84 
23 71 79 
23 71 79 
14 23 71 79 
23 30 71 
23 30 36 71 
23 30 36 69 
23 30 33 36 69 
23 30 33 69 98 
23 30 33 69 98 
23 30 57 69 98 
23 24 30 57 69 98 
23 30 47 57 98 
12 23 30 47 57 98 
6 12 23 30 47 98 
6 12 23 30 47 98 
9 12 23 30 47 
9 12 23 30 47 86 
12 23 30 47 65 86 
12 23 30 84 86 
12 23 30 84 86 
12 23 25 30 84 86 
12 25 30 45 84 86 
25 30 44 84 86 
25 30 32 44 84 86 
25 30 32 44 75 84 86 
25 30 32 44 75 84 86 
25 30 32 75 80 86 
25 30 32 75 80 86 89 
25 30 32 37 75 80 86 89 
25 30 32 37 75 80 84 86 89 
25 32 38 75 84 86 
10 25 32 38 75 84 86 
10 25 32 69 75 86 
7 10 25 32 69 75 86 
7 10 25 28 32 69 75 86 
2 7 10 25 32 69 
7 10 25 32 74 
7 10 25 32 74 85 
7 10 21 25 32 74 85 
7 10 21 25 32 74 85 
7 10 25 30 32 74 
7 10 25 30 32 59 74 
7 10 25 32 84 
7 10 19 25 32 84 
7 10 19 25 32 42 84 
7 10 19 25 32 42 58 84 
7 10 19 25 32 42 58 84 
7 10 19 25 42 93 
7 10 19 25 42 43 93 
7 10 19 25 42 43 79 93 
7 10 15 19 25 42 43 79 93 
7 10 19 25 36 42 43 
7 10 19 25 36 42 43 
3 7 10 19 25 36 42 43 
3 7 10 19 25 36 42 43 55 
3 7 10 19 25 36 42 43 55 
7 19 25 36 42 43 95 
7 19 25 36 42 43 50 95 
7 19 25 36 42 43 50 95 
19 25 36 42 50 87 
13 19 25 36 42 50 87 
13 19 25 36 42 50 87 
13 19 25 36 42 50 87 
13 19 25 36 42 50 87 98 
16 19 25 36 50 98 
16 19 25 36 50 80 98 
10 16 19 25 36 50 80 98 
10 19 25 36 80 86 
10 19 25 36 80 86 
10 19 25 27 36 80 86 
10 19 25 27 36 79 80 86 
10 19 25 27 36 66 79 80 86 
10 25 27 36 67 79 86 
10 25 27 36 67 79 86 
1 10 25 27 36 67 79 86 
1 10 25 27 36 67 79 86 
1 10 25 27 36 49 67 79 86 
10 25 36 67 71 79 86 
10 12 25 36 67 71 79 86 
10 25 47 67 79 86 
10 25 46 47 67 79 86 
10 25 46 47 67 79 86 
10 25 46 47 67 79 86 94 
10 25 29 46 47 67 79 86 94 
10 25 29 46 47 67 79 86 94 
10 25 29 46 47 67 79 86 94 
10 29 47 79 86 90 94 
10 47 64 86 90 
10 47 52 64 86 90 
10 47 52 57 64 86 90 
10 47 52 57 64 86 90 99 
10 20 52 57 64 90 
10 20 52 55 57 64 90 
10 20 52 55 57 64 70 90 
10 20 52 55 57 64 70 90 
10 31 52 55 57 64 
10 31 52 55 57 64 81 
10 31 52 55 57 64 81 86 
10 31 52 55 57 64 81 85 86 
10 31 52 55 57 64 81 85 86 
5 10 52 55 64 81 86 
5 10 52 55 64 81 86 
5 10 52 55 64 79 81 86 
5 10 52 55 64 79 81 86 
10 52 57 64 81 86 
10 52 57 64 70 81 86 
394 0.212