
41 
41 81 
41 63 81 
10 41 63 81 
10 41 63 81 84 
41 63 84 
41 60 63 84 
41 46 60 63 84 
41 46 60 63 75 84 
41 46 60 63 75 
11 41 46 60 63 75 
11 41 46 60 63 75 
11 41 60 63 
11 41 60 63 
11 28 41 60 63 
11 28 41 60 63 65 
11 28 41 60 63 65 
11 28 41 60 63 65 
11 28 41 60 63 65 69 
11 28 41 60 63 65 69 
11 28 41 60 63 65 69 
11 28 41 60 63 65 69 
11 28 41 60 63 65 69 
11 28 41 60 63 65 69 
11 28 41 60 63 65 69 
11 28 41 60 63 65 69 
28 41 60 63 69 
28 41 60 63 69 
28 41 60 63 69 
28 35 41 60 63 69 
41 60 63 69 
8 41 60 63 69 
8 41 50 60 63 69 
6 8 41 50 60 63 69 
6 8 41 50 60 63 69 
41 50 60 63 69 
41 50 60 63 69 
41 49 50 60 63 69 
31 41 49 50 60 63 69 
31 41 49 50 60 63 69 
41 49 50 60 63 69 
41 49 50 57 60 63 69 
41 49 50 60 63 69 
11 41 49 50 60 63 69 
11 41 49 50 60 63 69 
11 41 49 50 60 63 69 
11 41 49 50 60 63 69 
11 49 60 63 
11 40 49 60 63 
11 40 46 49 60 63 
11 40 46 49 60 63 
11 40 46 49 60 63 
11 46 49 60 63 
1 11 46 49 60 63 
1 11 46 49 60 63 
1 11 46 49 60 63 
1 11 49 60 
1 11 13 49 60 
1 11 13 34 49 60 
1 11 13 34 49 60 
1 13 34 49 60 
1 13 33 34 49 60 
1 13 34 49 60 
1 13 34 49 60 65 
1 13 34 49 60 65 
1 13 34 49 60 65 
1 13 20 34 49 60 65 
1 13 20 34 49 60 65 
1 13 20 34 49 60 65 
1 13 20 34 49 60 65 
1 13 34 49 65 
1 13 34 49 65 
1 13 34 49 65 
1 13 34 49 65 76 
1 13 34 49 58 65 76 
1 34 49 58 65 76 
1 34 49 58 65 76 
1 34 49 58 65 66 76 
1 34 49 58 65 
1 34 49 58 65 100 
1 34 49 58 65 100 
1 34 49 58 65 100 
1 34 49 58 65 100 
1 34 49 58 65 100 
1 34 58 65 100 
1 29 34 58 65 100 
1 29 34 58 65 100 
1 29 58 100 
1 19 29 58 100 
1 29 58 100 
1 29 58 
1 15 29 58 
1 15 29 58 62 
1 15 29 58 
1 8 15 29 58 
1 8 15 29 58 70 
1 15 29 58 70 
1 15 29 51 58 70 
1 15 29 51 58 70 
1 15 51 58 
1 15 47 51 58 
1 15 47 51 58 83 
1 15 21 47 51 58 83 
1 15 21 47 51 58 83 
1 15 21 47 51 58 83 
1 15 21 47 51 
1 15 21 46 47 51 
1 15 21 47 51 
1 15 21 41 47 51 
1 15 21 41 47 51 74 
1 15 21 41 47 51 74 
1 15 21 41 47 51 
1 15 21 23 41 47 51 
1 15 21 23 41 47 51 
1 15 21 41 47 51 
1 15 21 41 47 51 82 
1 15 21 47 51 
1 15 21 47 51 96 
1 15 21 47 51 69 96 
1 15 21 47 51 69 96 
1 15 21 47 51 69 
1 15 21 47 51 69 93 
1 15 21 47 51 69 93 
1 15 21 47 51 69 93 
1 15 21 47 51 69 93 
1 15 21 47 51 69 93 
1 15 21 47 51 60 69 93 
1 15 21 47 51 60 69 93 
15 21 51 60 93 
15 21 51 60 90 93 
15 21 51 60 93 
15 21 46 51 60 93 
15 21 51 93 
15 21 51 93 
15 21 51 80 93 
15 21 51 80 92 93 
15 21 51 67 80 92 93 
15 21 51 67 80 92 
15 21 51 67 80 92 
15 21 51 67 75 80 92 
21 51 67 92 
21 48 51 67 92 
21 33 48 51 67 92 
21 33 48 51 67 92 
21 48 51 67 92 
21 48 51 67 92 
21 48 51 67 92 
21 48 51 67 92 
21 48 51 67 92 
21 48 51 67 92 
21 48 51 67 92 
21 46 48 51 67 92 
21 46 48 51 67 92 
21 46 48 51 67 
21 40 46 48 51 67 
21 48 51 67 
21 48 51 67 
21 48 51 67 
21 47 48 51 67 
21 47 48 51 67 
5 21 47 48 51 67 
21 47 51 67 
21 47 51 64 67 
21 47 51 64 67 70 
21 47 64 67 
21 47 64 67 
21 47 64 67 
21 32 47 64 67 
21 32 47 64 67 
12 21 32 47 64 67 
21 32 47 64 67 
13 21 32 47 64 67 
13 21 32 47 64 67 
13 21 32 64 67 
6 13 21 32 64 67 
6 13 21 32 64 67 
6 13 21 32 64 67 
6 13 21 32 64 67 
6 13 21 32 37 64 67 
6 13 21 32 37 64 67 
21 32 37 64 67 
21 32 37 64 67 100 
21 32 37 64 67 100 
21 32 37 64 67 75 100 
21 32 37 64 67 75 
21 32 37 64 67 75 91 
21 32 37 64 67 75 91 
21 32 37 64 67 75 91 
32 37 64 75 91 
32 37 64 75 86 91 
3 32 37 64 75 86 91 
3 32 37 64 75 86 91 
3 32 64 75 86 91 
3 32 64 75 86 91 
3 32 64 75 86 91 
3 32 64 75 86 
3 32 64 75 86 
3 32 64 75 86 96 
3 25 32 64 75 86 96 
3 25 32 75 86 96 
3 25 32 70 75 86 96 
3 25 32 75 86 96 
3 25 32 59 75 86 96 
3 25 32 75 86 96 
3 25 29 32 75 86 96 
3 25 29 32 75 86 96 
3 25 32 75 86 96 
3 25 32 58 75 86 96 
3 25 32 58 75 86 96 
3 25 75 86 96 
3 25 75 86 96 
3 25 61 75 86 96 
3 25 61 75 86 96 
3 25 61 75 86 
3 24 25 61 75 86 
3 19 24 25 61 75 86 
3 19 24 25 61 75 86 
19 25 75 86 
19 25 55 75 86 
19 25 55 69 75 86 
19 25 34 55 69 75 86 
19 25 34 55 69 75 86 
19 25 34 55 69 86 
19 25 34 55 69 86 
19 25 34 69 86 
19 25 34 69 86 95 
19 25 34 69 86 
19 25 34 69 86 99 
19 25 34 42 69 86 99 
19 25 34 42 69 86 99 
25 34 42 69 86 
25 34 42 69 78 86 
25 34 42 45 69 78 86 
25 34 42 69 78 86 
25 34 42 69 78 86 
25 34 42 51 69 78 86 
25 51 78 86 
25 51 61 78 86 
25 51 61 78 86 
25 43 51 61 78 86 
25 43 51 86 
25 43 49 51 86 
1 25 43 49 51 86 
1 8 25 43 49 51 86 
1 8 25 43 49 51 66 86 
1 8 25 43 49 51 66 86 
1 8 25 43 49 51 66 86 
1 8 25 43 49 51 66 86 
1 8 25 43 49 51 66 86 
1 8 25 43 49 51 66 81 86 
1 8 25 43 49 51 66 81 86 
1 8 25 43 51 66 86 
1 8 25 26 43 51 66 86 
1 8 25 26 43 51 66 86 
1 25 26 43 51 86 
1 25 26 43 50 51 86 
1 25 26 43 50 51 86 
1 25 26 43 50 51 86 
25 43 50 51 
25 43 50 51 72 
25 43 50 51 72 
25 41 43 50 51 72 
25 41 43 50 51 72 
25 41 43 50 51 72 
25 41 43 50 51 72 
25 41 43 50 51 72 
25 41 42 43 50 51 72 
25 41 42 43 50 51 72 
25 42 43 50 51 72 
25 42 43 50 51 72 
25 42 43 50 51 72 89 
25 42 43 50 51 72 89 
25 42 50 51 72 
25 42 50 51 72 
25 42 50 51 60 72 
25 42 51 72 
25 42 44 51 72 
25 29 42 44 51 72 
25 29 42 51 72 
25 29 42 51 72 98 
25 29 42 51 72 98 
25 42 51 72 98 
25 42 51 72 98 
25 40 42 51 72 98 
25 42 72 98 
3 25 42 72 98 
3 25 42 72 98 
3 25 42 72 85 98 
3 25 42 72 98 
3 14 25 42 72 98 
3 14 25 42 72 98 
3 14 25 42 72 98 
3 14 25 42 72 98 
3 14 25 42 72 98 
3 14 25 34 42 72 98 
3 14 25 34 42 72 98 
3 14 25 34 42 72 98 
3 14 25 34 42 
3 14 25 34 42 
3 14 25 34 42 96 
3 14 25 34 42 68 96 
3 14 25 34 42 
3 14 15 25 34 42 
3 14 15 25 34 42 
3 14 15 25 34 42 43 
3 14 15 25 34 42 43 
3 14 15 25 34 42 43 
3 14 15 25 34 42 43 
3 14 15 25 34 37 42 43 
3 14 15 25 34 37 42 43 76 
3 14 15 25 34 37 42 43 
3 14 15 25 34 37 42 43 
3 14 15 25 34 37 42 43 
3 14 15 34 42 43 
3 14 15 34 42 43 94 
3 14 15 24 34 42 43 94 
3 14 15 24 34 42 43 94 
3 14 15 24 34 42 43 94 
3 14 15 24 34 42 43 
3 14 15 24 34 42 43 63 
3 14 15 24 34 42 43 63 
3 14 15 24 34 42 43 63 
3 14 15 24 34 42 43 63 
3 14 15 24 34 42 43 63 
3 14 15 24 34 42 43 63 
3 14 15 24 34 42 43 63 
3 14 15 24 34 42 43 63 
3 14 15 24 26 34 42 43 63 
3 14 15 24 26 43 63 
3 14 15 24 26 43 63 
3 14 15 24 26 43 63 72 
3 14 15 24 26 43 63 
3 14 15 24 26 43 63 
3 14 15 24 26 43 63 
3 14 15 24 26 43 63 
3 15 24 26 43 
3 15 24 26 43 
3 15 24 26 30 43 
3 15 24 26 30 43 64 
3 15 24 26 30 43 64 
3 15 24 26 30 43 64 
3 15 24 26 30 43 
3 15 24 26 30 43 80 
3 15 24 26 43 80 
3 15 24 26 43 80 
3 15 24 26 43 67 80 
3 15 24 26 43 67 80 98 
3 15 24 26 43 80 
3 15 24 26 43 80 
3 15 18 24 26 43 80 
3 15 24 26 43 80 
3 15 19 24 26 43 80 
3 4 15 19 24 26 43 80 
3 15 19 24 26 43 80 
3 15 19 24 26 43 59 80 
3 15 24 26 43 59 80 
3 15 20 24 26 43 59 80 
3 15 20 24 26 43 80 
3 15 20 24 26 43 80 
3 15 20 24 26 39 43 80 
3 15 20 24 26 43 
3 15 20 24 26 43 45 
3 15 20 24 26 43 45 
3 15 20 24 26 43 45 85 
3 15 20 24 26 43 45 85 
3 15 20 24 26 43 45 85 
3 15 20 24 26 43 
3 15 20 24 26 41 43 
3 15 20 24 26 38 41 43 
3 15 20 24 26 43 
3 15 20 24 26 40 43 
3 15 20 24 26 40 43 75 
3 15 20 24 26 40 43 75 
3 15 20 24 26 40 43 75 
3 15 20 24 40 43 75 
3 15 20 24 40 43 75 
3 15 20 24 40 43 52 75 
3 15 20 24 40 43 52 75 
3 20 24 40 75 
3 20 24 40 75 
3 20 24 40 75 
3 20 24 40 65 75 
3 20 24 65 75 
3 20 24 65 75 83 
3 5 20 24 65 75 83 
3 5 20 24 65 75 
3 5 20 24 46 65 75 
3 5 20 24 46 65 75 
3 20 24 65 75 
3 20 24 42 65 75 
3 20 24 42 58 65 75 
3 20 24 42 58 65 75 
3 24 42 65 75 
3 24 42 65 71 75 
3 24 42 65 75 
3 14 24 42 65 75 
3 14 24 30 42 65 75 
3 24 30 42 65 75 
3 24 30 42 65 69 75 
3 24 42 65 69 75 
3 24 42 65 69 75 98 
3 24 33 42 65 69 75 98 
3 24 42 65 69 75 98 
3 24 42 65 69 75 98 
3 24 42 47 65 69 75 98 
3 42 65 69 75 98 
3 6 42 65 69 75 98 
3 6 23 42 65 69 75 98 
3 23 42 65 69 75 98 
3 23 42 65 69 75 86 98 
3 23 42 65 69 75 86 98 
3 23 42 69 75 
3 23 42 69 75 
3 23 25 42 69 75 
3 23 25 42 45 69 75 
3 25 42 69 75 
3 25 32 42 69 75 
3 25 32 42 69 75 
3 25 32 42 44 69 75 
3 25 32 42 44 69 75 80 
3 25 32 42 69 80 
3 25 32 37 42 69 80 
3 25 32 37 42 69 80 84 
3 25 32 42 69 80 84 
3 32 42 69 
3 32 42 69 
3 7 32 42 69 
3 7 28 32 42 69 
3 7 32 42 
3 7 32 42 74 
3 7 32 42 74 85 
3 7 32 42 85 
3 7 10 32 42 85 
3 7 10 32 42 85 
3 7 10 32 42 85 
3 7 10 32 42 85 
3 7 32 42 
3 7 32 42 
3 7 32 42 58 
3 7 32 42 58 
3 7 32 42 58 93 
3 7 32 42 43 58 93 
3 7 42 
3 7 15 42 
3 7 15 36 42 
3 7 15 36 42 
3 7 15 36 42 
36 42 
36 42 
36 42 95 
36 42 50 95 
36 42 50 95 
36 
13 36 
13 36 
13 36 
13 36 98 
13 16 36 98 

10 
10 86 
10 19 86 
10 19 27 86 
10 27 86 
10 27 66 86 
10 27 66 67 86 
10 27 66 67 86 
1 10 27 66 67 86 
1 10 25 27 66 67 86 
10 86 
10 71 86 
10 12 71 86 
10 86 
10 46 86 
10 46 86 
10 46 86 94 
10 29 46 86 94 
10 29 46 86 94 
10 86 
10 86 90 
10 64 86 90 
10 52 64 86 90 
10 52 86 
10 52 86 99 
10 20 52 86 99 
10 52 86 
10 52 70 86 
10 52 70 86 
10 31 52 70 86 
10 31 52 70 81 86 
10 31 52 70 81 86 
10 52 70 
10 52 55 70 
10 52 70 
10 52 70 
10 52 70 79 
10 52 70 79 
10 70 
10 70 
399 0.202